时间：2017/11/17 星期五 09:06:03 Message:无法加载 DLL“OraOps10.dll”: 找不到指定的模块。 (异常来自 HRESULT:0x8007007E)。 
 Source:Oracle.DataAccess 
 StackTrace:   在 Oracle.DataAccess.Client.OpsTrace.GetRegTraceInfo(UInt32& TrcLevel, UInt32& StmtCacheSize)
   在 Oracle.DataAccess.Client.OraTrace.GetRegistryTraceInfo()
   在 Oracle.DataAccess.Client.OracleConnection..ctor(String connectionString)
   在 DAL.OracleHelper.db_GreateQuery(String strSQL) 位置 e:\pikaqiu\workspace\haikouproject\DAL\OracleDBHelper.cs:行号 278
   在 DAL.CityForecast12HourDAL.Get12HourForecaster(DateTime dt) 位置 e:\pikaqiu\workspace\haikouproject\DAL\CityForecast12HourDAL.cs:行号 25  
 TargetSiteInt32 GetRegTraceInfo(UInt32 ByRef, UInt32 ByRef)
时间：2017/11/17 星期五 09:06:03 Message:无法加载 DLL“OraOps10.dll”: 找不到指定的模块。 (异常来自 HRESULT:0x8007007E)。 
 Source:Oracle.DataAccess 
 StackTrace:   在 Oracle.DataAccess.Client.OpsTrace.GetRegTraceInfo(UInt32& TrcLevel, UInt32& StmtCacheSize)
   在 Oracle.DataAccess.Client.OraTrace.GetRegistryTraceInfo()
   在 Oracle.DataAccess.Client.OracleConnection..ctor(String connectionString)
   在 DAL.OracleHelper.db_GreateQuery(String strSQL) 位置 e:\pikaqiu\workspace\haikouproject\DAL\OracleDBHelper.cs:行号 278
   在 DAL.CityForecast12HourDAL.GetHour12InfoListCount(String Strdt, String Strdt2) 位置 e:\pikaqiu\workspace\haikouproject\DAL\CityForecast12HourDAL.cs:行号 1256  
 TargetSiteInt32 GetRegTraceInfo(UInt32 ByRef, UInt32 ByRef)
时间：2017/11/17 星期五 09:06:03 Message:无法加载 DLL“OraOps10.dll”: 找不到指定的模块。 (异常来自 HRESULT:0x8007007E)。 
 Source:Oracle.DataAccess 
 StackTrace:   在 Oracle.DataAccess.Client.OpsSql.AllocSqlValCtx(OpoSqlValCtx*& pOpoSqlValCtx)
   在 Oracle.DataAccess.Client.OracleCommand.Initialize()
   在 Oracle.DataAccess.Client.OracleCommand..ctor()
   在 DAL.OracleHelper.ExecuteDataTable(String cmdText, OracleParameter[] commandParameters) 位置 e:\pikaqiu\workspace\haikouproject\DAL\OracleDBHelper.cs:行号 243
   在 DAL.CityForecast12HourDAL.Get12HourForecastInfos(DateTime dt, String areaName) 位置 e:\pikaqiu\workspace\haikouproject\DAL\CityForecast12HourDAL.cs:行号 294  
 TargetSiteInt32 AllocSqlValCtx(Oracle.DataAccess.Client.OpoSqlValCtx* ByRef)
时间：2017/11/17 星期五 09:06:03 Message:无法加载 DLL“OraOps10.dll”: 找不到指定的模块。 (异常来自 HRESULT:0x8007007E)。 
 Source:Oracle.DataAccess 
 StackTrace:   在 Oracle.DataAccess.Client.OpsSql.AllocSqlValCtx(OpoSqlValCtx*& pOpoSqlValCtx)
   在 Oracle.DataAccess.Client.OracleCommand.Initialize()
   在 Oracle.DataAccess.Client.OracleCommand..ctor()
   在 DAL.OracleHelper.ExecuteDataTable(String cmdText, OracleParameter[] commandParameters) 位置 e:\pikaqiu\workspace\haikouproject\DAL\OracleDBHelper.cs:行号 243
   在 DAL.CityForecast12HourDAL.GetHour12UserInfo() 位置 e:\pikaqiu\workspace\haikouproject\DAL\CityForecast12HourDAL.cs:行号 60  
 TargetSiteInt32 AllocSqlValCtx(Oracle.DataAccess.Client.OpoSqlValCtx* ByRef)
时间：2017/11/17 星期五 09:06:04 Message:无法加载 DLL“OraOps10.dll”: 找不到指定的模块。 (异常来自 HRESULT:0x8007007E)。 
 Source:Oracle.DataAccess 
 StackTrace:   在 Oracle.DataAccess.Client.OpsSql.AllocSqlValCtx(OpoSqlValCtx*& pOpoSqlValCtx)
   在 Oracle.DataAccess.Client.OracleCommand.Initialize()
   在 Oracle.DataAccess.Client.OracleCommand..ctor()
   在 DAL.OracleHelper.ExecuteDataTable(String cmdText, OracleParameter[] commandParameters) 位置 e:\pikaqiu\workspace\haikouproject\DAL\OracleDBHelper.cs:行号 243
   在 DAL.CityForecast12HourDAL.Get12HourForecastInfos(DateTime dt, String areaName) 位置 e:\pikaqiu\workspace\haikouproject\DAL\CityForecast12HourDAL.cs:行号 294  
 TargetSiteInt32 AllocSqlValCtx(Oracle.DataAccess.Client.OpoSqlValCtx* ByRef)
时间：2017/11/17 星期五 09:06:04 Message:无法加载 DLL“OraOps10.dll”: 找不到指定的模块。 (异常来自 HRESULT:0x8007007E)。 
 Source:Oracle.DataAccess 
 StackTrace:   在 Oracle.DataAccess.Client.OpsSql.AllocSqlValCtx(OpoSqlValCtx*& pOpoSqlValCtx)
   在 Oracle.DataAccess.Client.OracleCommand.Initialize()
   在 Oracle.DataAccess.Client.OracleCommand..ctor()
   在 DAL.OracleHelper.ExecuteDataTable(String cmdText, OracleParameter[] commandParameters) 位置 e:\pikaqiu\workspace\haikouproject\DAL\OracleDBHelper.cs:行号 243
   在 DAL.CityForecast12HourDAL.Get12HourForecastInfos(DateTime dt, String areaName) 位置 e:\pikaqiu\workspace\haikouproject\DAL\CityForecast12HourDAL.cs:行号 294  
 TargetSiteInt32 AllocSqlValCtx(Oracle.DataAccess.Client.OpoSqlValCtx* ByRef)
时间：2017/11/17 星期五 09:06:04 Message:无法加载 DLL“OraOps10.dll”: 找不到指定的模块。 (异常来自 HRESULT:0x8007007E)。 
 Source:Oracle.DataAccess 
 StackTrace:   在 Oracle.DataAccess.Client.OpsSql.AllocSqlValCtx(OpoSqlValCtx*& pOpoSqlValCtx)
   在 Oracle.DataAccess.Client.OracleCommand.Initialize()
   在 Oracle.DataAccess.Client.OracleCommand..ctor()
   在 DAL.OracleHelper.ExecuteDataTable(String cmdText, OracleParameter[] commandParameters) 位置 e:\pikaqiu\workspace\haikouproject\DAL\OracleDBHelper.cs:行号 243
   在 DAL.CityForecast12HourDAL.GetHour12InfoList(String Strdt, String Strdt2, Int32 Max, Int32 Min) 位置 e:\pikaqiu\workspace\haikouproject\DAL\CityForecast12HourDAL.cs:行号 1139  
 TargetSiteInt32 AllocSqlValCtx(Oracle.DataAccess.Client.OpoSqlValCtx* ByRef)
时间：2017/11/17 星期五 09:06:06 Message:无法加载 DLL“OraOps10.dll”: 找不到指定的模块。 (异常来自 HRESULT:0x8007007E)。 
 Source:Oracle.DataAccess 
 StackTrace:   在 Oracle.DataAccess.Client.OpsTrace.GetRegTraceInfo(UInt32& TrcLevel, UInt32& StmtCacheSize)
   在 Oracle.DataAccess.Client.OraTrace.GetRegistryTraceInfo()
   在 Oracle.DataAccess.Client.OracleConnection..ctor(String connectionString)
   在 DAL.OracleHelper.db_GreateQuery(String strSQL) 位置 e:\pikaqiu\workspace\haikouproject\DAL\OracleDBHelper.cs:行号 278
   在 DAL.CityForecast6HourDAL.Get6HourForecastName(DateTime dt) 位置 e:\pikaqiu\workspace\haikouproject\DAL\CityForecast6HourDAL.cs:行号 21  
 TargetSiteInt32 GetRegTraceInfo(UInt32 ByRef, UInt32 ByRef)
时间：2017/11/17 星期五 09:06:06 Message:无法加载 DLL“OraOps10.dll”: 找不到指定的模块。 (异常来自 HRESULT:0x8007007E)。 
 Source:Oracle.DataAccess 
 StackTrace:   在 Oracle.DataAccess.Client.OpsSql.AllocSqlValCtx(OpoSqlValCtx*& pOpoSqlValCtx)
   在 Oracle.DataAccess.Client.OracleCommand.Initialize()
   在 Oracle.DataAccess.Client.OracleCommand..ctor()
   在 DAL.OracleHelper.ExecuteDataTable(String cmdText, OracleParameter[] commandParameters) 位置 e:\pikaqiu\workspace\haikouproject\DAL\OracleDBHelper.cs:行号 243
   在 DAL.CityForecast6HourDAL.GetUserInfo() 位置 e:\pikaqiu\workspace\haikouproject\DAL\CityForecast6HourDAL.cs:行号 43  
 TargetSiteInt32 AllocSqlValCtx(Oracle.DataAccess.Client.OpoSqlValCtx* ByRef)
时间：2017/11/17 星期五 09:06:06 Message:无法加载 DLL“OraOps10.dll”: 找不到指定的模块。 (异常来自 HRESULT:0x8007007E)。 
 Source:Oracle.DataAccess 
 StackTrace:   在 Oracle.DataAccess.Client.OpsTrace.GetRegTraceInfo(UInt32& TrcLevel, UInt32& StmtCacheSize)
   在 Oracle.DataAccess.Client.OraTrace.GetRegistryTraceInfo()
   在 Oracle.DataAccess.Client.OracleConnection..ctor(String connectionString)
   在 DAL.OracleHelper.db_GreateQuery(String strSQL) 位置 e:\pikaqiu\workspace\haikouproject\DAL\OracleDBHelper.cs:行号 278
   在 DAL.CityForecast6HourDAL.GetCityUploadInfoListCount(String Strdt, String Strdt2) 位置 e:\pikaqiu\workspace\haikouproject\DAL\CityForecast6HourDAL.cs:行号 1326  
 TargetSiteInt32 GetRegTraceInfo(UInt32 ByRef, UInt32 ByRef)
时间：2017/11/17 星期五 09:06:06 Message:无法加载 DLL“OraOps10.dll”: 找不到指定的模块。 (异常来自 HRESULT:0x8007007E)。 
 Source:Oracle.DataAccess 
 StackTrace:   在 Oracle.DataAccess.Client.OpsSql.AllocSqlValCtx(OpoSqlValCtx*& pOpoSqlValCtx)
   在 Oracle.DataAccess.Client.OracleCommand.Initialize()
   在 Oracle.DataAccess.Client.OracleCommand..ctor()
   在 DAL.OracleHelper.ExecuteDataTable(String cmdText, OracleParameter[] commandParameters) 位置 e:\pikaqiu\workspace\haikouproject\DAL\OracleDBHelper.cs:行号 243
   在 DAL.CityForecast6HourDAL.GetCityUploadInfoList(String Strdt, String Strdt2, Int32 Max, Int32 Min) 位置 e:\pikaqiu\workspace\haikouproject\DAL\CityForecast6HourDAL.cs:行号 1271  
 TargetSiteInt32 AllocSqlValCtx(Oracle.DataAccess.Client.OpoSqlValCtx* ByRef)
时间：2017/11/17 星期五 09:06:07 Message:无法加载 DLL“OraOps10.dll”: 找不到指定的模块。 (异常来自 HRESULT:0x8007007E)。 
 Source:Oracle.DataAccess 
 StackTrace:   在 Oracle.DataAccess.Client.OpsSql.AllocSqlValCtx(OpoSqlValCtx*& pOpoSqlValCtx)
   在 Oracle.DataAccess.Client.OracleCommand.Initialize()
   在 Oracle.DataAccess.Client.OracleCommand..ctor()
   在 DAL.OracleHelper.ExecuteDataTable(String cmdText, OracleParameter[] commandParameters) 位置 e:\pikaqiu\workspace\haikouproject\DAL\OracleDBHelper.cs:行号 243
   在 DAL.tendayforecastDAL.GetWelfareForecastInfoNow(DateTime dt) 位置 e:\pikaqiu\workspace\haikouproject\DAL\tendayforecastDAL.cs:行号 2662  
 TargetSiteInt32 AllocSqlValCtx(Oracle.DataAccess.Client.OpoSqlValCtx* ByRef)
时间：2017/11/17 星期五 09:06:08 Message:无法加载 DLL“OraOps10.dll”: 找不到指定的模块。 (异常来自 HRESULT:0x8007007E)。 
 Source:Oracle.DataAccess 
 StackTrace:   在 Oracle.DataAccess.Client.OpsSql.AllocSqlValCtx(OpoSqlValCtx*& pOpoSqlValCtx)
   在 Oracle.DataAccess.Client.OracleCommand.Initialize()
   在 Oracle.DataAccess.Client.OracleCommand..ctor()
   在 DAL.OracleHelper.ExecuteScalar(String cmdText, OracleParameter[] commandParameters) 位置 e:\pikaqiu\workspace\haikouproject\DAL\OracleDBHelper.cs:行号 335
   在 DAL.tendayforecastDAL.GetWelfareForecastFromGrid(DateTime dt) 位置 e:\pikaqiu\workspace\haikouproject\DAL\tendayforecastDAL.cs:行号 2846  
 TargetSiteInt32 AllocSqlValCtx(Oracle.DataAccess.Client.OpoSqlValCtx* ByRef)
时间：2017/11/17 星期五 09:06:12 Message:无法加载 DLL“OraOps10.dll”: 找不到指定的模块。 (异常来自 HRESULT:0x8007007E)。 
 Source:Oracle.DataAccess 
 StackTrace:   在 Oracle.DataAccess.Client.OpsSql.AllocSqlValCtx(OpoSqlValCtx*& pOpoSqlValCtx)
   在 Oracle.DataAccess.Client.OracleCommand.Initialize()
   在 Oracle.DataAccess.Client.OracleCommand..ctor()
   在 DAL.OracleHelper.ExecuteDataTable(String cmdText, OracleParameter[] commandParameters) 位置 e:\pikaqiu\workspace\haikouproject\DAL\OracleDBHelper.cs:行号 243
   在 DAL.CommutingForecast.GetUserInfo() 位置 e:\pikaqiu\workspace\haikouproject\DAL\CommutingForecast.cs:行号 23  
 TargetSiteInt32 AllocSqlValCtx(Oracle.DataAccess.Client.OpoSqlValCtx* ByRef)
时间：2017/11/17 星期五 09:24:03 Message:无法加载 DLL“OraOps10.dll”: 找不到指定的模块。 (异常来自 HRESULT:0x8007007E)。 
 Source:Oracle.DataAccess 
 StackTrace:   在 Oracle.DataAccess.Client.OpsSql.AllocSqlValCtx(OpoSqlValCtx*& pOpoSqlValCtx)
   在 Oracle.DataAccess.Client.OracleCommand.Initialize()
   在 Oracle.DataAccess.Client.OracleCommand..ctor()
   在 DAL.OracleHelper.ExecuteDataTable(String cmdText, OracleParameter[] commandParameters) 位置 e:\pikaqiu\workspace\haikouproject\DAL\OracleDBHelper.cs:行号 243
   在 DAL.CommutingForecast.GetUserInfo() 位置 e:\pikaqiu\workspace\haikouproject\DAL\CommutingForecast.cs:行号 23  
 TargetSiteInt32 AllocSqlValCtx(Oracle.DataAccess.Client.OpoSqlValCtx* ByRef)
时间：2017/11/17 星期五 10:01:18 Message:无法加载 DLL“OraOps10.dll”: 找不到指定的模块。 (异常来自 HRESULT:0x8007007E)。 
 Source:Oracle.DataAccess 
 StackTrace:   在 Oracle.DataAccess.Client.OpsSql.AllocSqlValCtx(OpoSqlValCtx*& pOpoSqlValCtx)
   在 Oracle.DataAccess.Client.OracleCommand.Initialize()
   在 Oracle.DataAccess.Client.OracleCommand..ctor()
   在 DAL.OracleHelper.ExecuteDataTable(String cmdText, OracleParameter[] commandParameters) 位置 e:\pikaqiu\workspace\haikouproject\DAL\OracleDBHelper.cs:行号 243
   在 DAL.CommutingForecast.GetUserInfo() 位置 e:\pikaqiu\workspace\haikouproject\DAL\CommutingForecast.cs:行号 23  
 TargetSiteInt32 AllocSqlValCtx(Oracle.DataAccess.Client.OpoSqlValCtx* ByRef)
时间：2017/11/17 星期五 14:10:32 Message:无法加载 DLL“OraOps10.dll”: 找不到指定的模块。 (异常来自 HRESULT:0x8007007E)。 
 Source:Oracle.DataAccess 
 StackTrace:   在 Oracle.DataAccess.Client.OpsSql.AllocSqlValCtx(OpoSqlValCtx*& pOpoSqlValCtx)
   在 Oracle.DataAccess.Client.OracleCommand.Initialize()
   在 Oracle.DataAccess.Client.OracleCommand..ctor()
   在 DAL.OracleHelper.ExecuteDataTable(String cmdText, OracleParameter[] commandParameters) 位置 e:\pikaqiu\workspace\haikouproject\DAL\OracleDBHelper.cs:行号 243
   在 DAL.tendayforecastDAL.GetWelfareForecastInfoNow(DateTime dt) 位置 e:\pikaqiu\workspace\haikouproject\DAL\tendayforecastDAL.cs:行号 2662  
 TargetSiteInt32 AllocSqlValCtx(Oracle.DataAccess.Client.OpoSqlValCtx* ByRef)
时间：2017/11/17 星期五 14:10:32 Message:无法加载 DLL“OraOps10.dll”: 找不到指定的模块。 (异常来自 HRESULT:0x8007007E)。 
 Source:Oracle.DataAccess 
 StackTrace:   在 Oracle.DataAccess.Client.OpsSql.AllocSqlValCtx(OpoSqlValCtx*& pOpoSqlValCtx)
   在 Oracle.DataAccess.Client.OracleCommand.Initialize()
   在 Oracle.DataAccess.Client.OracleCommand..ctor()
   在 DAL.OracleHelper.ExecuteScalar(String cmdText, OracleParameter[] commandParameters) 位置 e:\pikaqiu\workspace\haikouproject\DAL\OracleDBHelper.cs:行号 335
   在 DAL.tendayforecastDAL.GetWelfareForecastFromGrid(DateTime dt) 位置 e:\pikaqiu\workspace\haikouproject\DAL\tendayforecastDAL.cs:行号 2846  
 TargetSiteInt32 AllocSqlValCtx(Oracle.DataAccess.Client.OpoSqlValCtx* ByRef)
时间：2017/11/17 星期五 14:10:35 Message:无法加载 DLL“OraOps10.dll”: 找不到指定的模块。 (异常来自 HRESULT:0x8007007E)。 
 Source:Oracle.DataAccess 
 StackTrace:   在 Oracle.DataAccess.Client.OpsSql.AllocSqlValCtx(OpoSqlValCtx*& pOpoSqlValCtx)
   在 Oracle.DataAccess.Client.OracleCommand.Initialize()
   在 Oracle.DataAccess.Client.OracleCommand..ctor()
   在 DAL.OracleHelper.ExecuteDataTable(String cmdText, OracleParameter[] commandParameters) 位置 e:\pikaqiu\workspace\haikouproject\DAL\OracleDBHelper.cs:行号 243
   在 DAL.tendayforecastDAL.GetWelfareForecastInfoNow(DateTime dt) 位置 e:\pikaqiu\workspace\haikouproject\DAL\tendayforecastDAL.cs:行号 2662  
 TargetSiteInt32 AllocSqlValCtx(Oracle.DataAccess.Client.OpoSqlValCtx* ByRef)
时间：2017/11/17 星期五 14:10:35 Message:无法加载 DLL“OraOps10.dll”: 找不到指定的模块。 (异常来自 HRESULT:0x8007007E)。 
 Source:Oracle.DataAccess 
 StackTrace:   在 Oracle.DataAccess.Client.OpsSql.AllocSqlValCtx(OpoSqlValCtx*& pOpoSqlValCtx)
   在 Oracle.DataAccess.Client.OracleCommand.Initialize()
   在 Oracle.DataAccess.Client.OracleCommand..ctor()
   在 DAL.OracleHelper.ExecuteScalar(String cmdText, OracleParameter[] commandParameters) 位置 e:\pikaqiu\workspace\haikouproject\DAL\OracleDBHelper.cs:行号 335
   在 DAL.tendayforecastDAL.GetWelfareForecastFromGrid(DateTime dt) 位置 e:\pikaqiu\workspace\haikouproject\DAL\tendayforecastDAL.cs:行号 2846  
 TargetSiteInt32 AllocSqlValCtx(Oracle.DataAccess.Client.OpoSqlValCtx* ByRef)
时间：2017/11/17 星期五 14:10:37 Message:无法加载 DLL“OraOps10.dll”: 找不到指定的模块。 (异常来自 HRESULT:0x8007007E)。 
 Source:Oracle.DataAccess 
 StackTrace:   在 Oracle.DataAccess.Client.OpsSql.AllocSqlValCtx(OpoSqlValCtx*& pOpoSqlValCtx)
   在 Oracle.DataAccess.Client.OracleCommand.Initialize()
   在 Oracle.DataAccess.Client.OracleCommand..ctor()
   在 DAL.OracleHelper.ExecuteDataTable(String cmdText, OracleParameter[] commandParameters) 位置 e:\pikaqiu\workspace\haikouproject\DAL\OracleDBHelper.cs:行号 243
   在 DAL.tendayforecastDAL.GetWelfareForecastInfoNow(DateTime dt) 位置 e:\pikaqiu\workspace\haikouproject\DAL\tendayforecastDAL.cs:行号 2662  
 TargetSiteInt32 AllocSqlValCtx(Oracle.DataAccess.Client.OpoSqlValCtx* ByRef)
时间：2017/11/17 星期五 14:10:37 Message:无法加载 DLL“OraOps10.dll”: 找不到指定的模块。 (异常来自 HRESULT:0x8007007E)。 
 Source:Oracle.DataAccess 
 StackTrace:   在 Oracle.DataAccess.Client.OpsSql.AllocSqlValCtx(OpoSqlValCtx*& pOpoSqlValCtx)
   在 Oracle.DataAccess.Client.OracleCommand.Initialize()
   在 Oracle.DataAccess.Client.OracleCommand..ctor()
   在 DAL.OracleHelper.ExecuteScalar(String cmdText, OracleParameter[] commandParameters) 位置 e:\pikaqiu\workspace\haikouproject\DAL\OracleDBHelper.cs:行号 335
   在 DAL.tendayforecastDAL.GetWelfareForecastFromGrid(DateTime dt) 位置 e:\pikaqiu\workspace\haikouproject\DAL\tendayforecastDAL.cs:行号 2846  
 TargetSiteInt32 AllocSqlValCtx(Oracle.DataAccess.Client.OpoSqlValCtx* ByRef)
时间：2017/11/17 星期五 14:10:38 Message:无法加载 DLL“OraOps10.dll”: 找不到指定的模块。 (异常来自 HRESULT:0x8007007E)。 
 Source:Oracle.DataAccess 
 StackTrace:   在 Oracle.DataAccess.Client.OpsSql.AllocSqlValCtx(OpoSqlValCtx*& pOpoSqlValCtx)
   在 Oracle.DataAccess.Client.OracleCommand.Initialize()
   在 Oracle.DataAccess.Client.OracleCommand..ctor()
   在 DAL.OracleHelper.ExecuteDataTable(String cmdText, OracleParameter[] commandParameters) 位置 e:\pikaqiu\workspace\haikouproject\DAL\OracleDBHelper.cs:行号 243
   在 DAL.tendayforecastDAL.GetWelfareForecastInfoNow(DateTime dt) 位置 e:\pikaqiu\workspace\haikouproject\DAL\tendayforecastDAL.cs:行号 2662  
 TargetSiteInt32 AllocSqlValCtx(Oracle.DataAccess.Client.OpoSqlValCtx* ByRef)
时间：2017/11/17 星期五 14:10:39 Message:无法加载 DLL“OraOps10.dll”: 找不到指定的模块。 (异常来自 HRESULT:0x8007007E)。 
 Source:Oracle.DataAccess 
 StackTrace:   在 Oracle.DataAccess.Client.OpsSql.AllocSqlValCtx(OpoSqlValCtx*& pOpoSqlValCtx)
   在 Oracle.DataAccess.Client.OracleCommand.Initialize()
   在 Oracle.DataAccess.Client.OracleCommand..ctor()
   在 DAL.OracleHelper.ExecuteScalar(String cmdText, OracleParameter[] commandParameters) 位置 e:\pikaqiu\workspace\haikouproject\DAL\OracleDBHelper.cs:行号 335
   在 DAL.tendayforecastDAL.GetWelfareForecastFromGrid(DateTime dt) 位置 e:\pikaqiu\workspace\haikouproject\DAL\tendayforecastDAL.cs:行号 2846  
 TargetSiteInt32 AllocSqlValCtx(Oracle.DataAccess.Client.OpoSqlValCtx* ByRef)
时间：2017/11/17 星期五 14:10:43 Message:无法加载 DLL“OraOps10.dll”: 找不到指定的模块。 (异常来自 HRESULT:0x8007007E)。 
 Source:Oracle.DataAccess 
 StackTrace:   在 Oracle.DataAccess.Client.OpsSql.AllocSqlValCtx(OpoSqlValCtx*& pOpoSqlValCtx)
   在 Oracle.DataAccess.Client.OracleCommand.Initialize()
   在 Oracle.DataAccess.Client.OracleCommand..ctor()
   在 DAL.OracleHelper.ExecuteDataTable(String cmdText, OracleParameter[] commandParameters) 位置 e:\pikaqiu\workspace\haikouproject\DAL\OracleDBHelper.cs:行号 243
   在 DAL.tendayforecastDAL.GetWelfareForecastInfoNow(DateTime dt) 位置 e:\pikaqiu\workspace\haikouproject\DAL\tendayforecastDAL.cs:行号 2662  
 TargetSiteInt32 AllocSqlValCtx(Oracle.DataAccess.Client.OpoSqlValCtx* ByRef)
时间：2017/11/17 星期五 14:10:43 Message:无法加载 DLL“OraOps10.dll”: 找不到指定的模块。 (异常来自 HRESULT:0x8007007E)。 
 Source:Oracle.DataAccess 
 StackTrace:   在 Oracle.DataAccess.Client.OpsSql.AllocSqlValCtx(OpoSqlValCtx*& pOpoSqlValCtx)
   在 Oracle.DataAccess.Client.OracleCommand.Initialize()
   在 Oracle.DataAccess.Client.OracleCommand..ctor()
   在 DAL.OracleHelper.ExecuteDataTable(String cmdText, OracleParameter[] commandParameters) 位置 e:\pikaqiu\workspace\haikouproject\DAL\OracleDBHelper.cs:行号 243
   在 DAL.tendayforecastDAL.GetWelfareForecastInfoNow(DateTime dt) 位置 e:\pikaqiu\workspace\haikouproject\DAL\tendayforecastDAL.cs:行号 2662  
 TargetSiteInt32 AllocSqlValCtx(Oracle.DataAccess.Client.OpoSqlValCtx* ByRef)
时间：2017/11/17 星期五 14:10:43 Message:无法加载 DLL“OraOps10.dll”: 找不到指定的模块。 (异常来自 HRESULT:0x8007007E)。 
 Source:Oracle.DataAccess 
 StackTrace:   在 Oracle.DataAccess.Client.OpsSql.AllocSqlValCtx(OpoSqlValCtx*& pOpoSqlValCtx)
   在 Oracle.DataAccess.Client.OracleCommand.Initialize()
   在 Oracle.DataAccess.Client.OracleCommand..ctor()
   在 DAL.OracleHelper.ExecuteScalar(String cmdText, OracleParameter[] commandParameters) 位置 e:\pikaqiu\workspace\haikouproject\DAL\OracleDBHelper.cs:行号 335
   在 DAL.tendayforecastDAL.GetWelfareForecastFromGrid(DateTime dt) 位置 e:\pikaqiu\workspace\haikouproject\DAL\tendayforecastDAL.cs:行号 2846  
 TargetSiteInt32 AllocSqlValCtx(Oracle.DataAccess.Client.OpoSqlValCtx* ByRef)
时间：2017/11/17 星期五 14:10:44 Message:无法加载 DLL“OraOps10.dll”: 找不到指定的模块。 (异常来自 HRESULT:0x8007007E)。 
 Source:Oracle.DataAccess 
 StackTrace:   在 Oracle.DataAccess.Client.OpsSql.AllocSqlValCtx(OpoSqlValCtx*& pOpoSqlValCtx)
   在 Oracle.DataAccess.Client.OracleCommand.Initialize()
   在 Oracle.DataAccess.Client.OracleCommand..ctor()
   在 DAL.OracleHelper.ExecuteDataTable(String cmdText, OracleParameter[] commandParameters) 位置 e:\pikaqiu\workspace\haikouproject\DAL\OracleDBHelper.cs:行号 243
   在 DAL.tendayforecastDAL.GetWelfareForecastInfoNow(DateTime dt) 位置 e:\pikaqiu\workspace\haikouproject\DAL\tendayforecastDAL.cs:行号 2662  
 TargetSiteInt32 AllocSqlValCtx(Oracle.DataAccess.Client.OpoSqlValCtx* ByRef)
时间：2017/11/17 星期五 14:10:44 Message:无法加载 DLL“OraOps10.dll”: 找不到指定的模块。 (异常来自 HRESULT:0x8007007E)。 
 Source:Oracle.DataAccess 
 StackTrace:   在 Oracle.DataAccess.Client.OpsSql.AllocSqlValCtx(OpoSqlValCtx*& pOpoSqlValCtx)
   在 Oracle.DataAccess.Client.OracleCommand.Initialize()
   在 Oracle.DataAccess.Client.OracleCommand..ctor()
   在 DAL.OracleHelper.ExecuteScalar(String cmdText, OracleParameter[] commandParameters) 位置 e:\pikaqiu\workspace\haikouproject\DAL\OracleDBHelper.cs:行号 335
   在 DAL.tendayforecastDAL.GetWelfareForecastFromGrid(DateTime dt) 位置 e:\pikaqiu\workspace\haikouproject\DAL\tendayforecastDAL.cs:行号 2846  
 TargetSiteInt32 AllocSqlValCtx(Oracle.DataAccess.Client.OpoSqlValCtx* ByRef)
时间：2017/11/17 星期五 14:11:20 Message:无法加载 DLL“OraOps10.dll”: 找不到指定的模块。 (异常来自 HRESULT:0x8007007E)。 
 Source:Oracle.DataAccess 
 StackTrace:   在 Oracle.DataAccess.Client.OpsSql.AllocSqlValCtx(OpoSqlValCtx*& pOpoSqlValCtx)
   在 Oracle.DataAccess.Client.OracleCommand.Initialize()
   在 Oracle.DataAccess.Client.OracleCommand..ctor()
   在 DAL.OracleHelper.ExecuteDataTable(String cmdText, OracleParameter[] commandParameters) 位置 e:\pikaqiu\workspace\haikouproject\DAL\OracleDBHelper.cs:行号 243
   在 DAL.CityForecast12HourDAL.Get12HourForecastInfos(DateTime dt, String areaName) 位置 e:\pikaqiu\workspace\haikouproject\DAL\CityForecast12HourDAL.cs:行号 294  
 TargetSiteInt32 AllocSqlValCtx(Oracle.DataAccess.Client.OpoSqlValCtx* ByRef)
时间：2017/11/17 星期五 14:11:20 Message:无法加载 DLL“OraOps10.dll”: 找不到指定的模块。 (异常来自 HRESULT:0x8007007E)。 
 Source:Oracle.DataAccess 
 StackTrace:   在 Oracle.DataAccess.Client.OpsTrace.GetRegTraceInfo(UInt32& TrcLevel, UInt32& StmtCacheSize)
   在 Oracle.DataAccess.Client.OraTrace.GetRegistryTraceInfo()
   在 Oracle.DataAccess.Client.OracleConnection..ctor(String connectionString)
   在 DAL.OracleHelper.db_GreateQuery(String strSQL) 位置 e:\pikaqiu\workspace\haikouproject\DAL\OracleDBHelper.cs:行号 278
   在 DAL.CityForecast12HourDAL.GetHour12InfoListCount(String Strdt, String Strdt2) 位置 e:\pikaqiu\workspace\haikouproject\DAL\CityForecast12HourDAL.cs:行号 1256  
 TargetSiteInt32 GetRegTraceInfo(UInt32 ByRef, UInt32 ByRef)
时间：2017/11/17 星期五 14:11:20 Message:无法加载 DLL“OraOps10.dll”: 找不到指定的模块。 (异常来自 HRESULT:0x8007007E)。 
 Source:Oracle.DataAccess 
 StackTrace:   在 Oracle.DataAccess.Client.OpsTrace.GetRegTraceInfo(UInt32& TrcLevel, UInt32& StmtCacheSize)
   在 Oracle.DataAccess.Client.OraTrace.GetRegistryTraceInfo()
   在 Oracle.DataAccess.Client.OracleConnection..ctor(String connectionString)
   在 DAL.OracleHelper.db_GreateQuery(String strSQL) 位置 e:\pikaqiu\workspace\haikouproject\DAL\OracleDBHelper.cs:行号 278
   在 DAL.CityForecast12HourDAL.Get12HourForecaster(DateTime dt) 位置 e:\pikaqiu\workspace\haikouproject\DAL\CityForecast12HourDAL.cs:行号 25  
 TargetSiteInt32 GetRegTraceInfo(UInt32 ByRef, UInt32 ByRef)
时间：2017/11/17 星期五 14:11:20 Message:无法加载 DLL“OraOps10.dll”: 找不到指定的模块。 (异常来自 HRESULT:0x8007007E)。 
 Source:Oracle.DataAccess 
 StackTrace:   在 Oracle.DataAccess.Client.OpsSql.AllocSqlValCtx(OpoSqlValCtx*& pOpoSqlValCtx)
   在 Oracle.DataAccess.Client.OracleCommand.Initialize()
   在 Oracle.DataAccess.Client.OracleCommand..ctor()
   在 DAL.OracleHelper.ExecuteDataTable(String cmdText, OracleParameter[] commandParameters) 位置 e:\pikaqiu\workspace\haikouproject\DAL\OracleDBHelper.cs:行号 243
   在 DAL.CityForecast12HourDAL.Get12HourForecastInfos(DateTime dt, String areaName) 位置 e:\pikaqiu\workspace\haikouproject\DAL\CityForecast12HourDAL.cs:行号 294  
 TargetSiteInt32 AllocSqlValCtx(Oracle.DataAccess.Client.OpoSqlValCtx* ByRef)
时间：2017/11/17 星期五 14:11:21 Message:无法加载 DLL“OraOps10.dll”: 找不到指定的模块。 (异常来自 HRESULT:0x8007007E)。 
 Source:Oracle.DataAccess 
 StackTrace:   在 Oracle.DataAccess.Client.OpsSql.AllocSqlValCtx(OpoSqlValCtx*& pOpoSqlValCtx)
   在 Oracle.DataAccess.Client.OracleCommand.Initialize()
   在 Oracle.DataAccess.Client.OracleCommand..ctor()
   在 DAL.OracleHelper.ExecuteDataTable(String cmdText, OracleParameter[] commandParameters) 位置 e:\pikaqiu\workspace\haikouproject\DAL\OracleDBHelper.cs:行号 243
   在 DAL.CityForecast12HourDAL.Get12HourForecastInfos(DateTime dt, String areaName) 位置 e:\pikaqiu\workspace\haikouproject\DAL\CityForecast12HourDAL.cs:行号 294  
 TargetSiteInt32 AllocSqlValCtx(Oracle.DataAccess.Client.OpoSqlValCtx* ByRef)
时间：2017/11/17 星期五 14:11:21 Message:无法加载 DLL“OraOps10.dll”: 找不到指定的模块。 (异常来自 HRESULT:0x8007007E)。 
 Source:Oracle.DataAccess 
 StackTrace:   在 Oracle.DataAccess.Client.OpsSql.AllocSqlValCtx(OpoSqlValCtx*& pOpoSqlValCtx)
   在 Oracle.DataAccess.Client.OracleCommand.Initialize()
   在 Oracle.DataAccess.Client.OracleCommand..ctor()
   在 DAL.OracleHelper.ExecuteDataTable(String cmdText, OracleParameter[] commandParameters) 位置 e:\pikaqiu\workspace\haikouproject\DAL\OracleDBHelper.cs:行号 243
   在 DAL.CityForecast12HourDAL.GetHour12InfoList(String Strdt, String Strdt2, Int32 Max, Int32 Min) 位置 e:\pikaqiu\workspace\haikouproject\DAL\CityForecast12HourDAL.cs:行号 1139  
 TargetSiteInt32 AllocSqlValCtx(Oracle.DataAccess.Client.OpoSqlValCtx* ByRef)
时间：2017/11/17 星期五 14:11:28 Message:无法加载 DLL“OraOps10.dll”: 找不到指定的模块。 (异常来自 HRESULT:0x8007007E)。 
 Source:Oracle.DataAccess 
 StackTrace:   在 Oracle.DataAccess.Client.OpsSql.AllocSqlValCtx(OpoSqlValCtx*& pOpoSqlValCtx)
   在 Oracle.DataAccess.Client.OracleCommand.Initialize()
   在 Oracle.DataAccess.Client.OracleCommand..ctor()
   在 DAL.OracleHelper.ExecuteDataTable(String cmdText, OracleParameter[] commandParameters) 位置 e:\pikaqiu\workspace\haikouproject\DAL\OracleDBHelper.cs:行号 243
   在 DAL.tendayforecastDAL.GetWelfareForecastInfoNow(DateTime dt) 位置 e:\pikaqiu\workspace\haikouproject\DAL\tendayforecastDAL.cs:行号 2662  
 TargetSiteInt32 AllocSqlValCtx(Oracle.DataAccess.Client.OpoSqlValCtx* ByRef)
时间：2017/11/17 星期五 14:11:28 Message:无法加载 DLL“OraOps10.dll”: 找不到指定的模块。 (异常来自 HRESULT:0x8007007E)。 
 Source:Oracle.DataAccess 
 StackTrace:   在 Oracle.DataAccess.Client.OpsSql.AllocSqlValCtx(OpoSqlValCtx*& pOpoSqlValCtx)
   在 Oracle.DataAccess.Client.OracleCommand.Initialize()
   在 Oracle.DataAccess.Client.OracleCommand..ctor()
   在 DAL.OracleHelper.ExecuteScalar(String cmdText, OracleParameter[] commandParameters) 位置 e:\pikaqiu\workspace\haikouproject\DAL\OracleDBHelper.cs:行号 335
   在 DAL.tendayforecastDAL.GetWelfareForecastFromGrid(DateTime dt) 位置 e:\pikaqiu\workspace\haikouproject\DAL\tendayforecastDAL.cs:行号 2846  
 TargetSiteInt32 AllocSqlValCtx(Oracle.DataAccess.Client.OpoSqlValCtx* ByRef)
时间：2017/11/17 星期五 14:11:29 Message:无法加载 DLL“OraOps10.dll”: 找不到指定的模块。 (异常来自 HRESULT:0x8007007E)。 
 Source:Oracle.DataAccess 
 StackTrace:   在 Oracle.DataAccess.Client.OpsTrace.GetRegTraceInfo(UInt32& TrcLevel, UInt32& StmtCacheSize)
   在 Oracle.DataAccess.Client.OraTrace.GetRegistryTraceInfo()
   在 Oracle.DataAccess.Client.OracleConnection..ctor(String connectionString)
   在 DAL.OracleHelper.db_GreateQuery(String strSQL) 位置 e:\pikaqiu\workspace\haikouproject\DAL\OracleDBHelper.cs:行号 278
   在 DAL.CityForecast12HourDAL.Get12HourForecaster(DateTime dt) 位置 e:\pikaqiu\workspace\haikouproject\DAL\CityForecast12HourDAL.cs:行号 25  
 TargetSiteInt32 GetRegTraceInfo(UInt32 ByRef, UInt32 ByRef)
时间：2017/11/17 星期五 14:11:29 Message:无法加载 DLL“OraOps10.dll”: 找不到指定的模块。 (异常来自 HRESULT:0x8007007E)。 
 Source:Oracle.DataAccess 
 StackTrace:   在 Oracle.DataAccess.Client.OpsSql.AllocSqlValCtx(OpoSqlValCtx*& pOpoSqlValCtx)
   在 Oracle.DataAccess.Client.OracleCommand.Initialize()
   在 Oracle.DataAccess.Client.OracleCommand..ctor()
   在 DAL.OracleHelper.ExecuteDataTable(String cmdText, OracleParameter[] commandParameters) 位置 e:\pikaqiu\workspace\haikouproject\DAL\OracleDBHelper.cs:行号 243
   在 DAL.CityForecast12HourDAL.Get12HourForecastInfos(DateTime dt, String areaName) 位置 e:\pikaqiu\workspace\haikouproject\DAL\CityForecast12HourDAL.cs:行号 294  
 TargetSiteInt32 AllocSqlValCtx(Oracle.DataAccess.Client.OpoSqlValCtx* ByRef)
时间：2017/11/17 星期五 14:11:29 Message:无法加载 DLL“OraOps10.dll”: 找不到指定的模块。 (异常来自 HRESULT:0x8007007E)。 
 Source:Oracle.DataAccess 
 StackTrace:   在 Oracle.DataAccess.Client.OpsSql.AllocSqlValCtx(OpoSqlValCtx*& pOpoSqlValCtx)
   在 Oracle.DataAccess.Client.OracleCommand.Initialize()
   在 Oracle.DataAccess.Client.OracleCommand..ctor()
   在 DAL.OracleHelper.ExecuteDataTable(String cmdText, OracleParameter[] commandParameters) 位置 e:\pikaqiu\workspace\haikouproject\DAL\OracleDBHelper.cs:行号 243
   在 DAL.CityForecast12HourDAL.GetHour12UserInfo() 位置 e:\pikaqiu\workspace\haikouproject\DAL\CityForecast12HourDAL.cs:行号 60  
 TargetSiteInt32 AllocSqlValCtx(Oracle.DataAccess.Client.OpoSqlValCtx* ByRef)
时间：2017/11/17 星期五 14:11:29 Message:无法加载 DLL“OraOps10.dll”: 找不到指定的模块。 (异常来自 HRESULT:0x8007007E)。 
 Source:Oracle.DataAccess 
 StackTrace:   在 Oracle.DataAccess.Client.OpsSql.AllocSqlValCtx(OpoSqlValCtx*& pOpoSqlValCtx)
   在 Oracle.DataAccess.Client.OracleCommand.Initialize()
   在 Oracle.DataAccess.Client.OracleCommand..ctor()
   在 DAL.OracleHelper.ExecuteDataTable(String cmdText, OracleParameter[] commandParameters) 位置 e:\pikaqiu\workspace\haikouproject\DAL\OracleDBHelper.cs:行号 243
   在 DAL.CityForecast12HourDAL.Get12HourForecastInfos(DateTime dt, String areaName) 位置 e:\pikaqiu\workspace\haikouproject\DAL\CityForecast12HourDAL.cs:行号 294  
 TargetSiteInt32 AllocSqlValCtx(Oracle.DataAccess.Client.OpoSqlValCtx* ByRef)
时间：2017/11/17 星期五 14:11:29 Message:无法加载 DLL“OraOps10.dll”: 找不到指定的模块。 (异常来自 HRESULT:0x8007007E)。 
 Source:Oracle.DataAccess 
 StackTrace:   在 Oracle.DataAccess.Client.OpsTrace.GetRegTraceInfo(UInt32& TrcLevel, UInt32& StmtCacheSize)
   在 Oracle.DataAccess.Client.OraTrace.GetRegistryTraceInfo()
   在 Oracle.DataAccess.Client.OracleConnection..ctor(String connectionString)
   在 DAL.OracleHelper.db_GreateQuery(String strSQL) 位置 e:\pikaqiu\workspace\haikouproject\DAL\OracleDBHelper.cs:行号 278
   在 DAL.CityForecast12HourDAL.GetHour12InfoListCount(String Strdt, String Strdt2) 位置 e:\pikaqiu\workspace\haikouproject\DAL\CityForecast12HourDAL.cs:行号 1256  
 TargetSiteInt32 GetRegTraceInfo(UInt32 ByRef, UInt32 ByRef)
时间：2017/11/17 星期五 14:11:29 Message:无法加载 DLL“OraOps10.dll”: 找不到指定的模块。 (异常来自 HRESULT:0x8007007E)。 
 Source:Oracle.DataAccess 
 StackTrace:   在 Oracle.DataAccess.Client.OpsSql.AllocSqlValCtx(OpoSqlValCtx*& pOpoSqlValCtx)
   在 Oracle.DataAccess.Client.OracleCommand.Initialize()
   在 Oracle.DataAccess.Client.OracleCommand..ctor()
   在 DAL.OracleHelper.ExecuteDataTable(String cmdText, OracleParameter[] commandParameters) 位置 e:\pikaqiu\workspace\haikouproject\DAL\OracleDBHelper.cs:行号 243
   在 DAL.CityForecast12HourDAL.Get12HourForecastInfos(DateTime dt, String areaName) 位置 e:\pikaqiu\workspace\haikouproject\DAL\CityForecast12HourDAL.cs:行号 294  
 TargetSiteInt32 AllocSqlValCtx(Oracle.DataAccess.Client.OpoSqlValCtx* ByRef)
时间：2017/11/17 星期五 14:11:29 Message:无法加载 DLL“OraOps10.dll”: 找不到指定的模块。 (异常来自 HRESULT:0x8007007E)。 
 Source:Oracle.DataAccess 
 StackTrace:   在 Oracle.DataAccess.Client.OpsSql.AllocSqlValCtx(OpoSqlValCtx*& pOpoSqlValCtx)
   在 Oracle.DataAccess.Client.OracleCommand.Initialize()
   在 Oracle.DataAccess.Client.OracleCommand..ctor()
   在 DAL.OracleHelper.ExecuteDataTable(String cmdText, OracleParameter[] commandParameters) 位置 e:\pikaqiu\workspace\haikouproject\DAL\OracleDBHelper.cs:行号 243
   在 DAL.CityForecast12HourDAL.GetHour12InfoList(String Strdt, String Strdt2, Int32 Max, Int32 Min) 位置 e:\pikaqiu\workspace\haikouproject\DAL\CityForecast12HourDAL.cs:行号 1139  
 TargetSiteInt32 AllocSqlValCtx(Oracle.DataAccess.Client.OpoSqlValCtx* ByRef)
时间：2017/11/17 星期五 14:11:30 Message:无法加载 DLL“OraOps10.dll”: 找不到指定的模块。 (异常来自 HRESULT:0x8007007E)。 
 Source:Oracle.DataAccess 
 StackTrace:   在 Oracle.DataAccess.Client.OpsSql.AllocSqlValCtx(OpoSqlValCtx*& pOpoSqlValCtx)
   在 Oracle.DataAccess.Client.OracleCommand.Initialize()
   在 Oracle.DataAccess.Client.OracleCommand..ctor()
   在 DAL.OracleHelper.ExecuteDataTable(String cmdText, OracleParameter[] commandParameters) 位置 e:\pikaqiu\workspace\haikouproject\DAL\OracleDBHelper.cs:行号 243
   在 DAL.CityForecast6HourDAL.GetUserInfo() 位置 e:\pikaqiu\workspace\haikouproject\DAL\CityForecast6HourDAL.cs:行号 43  
 TargetSiteInt32 AllocSqlValCtx(Oracle.DataAccess.Client.OpoSqlValCtx* ByRef)
时间：2017/11/17 星期五 14:11:30 Message:无法加载 DLL“OraOps10.dll”: 找不到指定的模块。 (异常来自 HRESULT:0x8007007E)。 
 Source:Oracle.DataAccess 
 StackTrace:   在 Oracle.DataAccess.Client.OpsTrace.GetRegTraceInfo(UInt32& TrcLevel, UInt32& StmtCacheSize)
   在 Oracle.DataAccess.Client.OraTrace.GetRegistryTraceInfo()
   在 Oracle.DataAccess.Client.OracleConnection..ctor(String connectionString)
   在 DAL.OracleHelper.db_GreateQuery(String strSQL) 位置 e:\pikaqiu\workspace\haikouproject\DAL\OracleDBHelper.cs:行号 278
   在 DAL.CityForecast6HourDAL.Get6HourForecastName(DateTime dt) 位置 e:\pikaqiu\workspace\haikouproject\DAL\CityForecast6HourDAL.cs:行号 21  
 TargetSiteInt32 GetRegTraceInfo(UInt32 ByRef, UInt32 ByRef)
时间：2017/11/17 星期五 14:11:30 Message:无法加载 DLL“OraOps10.dll”: 找不到指定的模块。 (异常来自 HRESULT:0x8007007E)。 
 Source:Oracle.DataAccess 
 StackTrace:   在 Oracle.DataAccess.Client.OpsTrace.GetRegTraceInfo(UInt32& TrcLevel, UInt32& StmtCacheSize)
   在 Oracle.DataAccess.Client.OraTrace.GetRegistryTraceInfo()
   在 Oracle.DataAccess.Client.OracleConnection..ctor(String connectionString)
   在 DAL.OracleHelper.db_GreateQuery(String strSQL) 位置 e:\pikaqiu\workspace\haikouproject\DAL\OracleDBHelper.cs:行号 278
   在 DAL.CityForecast6HourDAL.GetCityUploadInfoListCount(String Strdt, String Strdt2) 位置 e:\pikaqiu\workspace\haikouproject\DAL\CityForecast6HourDAL.cs:行号 1326  
 TargetSiteInt32 GetRegTraceInfo(UInt32 ByRef, UInt32 ByRef)
时间：2017/11/17 星期五 14:11:30 Message:无法加载 DLL“OraOps10.dll”: 找不到指定的模块。 (异常来自 HRESULT:0x8007007E)。 
 Source:Oracle.DataAccess 
 StackTrace:   在 Oracle.DataAccess.Client.OpsSql.AllocSqlValCtx(OpoSqlValCtx*& pOpoSqlValCtx)
   在 Oracle.DataAccess.Client.OracleCommand.Initialize()
   在 Oracle.DataAccess.Client.OracleCommand..ctor()
   在 DAL.OracleHelper.ExecuteDataTable(String cmdText, OracleParameter[] commandParameters) 位置 e:\pikaqiu\workspace\haikouproject\DAL\OracleDBHelper.cs:行号 243
   在 DAL.CityForecast6HourDAL.GetCityUploadInfoList(String Strdt, String Strdt2, Int32 Max, Int32 Min) 位置 e:\pikaqiu\workspace\haikouproject\DAL\CityForecast6HourDAL.cs:行号 1271  
 TargetSiteInt32 AllocSqlValCtx(Oracle.DataAccess.Client.OpoSqlValCtx* ByRef)
时间：2017/11/17 星期五 14:11:36 Message:无法加载 DLL“OraOps10.dll”: 找不到指定的模块。 (异常来自 HRESULT:0x8007007E)。 
 Source:Oracle.DataAccess 
 StackTrace:   在 Oracle.DataAccess.Client.OpsSql.AllocSqlValCtx(OpoSqlValCtx*& pOpoSqlValCtx)
   在 Oracle.DataAccess.Client.OracleCommand.Initialize()
   在 Oracle.DataAccess.Client.OracleCommand..ctor()
   在 DAL.OracleHelper.ExecuteDataTable(String cmdText, OracleParameter[] commandParameters) 位置 e:\pikaqiu\workspace\haikouproject\DAL\OracleDBHelper.cs:行号 243
   在 DAL.CommutingForecast.GetUserInfo() 位置 e:\pikaqiu\workspace\haikouproject\DAL\CommutingForecast.cs:行号 23  
 TargetSiteInt32 AllocSqlValCtx(Oracle.DataAccess.Client.OpoSqlValCtx* ByRef)
时间：2017/11/17 星期五 14:20:18 Message:无法加载 DLL“OraOps10.dll”: 找不到指定的模块。 (异常来自 HRESULT:0x8007007E)。 
 Source:Oracle.DataAccess 
 StackTrace:   在 Oracle.DataAccess.Client.OpsSql.AllocSqlValCtx(OpoSqlValCtx*& pOpoSqlValCtx)
   在 Oracle.DataAccess.Client.OracleCommand.Initialize()
   在 Oracle.DataAccess.Client.OracleCommand..ctor()
   在 DAL.OracleHelper.ExecuteDataTable(String cmdText, OracleParameter[] commandParameters) 位置 e:\pikaqiu\workspace\haikouproject\DAL\OracleDBHelper.cs:行号 243
   在 DAL.CommutingForecast.GetUserInfo() 位置 e:\pikaqiu\workspace\haikouproject\DAL\CommutingForecast.cs:行号 23  
 TargetSiteInt32 AllocSqlValCtx(Oracle.DataAccess.Client.OpoSqlValCtx* ByRef)
时间：2017/11/17 星期五 14:20:23 Message:无法加载 DLL“OraOps10.dll”: 找不到指定的模块。 (异常来自 HRESULT:0x8007007E)。 
 Source:Oracle.DataAccess 
 StackTrace:   在 Oracle.DataAccess.Client.OpsSql.AllocSqlValCtx(OpoSqlValCtx*& pOpoSqlValCtx)
   在 Oracle.DataAccess.Client.OracleCommand.Initialize()
   在 Oracle.DataAccess.Client.OracleCommand..ctor()
   在 DAL.OracleHelper.ExecuteDataTable(String cmdText, OracleParameter[] commandParameters) 位置 e:\pikaqiu\workspace\haikouproject\DAL\OracleDBHelper.cs:行号 243
   在 DAL.CommutingForecast.GetUserInfo() 位置 e:\pikaqiu\workspace\haikouproject\DAL\CommutingForecast.cs:行号 23  
 TargetSiteInt32 AllocSqlValCtx(Oracle.DataAccess.Client.OpoSqlValCtx* ByRef)
时间：2017/11/17 星期五 14:21:28 Message:无法加载 DLL“OraOps10.dll”: 找不到指定的模块。 (异常来自 HRESULT:0x8007007E)。 
 Source:Oracle.DataAccess 
 StackTrace:   在 Oracle.DataAccess.Client.OpsSql.AllocSqlValCtx(OpoSqlValCtx*& pOpoSqlValCtx)
   在 Oracle.DataAccess.Client.OracleCommand.Initialize()
   在 Oracle.DataAccess.Client.OracleCommand..ctor()
   在 DAL.OracleHelper.ExecuteDataTable(String cmdText, OracleParameter[] commandParameters) 位置 e:\pikaqiu\workspace\haikouproject\DAL\OracleDBHelper.cs:行号 243
   在 DAL.tendayforecastDAL.GetWelfareForecastInfoNow(DateTime dt) 位置 e:\pikaqiu\workspace\haikouproject\DAL\tendayforecastDAL.cs:行号 2662  
 TargetSiteInt32 AllocSqlValCtx(Oracle.DataAccess.Client.OpoSqlValCtx* ByRef)
时间：2017/11/17 星期五 14:21:28 Message:无法加载 DLL“OraOps10.dll”: 找不到指定的模块。 (异常来自 HRESULT:0x8007007E)。 
 Source:Oracle.DataAccess 
 StackTrace:   在 Oracle.DataAccess.Client.OpsSql.AllocSqlValCtx(OpoSqlValCtx*& pOpoSqlValCtx)
   在 Oracle.DataAccess.Client.OracleCommand.Initialize()
   在 Oracle.DataAccess.Client.OracleCommand..ctor()
   在 DAL.OracleHelper.ExecuteScalar(String cmdText, OracleParameter[] commandParameters) 位置 e:\pikaqiu\workspace\haikouproject\DAL\OracleDBHelper.cs:行号 335
   在 DAL.tendayforecastDAL.GetWelfareForecastFromGrid(DateTime dt) 位置 e:\pikaqiu\workspace\haikouproject\DAL\tendayforecastDAL.cs:行号 2846  
 TargetSiteInt32 AllocSqlValCtx(Oracle.DataAccess.Client.OpoSqlValCtx* ByRef)
时间：2017/11/17 星期五 14:24:55 Message:无法加载 DLL“OraOps10.dll”: 找不到指定的模块。 (异常来自 HRESULT:0x8007007E)。 
 Source:Oracle.DataAccess 
 StackTrace:   在 Oracle.DataAccess.Client.OpsSql.AllocSqlValCtx(OpoSqlValCtx*& pOpoSqlValCtx)
   在 Oracle.DataAccess.Client.OracleCommand.Initialize()
   在 Oracle.DataAccess.Client.OracleCommand..ctor()
   在 DAL.OracleHelper.ExecuteDataTable(String cmdText, OracleParameter[] commandParameters) 位置 e:\pikaqiu\workspace\haikouproject\DAL\OracleDBHelper.cs:行号 243
   在 DAL.tendayforecastDAL.GetWelfareForecastInfoNow(DateTime dt) 位置 e:\pikaqiu\workspace\haikouproject\DAL\tendayforecastDAL.cs:行号 2662  
 TargetSiteInt32 AllocSqlValCtx(Oracle.DataAccess.Client.OpoSqlValCtx* ByRef)
时间：2017/11/17 星期五 14:24:55 Message:无法加载 DLL“OraOps10.dll”: 找不到指定的模块。 (异常来自 HRESULT:0x8007007E)。 
 Source:Oracle.DataAccess 
 StackTrace:   在 Oracle.DataAccess.Client.OpsSql.AllocSqlValCtx(OpoSqlValCtx*& pOpoSqlValCtx)
   在 Oracle.DataAccess.Client.OracleCommand.Initialize()
   在 Oracle.DataAccess.Client.OracleCommand..ctor()
   在 DAL.OracleHelper.ExecuteScalar(String cmdText, OracleParameter[] commandParameters) 位置 e:\pikaqiu\workspace\haikouproject\DAL\OracleDBHelper.cs:行号 335
   在 DAL.tendayforecastDAL.GetWelfareForecastFromGrid(DateTime dt) 位置 e:\pikaqiu\workspace\haikouproject\DAL\tendayforecastDAL.cs:行号 2846  
 TargetSiteInt32 AllocSqlValCtx(Oracle.DataAccess.Client.OpoSqlValCtx* ByRef)
时间：2017/11/17 星期五 14:25:00 Message:无法加载 DLL“OraOps10.dll”: 找不到指定的模块。 (异常来自 HRESULT:0x8007007E)。 
 Source:Oracle.DataAccess 
 StackTrace:   在 Oracle.DataAccess.Client.OpsSql.AllocSqlValCtx(OpoSqlValCtx*& pOpoSqlValCtx)
   在 Oracle.DataAccess.Client.OracleCommand.Initialize()
   在 Oracle.DataAccess.Client.OracleCommand..ctor()
   在 DAL.OracleHelper.ExecuteDataTable(String cmdText, OracleParameter[] commandParameters) 位置 e:\pikaqiu\workspace\haikouproject\DAL\OracleDBHelper.cs:行号 243
   在 DAL.tendayforecastDAL.GetWelfareForecastInfoNow(DateTime dt) 位置 e:\pikaqiu\workspace\haikouproject\DAL\tendayforecastDAL.cs:行号 2662  
 TargetSiteInt32 AllocSqlValCtx(Oracle.DataAccess.Client.OpoSqlValCtx* ByRef)
时间：2017/11/17 星期五 14:25:01 Message:无法加载 DLL“OraOps10.dll”: 找不到指定的模块。 (异常来自 HRESULT:0x8007007E)。 
 Source:Oracle.DataAccess 
 StackTrace:   在 Oracle.DataAccess.Client.OpsSql.AllocSqlValCtx(OpoSqlValCtx*& pOpoSqlValCtx)
   在 Oracle.DataAccess.Client.OracleCommand.Initialize()
   在 Oracle.DataAccess.Client.OracleCommand..ctor()
   在 DAL.OracleHelper.ExecuteScalar(String cmdText, OracleParameter[] commandParameters) 位置 e:\pikaqiu\workspace\haikouproject\DAL\OracleDBHelper.cs:行号 335
   在 DAL.tendayforecastDAL.GetWelfareForecastFromGrid(DateTime dt) 位置 e:\pikaqiu\workspace\haikouproject\DAL\tendayforecastDAL.cs:行号 2846  
 TargetSiteInt32 AllocSqlValCtx(Oracle.DataAccess.Client.OpoSqlValCtx* ByRef)
时间：2017/11/17 星期五 14:25:02 Message:无法加载 DLL“OraOps10.dll”: 找不到指定的模块。 (异常来自 HRESULT:0x8007007E)。 
 Source:Oracle.DataAccess 
 StackTrace:   在 Oracle.DataAccess.Client.OpsSql.AllocSqlValCtx(OpoSqlValCtx*& pOpoSqlValCtx)
   在 Oracle.DataAccess.Client.OracleCommand.Initialize()
   在 Oracle.DataAccess.Client.OracleCommand..ctor()
   在 DAL.OracleHelper.ExecuteDataTable(String cmdText, OracleParameter[] commandParameters) 位置 e:\pikaqiu\workspace\haikouproject\DAL\OracleDBHelper.cs:行号 243
   在 DAL.tendayforecastDAL.GetWelfareForecastInfoNow(DateTime dt) 位置 e:\pikaqiu\workspace\haikouproject\DAL\tendayforecastDAL.cs:行号 2662  
 TargetSiteInt32 AllocSqlValCtx(Oracle.DataAccess.Client.OpoSqlValCtx* ByRef)
时间：2017/11/17 星期五 14:25:02 Message:无法加载 DLL“OraOps10.dll”: 找不到指定的模块。 (异常来自 HRESULT:0x8007007E)。 
 Source:Oracle.DataAccess 
 StackTrace:   在 Oracle.DataAccess.Client.OpsSql.AllocSqlValCtx(OpoSqlValCtx*& pOpoSqlValCtx)
   在 Oracle.DataAccess.Client.OracleCommand.Initialize()
   在 Oracle.DataAccess.Client.OracleCommand..ctor()
   在 DAL.OracleHelper.ExecuteScalar(String cmdText, OracleParameter[] commandParameters) 位置 e:\pikaqiu\workspace\haikouproject\DAL\OracleDBHelper.cs:行号 335
   在 DAL.tendayforecastDAL.GetWelfareForecastFromGrid(DateTime dt) 位置 e:\pikaqiu\workspace\haikouproject\DAL\tendayforecastDAL.cs:行号 2846  
 TargetSiteInt32 AllocSqlValCtx(Oracle.DataAccess.Client.OpoSqlValCtx* ByRef)
时间：2017/11/17 星期五 14:25:03 Message:无法加载 DLL“OraOps10.dll”: 找不到指定的模块。 (异常来自 HRESULT:0x8007007E)。 
 Source:Oracle.DataAccess 
 StackTrace:   在 Oracle.DataAccess.Client.OpsSql.AllocSqlValCtx(OpoSqlValCtx*& pOpoSqlValCtx)
   在 Oracle.DataAccess.Client.OracleCommand.Initialize()
   在 Oracle.DataAccess.Client.OracleCommand..ctor()
   在 DAL.OracleHelper.ExecuteDataTable(String cmdText, OracleParameter[] commandParameters) 位置 e:\pikaqiu\workspace\haikouproject\DAL\OracleDBHelper.cs:行号 243
   在 DAL.tendayforecastDAL.GetWelfareForecastInfoNow(DateTime dt) 位置 e:\pikaqiu\workspace\haikouproject\DAL\tendayforecastDAL.cs:行号 2662  
 TargetSiteInt32 AllocSqlValCtx(Oracle.DataAccess.Client.OpoSqlValCtx* ByRef)
时间：2017/11/17 星期五 14:25:03 Message:无法加载 DLL“OraOps10.dll”: 找不到指定的模块。 (异常来自 HRESULT:0x8007007E)。 
 Source:Oracle.DataAccess 
 StackTrace:   在 Oracle.DataAccess.Client.OpsSql.AllocSqlValCtx(OpoSqlValCtx*& pOpoSqlValCtx)
   在 Oracle.DataAccess.Client.OracleCommand.Initialize()
   在 Oracle.DataAccess.Client.OracleCommand..ctor()
   在 DAL.OracleHelper.ExecuteScalar(String cmdText, OracleParameter[] commandParameters) 位置 e:\pikaqiu\workspace\haikouproject\DAL\OracleDBHelper.cs:行号 335
   在 DAL.tendayforecastDAL.GetWelfareForecastFromGrid(DateTime dt) 位置 e:\pikaqiu\workspace\haikouproject\DAL\tendayforecastDAL.cs:行号 2846  
 TargetSiteInt32 AllocSqlValCtx(Oracle.DataAccess.Client.OpoSqlValCtx* ByRef)
时间：2017/11/17 星期五 14:25:03 Message:无法加载 DLL“OraOps10.dll”: 找不到指定的模块。 (异常来自 HRESULT:0x8007007E)。 
 Source:Oracle.DataAccess 
 StackTrace:   在 Oracle.DataAccess.Client.OpsSql.AllocSqlValCtx(OpoSqlValCtx*& pOpoSqlValCtx)
   在 Oracle.DataAccess.Client.OracleCommand.Initialize()
   在 Oracle.DataAccess.Client.OracleCommand..ctor()
   在 DAL.OracleHelper.ExecuteDataTable(String cmdText, OracleParameter[] commandParameters) 位置 e:\pikaqiu\workspace\haikouproject\DAL\OracleDBHelper.cs:行号 243
   在 DAL.tendayforecastDAL.GetWelfareForecastInfoNow(DateTime dt) 位置 e:\pikaqiu\workspace\haikouproject\DAL\tendayforecastDAL.cs:行号 2662  
 TargetSiteInt32 AllocSqlValCtx(Oracle.DataAccess.Client.OpoSqlValCtx* ByRef)
时间：2017/11/17 星期五 14:25:03 Message:无法加载 DLL“OraOps10.dll”: 找不到指定的模块。 (异常来自 HRESULT:0x8007007E)。 
 Source:Oracle.DataAccess 
 StackTrace:   在 Oracle.DataAccess.Client.OpsSql.AllocSqlValCtx(OpoSqlValCtx*& pOpoSqlValCtx)
   在 Oracle.DataAccess.Client.OracleCommand.Initialize()
   在 Oracle.DataAccess.Client.OracleCommand..ctor()
   在 DAL.OracleHelper.ExecuteScalar(String cmdText, OracleParameter[] commandParameters) 位置 e:\pikaqiu\workspace\haikouproject\DAL\OracleDBHelper.cs:行号 335
   在 DAL.tendayforecastDAL.GetWelfareForecastFromGrid(DateTime dt) 位置 e:\pikaqiu\workspace\haikouproject\DAL\tendayforecastDAL.cs:行号 2846  
 TargetSiteInt32 AllocSqlValCtx(Oracle.DataAccess.Client.OpoSqlValCtx* ByRef)
时间：2017/11/17 星期五 14:25:04 Message:无法加载 DLL“OraOps10.dll”: 找不到指定的模块。 (异常来自 HRESULT:0x8007007E)。 
 Source:Oracle.DataAccess 
 StackTrace:   在 Oracle.DataAccess.Client.OpsSql.AllocSqlValCtx(OpoSqlValCtx*& pOpoSqlValCtx)
   在 Oracle.DataAccess.Client.OracleCommand.Initialize()
   在 Oracle.DataAccess.Client.OracleCommand..ctor()
   在 DAL.OracleHelper.ExecuteDataTable(String cmdText, OracleParameter[] commandParameters) 位置 e:\pikaqiu\workspace\haikouproject\DAL\OracleDBHelper.cs:行号 243
   在 DAL.tendayforecastDAL.GetWelfareForecastInfoNow(DateTime dt) 位置 e:\pikaqiu\workspace\haikouproject\DAL\tendayforecastDAL.cs:行号 2662  
 TargetSiteInt32 AllocSqlValCtx(Oracle.DataAccess.Client.OpoSqlValCtx* ByRef)
时间：2017/11/17 星期五 14:25:04 Message:无法加载 DLL“OraOps10.dll”: 找不到指定的模块。 (异常来自 HRESULT:0x8007007E)。 
 Source:Oracle.DataAccess 
 StackTrace:   在 Oracle.DataAccess.Client.OpsSql.AllocSqlValCtx(OpoSqlValCtx*& pOpoSqlValCtx)
   在 Oracle.DataAccess.Client.OracleCommand.Initialize()
   在 Oracle.DataAccess.Client.OracleCommand..ctor()
   在 DAL.OracleHelper.ExecuteScalar(String cmdText, OracleParameter[] commandParameters) 位置 e:\pikaqiu\workspace\haikouproject\DAL\OracleDBHelper.cs:行号 335
   在 DAL.tendayforecastDAL.GetWelfareForecastFromGrid(DateTime dt) 位置 e:\pikaqiu\workspace\haikouproject\DAL\tendayforecastDAL.cs:行号 2846  
 TargetSiteInt32 AllocSqlValCtx(Oracle.DataAccess.Client.OpoSqlValCtx* ByRef)
时间：2017/11/17 星期五 14:26:42 Message:无法加载 DLL“OraOps10.dll”: 找不到指定的模块。 (异常来自 HRESULT:0x8007007E)。 
 Source:Oracle.DataAccess 
 StackTrace:   在 Oracle.DataAccess.Client.OpsSql.AllocSqlValCtx(OpoSqlValCtx*& pOpoSqlValCtx)
   在 Oracle.DataAccess.Client.OracleCommand.Initialize()
   在 Oracle.DataAccess.Client.OracleCommand..ctor()
   在 DAL.OracleHelper.ExecuteDataTable(String cmdText, OracleParameter[] commandParameters) 位置 e:\pikaqiu\workspace\haikouproject\DAL\OracleDBHelper.cs:行号 243
   在 DAL.CommutingForecast.GetUserInfo() 位置 e:\pikaqiu\workspace\haikouproject\DAL\CommutingForecast.cs:行号 23  
 TargetSiteInt32 AllocSqlValCtx(Oracle.DataAccess.Client.OpoSqlValCtx* ByRef)
