时间：2017/12/12 星期二 10:45:49 Message:ORA-12154: TNS: 无法解析指定的连接标识符 
 Source:Oracle Data Provider for .NET 
 StackTrace:   在 Oracle.DataAccess.Client.OracleException.HandleErrorHelper(Int32 errCode, OracleConnection conn, IntPtr opsErrCtx, OpoSqlValCtx* pOpoSqlValCtx, Object src, String procedure, Boolean bCheck)
   在 Oracle.DataAccess.Client.OracleException.HandleError(Int32 errCode, OracleConnection conn, IntPtr opsErrCtx, Object src)
   在 Oracle.DataAccess.Client.OracleConnection.Open()
   在 DAL.OracleHelper.PrepareCommand(OracleCommand command, OracleConnection connection, OracleTransaction trans, CommandType cmdType, String cmdText, OracleParameter[] commandParameters) 位置 e:\pikaqiu\workspace\haikouproject\DAL\OracleDBHelper.cs:行号 456
   在 DAL.OracleHelper.ExecuteDataTable(String cmdText, OracleParameter[] commandParameters) 位置 e:\pikaqiu\workspace\haikouproject\DAL\OracleDBHelper.cs:行号 260
   在 DAL.tendayforecastDAL.GetWelfareForecastInfoNow(DateTime dt) 位置 e:\pikaqiu\workspace\haikouproject\DAL\tendayforecastDAL.cs:行号 2657  
 TargetSiteVoid HandleErrorHelper(Int32, Oracle.DataAccess.Client.OracleConnection, IntPtr, Oracle.DataAccess.Client.OpoSqlValCtx*, System.Object, System.String, Boolean)
时间：2017/12/12 星期二 10:45:49 Message:ORA-01858: 在要求输入数字处找到非数字字符 
 Source:Oracle Data Provider for .NET 
 StackTrace:   在 Oracle.DataAccess.Client.OracleException.HandleErrorHelper(Int32 errCode, OracleConnection conn, IntPtr opsErrCtx, OpoSqlValCtx* pOpoSqlValCtx, Object src, String procedure, Boolean bCheck)
   在 Oracle.DataAccess.Client.OracleException.HandleError(Int32 errCode, OracleConnection conn, String procedure, IntPtr opsErrCtx, OpoSqlValCtx* pOpoSqlValCtx, Object src, Boolean bCheck)
   在 Oracle.DataAccess.Client.OracleCommand.ExecuteReader(Boolean requery, Boolean fillRequest, CommandBehavior behavior)
   在 Oracle.DataAccess.Client.OracleDataAdapter.Fill(DataTable[] dataTables, Int32 startRecord, Int32 maxRecords, IDbCommand command, CommandBehavior behavior)
   在 System.Data.Common.DbDataAdapter.Fill(DataTable dataTable)
   在 DAL.OracleHelper.ExecuteDataTable(String cmdText, OracleParameter[] commandParameters) 位置 e:\pikaqiu\workspace\haikouproject\DAL\OracleDBHelper.cs:行号 260
   在 DAL.tendayforecastDAL.GetWelfareForecastFromGrid(DateTime dt) 位置 e:\pikaqiu\workspace\haikouproject\DAL\tendayforecastDAL.cs:行号 2814  
 TargetSiteVoid HandleErrorHelper(Int32, Oracle.DataAccess.Client.OracleConnection, IntPtr, Oracle.DataAccess.Client.OpoSqlValCtx*, System.Object, System.String, Boolean)
时间：2017/12/12 星期二 10:45:52 Message:ORA-12154: TNS: 无法解析指定的连接标识符 
 Source:Oracle Data Provider for .NET 
 StackTrace:   在 Oracle.DataAccess.Client.OracleException.HandleErrorHelper(Int32 errCode, OracleConnection conn, IntPtr opsErrCtx, OpoSqlValCtx* pOpoSqlValCtx, Object src, String procedure, Boolean bCheck)
   在 Oracle.DataAccess.Client.OracleException.HandleError(Int32 errCode, OracleConnection conn, IntPtr opsErrCtx, Object src)
   在 Oracle.DataAccess.Client.OracleConnection.Open()
   在 DAL.OracleHelper.db_GreateQuery(String strSQL) 位置 e:\pikaqiu\workspace\haikouproject\DAL\OracleDBHelper.cs:行号 281  
 TargetSiteVoid HandleErrorHelper(Int32, Oracle.DataAccess.Client.OracleConnection, IntPtr, Oracle.DataAccess.Client.OpoSqlValCtx*, System.Object, System.String, Boolean)
时间：2017/12/12 星期二 10:46:51 Message:ORA-12154: TNS: 无法解析指定的连接标识符 
 Source:Oracle Data Provider for .NET 
 StackTrace:   在 Oracle.DataAccess.Client.OracleException.HandleErrorHelper(Int32 errCode, OracleConnection conn, IntPtr opsErrCtx, OpoSqlValCtx* pOpoSqlValCtx, Object src, String procedure, Boolean bCheck)
   在 Oracle.DataAccess.Client.OracleException.HandleError(Int32 errCode, OracleConnection conn, IntPtr opsErrCtx, Object src)
   在 Oracle.DataAccess.Client.OracleConnection.Open()
   在 DAL.OracleHelper.db_GreateQuery(String strSQL) 位置 e:\pikaqiu\workspace\haikouproject\DAL\OracleDBHelper.cs:行号 281  
 TargetSiteVoid HandleErrorHelper(Int32, Oracle.DataAccess.Client.OracleConnection, IntPtr, Oracle.DataAccess.Client.OpoSqlValCtx*, System.Object, System.String, Boolean)
时间：2017/12/12 星期二 10:46:52 Message:ORA-12154: TNS: 无法解析指定的连接标识符 
 Source:Oracle Data Provider for .NET 
 StackTrace:   在 Oracle.DataAccess.Client.OracleException.HandleErrorHelper(Int32 errCode, OracleConnection conn, IntPtr opsErrCtx, OpoSqlValCtx* pOpoSqlValCtx, Object src, String procedure, Boolean bCheck)
   在 Oracle.DataAccess.Client.OracleException.HandleError(Int32 errCode, OracleConnection conn, IntPtr opsErrCtx, Object src)
   在 Oracle.DataAccess.Client.OracleConnection.Open()
   在 DAL.OracleHelper.PrepareCommand(OracleCommand command, OracleConnection connection, OracleTransaction trans, CommandType cmdType, String cmdText, OracleParameter[] commandParameters) 位置 e:\pikaqiu\workspace\haikouproject\DAL\OracleDBHelper.cs:行号 456
   在 DAL.OracleHelper.ExecuteDataTable(String cmdText, OracleParameter[] commandParameters) 位置 e:\pikaqiu\workspace\haikouproject\DAL\OracleDBHelper.cs:行号 260
   在 DAL.tendayforecastDAL.GetWelfareForecastInfoNow(DateTime dt) 位置 e:\pikaqiu\workspace\haikouproject\DAL\tendayforecastDAL.cs:行号 2657  
 TargetSiteVoid HandleErrorHelper(Int32, Oracle.DataAccess.Client.OracleConnection, IntPtr, Oracle.DataAccess.Client.OpoSqlValCtx*, System.Object, System.String, Boolean)
时间：2017/12/12 星期二 10:46:52 Message:ORA-01858: 在要求输入数字处找到非数字字符 
 Source:Oracle Data Provider for .NET 
 StackTrace:   在 Oracle.DataAccess.Client.OracleException.HandleErrorHelper(Int32 errCode, OracleConnection conn, IntPtr opsErrCtx, OpoSqlValCtx* pOpoSqlValCtx, Object src, String procedure, Boolean bCheck)
   在 Oracle.DataAccess.Client.OracleException.HandleError(Int32 errCode, OracleConnection conn, String procedure, IntPtr opsErrCtx, OpoSqlValCtx* pOpoSqlValCtx, Object src, Boolean bCheck)
   在 Oracle.DataAccess.Client.OracleCommand.ExecuteReader(Boolean requery, Boolean fillRequest, CommandBehavior behavior)
   在 Oracle.DataAccess.Client.OracleDataAdapter.Fill(DataTable[] dataTables, Int32 startRecord, Int32 maxRecords, IDbCommand command, CommandBehavior behavior)
   在 System.Data.Common.DbDataAdapter.Fill(DataTable dataTable)
   在 DAL.OracleHelper.ExecuteDataTable(String cmdText, OracleParameter[] commandParameters) 位置 e:\pikaqiu\workspace\haikouproject\DAL\OracleDBHelper.cs:行号 260
   在 DAL.tendayforecastDAL.GetWelfareForecastFromGrid(DateTime dt) 位置 e:\pikaqiu\workspace\haikouproject\DAL\tendayforecastDAL.cs:行号 2814  
 TargetSiteVoid HandleErrorHelper(Int32, Oracle.DataAccess.Client.OracleConnection, IntPtr, Oracle.DataAccess.Client.OpoSqlValCtx*, System.Object, System.String, Boolean)
时间：2017/12/12 星期二 10:46:54 Message:ORA-12154: TNS: 无法解析指定的连接标识符 
 Source:Oracle Data Provider for .NET 
 StackTrace:   在 Oracle.DataAccess.Client.OracleException.HandleErrorHelper(Int32 errCode, OracleConnection conn, IntPtr opsErrCtx, OpoSqlValCtx* pOpoSqlValCtx, Object src, String procedure, Boolean bCheck)
   在 Oracle.DataAccess.Client.OracleException.HandleError(Int32 errCode, OracleConnection conn, IntPtr opsErrCtx, Object src)
   在 Oracle.DataAccess.Client.OracleConnection.Open()
   在 DAL.OracleHelper.db_GreateQuery(String strSQL) 位置 e:\pikaqiu\workspace\haikouproject\DAL\OracleDBHelper.cs:行号 281  
 TargetSiteVoid HandleErrorHelper(Int32, Oracle.DataAccess.Client.OracleConnection, IntPtr, Oracle.DataAccess.Client.OpoSqlValCtx*, System.Object, System.String, Boolean)
时间：2017/12/12 星期二 10:46:56 Message:ORA-12154: TNS: 无法解析指定的连接标识符 
 Source:Oracle Data Provider for .NET 
 StackTrace:   在 Oracle.DataAccess.Client.OracleException.HandleErrorHelper(Int32 errCode, OracleConnection conn, IntPtr opsErrCtx, OpoSqlValCtx* pOpoSqlValCtx, Object src, String procedure, Boolean bCheck)
   在 Oracle.DataAccess.Client.OracleException.HandleError(Int32 errCode, OracleConnection conn, IntPtr opsErrCtx, Object src)
   在 Oracle.DataAccess.Client.OracleConnection.Open()
   在 DAL.OracleHelper.db_GreateQuery(String strSQL) 位置 e:\pikaqiu\workspace\haikouproject\DAL\OracleDBHelper.cs:行号 281  
 TargetSiteVoid HandleErrorHelper(Int32, Oracle.DataAccess.Client.OracleConnection, IntPtr, Oracle.DataAccess.Client.OpoSqlValCtx*, System.Object, System.String, Boolean)
时间：2017/12/12 星期二 10:46:57 Message:ORA-12154: TNS: 无法解析指定的连接标识符 
 Source:Oracle Data Provider for .NET 
 StackTrace:   在 Oracle.DataAccess.Client.OracleException.HandleErrorHelper(Int32 errCode, OracleConnection conn, IntPtr opsErrCtx, OpoSqlValCtx* pOpoSqlValCtx, Object src, String procedure, Boolean bCheck)
   在 Oracle.DataAccess.Client.OracleException.HandleError(Int32 errCode, OracleConnection conn, IntPtr opsErrCtx, Object src)
   在 Oracle.DataAccess.Client.OracleConnection.Open()
   在 DAL.OracleHelper.PrepareCommand(OracleCommand command, OracleConnection connection, OracleTransaction trans, CommandType cmdType, String cmdText, OracleParameter[] commandParameters) 位置 e:\pikaqiu\workspace\haikouproject\DAL\OracleDBHelper.cs:行号 456
   在 DAL.OracleHelper.ExecuteDataTable(String cmdText, OracleParameter[] commandParameters) 位置 e:\pikaqiu\workspace\haikouproject\DAL\OracleDBHelper.cs:行号 260
   在 DAL.tendayforecastDAL.GetWelfareForecastInfoNow(DateTime dt) 位置 e:\pikaqiu\workspace\haikouproject\DAL\tendayforecastDAL.cs:行号 2657  
 TargetSiteVoid HandleErrorHelper(Int32, Oracle.DataAccess.Client.OracleConnection, IntPtr, Oracle.DataAccess.Client.OpoSqlValCtx*, System.Object, System.String, Boolean)
时间：2017/12/12 星期二 10:46:57 Message:ORA-01858: 在要求输入数字处找到非数字字符 
 Source:Oracle Data Provider for .NET 
 StackTrace:   在 Oracle.DataAccess.Client.OracleException.HandleErrorHelper(Int32 errCode, OracleConnection conn, IntPtr opsErrCtx, OpoSqlValCtx* pOpoSqlValCtx, Object src, String procedure, Boolean bCheck)
   在 Oracle.DataAccess.Client.OracleException.HandleError(Int32 errCode, OracleConnection conn, String procedure, IntPtr opsErrCtx, OpoSqlValCtx* pOpoSqlValCtx, Object src, Boolean bCheck)
   在 Oracle.DataAccess.Client.OracleCommand.ExecuteReader(Boolean requery, Boolean fillRequest, CommandBehavior behavior)
   在 Oracle.DataAccess.Client.OracleDataAdapter.Fill(DataTable[] dataTables, Int32 startRecord, Int32 maxRecords, IDbCommand command, CommandBehavior behavior)
   在 System.Data.Common.DbDataAdapter.Fill(DataTable dataTable)
   在 DAL.OracleHelper.ExecuteDataTable(String cmdText, OracleParameter[] commandParameters) 位置 e:\pikaqiu\workspace\haikouproject\DAL\OracleDBHelper.cs:行号 260
   在 DAL.tendayforecastDAL.GetWelfareForecastFromGrid(DateTime dt) 位置 e:\pikaqiu\workspace\haikouproject\DAL\tendayforecastDAL.cs:行号 2814  
 TargetSiteVoid HandleErrorHelper(Int32, Oracle.DataAccess.Client.OracleConnection, IntPtr, Oracle.DataAccess.Client.OpoSqlValCtx*, System.Object, System.String, Boolean)
时间：2017/12/12 星期二 10:49:47 Message:ORA-12154: TNS: 无法解析指定的连接标识符 
 Source:Oracle Data Provider for .NET 
 StackTrace:   在 Oracle.DataAccess.Client.OracleException.HandleErrorHelper(Int32 errCode, OracleConnection conn, IntPtr opsErrCtx, OpoSqlValCtx* pOpoSqlValCtx, Object src, String procedure, Boolean bCheck)
   在 Oracle.DataAccess.Client.OracleException.HandleError(Int32 errCode, OracleConnection conn, IntPtr opsErrCtx, Object src)
   在 Oracle.DataAccess.Client.OracleConnection.Open()
   在 DAL.OracleHelper.PrepareCommand(OracleCommand command, OracleConnection connection, OracleTransaction trans, CommandType cmdType, String cmdText, OracleParameter[] commandParameters) 位置 e:\pikaqiu\workspace\haikouproject\DAL\OracleDBHelper.cs:行号 456
   在 DAL.OracleHelper.ExecuteDataTable(String cmdText, OracleParameter[] commandParameters) 位置 e:\pikaqiu\workspace\haikouproject\DAL\OracleDBHelper.cs:行号 260
   在 DAL.tendayforecastDAL.GetWelfareForecastInfoNow(DateTime dt) 位置 e:\pikaqiu\workspace\haikouproject\DAL\tendayforecastDAL.cs:行号 2657  
 TargetSiteVoid HandleErrorHelper(Int32, Oracle.DataAccess.Client.OracleConnection, IntPtr, Oracle.DataAccess.Client.OpoSqlValCtx*, System.Object, System.String, Boolean)
时间：2017/12/12 星期二 10:49:47 Message:ORA-01858: 在要求输入数字处找到非数字字符 
 Source:Oracle Data Provider for .NET 
 StackTrace:   在 Oracle.DataAccess.Client.OracleException.HandleErrorHelper(Int32 errCode, OracleConnection conn, IntPtr opsErrCtx, OpoSqlValCtx* pOpoSqlValCtx, Object src, String procedure, Boolean bCheck)
   在 Oracle.DataAccess.Client.OracleException.HandleError(Int32 errCode, OracleConnection conn, String procedure, IntPtr opsErrCtx, OpoSqlValCtx* pOpoSqlValCtx, Object src, Boolean bCheck)
   在 Oracle.DataAccess.Client.OracleCommand.ExecuteReader(Boolean requery, Boolean fillRequest, CommandBehavior behavior)
   在 Oracle.DataAccess.Client.OracleDataAdapter.Fill(DataTable[] dataTables, Int32 startRecord, Int32 maxRecords, IDbCommand command, CommandBehavior behavior)
   在 System.Data.Common.DbDataAdapter.Fill(DataTable dataTable)
   在 DAL.OracleHelper.ExecuteDataTable(String cmdText, OracleParameter[] commandParameters) 位置 e:\pikaqiu\workspace\haikouproject\DAL\OracleDBHelper.cs:行号 260
   在 DAL.tendayforecastDAL.GetWelfareForecastFromGrid(DateTime dt) 位置 e:\pikaqiu\workspace\haikouproject\DAL\tendayforecastDAL.cs:行号 2814  
 TargetSiteVoid HandleErrorHelper(Int32, Oracle.DataAccess.Client.OracleConnection, IntPtr, Oracle.DataAccess.Client.OpoSqlValCtx*, System.Object, System.String, Boolean)
时间：2017/12/12 星期二 10:49:48 Message:ORA-12154: TNS: 无法解析指定的连接标识符 
 Source:Oracle Data Provider for .NET 
 StackTrace:   在 Oracle.DataAccess.Client.OracleException.HandleErrorHelper(Int32 errCode, OracleConnection conn, IntPtr opsErrCtx, OpoSqlValCtx* pOpoSqlValCtx, Object src, String procedure, Boolean bCheck)
   在 Oracle.DataAccess.Client.OracleException.HandleError(Int32 errCode, OracleConnection conn, IntPtr opsErrCtx, Object src)
   在 Oracle.DataAccess.Client.OracleConnection.Open()
   在 DAL.OracleHelper.db_GreateQuery(String strSQL) 位置 e:\pikaqiu\workspace\haikouproject\DAL\OracleDBHelper.cs:行号 281  
 TargetSiteVoid HandleErrorHelper(Int32, Oracle.DataAccess.Client.OracleConnection, IntPtr, Oracle.DataAccess.Client.OpoSqlValCtx*, System.Object, System.String, Boolean)
时间：2017/12/12 星期二 10:55:03 Message:ORA-12154: TNS: 无法解析指定的连接标识符 
 Source:Oracle Data Provider for .NET 
 StackTrace:   在 Oracle.DataAccess.Client.OracleException.HandleErrorHelper(Int32 errCode, OracleConnection conn, IntPtr opsErrCtx, OpoSqlValCtx* pOpoSqlValCtx, Object src, String procedure, Boolean bCheck)
   在 Oracle.DataAccess.Client.OracleException.HandleError(Int32 errCode, OracleConnection conn, IntPtr opsErrCtx, Object src)
   在 Oracle.DataAccess.Client.OracleConnection.Open()
   在 DAL.OracleHelper.PrepareCommand(OracleCommand command, OracleConnection connection, OracleTransaction trans, CommandType cmdType, String cmdText, OracleParameter[] commandParameters) 位置 e:\pikaqiu\workspace\haikouproject\DAL\OracleDBHelper.cs:行号 456
   在 DAL.OracleHelper.ExecuteDataTable(String cmdText, OracleParameter[] commandParameters) 位置 e:\pikaqiu\workspace\haikouproject\DAL\OracleDBHelper.cs:行号 260
   在 DAL.tendayforecastDAL.GetWelfareForecastInfoNow(DateTime dt) 位置 e:\pikaqiu\workspace\haikouproject\DAL\tendayforecastDAL.cs:行号 2657  
 TargetSiteVoid HandleErrorHelper(Int32, Oracle.DataAccess.Client.OracleConnection, IntPtr, Oracle.DataAccess.Client.OpoSqlValCtx*, System.Object, System.String, Boolean)
时间：2017/12/12 星期二 10:55:03 Message:ORA-01858: 在要求输入数字处找到非数字字符 
 Source:Oracle Data Provider for .NET 
 StackTrace:   在 Oracle.DataAccess.Client.OracleException.HandleErrorHelper(Int32 errCode, OracleConnection conn, IntPtr opsErrCtx, OpoSqlValCtx* pOpoSqlValCtx, Object src, String procedure, Boolean bCheck)
   在 Oracle.DataAccess.Client.OracleException.HandleError(Int32 errCode, OracleConnection conn, String procedure, IntPtr opsErrCtx, OpoSqlValCtx* pOpoSqlValCtx, Object src, Boolean bCheck)
   在 Oracle.DataAccess.Client.OracleCommand.ExecuteReader(Boolean requery, Boolean fillRequest, CommandBehavior behavior)
   在 Oracle.DataAccess.Client.OracleDataAdapter.Fill(DataTable[] dataTables, Int32 startRecord, Int32 maxRecords, IDbCommand command, CommandBehavior behavior)
   在 System.Data.Common.DbDataAdapter.Fill(DataTable dataTable)
   在 DAL.OracleHelper.ExecuteDataTable(String cmdText, OracleParameter[] commandParameters) 位置 e:\pikaqiu\workspace\haikouproject\DAL\OracleDBHelper.cs:行号 260
   在 DAL.tendayforecastDAL.GetWelfareForecastFromGrid(DateTime dt) 位置 e:\pikaqiu\workspace\haikouproject\DAL\tendayforecastDAL.cs:行号 2814  
 TargetSiteVoid HandleErrorHelper(Int32, Oracle.DataAccess.Client.OracleConnection, IntPtr, Oracle.DataAccess.Client.OpoSqlValCtx*, System.Object, System.String, Boolean)
时间：2017/12/12 星期二 10:55:06 Message:ORA-12154: TNS: 无法解析指定的连接标识符 
 Source:Oracle Data Provider for .NET 
 StackTrace:   在 Oracle.DataAccess.Client.OracleException.HandleErrorHelper(Int32 errCode, OracleConnection conn, IntPtr opsErrCtx, OpoSqlValCtx* pOpoSqlValCtx, Object src, String procedure, Boolean bCheck)
   在 Oracle.DataAccess.Client.OracleException.HandleError(Int32 errCode, OracleConnection conn, IntPtr opsErrCtx, Object src)
   在 Oracle.DataAccess.Client.OracleConnection.Open()
   在 DAL.OracleHelper.db_GreateQuery(String strSQL) 位置 e:\pikaqiu\workspace\haikouproject\DAL\OracleDBHelper.cs:行号 281  
 TargetSiteVoid HandleErrorHelper(Int32, Oracle.DataAccess.Client.OracleConnection, IntPtr, Oracle.DataAccess.Client.OpoSqlValCtx*, System.Object, System.String, Boolean)
时间：2017/12/12 星期二 11:13:03 Message:ORA-12154: TNS: 无法解析指定的连接标识符 
 Source:Oracle Data Provider for .NET 
 StackTrace:   在 Oracle.DataAccess.Client.OracleException.HandleErrorHelper(Int32 errCode, OracleConnection conn, IntPtr opsErrCtx, OpoSqlValCtx* pOpoSqlValCtx, Object src, String procedure, Boolean bCheck)
   在 Oracle.DataAccess.Client.OracleException.HandleError(Int32 errCode, OracleConnection conn, IntPtr opsErrCtx, Object src)
   在 Oracle.DataAccess.Client.OracleConnection.Open()
   在 DAL.OracleHelper.PrepareCommand(OracleCommand command, OracleConnection connection, OracleTransaction trans, CommandType cmdType, String cmdText, OracleParameter[] commandParameters) 位置 e:\pikaqiu\workspace\haikouproject\DAL\OracleDBHelper.cs:行号 456
   在 DAL.OracleHelper.ExecuteDataTable(String cmdText, OracleParameter[] commandParameters) 位置 e:\pikaqiu\workspace\haikouproject\DAL\OracleDBHelper.cs:行号 260
   在 DAL.tendayforecastDAL.GetWelfareForecastInfoNow(DateTime dt) 位置 e:\pikaqiu\workspace\haikouproject\DAL\tendayforecastDAL.cs:行号 2657  
 TargetSiteVoid HandleErrorHelper(Int32, Oracle.DataAccess.Client.OracleConnection, IntPtr, Oracle.DataAccess.Client.OpoSqlValCtx*, System.Object, System.String, Boolean)
时间：2017/12/12 星期二 11:13:03 Message:ORA-01858: 在要求输入数字处找到非数字字符 
 Source:Oracle Data Provider for .NET 
 StackTrace:   在 Oracle.DataAccess.Client.OracleException.HandleErrorHelper(Int32 errCode, OracleConnection conn, IntPtr opsErrCtx, OpoSqlValCtx* pOpoSqlValCtx, Object src, String procedure, Boolean bCheck)
   在 Oracle.DataAccess.Client.OracleException.HandleError(Int32 errCode, OracleConnection conn, String procedure, IntPtr opsErrCtx, OpoSqlValCtx* pOpoSqlValCtx, Object src, Boolean bCheck)
   在 Oracle.DataAccess.Client.OracleCommand.ExecuteReader(Boolean requery, Boolean fillRequest, CommandBehavior behavior)
   在 Oracle.DataAccess.Client.OracleDataAdapter.Fill(DataTable[] dataTables, Int32 startRecord, Int32 maxRecords, IDbCommand command, CommandBehavior behavior)
   在 System.Data.Common.DbDataAdapter.Fill(DataTable dataTable)
   在 DAL.OracleHelper.ExecuteDataTable(String cmdText, OracleParameter[] commandParameters) 位置 e:\pikaqiu\workspace\haikouproject\DAL\OracleDBHelper.cs:行号 260
   在 DAL.tendayforecastDAL.GetWelfareForecastFromGrid(DateTime dt) 位置 e:\pikaqiu\workspace\haikouproject\DAL\tendayforecastDAL.cs:行号 2814  
 TargetSiteVoid HandleErrorHelper(Int32, Oracle.DataAccess.Client.OracleConnection, IntPtr, Oracle.DataAccess.Client.OpoSqlValCtx*, System.Object, System.String, Boolean)
时间：2017/12/12 星期二 11:13:05 Message:ORA-12154: TNS: 无法解析指定的连接标识符 
 Source:Oracle Data Provider for .NET 
 StackTrace:   在 Oracle.DataAccess.Client.OracleException.HandleErrorHelper(Int32 errCode, OracleConnection conn, IntPtr opsErrCtx, OpoSqlValCtx* pOpoSqlValCtx, Object src, String procedure, Boolean bCheck)
   在 Oracle.DataAccess.Client.OracleException.HandleError(Int32 errCode, OracleConnection conn, IntPtr opsErrCtx, Object src)
   在 Oracle.DataAccess.Client.OracleConnection.Open()
   在 DAL.OracleHelper.db_GreateQuery(String strSQL) 位置 e:\pikaqiu\workspace\haikouproject\DAL\OracleDBHelper.cs:行号 281  
 TargetSiteVoid HandleErrorHelper(Int32, Oracle.DataAccess.Client.OracleConnection, IntPtr, Oracle.DataAccess.Client.OpoSqlValCtx*, System.Object, System.String, Boolean)
时间：2017/12/12 星期二 11:23:32 Message:ORA-12154: TNS: 无法解析指定的连接标识符 
 Source:Oracle Data Provider for .NET 
 StackTrace:   在 Oracle.DataAccess.Client.OracleException.HandleErrorHelper(Int32 errCode, OracleConnection conn, IntPtr opsErrCtx, OpoSqlValCtx* pOpoSqlValCtx, Object src, String procedure, Boolean bCheck)
   在 Oracle.DataAccess.Client.OracleException.HandleError(Int32 errCode, OracleConnection conn, IntPtr opsErrCtx, Object src)
   在 Oracle.DataAccess.Client.OracleConnection.Open()
   在 DAL.OracleHelper.db_GreateQuery(String strSQL) 位置 e:\pikaqiu\workspace\haikouproject\DAL\OracleDBHelper.cs:行号 281  
 TargetSiteVoid HandleErrorHelper(Int32, Oracle.DataAccess.Client.OracleConnection, IntPtr, Oracle.DataAccess.Client.OpoSqlValCtx*, System.Object, System.String, Boolean)
时间：2017/12/12 星期二 11:42:46 Message:ORA-12154: TNS: 无法解析指定的连接标识符 
 Source:Oracle Data Provider for .NET 
 StackTrace:   在 Oracle.DataAccess.Client.OracleException.HandleErrorHelper(Int32 errCode, OracleConnection conn, IntPtr opsErrCtx, OpoSqlValCtx* pOpoSqlValCtx, Object src, String procedure, Boolean bCheck)
   在 Oracle.DataAccess.Client.OracleException.HandleError(Int32 errCode, OracleConnection conn, IntPtr opsErrCtx, Object src)
   在 Oracle.DataAccess.Client.OracleConnection.Open()
   在 DAL.OracleHelper.PrepareCommand(OracleCommand command, OracleConnection connection, OracleTransaction trans, CommandType cmdType, String cmdText, OracleParameter[] commandParameters) 位置 e:\pikaqiu\workspace\haikouproject\DAL\OracleDBHelper.cs:行号 456
   在 DAL.OracleHelper.ExecuteDataTable(String cmdText, OracleParameter[] commandParameters) 位置 e:\pikaqiu\workspace\haikouproject\DAL\OracleDBHelper.cs:行号 260
   在 DAL.tendayforecastDAL.GetWelfareForecastInfoNow(DateTime dt) 位置 e:\pikaqiu\workspace\haikouproject\DAL\tendayforecastDAL.cs:行号 2657  
 TargetSiteVoid HandleErrorHelper(Int32, Oracle.DataAccess.Client.OracleConnection, IntPtr, Oracle.DataAccess.Client.OpoSqlValCtx*, System.Object, System.String, Boolean)
时间：2017/12/12 星期二 11:42:47 Message:ORA-01858: 在要求输入数字处找到非数字字符 
 Source:Oracle Data Provider for .NET 
 StackTrace:   在 Oracle.DataAccess.Client.OracleException.HandleErrorHelper(Int32 errCode, OracleConnection conn, IntPtr opsErrCtx, OpoSqlValCtx* pOpoSqlValCtx, Object src, String procedure, Boolean bCheck)
   在 Oracle.DataAccess.Client.OracleException.HandleError(Int32 errCode, OracleConnection conn, String procedure, IntPtr opsErrCtx, OpoSqlValCtx* pOpoSqlValCtx, Object src, Boolean bCheck)
   在 Oracle.DataAccess.Client.OracleCommand.ExecuteReader(Boolean requery, Boolean fillRequest, CommandBehavior behavior)
   在 Oracle.DataAccess.Client.OracleDataAdapter.Fill(DataTable[] dataTables, Int32 startRecord, Int32 maxRecords, IDbCommand command, CommandBehavior behavior)
   在 System.Data.Common.DbDataAdapter.Fill(DataTable dataTable)
   在 DAL.OracleHelper.ExecuteDataTable(String cmdText, OracleParameter[] commandParameters) 位置 e:\pikaqiu\workspace\haikouproject\DAL\OracleDBHelper.cs:行号 260
   在 DAL.tendayforecastDAL.GetWelfareForecastFromGrid(DateTime dt) 位置 e:\pikaqiu\workspace\haikouproject\DAL\tendayforecastDAL.cs:行号 2814  
 TargetSiteVoid HandleErrorHelper(Int32, Oracle.DataAccess.Client.OracleConnection, IntPtr, Oracle.DataAccess.Client.OpoSqlValCtx*, System.Object, System.String, Boolean)
时间：2017/12/12 星期二 11:42:50 Message:ORA-12154: TNS: 无法解析指定的连接标识符 
 Source:Oracle Data Provider for .NET 
 StackTrace:   在 Oracle.DataAccess.Client.OracleException.HandleErrorHelper(Int32 errCode, OracleConnection conn, IntPtr opsErrCtx, OpoSqlValCtx* pOpoSqlValCtx, Object src, String procedure, Boolean bCheck)
   在 Oracle.DataAccess.Client.OracleException.HandleError(Int32 errCode, OracleConnection conn, IntPtr opsErrCtx, Object src)
   在 Oracle.DataAccess.Client.OracleConnection.Open()
   在 DAL.OracleHelper.db_GreateQuery(String strSQL) 位置 e:\pikaqiu\workspace\haikouproject\DAL\OracleDBHelper.cs:行号 281  
 TargetSiteVoid HandleErrorHelper(Int32, Oracle.DataAccess.Client.OracleConnection, IntPtr, Oracle.DataAccess.Client.OpoSqlValCtx*, System.Object, System.String, Boolean)
时间：2017/12/12 星期二 11:43:35 Message:ORA-12154: TNS: 无法解析指定的连接标识符 
 Source:Oracle Data Provider for .NET 
 StackTrace:   在 Oracle.DataAccess.Client.OracleException.HandleErrorHelper(Int32 errCode, OracleConnection conn, IntPtr opsErrCtx, OpoSqlValCtx* pOpoSqlValCtx, Object src, String procedure, Boolean bCheck)
   在 Oracle.DataAccess.Client.OracleException.HandleError(Int32 errCode, OracleConnection conn, IntPtr opsErrCtx, Object src)
   在 Oracle.DataAccess.Client.OracleConnection.Open()
   在 DAL.OracleHelper.PrepareCommand(OracleCommand command, OracleConnection connection, OracleTransaction trans, CommandType cmdType, String cmdText, OracleParameter[] commandParameters) 位置 e:\pikaqiu\workspace\haikouproject\DAL\OracleDBHelper.cs:行号 456
   在 DAL.OracleHelper.ExecuteDataTable(String cmdText, OracleParameter[] commandParameters) 位置 e:\pikaqiu\workspace\haikouproject\DAL\OracleDBHelper.cs:行号 260
   在 DAL.tendayforecastDAL.GetWelfareForecastInfoNow(DateTime dt) 位置 e:\pikaqiu\workspace\haikouproject\DAL\tendayforecastDAL.cs:行号 2657  
 TargetSiteVoid HandleErrorHelper(Int32, Oracle.DataAccess.Client.OracleConnection, IntPtr, Oracle.DataAccess.Client.OpoSqlValCtx*, System.Object, System.String, Boolean)
时间：2017/12/12 星期二 11:43:35 Message:ORA-01858: 在要求输入数字处找到非数字字符 
 Source:Oracle Data Provider for .NET 
 StackTrace:   在 Oracle.DataAccess.Client.OracleException.HandleErrorHelper(Int32 errCode, OracleConnection conn, IntPtr opsErrCtx, OpoSqlValCtx* pOpoSqlValCtx, Object src, String procedure, Boolean bCheck)
   在 Oracle.DataAccess.Client.OracleException.HandleError(Int32 errCode, OracleConnection conn, String procedure, IntPtr opsErrCtx, OpoSqlValCtx* pOpoSqlValCtx, Object src, Boolean bCheck)
   在 Oracle.DataAccess.Client.OracleCommand.ExecuteReader(Boolean requery, Boolean fillRequest, CommandBehavior behavior)
   在 Oracle.DataAccess.Client.OracleDataAdapter.Fill(DataTable[] dataTables, Int32 startRecord, Int32 maxRecords, IDbCommand command, CommandBehavior behavior)
   在 System.Data.Common.DbDataAdapter.Fill(DataTable dataTable)
   在 DAL.OracleHelper.ExecuteDataTable(String cmdText, OracleParameter[] commandParameters) 位置 e:\pikaqiu\workspace\haikouproject\DAL\OracleDBHelper.cs:行号 260
   在 DAL.tendayforecastDAL.GetWelfareForecastFromGrid(DateTime dt) 位置 e:\pikaqiu\workspace\haikouproject\DAL\tendayforecastDAL.cs:行号 2814  
 TargetSiteVoid HandleErrorHelper(Int32, Oracle.DataAccess.Client.OracleConnection, IntPtr, Oracle.DataAccess.Client.OpoSqlValCtx*, System.Object, System.String, Boolean)
时间：2017/12/12 星期二 11:43:36 Message:ORA-12154: TNS: 无法解析指定的连接标识符 
 Source:Oracle Data Provider for .NET 
 StackTrace:   在 Oracle.DataAccess.Client.OracleException.HandleErrorHelper(Int32 errCode, OracleConnection conn, IntPtr opsErrCtx, OpoSqlValCtx* pOpoSqlValCtx, Object src, String procedure, Boolean bCheck)
   在 Oracle.DataAccess.Client.OracleException.HandleError(Int32 errCode, OracleConnection conn, IntPtr opsErrCtx, Object src)
   在 Oracle.DataAccess.Client.OracleConnection.Open()
   在 DAL.OracleHelper.db_GreateQuery(String strSQL) 位置 e:\pikaqiu\workspace\haikouproject\DAL\OracleDBHelper.cs:行号 281  
 TargetSiteVoid HandleErrorHelper(Int32, Oracle.DataAccess.Client.OracleConnection, IntPtr, Oracle.DataAccess.Client.OpoSqlValCtx*, System.Object, System.String, Boolean)
时间：2017/12/12 星期二 11:49:26 Message:ORA-12154: TNS: 无法解析指定的连接标识符 
 Source:Oracle Data Provider for .NET 
 StackTrace:   在 Oracle.DataAccess.Client.OracleException.HandleErrorHelper(Int32 errCode, OracleConnection conn, IntPtr opsErrCtx, OpoSqlValCtx* pOpoSqlValCtx, Object src, String procedure, Boolean bCheck)
   在 Oracle.DataAccess.Client.OracleException.HandleError(Int32 errCode, OracleConnection conn, IntPtr opsErrCtx, Object src)
   在 Oracle.DataAccess.Client.OracleConnection.Open()
   在 DAL.OracleHelper.db_GreateQuery(String strSQL) 位置 e:\pikaqiu\workspace\haikouproject\DAL\OracleDBHelper.cs:行号 281  
 TargetSiteVoid HandleErrorHelper(Int32, Oracle.DataAccess.Client.OracleConnection, IntPtr, Oracle.DataAccess.Client.OpoSqlValCtx*, System.Object, System.String, Boolean)
时间：2017/12/12 星期二 11:49:27 Message:ORA-12154: TNS: 无法解析指定的连接标识符 
 Source:Oracle Data Provider for .NET 
 StackTrace:   在 Oracle.DataAccess.Client.OracleException.HandleErrorHelper(Int32 errCode, OracleConnection conn, IntPtr opsErrCtx, OpoSqlValCtx* pOpoSqlValCtx, Object src, String procedure, Boolean bCheck)
   在 Oracle.DataAccess.Client.OracleException.HandleError(Int32 errCode, OracleConnection conn, IntPtr opsErrCtx, Object src)
   在 Oracle.DataAccess.Client.OracleConnection.Open()
   在 DAL.OracleHelper.PrepareCommand(OracleCommand command, OracleConnection connection, OracleTransaction trans, CommandType cmdType, String cmdText, OracleParameter[] commandParameters) 位置 e:\pikaqiu\workspace\haikouproject\DAL\OracleDBHelper.cs:行号 456
   在 DAL.OracleHelper.ExecuteDataTable(String cmdText, OracleParameter[] commandParameters) 位置 e:\pikaqiu\workspace\haikouproject\DAL\OracleDBHelper.cs:行号 260
   在 DAL.tendayforecastDAL.GetWelfareForecastInfoNow(DateTime dt) 位置 e:\pikaqiu\workspace\haikouproject\DAL\tendayforecastDAL.cs:行号 2657  
 TargetSiteVoid HandleErrorHelper(Int32, Oracle.DataAccess.Client.OracleConnection, IntPtr, Oracle.DataAccess.Client.OpoSqlValCtx*, System.Object, System.String, Boolean)
时间：2017/12/12 星期二 11:49:28 Message:ORA-01858: 在要求输入数字处找到非数字字符 
 Source:Oracle Data Provider for .NET 
 StackTrace:   在 Oracle.DataAccess.Client.OracleException.HandleErrorHelper(Int32 errCode, OracleConnection conn, IntPtr opsErrCtx, OpoSqlValCtx* pOpoSqlValCtx, Object src, String procedure, Boolean bCheck)
   在 Oracle.DataAccess.Client.OracleException.HandleError(Int32 errCode, OracleConnection conn, String procedure, IntPtr opsErrCtx, OpoSqlValCtx* pOpoSqlValCtx, Object src, Boolean bCheck)
   在 Oracle.DataAccess.Client.OracleCommand.ExecuteReader(Boolean requery, Boolean fillRequest, CommandBehavior behavior)
   在 Oracle.DataAccess.Client.OracleDataAdapter.Fill(DataTable[] dataTables, Int32 startRecord, Int32 maxRecords, IDbCommand command, CommandBehavior behavior)
   在 System.Data.Common.DbDataAdapter.Fill(DataTable dataTable)
   在 DAL.OracleHelper.ExecuteDataTable(String cmdText, OracleParameter[] commandParameters) 位置 e:\pikaqiu\workspace\haikouproject\DAL\OracleDBHelper.cs:行号 260
   在 DAL.tendayforecastDAL.GetWelfareForecastFromGrid(DateTime dt) 位置 e:\pikaqiu\workspace\haikouproject\DAL\tendayforecastDAL.cs:行号 2814  
 TargetSiteVoid HandleErrorHelper(Int32, Oracle.DataAccess.Client.OracleConnection, IntPtr, Oracle.DataAccess.Client.OpoSqlValCtx*, System.Object, System.String, Boolean)
时间：2017/12/12 星期二 15:16:39 Message:ORA-12154: TNS: 无法解析指定的连接标识符 
 Source:Oracle Data Provider for .NET 
 StackTrace:   在 Oracle.DataAccess.Client.OracleException.HandleErrorHelper(Int32 errCode, OracleConnection conn, IntPtr opsErrCtx, OpoSqlValCtx* pOpoSqlValCtx, Object src, String procedure, Boolean bCheck)
   在 Oracle.DataAccess.Client.OracleException.HandleError(Int32 errCode, OracleConnection conn, IntPtr opsErrCtx, Object src)
   在 Oracle.DataAccess.Client.OracleConnection.Open()
   在 DAL.OracleHelper.PrepareCommand(OracleCommand command, OracleConnection connection, OracleTransaction trans, CommandType cmdType, String cmdText, OracleParameter[] commandParameters) 位置 e:\pikaqiu\workspace\haikouproject\DAL\OracleDBHelper.cs:行号 456
   在 DAL.OracleHelper.ExecuteDataTable(String cmdText, OracleParameter[] commandParameters) 位置 e:\pikaqiu\workspace\haikouproject\DAL\OracleDBHelper.cs:行号 260
   在 DAL.tendayforecastDAL.GetWelfareForecastInfoNow(DateTime dt) 位置 e:\pikaqiu\workspace\haikouproject\DAL\tendayforecastDAL.cs:行号 2657  
 TargetSiteVoid HandleErrorHelper(Int32, Oracle.DataAccess.Client.OracleConnection, IntPtr, Oracle.DataAccess.Client.OpoSqlValCtx*, System.Object, System.String, Boolean)
时间：2017/12/12 星期二 15:16:39 Message:ORA-01858: 在要求输入数字处找到非数字字符 
 Source:Oracle Data Provider for .NET 
 StackTrace:   在 Oracle.DataAccess.Client.OracleException.HandleErrorHelper(Int32 errCode, OracleConnection conn, IntPtr opsErrCtx, OpoSqlValCtx* pOpoSqlValCtx, Object src, String procedure, Boolean bCheck)
   在 Oracle.DataAccess.Client.OracleException.HandleError(Int32 errCode, OracleConnection conn, String procedure, IntPtr opsErrCtx, OpoSqlValCtx* pOpoSqlValCtx, Object src, Boolean bCheck)
   在 Oracle.DataAccess.Client.OracleCommand.ExecuteReader(Boolean requery, Boolean fillRequest, CommandBehavior behavior)
   在 Oracle.DataAccess.Client.OracleDataAdapter.Fill(DataTable[] dataTables, Int32 startRecord, Int32 maxRecords, IDbCommand command, CommandBehavior behavior)
   在 System.Data.Common.DbDataAdapter.Fill(DataTable dataTable)
   在 DAL.OracleHelper.ExecuteDataTable(String cmdText, OracleParameter[] commandParameters) 位置 e:\pikaqiu\workspace\haikouproject\DAL\OracleDBHelper.cs:行号 260
   在 DAL.tendayforecastDAL.GetWelfareForecastFromGrid(DateTime dt) 位置 e:\pikaqiu\workspace\haikouproject\DAL\tendayforecastDAL.cs:行号 2814  
 TargetSiteVoid HandleErrorHelper(Int32, Oracle.DataAccess.Client.OracleConnection, IntPtr, Oracle.DataAccess.Client.OpoSqlValCtx*, System.Object, System.String, Boolean)
时间：2017/12/12 星期二 15:16:40 Message:ORA-12154: TNS: 无法解析指定的连接标识符 
 Source:Oracle Data Provider for .NET 
 StackTrace:   在 Oracle.DataAccess.Client.OracleException.HandleErrorHelper(Int32 errCode, OracleConnection conn, IntPtr opsErrCtx, OpoSqlValCtx* pOpoSqlValCtx, Object src, String procedure, Boolean bCheck)
   在 Oracle.DataAccess.Client.OracleException.HandleError(Int32 errCode, OracleConnection conn, IntPtr opsErrCtx, Object src)
   在 Oracle.DataAccess.Client.OracleConnection.Open()
   在 DAL.OracleHelper.db_GreateQuery(String strSQL) 位置 e:\pikaqiu\workspace\haikouproject\DAL\OracleDBHelper.cs:行号 281  
 TargetSiteVoid HandleErrorHelper(Int32, Oracle.DataAccess.Client.OracleConnection, IntPtr, Oracle.DataAccess.Client.OpoSqlValCtx*, System.Object, System.String, Boolean)
时间：2017/12/12 星期二 15:20:37 Message:ORA-12154: TNS: 无法解析指定的连接标识符 
 Source:Oracle Data Provider for .NET 
 StackTrace:   在 Oracle.DataAccess.Client.OracleException.HandleErrorHelper(Int32 errCode, OracleConnection conn, IntPtr opsErrCtx, OpoSqlValCtx* pOpoSqlValCtx, Object src, String procedure, Boolean bCheck)
   在 Oracle.DataAccess.Client.OracleException.HandleError(Int32 errCode, OracleConnection conn, IntPtr opsErrCtx, Object src)
   在 Oracle.DataAccess.Client.OracleConnection.Open()
   在 DAL.OracleHelper.db_GreateQuery(String strSQL) 位置 e:\pikaqiu\workspace\haikouproject\DAL\OracleDBHelper.cs:行号 281  
 TargetSiteVoid HandleErrorHelper(Int32, Oracle.DataAccess.Client.OracleConnection, IntPtr, Oracle.DataAccess.Client.OpoSqlValCtx*, System.Object, System.String, Boolean)
时间：2017/12/12 星期二 15:20:38 Message:ORA-12154: TNS: 无法解析指定的连接标识符 
 Source:Oracle Data Provider for .NET 
 StackTrace:   在 Oracle.DataAccess.Client.OracleException.HandleErrorHelper(Int32 errCode, OracleConnection conn, IntPtr opsErrCtx, OpoSqlValCtx* pOpoSqlValCtx, Object src, String procedure, Boolean bCheck)
   在 Oracle.DataAccess.Client.OracleException.HandleError(Int32 errCode, OracleConnection conn, IntPtr opsErrCtx, Object src)
   在 Oracle.DataAccess.Client.OracleConnection.Open()
   在 DAL.OracleHelper.PrepareCommand(OracleCommand command, OracleConnection connection, OracleTransaction trans, CommandType cmdType, String cmdText, OracleParameter[] commandParameters) 位置 e:\pikaqiu\workspace\haikouproject\DAL\OracleDBHelper.cs:行号 456
   在 DAL.OracleHelper.ExecuteDataTable(String cmdText, OracleParameter[] commandParameters) 位置 e:\pikaqiu\workspace\haikouproject\DAL\OracleDBHelper.cs:行号 260
   在 DAL.tendayforecastDAL.GetWelfareForecastInfoNow(DateTime dt) 位置 e:\pikaqiu\workspace\haikouproject\DAL\tendayforecastDAL.cs:行号 2657  
 TargetSiteVoid HandleErrorHelper(Int32, Oracle.DataAccess.Client.OracleConnection, IntPtr, Oracle.DataAccess.Client.OpoSqlValCtx*, System.Object, System.String, Boolean)
时间：2017/12/12 星期二 15:20:39 Message:ORA-01858: 在要求输入数字处找到非数字字符 
 Source:Oracle Data Provider for .NET 
 StackTrace:   在 Oracle.DataAccess.Client.OracleException.HandleErrorHelper(Int32 errCode, OracleConnection conn, IntPtr opsErrCtx, OpoSqlValCtx* pOpoSqlValCtx, Object src, String procedure, Boolean bCheck)
   在 Oracle.DataAccess.Client.OracleException.HandleError(Int32 errCode, OracleConnection conn, String procedure, IntPtr opsErrCtx, OpoSqlValCtx* pOpoSqlValCtx, Object src, Boolean bCheck)
   在 Oracle.DataAccess.Client.OracleCommand.ExecuteReader(Boolean requery, Boolean fillRequest, CommandBehavior behavior)
   在 Oracle.DataAccess.Client.OracleDataAdapter.Fill(DataTable[] dataTables, Int32 startRecord, Int32 maxRecords, IDbCommand command, CommandBehavior behavior)
   在 System.Data.Common.DbDataAdapter.Fill(DataTable dataTable)
   在 DAL.OracleHelper.ExecuteDataTable(String cmdText, OracleParameter[] commandParameters) 位置 e:\pikaqiu\workspace\haikouproject\DAL\OracleDBHelper.cs:行号 260
   在 DAL.tendayforecastDAL.GetWelfareForecastFromGrid(DateTime dt) 位置 e:\pikaqiu\workspace\haikouproject\DAL\tendayforecastDAL.cs:行号 2814  
 TargetSiteVoid HandleErrorHelper(Int32, Oracle.DataAccess.Client.OracleConnection, IntPtr, Oracle.DataAccess.Client.OpoSqlValCtx*, System.Object, System.String, Boolean)
时间：2017/12/12 星期二 15:22:18 Message:ORA-12154: TNS: 无法解析指定的连接标识符 
 Source:Oracle Data Provider for .NET 
 StackTrace:   在 Oracle.DataAccess.Client.OracleException.HandleErrorHelper(Int32 errCode, OracleConnection conn, IntPtr opsErrCtx, OpoSqlValCtx* pOpoSqlValCtx, Object src, String procedure, Boolean bCheck)
   在 Oracle.DataAccess.Client.OracleException.HandleError(Int32 errCode, OracleConnection conn, IntPtr opsErrCtx, Object src)
   在 Oracle.DataAccess.Client.OracleConnection.Open()
   在 DAL.OracleHelper.db_GreateQuery(String strSQL) 位置 e:\pikaqiu\workspace\haikouproject\DAL\OracleDBHelper.cs:行号 281  
 TargetSiteVoid HandleErrorHelper(Int32, Oracle.DataAccess.Client.OracleConnection, IntPtr, Oracle.DataAccess.Client.OpoSqlValCtx*, System.Object, System.String, Boolean)
时间：2017/12/12 星期二 15:22:19 Message:ORA-12154: TNS: 无法解析指定的连接标识符 
 Source:Oracle Data Provider for .NET 
 StackTrace:   在 Oracle.DataAccess.Client.OracleException.HandleErrorHelper(Int32 errCode, OracleConnection conn, IntPtr opsErrCtx, OpoSqlValCtx* pOpoSqlValCtx, Object src, String procedure, Boolean bCheck)
   在 Oracle.DataAccess.Client.OracleException.HandleError(Int32 errCode, OracleConnection conn, IntPtr opsErrCtx, Object src)
   在 Oracle.DataAccess.Client.OracleConnection.Open()
   在 DAL.OracleHelper.PrepareCommand(OracleCommand command, OracleConnection connection, OracleTransaction trans, CommandType cmdType, String cmdText, OracleParameter[] commandParameters) 位置 e:\pikaqiu\workspace\haikouproject\DAL\OracleDBHelper.cs:行号 456
   在 DAL.OracleHelper.ExecuteDataTable(String cmdText, OracleParameter[] commandParameters) 位置 e:\pikaqiu\workspace\haikouproject\DAL\OracleDBHelper.cs:行号 260
   在 DAL.tendayforecastDAL.GetWelfareForecastInfoNow(DateTime dt) 位置 e:\pikaqiu\workspace\haikouproject\DAL\tendayforecastDAL.cs:行号 2657  
 TargetSiteVoid HandleErrorHelper(Int32, Oracle.DataAccess.Client.OracleConnection, IntPtr, Oracle.DataAccess.Client.OpoSqlValCtx*, System.Object, System.String, Boolean)
时间：2017/12/12 星期二 15:22:19 Message:ORA-01858: 在要求输入数字处找到非数字字符 
 Source:Oracle Data Provider for .NET 
 StackTrace:   在 Oracle.DataAccess.Client.OracleException.HandleErrorHelper(Int32 errCode, OracleConnection conn, IntPtr opsErrCtx, OpoSqlValCtx* pOpoSqlValCtx, Object src, String procedure, Boolean bCheck)
   在 Oracle.DataAccess.Client.OracleException.HandleError(Int32 errCode, OracleConnection conn, String procedure, IntPtr opsErrCtx, OpoSqlValCtx* pOpoSqlValCtx, Object src, Boolean bCheck)
   在 Oracle.DataAccess.Client.OracleCommand.ExecuteReader(Boolean requery, Boolean fillRequest, CommandBehavior behavior)
   在 Oracle.DataAccess.Client.OracleDataAdapter.Fill(DataTable[] dataTables, Int32 startRecord, Int32 maxRecords, IDbCommand command, CommandBehavior behavior)
   在 System.Data.Common.DbDataAdapter.Fill(DataTable dataTable)
   在 DAL.OracleHelper.ExecuteDataTable(String cmdText, OracleParameter[] commandParameters) 位置 e:\pikaqiu\workspace\haikouproject\DAL\OracleDBHelper.cs:行号 260
   在 DAL.tendayforecastDAL.GetWelfareForecastFromGrid(DateTime dt) 位置 e:\pikaqiu\workspace\haikouproject\DAL\tendayforecastDAL.cs:行号 2814  
 TargetSiteVoid HandleErrorHelper(Int32, Oracle.DataAccess.Client.OracleConnection, IntPtr, Oracle.DataAccess.Client.OpoSqlValCtx*, System.Object, System.String, Boolean)
时间：2017/12/12 星期二 15:22:29 Message:ORA-12154: TNS: 无法解析指定的连接标识符 
 Source:Oracle Data Provider for .NET 
 StackTrace:   在 Oracle.DataAccess.Client.OracleException.HandleErrorHelper(Int32 errCode, OracleConnection conn, IntPtr opsErrCtx, OpoSqlValCtx* pOpoSqlValCtx, Object src, String procedure, Boolean bCheck)
   在 Oracle.DataAccess.Client.OracleException.HandleError(Int32 errCode, OracleConnection conn, IntPtr opsErrCtx, Object src)
   在 Oracle.DataAccess.Client.OracleConnection.Open()
   在 DAL.OracleHelper.db_GreateQuery(String strSQL) 位置 e:\pikaqiu\workspace\haikouproject\DAL\OracleDBHelper.cs:行号 281  
 TargetSiteVoid HandleErrorHelper(Int32, Oracle.DataAccess.Client.OracleConnection, IntPtr, Oracle.DataAccess.Client.OpoSqlValCtx*, System.Object, System.String, Boolean)
时间：2017/12/12 星期二 17:59:06 Message:ORA-12154: TNS: 无法解析指定的连接标识符 
 Source:Oracle Data Provider for .NET 
 StackTrace:   在 Oracle.DataAccess.Client.OracleException.HandleErrorHelper(Int32 errCode, OracleConnection conn, IntPtr opsErrCtx, OpoSqlValCtx* pOpoSqlValCtx, Object src, String procedure, Boolean bCheck)
   在 Oracle.DataAccess.Client.OracleException.HandleError(Int32 errCode, OracleConnection conn, IntPtr opsErrCtx, Object src)
   在 Oracle.DataAccess.Client.OracleConnection.Open()
   在 DAL.OracleHelper.db_GreateQuery(String strSQL) 位置 e:\pikaqiu\workspace\haikouproject\DAL\OracleDBHelper.cs:行号 281  
 TargetSiteVoid HandleErrorHelper(Int32, Oracle.DataAccess.Client.OracleConnection, IntPtr, Oracle.DataAccess.Client.OpoSqlValCtx*, System.Object, System.String, Boolean)
