时间：2017-02-24 10:36:16 Message:ORA-12170: TNS: 连接超时 
 Source:Oracle Data Provider for .NET 
 StackTrace:   在 Oracle.DataAccess.Client.OracleException.HandleErrorHelper(Int32 errCode, OracleConnection conn, IntPtr opsErrCtx, OpoSqlValCtx* pOpoSqlValCtx, Object src, String procedure)
   在 Oracle.DataAccess.Client.OracleException.HandleError(Int32 errCode, OracleConnection conn, IntPtr opsErrCtx, Object src)
   在 Oracle.DataAccess.Client.OracleConnection.Open()
   在 DAL.OracleHelper.PrepareCommand(OracleCommand command, OracleConnection connection, OracleTransaction trans, CommandType cmdType, String cmdText, OracleParameter[] commandParameters) 位置 F:\SunChao\项目\深圳气象局\精细化格点预报系统\项目\前台\GridPointPrediction_Web\DAL\OracleDBHelper.cs:行号 456
   在 DAL.OracleHelper.ExecuteDataTable(String cmdText, OracleParameter[] commandParameters) 位置 F:\SunChao\项目\深圳气象局\精细化格点预报系统\项目\前台\GridPointPrediction_Web\DAL\OracleDBHelper.cs:行号 260
   在 DAL.CityForecast12HourDAL.Get12HourForecastInfos(DateTime dt, String areaName) 位置 F:\SunChao\项目\深圳气象局\精细化格点预报系统\项目\前台\GridPointPrediction_Web\DAL\CityForecast12HourDAL.cs:行号 654  
 TargetSiteVoid HandleErrorHelper(Int32, Oracle.DataAccess.Client.OracleConnection, IntPtr, Oracle.DataAccess.Client.OpoSqlValCtx*, System.Object, System.String)
时间：2017-02-24 10:36:38 Message:ORA-12170: TNS: 连接超时 
 Source:Oracle Data Provider for .NET 
 StackTrace:   在 Oracle.DataAccess.Client.OracleException.HandleErrorHelper(Int32 errCode, OracleConnection conn, IntPtr opsErrCtx, OpoSqlValCtx* pOpoSqlValCtx, Object src, String procedure)
   在 Oracle.DataAccess.Client.OracleException.HandleError(Int32 errCode, OracleConnection conn, IntPtr opsErrCtx, Object src)
   在 Oracle.DataAccess.Client.OracleConnection.Open()
   在 DAL.OracleHelper.PrepareCommand(OracleCommand command, OracleConnection connection, OracleTransaction trans, CommandType cmdType, String cmdText, OracleParameter[] commandParameters) 位置 F:\SunChao\项目\深圳气象局\精细化格点预报系统\项目\前台\GridPointPrediction_Web\DAL\OracleDBHelper.cs:行号 456
   在 DAL.OracleHelper.ExecuteDataTable(String cmdText, OracleParameter[] commandParameters) 位置 F:\SunChao\项目\深圳气象局\精细化格点预报系统\项目\前台\GridPointPrediction_Web\DAL\OracleDBHelper.cs:行号 260
   在 DAL.CityForecast12HourDAL.Get12HourForecastInfos(DateTime dt, String areaName) 位置 F:\SunChao\项目\深圳气象局\精细化格点预报系统\项目\前台\GridPointPrediction_Web\DAL\CityForecast12HourDAL.cs:行号 654  
 TargetSiteVoid HandleErrorHelper(Int32, Oracle.DataAccess.Client.OracleConnection, IntPtr, Oracle.DataAccess.Client.OpoSqlValCtx*, System.Object, System.String)
时间：2017-02-24 10:37:04 Message:ORA-12170: TNS: 连接超时 
 Source:Oracle Data Provider for .NET 
 StackTrace:   在 Oracle.DataAccess.Client.OracleException.HandleErrorHelper(Int32 errCode, OracleConnection conn, IntPtr opsErrCtx, OpoSqlValCtx* pOpoSqlValCtx, Object src, String procedure)
   在 Oracle.DataAccess.Client.OracleException.HandleError(Int32 errCode, OracleConnection conn, IntPtr opsErrCtx, Object src)
   在 Oracle.DataAccess.Client.OracleConnection.Open()
   在 DAL.OracleHelper.PrepareCommand(OracleCommand command, OracleConnection connection, OracleTransaction trans, CommandType cmdType, String cmdText, OracleParameter[] commandParameters) 位置 F:\SunChao\项目\深圳气象局\精细化格点预报系统\项目\前台\GridPointPrediction_Web\DAL\OracleDBHelper.cs:行号 456
   在 DAL.OracleHelper.ExecuteDataTable(String cmdText, OracleParameter[] commandParameters) 位置 F:\SunChao\项目\深圳气象局\精细化格点预报系统\项目\前台\GridPointPrediction_Web\DAL\OracleDBHelper.cs:行号 260
   在 DAL.CityForecast12HourDAL.Get12HourForecastInfos(DateTime dt, String areaName) 位置 F:\SunChao\项目\深圳气象局\精细化格点预报系统\项目\前台\GridPointPrediction_Web\DAL\CityForecast12HourDAL.cs:行号 654  
 TargetSiteVoid HandleErrorHelper(Int32, Oracle.DataAccess.Client.OracleConnection, IntPtr, Oracle.DataAccess.Client.OpoSqlValCtx*, System.Object, System.String)
时间：2017-02-24 10:37:25 Message:ORA-12170: TNS: 连接超时 
 Source:Oracle Data Provider for .NET 
 StackTrace:   在 Oracle.DataAccess.Client.OracleException.HandleErrorHelper(Int32 errCode, OracleConnection conn, IntPtr opsErrCtx, OpoSqlValCtx* pOpoSqlValCtx, Object src, String procedure)
   在 Oracle.DataAccess.Client.OracleException.HandleError(Int32 errCode, OracleConnection conn, IntPtr opsErrCtx, Object src)
   在 Oracle.DataAccess.Client.OracleConnection.Open()
   在 DAL.OracleHelper.PrepareCommand(OracleCommand command, OracleConnection connection, OracleTransaction trans, CommandType cmdType, String cmdText, OracleParameter[] commandParameters) 位置 F:\SunChao\项目\深圳气象局\精细化格点预报系统\项目\前台\GridPointPrediction_Web\DAL\OracleDBHelper.cs:行号 456
   在 DAL.OracleHelper.ExecuteDataTable(String cmdText, OracleParameter[] commandParameters) 位置 F:\SunChao\项目\深圳气象局\精细化格点预报系统\项目\前台\GridPointPrediction_Web\DAL\OracleDBHelper.cs:行号 260
   在 DAL.CityForecast12HourDAL.Get12HourForecastInfos(DateTime dt, String areaName) 位置 F:\SunChao\项目\深圳气象局\精细化格点预报系统\项目\前台\GridPointPrediction_Web\DAL\CityForecast12HourDAL.cs:行号 654  
 TargetSiteVoid HandleErrorHelper(Int32, Oracle.DataAccess.Client.OracleConnection, IntPtr, Oracle.DataAccess.Client.OpoSqlValCtx*, System.Object, System.String)
时间：2017-02-24 10:37:46 Message:ORA-12170: TNS: 连接超时 
 Source:Oracle Data Provider for .NET 
 StackTrace:   在 Oracle.DataAccess.Client.OracleException.HandleErrorHelper(Int32 errCode, OracleConnection conn, IntPtr opsErrCtx, OpoSqlValCtx* pOpoSqlValCtx, Object src, String procedure)
   在 Oracle.DataAccess.Client.OracleException.HandleError(Int32 errCode, OracleConnection conn, IntPtr opsErrCtx, Object src)
   在 Oracle.DataAccess.Client.OracleConnection.Open()
   在 DAL.OracleHelper.PrepareCommand(OracleCommand command, OracleConnection connection, OracleTransaction trans, CommandType cmdType, String cmdText, OracleParameter[] commandParameters) 位置 F:\SunChao\项目\深圳气象局\精细化格点预报系统\项目\前台\GridPointPrediction_Web\DAL\OracleDBHelper.cs:行号 456
   在 DAL.OracleHelper.ExecuteDataTable(String cmdText, OracleParameter[] commandParameters) 位置 F:\SunChao\项目\深圳气象局\精细化格点预报系统\项目\前台\GridPointPrediction_Web\DAL\OracleDBHelper.cs:行号 260
   在 DAL.CityForecast12HourDAL.Get12HourForecastInfos(DateTime dt, String areaName) 位置 F:\SunChao\项目\深圳气象局\精细化格点预报系统\项目\前台\GridPointPrediction_Web\DAL\CityForecast12HourDAL.cs:行号 654  
 TargetSiteVoid HandleErrorHelper(Int32, Oracle.DataAccess.Client.OracleConnection, IntPtr, Oracle.DataAccess.Client.OpoSqlValCtx*, System.Object, System.String)
时间：2017-02-24 10:38:08 Message:ORA-12170: TNS: 连接超时 
 Source:Oracle Data Provider for .NET 
 StackTrace:   在 Oracle.DataAccess.Client.OracleException.HandleErrorHelper(Int32 errCode, OracleConnection conn, IntPtr opsErrCtx, OpoSqlValCtx* pOpoSqlValCtx, Object src, String procedure)
   在 Oracle.DataAccess.Client.OracleException.HandleError(Int32 errCode, OracleConnection conn, IntPtr opsErrCtx, Object src)
   在 Oracle.DataAccess.Client.OracleConnection.Open()
   在 DAL.OracleHelper.PrepareCommand(OracleCommand command, OracleConnection connection, OracleTransaction trans, CommandType cmdType, String cmdText, OracleParameter[] commandParameters) 位置 F:\SunChao\项目\深圳气象局\精细化格点预报系统\项目\前台\GridPointPrediction_Web\DAL\OracleDBHelper.cs:行号 456
   在 DAL.OracleHelper.ExecuteDataTable(String cmdText, OracleParameter[] commandParameters) 位置 F:\SunChao\项目\深圳气象局\精细化格点预报系统\项目\前台\GridPointPrediction_Web\DAL\OracleDBHelper.cs:行号 260
   在 DAL.CityForecast12HourDAL.Get12HourForecastInfos(DateTime dt, String areaName) 位置 F:\SunChao\项目\深圳气象局\精细化格点预报系统\项目\前台\GridPointPrediction_Web\DAL\CityForecast12HourDAL.cs:行号 654  
 TargetSiteVoid HandleErrorHelper(Int32, Oracle.DataAccess.Client.OracleConnection, IntPtr, Oracle.DataAccess.Client.OpoSqlValCtx*, System.Object, System.String)
时间：2017-02-24 10:38:29 Message:ORA-12170: TNS: 连接超时 
 Source:Oracle Data Provider for .NET 
 StackTrace:   在 Oracle.DataAccess.Client.OracleException.HandleErrorHelper(Int32 errCode, OracleConnection conn, IntPtr opsErrCtx, OpoSqlValCtx* pOpoSqlValCtx, Object src, String procedure)
   在 Oracle.DataAccess.Client.OracleException.HandleError(Int32 errCode, OracleConnection conn, IntPtr opsErrCtx, Object src)
   在 Oracle.DataAccess.Client.OracleConnection.Open()
   在 DAL.OracleHelper.PrepareCommand(OracleCommand command, OracleConnection connection, OracleTransaction trans, CommandType cmdType, String cmdText, OracleParameter[] commandParameters) 位置 F:\SunChao\项目\深圳气象局\精细化格点预报系统\项目\前台\GridPointPrediction_Web\DAL\OracleDBHelper.cs:行号 456
   在 DAL.OracleHelper.ExecuteDataTable(String cmdText, OracleParameter[] commandParameters) 位置 F:\SunChao\项目\深圳气象局\精细化格点预报系统\项目\前台\GridPointPrediction_Web\DAL\OracleDBHelper.cs:行号 260
   在 DAL.CityForecast12HourDAL.Get12HourForecastInfos(DateTime dt, String areaName) 位置 F:\SunChao\项目\深圳气象局\精细化格点预报系统\项目\前台\GridPointPrediction_Web\DAL\CityForecast12HourDAL.cs:行号 654  
 TargetSiteVoid HandleErrorHelper(Int32, Oracle.DataAccess.Client.OracleConnection, IntPtr, Oracle.DataAccess.Client.OpoSqlValCtx*, System.Object, System.String)
时间：2017-02-24 10:38:50 Message:ORA-12170: TNS: 连接超时 
 Source:Oracle Data Provider for .NET 
 StackTrace:   在 Oracle.DataAccess.Client.OracleException.HandleErrorHelper(Int32 errCode, OracleConnection conn, IntPtr opsErrCtx, OpoSqlValCtx* pOpoSqlValCtx, Object src, String procedure)
   在 Oracle.DataAccess.Client.OracleException.HandleError(Int32 errCode, OracleConnection conn, IntPtr opsErrCtx, Object src)
   在 Oracle.DataAccess.Client.OracleConnection.Open()
   在 DAL.OracleHelper.PrepareCommand(OracleCommand command, OracleConnection connection, OracleTransaction trans, CommandType cmdType, String cmdText, OracleParameter[] commandParameters) 位置 F:\SunChao\项目\深圳气象局\精细化格点预报系统\项目\前台\GridPointPrediction_Web\DAL\OracleDBHelper.cs:行号 456
   在 DAL.OracleHelper.ExecuteDataTable(String cmdText, OracleParameter[] commandParameters) 位置 F:\SunChao\项目\深圳气象局\精细化格点预报系统\项目\前台\GridPointPrediction_Web\DAL\OracleDBHelper.cs:行号 260
   在 DAL.CityForecast12HourDAL.Get12HourForecastInfos(DateTime dt, String areaName) 位置 F:\SunChao\项目\深圳气象局\精细化格点预报系统\项目\前台\GridPointPrediction_Web\DAL\CityForecast12HourDAL.cs:行号 654  
 TargetSiteVoid HandleErrorHelper(Int32, Oracle.DataAccess.Client.OracleConnection, IntPtr, Oracle.DataAccess.Client.OpoSqlValCtx*, System.Object, System.String)
时间：2017-02-24 10:39:11 Message:ORA-12170: TNS: 连接超时 
 Source:Oracle Data Provider for .NET 
 StackTrace:   在 Oracle.DataAccess.Client.OracleException.HandleErrorHelper(Int32 errCode, OracleConnection conn, IntPtr opsErrCtx, OpoSqlValCtx* pOpoSqlValCtx, Object src, String procedure)
   在 Oracle.DataAccess.Client.OracleException.HandleError(Int32 errCode, OracleConnection conn, IntPtr opsErrCtx, Object src)
   在 Oracle.DataAccess.Client.OracleConnection.Open()
   在 DAL.OracleHelper.PrepareCommand(OracleCommand command, OracleConnection connection, OracleTransaction trans, CommandType cmdType, String cmdText, OracleParameter[] commandParameters) 位置 F:\SunChao\项目\深圳气象局\精细化格点预报系统\项目\前台\GridPointPrediction_Web\DAL\OracleDBHelper.cs:行号 456
   在 DAL.OracleHelper.ExecuteDataTable(String cmdText, OracleParameter[] commandParameters) 位置 F:\SunChao\项目\深圳气象局\精细化格点预报系统\项目\前台\GridPointPrediction_Web\DAL\OracleDBHelper.cs:行号 260
   在 DAL.CityForecast12HourDAL.Get12HourForecastInfos(DateTime dt, String areaName) 位置 F:\SunChao\项目\深圳气象局\精细化格点预报系统\项目\前台\GridPointPrediction_Web\DAL\CityForecast12HourDAL.cs:行号 654  
 TargetSiteVoid HandleErrorHelper(Int32, Oracle.DataAccess.Client.OracleConnection, IntPtr, Oracle.DataAccess.Client.OpoSqlValCtx*, System.Object, System.String)
时间：2017-02-24 10:39:32 Message:ORA-12170: TNS: 连接超时 
 Source:Oracle Data Provider for .NET 
 StackTrace:   在 Oracle.DataAccess.Client.OracleException.HandleErrorHelper(Int32 errCode, OracleConnection conn, IntPtr opsErrCtx, OpoSqlValCtx* pOpoSqlValCtx, Object src, String procedure)
   在 Oracle.DataAccess.Client.OracleException.HandleError(Int32 errCode, OracleConnection conn, IntPtr opsErrCtx, Object src)
   在 Oracle.DataAccess.Client.OracleConnection.Open()
   在 DAL.OracleHelper.PrepareCommand(OracleCommand command, OracleConnection connection, OracleTransaction trans, CommandType cmdType, String cmdText, OracleParameter[] commandParameters) 位置 F:\SunChao\项目\深圳气象局\精细化格点预报系统\项目\前台\GridPointPrediction_Web\DAL\OracleDBHelper.cs:行号 456
   在 DAL.OracleHelper.ExecuteDataTable(String cmdText, OracleParameter[] commandParameters) 位置 F:\SunChao\项目\深圳气象局\精细化格点预报系统\项目\前台\GridPointPrediction_Web\DAL\OracleDBHelper.cs:行号 260
   在 DAL.CityForecast12HourDAL.Get12HourForecastInfos(DateTime dt, String areaName) 位置 F:\SunChao\项目\深圳气象局\精细化格点预报系统\项目\前台\GridPointPrediction_Web\DAL\CityForecast12HourDAL.cs:行号 654  
 TargetSiteVoid HandleErrorHelper(Int32, Oracle.DataAccess.Client.OracleConnection, IntPtr, Oracle.DataAccess.Client.OpoSqlValCtx*, System.Object, System.String)
