时间：2017/10/11 星期三 11:06:14 Message:ORA-01858: 在要求输入数字处找到非数字字符 
 Source:Oracle Data Provider for .NET 
 StackTrace:   在 Oracle.DataAccess.Client.OracleException.HandleErrorHelper(Int32 errCode, OracleConnection conn, IntPtr opsErrCtx, OpoSqlValCtx* pOpoSqlValCtx, Object src, String procedure, Boolean bCheck)
   在 Oracle.DataAccess.Client.OracleException.HandleError(Int32 errCode, OracleConnection conn, String procedure, IntPtr opsErrCtx, OpoSqlValCtx* pOpoSqlValCtx, Object src, Boolean bCheck)
   在 Oracle.DataAccess.Client.OracleCommand.ExecuteReader(Boolean requery, Boolean fillRequest, CommandBehavior behavior)
   在 Oracle.DataAccess.Client.OracleDataAdapter.Fill(DataTable[] dataTables, Int32 startRecord, Int32 maxRecords, IDbCommand command, CommandBehavior behavior)
   在 System.Data.Common.DbDataAdapter.Fill(DataTable dataTable)
   在 DAL.OracleHelper.ExecuteDataTable(String cmdText, OracleParameter[] commandParameters) 位置 e:\pikaqiu\workspace\haikouproject\DAL\OracleDBHelper.cs:行号 260
   在 DAL.tendayforecastDAL.GetWelfareForecastFromGrid(DateTime dt) 位置 e:\pikaqiu\workspace\haikouproject\DAL\tendayforecastDAL.cs:行号 2882  
 TargetSiteVoid HandleErrorHelper(Int32, Oracle.DataAccess.Client.OracleConnection, IntPtr, Oracle.DataAccess.Client.OpoSqlValCtx*, System.Object, System.String, Boolean)
时间：2017/10/11 星期三 11:06:14 Message:ORA-12154: TNS: 无法解析指定的连接标识符 
 Source:Oracle Data Provider for .NET 
 StackTrace:   在 Oracle.DataAccess.Client.OracleException.HandleErrorHelper(Int32 errCode, OracleConnection conn, IntPtr opsErrCtx, OpoSqlValCtx* pOpoSqlValCtx, Object src, String procedure, Boolean bCheck)
   在 Oracle.DataAccess.Client.OracleException.HandleError(Int32 errCode, OracleConnection conn, IntPtr opsErrCtx, Object src)
   在 Oracle.DataAccess.Client.OracleConnection.Open()
   在 DAL.OracleHelper.db_GreateQuery(String strSQL) 位置 e:\pikaqiu\workspace\haikouproject\DAL\OracleDBHelper.cs:行号 281  
 TargetSiteVoid HandleErrorHelper(Int32, Oracle.DataAccess.Client.OracleConnection, IntPtr, Oracle.DataAccess.Client.OpoSqlValCtx*, System.Object, System.String, Boolean)
时间：2017/10/11 星期三 11:06:15 Message:ORA-12154: TNS: 无法解析指定的连接标识符 
 Source:Oracle Data Provider for .NET 
 StackTrace:   在 Oracle.DataAccess.Client.OracleException.HandleErrorHelper(Int32 errCode, OracleConnection conn, IntPtr opsErrCtx, OpoSqlValCtx* pOpoSqlValCtx, Object src, String procedure, Boolean bCheck)
   在 Oracle.DataAccess.Client.OracleException.HandleError(Int32 errCode, OracleConnection conn, IntPtr opsErrCtx, Object src)
   在 Oracle.DataAccess.Client.OracleConnection.Open()
   在 DAL.OracleHelper.db_GreateQuery(String strSQL) 位置 e:\pikaqiu\workspace\haikouproject\DAL\OracleDBHelper.cs:行号 281  
 TargetSiteVoid HandleErrorHelper(Int32, Oracle.DataAccess.Client.OracleConnection, IntPtr, Oracle.DataAccess.Client.OpoSqlValCtx*, System.Object, System.String, Boolean)
时间：2017/10/11 星期三 11:06:16 Message:ORA-12154: TNS: 无法解析指定的连接标识符 
 Source:Oracle Data Provider for .NET 
 StackTrace:   在 Oracle.DataAccess.Client.OracleException.HandleErrorHelper(Int32 errCode, OracleConnection conn, IntPtr opsErrCtx, OpoSqlValCtx* pOpoSqlValCtx, Object src, String procedure, Boolean bCheck)
   在 Oracle.DataAccess.Client.OracleException.HandleError(Int32 errCode, OracleConnection conn, IntPtr opsErrCtx, Object src)
   在 Oracle.DataAccess.Client.OracleConnection.Open()
   在 DAL.OracleHelper.PrepareCommand(OracleCommand command, OracleConnection connection, OracleTransaction trans, CommandType cmdType, String cmdText, OracleParameter[] commandParameters) 位置 e:\pikaqiu\workspace\haikouproject\DAL\OracleDBHelper.cs:行号 456
   在 DAL.OracleHelper.ExecuteDataTable(String cmdText, OracleParameter[] commandParameters) 位置 e:\pikaqiu\workspace\haikouproject\DAL\OracleDBHelper.cs:行号 260
   在 DAL.CityForecast6HourDAL.GetCityUploadInfoList(String Strdt, String Strdt2, Int32 Max, Int32 Min) 位置 e:\pikaqiu\workspace\haikouproject\DAL\CityForecast6HourDAL.cs:行号 1273  
 TargetSiteVoid HandleErrorHelper(Int32, Oracle.DataAccess.Client.OracleConnection, IntPtr, Oracle.DataAccess.Client.OpoSqlValCtx*, System.Object, System.String, Boolean)
时间：2017/10/11 星期三 14:51:54 Message:项“EJETDB247IDCTY”已添加。 (E:\pikaqiu\workspace\haikouproject\GridPointPrediction_Web\web.config line 35) 
 Source:System.Configuration 
 StackTrace:   在 System.Configuration.BaseConfigurationRecord.EvaluateOne(String[] keys, SectionInput input, Boolean isTrusted, FactoryRecord factoryRecord, SectionRecord sectionRecord, Object parentResult)
   在 System.Configuration.BaseConfigurationRecord.Evaluate(FactoryRecord factoryRecord, SectionRecord sectionRecord, Object parentResult, Boolean getLkg, Boolean getRuntimeObject, Object& result, Object& resultRuntimeObject)
   在 System.Configuration.BaseConfigurationRecord.GetSectionRecursive(String configKey, Boolean getLkg, Boolean checkPermission, Boolean getRuntimeObject, Boolean requestIsHere, Object& result, Object& resultRuntimeObject)
   在 System.Configuration.BaseConfigurationRecord.GetSection(String configKey)
   在 System.Web.HttpContext.GetSection(String sectionName)
   在 System.Web.Configuration.HttpConfigurationSystem.GetSection(String sectionName)
   在 System.Web.Configuration.HttpConfigurationSystem.System.Configuration.Internal.IInternalConfigSystem.GetSection(String configKey)
   在 System.Configuration.ConfigurationManager.GetSection(String sectionName)
   在 System.Configuration.ConfigurationManager.get_ConnectionStrings()
   在 DAL.OracleHelper..ctor(String connName) 位置 e:\pikaqiu\workspace\haikouproject\DAL\OracleDBHelper.cs:行号 35  
 TargetSiteSystem.Object EvaluateOne(System.String[], System.Configuration.SectionInput, Boolean, System.Configuration.FactoryRecord, System.Configuration.SectionRecord, System.Object)
时间：2017/10/11 星期三 15:10:18 Message:项“EJETDB247IDCTY”已添加。 (E:\pikaqiu\workspace\haikouproject\GridPointPrediction_Web\web.config line 35) 
 Source:System.Configuration 
 StackTrace:   在 System.Configuration.BaseConfigurationRecord.EvaluateOne(String[] keys, SectionInput input, Boolean isTrusted, FactoryRecord factoryRecord, SectionRecord sectionRecord, Object parentResult)
   在 System.Configuration.BaseConfigurationRecord.Evaluate(FactoryRecord factoryRecord, SectionRecord sectionRecord, Object parentResult, Boolean getLkg, Boolean getRuntimeObject, Object& result, Object& resultRuntimeObject)
   在 System.Configuration.BaseConfigurationRecord.GetSectionRecursive(String configKey, Boolean getLkg, Boolean checkPermission, Boolean getRuntimeObject, Boolean requestIsHere, Object& result, Object& resultRuntimeObject)
   在 System.Configuration.BaseConfigurationRecord.GetSection(String configKey)
   在 System.Web.HttpContext.GetSection(String sectionName)
   在 System.Web.Configuration.HttpConfigurationSystem.GetSection(String sectionName)
   在 System.Web.Configuration.HttpConfigurationSystem.System.Configuration.Internal.IInternalConfigSystem.GetSection(String configKey)
   在 System.Configuration.ConfigurationManager.GetSection(String sectionName)
   在 System.Configuration.ConfigurationManager.get_ConnectionStrings()
   在 DAL.OracleHelper..ctor(String connName) 位置 e:\pikaqiu\workspace\haikouproject\DAL\OracleDBHelper.cs:行号 35  
 TargetSiteSystem.Object EvaluateOne(System.String[], System.Configuration.SectionInput, Boolean, System.Configuration.FactoryRecord, System.Configuration.SectionRecord, System.Object)
时间：2017/10/11 星期三 15:16:20 Message:项“EJETDB247IDCTY”已添加。 (E:\pikaqiu\workspace\haikouproject\GridPointPrediction_Web\web.config line 35) 
 Source:System.Configuration 
 StackTrace:   在 System.Configuration.BaseConfigurationRecord.EvaluateOne(String[] keys, SectionInput input, Boolean isTrusted, FactoryRecord factoryRecord, SectionRecord sectionRecord, Object parentResult)
   在 System.Configuration.BaseConfigurationRecord.Evaluate(FactoryRecord factoryRecord, SectionRecord sectionRecord, Object parentResult, Boolean getLkg, Boolean getRuntimeObject, Object& result, Object& resultRuntimeObject)
   在 System.Configuration.BaseConfigurationRecord.GetSectionRecursive(String configKey, Boolean getLkg, Boolean checkPermission, Boolean getRuntimeObject, Boolean requestIsHere, Object& result, Object& resultRuntimeObject)
   在 System.Configuration.BaseConfigurationRecord.GetSection(String configKey)
   在 System.Web.HttpContext.GetSection(String sectionName)
   在 System.Web.Configuration.HttpConfigurationSystem.GetSection(String sectionName)
   在 System.Web.Configuration.HttpConfigurationSystem.System.Configuration.Internal.IInternalConfigSystem.GetSection(String configKey)
   在 System.Configuration.ConfigurationManager.GetSection(String sectionName)
   在 System.Configuration.ConfigurationManager.get_ConnectionStrings()
   在 DAL.OracleHelper..ctor(String connName) 位置 e:\pikaqiu\workspace\haikouproject\DAL\OracleDBHelper.cs:行号 35  
 TargetSiteSystem.Object EvaluateOne(System.String[], System.Configuration.SectionInput, Boolean, System.Configuration.FactoryRecord, System.Configuration.SectionRecord, System.Object)
时间：2017/10/11 星期三 15:19:39 Message:项“EJETDB247IDCTY”已添加。 (E:\pikaqiu\workspace\haikouproject\GridPointPrediction_Web\web.config line 35) 
 Source:System.Configuration 
 StackTrace:   在 System.Configuration.BaseConfigurationRecord.EvaluateOne(String[] keys, SectionInput input, Boolean isTrusted, FactoryRecord factoryRecord, SectionRecord sectionRecord, Object parentResult)
   在 System.Configuration.BaseConfigurationRecord.Evaluate(FactoryRecord factoryRecord, SectionRecord sectionRecord, Object parentResult, Boolean getLkg, Boolean getRuntimeObject, Object& result, Object& resultRuntimeObject)
   在 System.Configuration.BaseConfigurationRecord.GetSectionRecursive(String configKey, Boolean getLkg, Boolean checkPermission, Boolean getRuntimeObject, Boolean requestIsHere, Object& result, Object& resultRuntimeObject)
   在 System.Configuration.BaseConfigurationRecord.GetSection(String configKey)
   在 System.Web.HttpContext.GetSection(String sectionName)
   在 System.Web.Configuration.HttpConfigurationSystem.GetSection(String sectionName)
   在 System.Web.Configuration.HttpConfigurationSystem.System.Configuration.Internal.IInternalConfigSystem.GetSection(String configKey)
   在 System.Configuration.ConfigurationManager.GetSection(String sectionName)
   在 System.Configuration.ConfigurationManager.get_ConnectionStrings()
   在 DAL.OracleHelper..ctor(String connName) 位置 e:\pikaqiu\workspace\haikouproject\DAL\OracleDBHelper.cs:行号 35  
 TargetSiteSystem.Object EvaluateOne(System.String[], System.Configuration.SectionInput, Boolean, System.Configuration.FactoryRecord, System.Configuration.SectionRecord, System.Object)
时间：2017/10/11 星期三 15:24:34 Message:项“EJETDB247IDCTY”已添加。 (E:\pikaqiu\workspace\haikouproject\GridPointPrediction_Web\web.config line 35) 
 Source:System.Configuration 
 StackTrace:   在 System.Configuration.BaseConfigurationRecord.EvaluateOne(String[] keys, SectionInput input, Boolean isTrusted, FactoryRecord factoryRecord, SectionRecord sectionRecord, Object parentResult)
   在 System.Configuration.BaseConfigurationRecord.Evaluate(FactoryRecord factoryRecord, SectionRecord sectionRecord, Object parentResult, Boolean getLkg, Boolean getRuntimeObject, Object& result, Object& resultRuntimeObject)
   在 System.Configuration.BaseConfigurationRecord.GetSectionRecursive(String configKey, Boolean getLkg, Boolean checkPermission, Boolean getRuntimeObject, Boolean requestIsHere, Object& result, Object& resultRuntimeObject)
   在 System.Configuration.BaseConfigurationRecord.GetSection(String configKey)
   在 System.Web.HttpContext.GetSection(String sectionName)
   在 System.Web.Configuration.HttpConfigurationSystem.GetSection(String sectionName)
   在 System.Web.Configuration.HttpConfigurationSystem.System.Configuration.Internal.IInternalConfigSystem.GetSection(String configKey)
   在 System.Configuration.ConfigurationManager.GetSection(String sectionName)
   在 System.Configuration.ConfigurationManager.get_ConnectionStrings()
   在 DAL.OracleHelper..ctor(String connName) 位置 e:\pikaqiu\workspace\haikouproject\DAL\OracleDBHelper.cs:行号 35  
 TargetSiteSystem.Object EvaluateOne(System.String[], System.Configuration.SectionInput, Boolean, System.Configuration.FactoryRecord, System.Configuration.SectionRecord, System.Object)
时间：2017/10/11 星期三 15:24:35 Message:项“EJETDB247IDCTY”已添加。 (E:\pikaqiu\workspace\haikouproject\GridPointPrediction_Web\web.config line 35) 
 Source:System.Configuration 
 StackTrace:   在 System.Configuration.BaseConfigurationRecord.EvaluateOne(String[] keys, SectionInput input, Boolean isTrusted, FactoryRecord factoryRecord, SectionRecord sectionRecord, Object parentResult)
   在 System.Configuration.BaseConfigurationRecord.Evaluate(FactoryRecord factoryRecord, SectionRecord sectionRecord, Object parentResult, Boolean getLkg, Boolean getRuntimeObject, Object& result, Object& resultRuntimeObject)
   在 System.Configuration.BaseConfigurationRecord.GetSectionRecursive(String configKey, Boolean getLkg, Boolean checkPermission, Boolean getRuntimeObject, Boolean requestIsHere, Object& result, Object& resultRuntimeObject)
   在 System.Configuration.BaseConfigurationRecord.GetSection(String configKey)
   在 System.Web.HttpContext.GetSection(String sectionName)
   在 System.Web.Configuration.HttpConfigurationSystem.GetSection(String sectionName)
   在 System.Web.Configuration.HttpConfigurationSystem.System.Configuration.Internal.IInternalConfigSystem.GetSection(String configKey)
   在 System.Configuration.ConfigurationManager.GetSection(String sectionName)
   在 System.Configuration.ConfigurationManager.get_ConnectionStrings()
   在 DAL.OracleHelper..ctor(String connName) 位置 e:\pikaqiu\workspace\haikouproject\DAL\OracleDBHelper.cs:行号 35  
 TargetSiteSystem.Object EvaluateOne(System.String[], System.Configuration.SectionInput, Boolean, System.Configuration.FactoryRecord, System.Configuration.SectionRecord, System.Object)
时间：2017/10/11 星期三 15:28:42 Message:项“EJETDB247IDCTY”已添加。 (E:\pikaqiu\workspace\haikouproject\GridPointPrediction_Web\web.config line 35) 
 Source:System.Configuration 
 StackTrace:   在 System.Configuration.BaseConfigurationRecord.EvaluateOne(String[] keys, SectionInput input, Boolean isTrusted, FactoryRecord factoryRecord, SectionRecord sectionRecord, Object parentResult)
   在 System.Configuration.BaseConfigurationRecord.Evaluate(FactoryRecord factoryRecord, SectionRecord sectionRecord, Object parentResult, Boolean getLkg, Boolean getRuntimeObject, Object& result, Object& resultRuntimeObject)
   在 System.Configuration.BaseConfigurationRecord.GetSectionRecursive(String configKey, Boolean getLkg, Boolean checkPermission, Boolean getRuntimeObject, Boolean requestIsHere, Object& result, Object& resultRuntimeObject)
   在 System.Configuration.BaseConfigurationRecord.GetSection(String configKey)
   在 System.Web.HttpContext.GetSection(String sectionName)
   在 System.Web.Configuration.HttpConfigurationSystem.GetSection(String sectionName)
   在 System.Web.Configuration.HttpConfigurationSystem.System.Configuration.Internal.IInternalConfigSystem.GetSection(String configKey)
   在 System.Configuration.ConfigurationManager.GetSection(String sectionName)
   在 System.Configuration.ConfigurationManager.get_ConnectionStrings()
   在 DAL.OracleHelper..ctor(String connName) 位置 e:\pikaqiu\workspace\haikouproject\DAL\OracleDBHelper.cs:行号 35  
 TargetSiteSystem.Object EvaluateOne(System.String[], System.Configuration.SectionInput, Boolean, System.Configuration.FactoryRecord, System.Configuration.SectionRecord, System.Object)
时间：2017/10/11 星期三 15:28:53 Message:项“EJETDB247IDCTY”已添加。 (E:\pikaqiu\workspace\haikouproject\GridPointPrediction_Web\web.config line 35) 
 Source:System.Configuration 
 StackTrace:   在 System.Configuration.BaseConfigurationRecord.EvaluateOne(String[] keys, SectionInput input, Boolean isTrusted, FactoryRecord factoryRecord, SectionRecord sectionRecord, Object parentResult)
   在 System.Configuration.BaseConfigurationRecord.Evaluate(FactoryRecord factoryRecord, SectionRecord sectionRecord, Object parentResult, Boolean getLkg, Boolean getRuntimeObject, Object& result, Object& resultRuntimeObject)
   在 System.Configuration.BaseConfigurationRecord.GetSectionRecursive(String configKey, Boolean getLkg, Boolean checkPermission, Boolean getRuntimeObject, Boolean requestIsHere, Object& result, Object& resultRuntimeObject)
   在 System.Configuration.BaseConfigurationRecord.GetSection(String configKey)
   在 System.Web.HttpContext.GetSection(String sectionName)
   在 System.Web.Configuration.HttpConfigurationSystem.GetSection(String sectionName)
   在 System.Web.Configuration.HttpConfigurationSystem.System.Configuration.Internal.IInternalConfigSystem.GetSection(String configKey)
   在 System.Configuration.ConfigurationManager.GetSection(String sectionName)
   在 System.Configuration.ConfigurationManager.get_ConnectionStrings()
   在 DAL.OracleHelper..ctor(String connName) 位置 e:\pikaqiu\workspace\haikouproject\DAL\OracleDBHelper.cs:行号 35  
 TargetSiteSystem.Object EvaluateOne(System.String[], System.Configuration.SectionInput, Boolean, System.Configuration.FactoryRecord, System.Configuration.SectionRecord, System.Object)
时间：2017/10/11 星期三 15:29:01 Message:项“EJETDB247IDCTY”已添加。 (E:\pikaqiu\workspace\haikouproject\GridPointPrediction_Web\web.config line 35) 
 Source:System.Configuration 
 StackTrace:   在 System.Configuration.BaseConfigurationRecord.EvaluateOne(String[] keys, SectionInput input, Boolean isTrusted, FactoryRecord factoryRecord, SectionRecord sectionRecord, Object parentResult)
   在 System.Configuration.BaseConfigurationRecord.Evaluate(FactoryRecord factoryRecord, SectionRecord sectionRecord, Object parentResult, Boolean getLkg, Boolean getRuntimeObject, Object& result, Object& resultRuntimeObject)
   在 System.Configuration.BaseConfigurationRecord.GetSectionRecursive(String configKey, Boolean getLkg, Boolean checkPermission, Boolean getRuntimeObject, Boolean requestIsHere, Object& result, Object& resultRuntimeObject)
   在 System.Configuration.BaseConfigurationRecord.GetSection(String configKey)
   在 System.Web.HttpContext.GetSection(String sectionName)
   在 System.Web.Configuration.HttpConfigurationSystem.GetSection(String sectionName)
   在 System.Web.Configuration.HttpConfigurationSystem.System.Configuration.Internal.IInternalConfigSystem.GetSection(String configKey)
   在 System.Configuration.ConfigurationManager.GetSection(String sectionName)
   在 System.Configuration.ConfigurationManager.get_ConnectionStrings()
   在 DAL.OracleHelper..ctor(String connName) 位置 e:\pikaqiu\workspace\haikouproject\DAL\OracleDBHelper.cs:行号 35  
 TargetSiteSystem.Object EvaluateOne(System.String[], System.Configuration.SectionInput, Boolean, System.Configuration.FactoryRecord, System.Configuration.SectionRecord, System.Object)
时间：2017/10/11 星期三 15:29:03 Message:项“EJETDB247IDCTY”已添加。 (E:\pikaqiu\workspace\haikouproject\GridPointPrediction_Web\web.config line 35) 
 Source:System.Configuration 
 StackTrace:   在 System.Configuration.BaseConfigurationRecord.EvaluateOne(String[] keys, SectionInput input, Boolean isTrusted, FactoryRecord factoryRecord, SectionRecord sectionRecord, Object parentResult)
   在 System.Configuration.BaseConfigurationRecord.Evaluate(FactoryRecord factoryRecord, SectionRecord sectionRecord, Object parentResult, Boolean getLkg, Boolean getRuntimeObject, Object& result, Object& resultRuntimeObject)
   在 System.Configuration.BaseConfigurationRecord.GetSectionRecursive(String configKey, Boolean getLkg, Boolean checkPermission, Boolean getRuntimeObject, Boolean requestIsHere, Object& result, Object& resultRuntimeObject)
   在 System.Configuration.BaseConfigurationRecord.GetSection(String configKey)
   在 System.Web.HttpContext.GetSection(String sectionName)
   在 System.Web.Configuration.HttpConfigurationSystem.GetSection(String sectionName)
   在 System.Web.Configuration.HttpConfigurationSystem.System.Configuration.Internal.IInternalConfigSystem.GetSection(String configKey)
   在 System.Configuration.ConfigurationManager.GetSection(String sectionName)
   在 System.Configuration.ConfigurationManager.get_ConnectionStrings()
   在 DAL.OracleHelper..ctor(String connName) 位置 e:\pikaqiu\workspace\haikouproject\DAL\OracleDBHelper.cs:行号 35  
 TargetSiteSystem.Object EvaluateOne(System.String[], System.Configuration.SectionInput, Boolean, System.Configuration.FactoryRecord, System.Configuration.SectionRecord, System.Object)
时间：2017/10/11 星期三 15:29:07 Message:项“EJETDB247IDCTY”已添加。 (E:\pikaqiu\workspace\haikouproject\GridPointPrediction_Web\web.config line 35) 
 Source:System.Configuration 
 StackTrace:   在 System.Configuration.BaseConfigurationRecord.EvaluateOne(String[] keys, SectionInput input, Boolean isTrusted, FactoryRecord factoryRecord, SectionRecord sectionRecord, Object parentResult)
   在 System.Configuration.BaseConfigurationRecord.Evaluate(FactoryRecord factoryRecord, SectionRecord sectionRecord, Object parentResult, Boolean getLkg, Boolean getRuntimeObject, Object& result, Object& resultRuntimeObject)
   在 System.Configuration.BaseConfigurationRecord.GetSectionRecursive(String configKey, Boolean getLkg, Boolean checkPermission, Boolean getRuntimeObject, Boolean requestIsHere, Object& result, Object& resultRuntimeObject)
   在 System.Configuration.BaseConfigurationRecord.GetSection(String configKey)
   在 System.Web.HttpContext.GetSection(String sectionName)
   在 System.Web.Configuration.HttpConfigurationSystem.GetSection(String sectionName)
   在 System.Web.Configuration.HttpConfigurationSystem.System.Configuration.Internal.IInternalConfigSystem.GetSection(String configKey)
   在 System.Configuration.ConfigurationManager.GetSection(String sectionName)
   在 System.Configuration.ConfigurationManager.get_ConnectionStrings()
   在 DAL.OracleHelper..ctor(String connName) 位置 e:\pikaqiu\workspace\haikouproject\DAL\OracleDBHelper.cs:行号 35  
 TargetSiteSystem.Object EvaluateOne(System.String[], System.Configuration.SectionInput, Boolean, System.Configuration.FactoryRecord, System.Configuration.SectionRecord, System.Object)
时间：2017/10/11 星期三 15:29:13 Message:项“EJETDB247IDCTY”已添加。 (E:\pikaqiu\workspace\haikouproject\GridPointPrediction_Web\web.config line 35) 
 Source:System.Configuration 
 StackTrace:   在 System.Configuration.BaseConfigurationRecord.EvaluateOne(String[] keys, SectionInput input, Boolean isTrusted, FactoryRecord factoryRecord, SectionRecord sectionRecord, Object parentResult)
   在 System.Configuration.BaseConfigurationRecord.Evaluate(FactoryRecord factoryRecord, SectionRecord sectionRecord, Object parentResult, Boolean getLkg, Boolean getRuntimeObject, Object& result, Object& resultRuntimeObject)
   在 System.Configuration.BaseConfigurationRecord.GetSectionRecursive(String configKey, Boolean getLkg, Boolean checkPermission, Boolean getRuntimeObject, Boolean requestIsHere, Object& result, Object& resultRuntimeObject)
   在 System.Configuration.BaseConfigurationRecord.GetSection(String configKey)
   在 System.Web.HttpContext.GetSection(String sectionName)
   在 System.Web.Configuration.HttpConfigurationSystem.GetSection(String sectionName)
   在 System.Web.Configuration.HttpConfigurationSystem.System.Configuration.Internal.IInternalConfigSystem.GetSection(String configKey)
   在 System.Configuration.ConfigurationManager.GetSection(String sectionName)
   在 System.Configuration.ConfigurationManager.get_ConnectionStrings()
   在 DAL.OracleHelper..ctor(String connName) 位置 e:\pikaqiu\workspace\haikouproject\DAL\OracleDBHelper.cs:行号 35  
 TargetSiteSystem.Object EvaluateOne(System.String[], System.Configuration.SectionInput, Boolean, System.Configuration.FactoryRecord, System.Configuration.SectionRecord, System.Object)
时间：2017/10/11 星期三 15:29:16 Message:项“EJETDB247IDCTY”已添加。 (E:\pikaqiu\workspace\haikouproject\GridPointPrediction_Web\web.config line 35) 
 Source:System.Configuration 
 StackTrace:   在 System.Configuration.BaseConfigurationRecord.EvaluateOne(String[] keys, SectionInput input, Boolean isTrusted, FactoryRecord factoryRecord, SectionRecord sectionRecord, Object parentResult)
   在 System.Configuration.BaseConfigurationRecord.Evaluate(FactoryRecord factoryRecord, SectionRecord sectionRecord, Object parentResult, Boolean getLkg, Boolean getRuntimeObject, Object& result, Object& resultRuntimeObject)
   在 System.Configuration.BaseConfigurationRecord.GetSectionRecursive(String configKey, Boolean getLkg, Boolean checkPermission, Boolean getRuntimeObject, Boolean requestIsHere, Object& result, Object& resultRuntimeObject)
   在 System.Configuration.BaseConfigurationRecord.GetSection(String configKey)
   在 System.Web.HttpContext.GetSection(String sectionName)
   在 System.Web.Configuration.HttpConfigurationSystem.GetSection(String sectionName)
   在 System.Web.Configuration.HttpConfigurationSystem.System.Configuration.Internal.IInternalConfigSystem.GetSection(String configKey)
   在 System.Configuration.ConfigurationManager.GetSection(String sectionName)
   在 System.Configuration.ConfigurationManager.get_ConnectionStrings()
   在 DAL.OracleHelper..ctor(String connName) 位置 e:\pikaqiu\workspace\haikouproject\DAL\OracleDBHelper.cs:行号 35  
 TargetSiteSystem.Object EvaluateOne(System.String[], System.Configuration.SectionInput, Boolean, System.Configuration.FactoryRecord, System.Configuration.SectionRecord, System.Object)
时间：2017/10/11 星期三 15:46:55 Message:项“EJETDB247IDCTY”已添加。 (E:\pikaqiu\workspace\haikouproject\GridPointPrediction_Web\web.config line 35) 
 Source:System.Configuration 
 StackTrace:   在 System.Configuration.BaseConfigurationRecord.EvaluateOne(String[] keys, SectionInput input, Boolean isTrusted, FactoryRecord factoryRecord, SectionRecord sectionRecord, Object parentResult)
   在 System.Configuration.BaseConfigurationRecord.Evaluate(FactoryRecord factoryRecord, SectionRecord sectionRecord, Object parentResult, Boolean getLkg, Boolean getRuntimeObject, Object& result, Object& resultRuntimeObject)
   在 System.Configuration.BaseConfigurationRecord.GetSectionRecursive(String configKey, Boolean getLkg, Boolean checkPermission, Boolean getRuntimeObject, Boolean requestIsHere, Object& result, Object& resultRuntimeObject)
   在 System.Configuration.BaseConfigurationRecord.GetSection(String configKey)
   在 System.Web.HttpContext.GetSection(String sectionName)
   在 System.Web.Configuration.HttpConfigurationSystem.GetSection(String sectionName)
   在 System.Web.Configuration.HttpConfigurationSystem.System.Configuration.Internal.IInternalConfigSystem.GetSection(String configKey)
   在 System.Configuration.ConfigurationManager.GetSection(String sectionName)
   在 System.Configuration.ConfigurationManager.get_ConnectionStrings()
   在 DAL.OracleHelper..ctor(String connName) 位置 e:\pikaqiu\workspace\haikouproject\DAL\OracleDBHelper.cs:行号 35  
 TargetSiteSystem.Object EvaluateOne(System.String[], System.Configuration.SectionInput, Boolean, System.Configuration.FactoryRecord, System.Configuration.SectionRecord, System.Object)
时间：2017/10/11 星期三 16:00:57 Message:项“EJETDB247IDCTY”已添加。 (E:\pikaqiu\workspace\haikouproject\GridPointPrediction_Web\web.config line 35) 
 Source:System.Configuration 
 StackTrace:   在 System.Configuration.BaseConfigurationRecord.EvaluateOne(String[] keys, SectionInput input, Boolean isTrusted, FactoryRecord factoryRecord, SectionRecord sectionRecord, Object parentResult)
   在 System.Configuration.BaseConfigurationRecord.Evaluate(FactoryRecord factoryRecord, SectionRecord sectionRecord, Object parentResult, Boolean getLkg, Boolean getRuntimeObject, Object& result, Object& resultRuntimeObject)
   在 System.Configuration.BaseConfigurationRecord.GetSectionRecursive(String configKey, Boolean getLkg, Boolean checkPermission, Boolean getRuntimeObject, Boolean requestIsHere, Object& result, Object& resultRuntimeObject)
   在 System.Configuration.BaseConfigurationRecord.GetSection(String configKey)
   在 System.Web.HttpContext.GetSection(String sectionName)
   在 System.Web.Configuration.HttpConfigurationSystem.GetSection(String sectionName)
   在 System.Web.Configuration.HttpConfigurationSystem.System.Configuration.Internal.IInternalConfigSystem.GetSection(String configKey)
   在 System.Configuration.ConfigurationManager.GetSection(String sectionName)
   在 System.Configuration.ConfigurationManager.get_ConnectionStrings()
   在 DAL.OracleHelper..ctor(String connName) 位置 e:\pikaqiu\workspace\haikouproject\DAL\OracleDBHelper.cs:行号 35  
 TargetSiteSystem.Object EvaluateOne(System.String[], System.Configuration.SectionInput, Boolean, System.Configuration.FactoryRecord, System.Configuration.SectionRecord, System.Object)
时间：2017/10/11 星期三 16:25:30 Message:项“EJETDB247IDCTY”已添加。 (E:\pikaqiu\workspace\haikouproject\GridPointPrediction_Web\web.config line 35) 
 Source:System.Configuration 
 StackTrace:   在 System.Configuration.BaseConfigurationRecord.EvaluateOne(String[] keys, SectionInput input, Boolean isTrusted, FactoryRecord factoryRecord, SectionRecord sectionRecord, Object parentResult)
   在 System.Configuration.BaseConfigurationRecord.Evaluate(FactoryRecord factoryRecord, SectionRecord sectionRecord, Object parentResult, Boolean getLkg, Boolean getRuntimeObject, Object& result, Object& resultRuntimeObject)
   在 System.Configuration.BaseConfigurationRecord.GetSectionRecursive(String configKey, Boolean getLkg, Boolean checkPermission, Boolean getRuntimeObject, Boolean requestIsHere, Object& result, Object& resultRuntimeObject)
   在 System.Configuration.BaseConfigurationRecord.GetSection(String configKey)
   在 System.Web.HttpContext.GetSection(String sectionName)
   在 System.Web.Configuration.HttpConfigurationSystem.GetSection(String sectionName)
   在 System.Web.Configuration.HttpConfigurationSystem.System.Configuration.Internal.IInternalConfigSystem.GetSection(String configKey)
   在 System.Configuration.ConfigurationManager.GetSection(String sectionName)
   在 System.Configuration.ConfigurationManager.get_ConnectionStrings()
   在 DAL.OracleHelper..ctor(String connName) 位置 e:\pikaqiu\workspace\haikouproject\DAL\OracleDBHelper.cs:行号 35  
 TargetSiteSystem.Object EvaluateOne(System.String[], System.Configuration.SectionInput, Boolean, System.Configuration.FactoryRecord, System.Configuration.SectionRecord, System.Object)
时间：2017/10/11 星期三 16:26:37 Message:项“EJETDB247IDCTY”已添加。 (E:\pikaqiu\workspace\haikouproject\GridPointPrediction_Web\web.config line 35) 
 Source:System.Configuration 
 StackTrace:   在 System.Configuration.BaseConfigurationRecord.EvaluateOne(String[] keys, SectionInput input, Boolean isTrusted, FactoryRecord factoryRecord, SectionRecord sectionRecord, Object parentResult)
   在 System.Configuration.BaseConfigurationRecord.Evaluate(FactoryRecord factoryRecord, SectionRecord sectionRecord, Object parentResult, Boolean getLkg, Boolean getRuntimeObject, Object& result, Object& resultRuntimeObject)
   在 System.Configuration.BaseConfigurationRecord.GetSectionRecursive(String configKey, Boolean getLkg, Boolean checkPermission, Boolean getRuntimeObject, Boolean requestIsHere, Object& result, Object& resultRuntimeObject)
   在 System.Configuration.BaseConfigurationRecord.GetSection(String configKey)
   在 System.Web.HttpContext.GetSection(String sectionName)
   在 System.Web.Configuration.HttpConfigurationSystem.GetSection(String sectionName)
   在 System.Web.Configuration.HttpConfigurationSystem.System.Configuration.Internal.IInternalConfigSystem.GetSection(String configKey)
   在 System.Configuration.ConfigurationManager.GetSection(String sectionName)
   在 System.Configuration.ConfigurationManager.get_ConnectionStrings()
   在 DAL.OracleHelper..ctor(String connName) 位置 e:\pikaqiu\workspace\haikouproject\DAL\OracleDBHelper.cs:行号 35  
 TargetSiteSystem.Object EvaluateOne(System.String[], System.Configuration.SectionInput, Boolean, System.Configuration.FactoryRecord, System.Configuration.SectionRecord, System.Object)
时间：2017/10/11 星期三 16:28:19 Message:项“EJETDB247IDCTY”已添加。 (E:\pikaqiu\workspace\haikouproject\GridPointPrediction_Web\web.config line 35) 
 Source:System.Configuration 
 StackTrace:   在 System.Configuration.BaseConfigurationRecord.EvaluateOne(String[] keys, SectionInput input, Boolean isTrusted, FactoryRecord factoryRecord, SectionRecord sectionRecord, Object parentResult)
   在 System.Configuration.BaseConfigurationRecord.Evaluate(FactoryRecord factoryRecord, SectionRecord sectionRecord, Object parentResult, Boolean getLkg, Boolean getRuntimeObject, Object& result, Object& resultRuntimeObject)
   在 System.Configuration.BaseConfigurationRecord.GetSectionRecursive(String configKey, Boolean getLkg, Boolean checkPermission, Boolean getRuntimeObject, Boolean requestIsHere, Object& result, Object& resultRuntimeObject)
   在 System.Configuration.BaseConfigurationRecord.GetSection(String configKey)
   在 System.Web.HttpContext.GetSection(String sectionName)
   在 System.Web.Configuration.HttpConfigurationSystem.GetSection(String sectionName)
   在 System.Web.Configuration.HttpConfigurationSystem.System.Configuration.Internal.IInternalConfigSystem.GetSection(String configKey)
   在 System.Configuration.ConfigurationManager.GetSection(String sectionName)
   在 System.Configuration.ConfigurationManager.get_ConnectionStrings()
   在 DAL.OracleHelper..ctor(String connName) 位置 e:\pikaqiu\workspace\haikouproject\DAL\OracleDBHelper.cs:行号 35  
 TargetSiteSystem.Object EvaluateOne(System.String[], System.Configuration.SectionInput, Boolean, System.Configuration.FactoryRecord, System.Configuration.SectionRecord, System.Object)
时间：2017/10/11 星期三 16:28:24 Message:项“EJETDB247IDCTY”已添加。 (E:\pikaqiu\workspace\haikouproject\GridPointPrediction_Web\web.config line 35) 
 Source:System.Configuration 
 StackTrace:   在 System.Configuration.BaseConfigurationRecord.EvaluateOne(String[] keys, SectionInput input, Boolean isTrusted, FactoryRecord factoryRecord, SectionRecord sectionRecord, Object parentResult)
   在 System.Configuration.BaseConfigurationRecord.Evaluate(FactoryRecord factoryRecord, SectionRecord sectionRecord, Object parentResult, Boolean getLkg, Boolean getRuntimeObject, Object& result, Object& resultRuntimeObject)
   在 System.Configuration.BaseConfigurationRecord.GetSectionRecursive(String configKey, Boolean getLkg, Boolean checkPermission, Boolean getRuntimeObject, Boolean requestIsHere, Object& result, Object& resultRuntimeObject)
   在 System.Configuration.BaseConfigurationRecord.GetSection(String configKey)
   在 System.Web.HttpContext.GetSection(String sectionName)
   在 System.Web.Configuration.HttpConfigurationSystem.GetSection(String sectionName)
   在 System.Web.Configuration.HttpConfigurationSystem.System.Configuration.Internal.IInternalConfigSystem.GetSection(String configKey)
   在 System.Configuration.ConfigurationManager.GetSection(String sectionName)
   在 System.Configuration.ConfigurationManager.get_ConnectionStrings()
   在 DAL.OracleHelper..ctor(String connName) 位置 e:\pikaqiu\workspace\haikouproject\DAL\OracleDBHelper.cs:行号 35  
 TargetSiteSystem.Object EvaluateOne(System.String[], System.Configuration.SectionInput, Boolean, System.Configuration.FactoryRecord, System.Configuration.SectionRecord, System.Object)
时间：2017/10/11 星期三 16:28:25 Message:项“EJETDB247IDCTY”已添加。 (E:\pikaqiu\workspace\haikouproject\GridPointPrediction_Web\web.config line 35) 
 Source:System.Configuration 
 StackTrace:   在 System.Configuration.BaseConfigurationRecord.EvaluateOne(String[] keys, SectionInput input, Boolean isTrusted, FactoryRecord factoryRecord, SectionRecord sectionRecord, Object parentResult)
   在 System.Configuration.BaseConfigurationRecord.Evaluate(FactoryRecord factoryRecord, SectionRecord sectionRecord, Object parentResult, Boolean getLkg, Boolean getRuntimeObject, Object& result, Object& resultRuntimeObject)
   在 System.Configuration.BaseConfigurationRecord.GetSectionRecursive(String configKey, Boolean getLkg, Boolean checkPermission, Boolean getRuntimeObject, Boolean requestIsHere, Object& result, Object& resultRuntimeObject)
   在 System.Configuration.BaseConfigurationRecord.GetSection(String configKey)
   在 System.Web.HttpContext.GetSection(String sectionName)
   在 System.Web.Configuration.HttpConfigurationSystem.GetSection(String sectionName)
   在 System.Web.Configuration.HttpConfigurationSystem.System.Configuration.Internal.IInternalConfigSystem.GetSection(String configKey)
   在 System.Configuration.ConfigurationManager.GetSection(String sectionName)
   在 System.Configuration.ConfigurationManager.get_ConnectionStrings()
   在 DAL.OracleHelper..ctor(String connName) 位置 e:\pikaqiu\workspace\haikouproject\DAL\OracleDBHelper.cs:行号 35  
 TargetSiteSystem.Object EvaluateOne(System.String[], System.Configuration.SectionInput, Boolean, System.Configuration.FactoryRecord, System.Configuration.SectionRecord, System.Object)
时间：2017/10/11 星期三 16:30:18 Message:项“EJETDB247IDCTY”已添加。 (E:\pikaqiu\workspace\haikouproject\GridPointPrediction_Web\web.config line 35) 
 Source:System.Configuration 
 StackTrace:   在 System.Configuration.BaseConfigurationRecord.EvaluateOne(String[] keys, SectionInput input, Boolean isTrusted, FactoryRecord factoryRecord, SectionRecord sectionRecord, Object parentResult)
   在 System.Configuration.BaseConfigurationRecord.Evaluate(FactoryRecord factoryRecord, SectionRecord sectionRecord, Object parentResult, Boolean getLkg, Boolean getRuntimeObject, Object& result, Object& resultRuntimeObject)
   在 System.Configuration.BaseConfigurationRecord.GetSectionRecursive(String configKey, Boolean getLkg, Boolean checkPermission, Boolean getRuntimeObject, Boolean requestIsHere, Object& result, Object& resultRuntimeObject)
   在 System.Configuration.BaseConfigurationRecord.GetSection(String configKey)
   在 System.Web.HttpContext.GetSection(String sectionName)
   在 System.Web.Configuration.HttpConfigurationSystem.GetSection(String sectionName)
   在 System.Web.Configuration.HttpConfigurationSystem.System.Configuration.Internal.IInternalConfigSystem.GetSection(String configKey)
   在 System.Configuration.ConfigurationManager.GetSection(String sectionName)
   在 System.Configuration.ConfigurationManager.get_ConnectionStrings()
   在 DAL.OracleHelper..ctor(String connName) 位置 e:\pikaqiu\workspace\haikouproject\DAL\OracleDBHelper.cs:行号 35  
 TargetSiteSystem.Object EvaluateOne(System.String[], System.Configuration.SectionInput, Boolean, System.Configuration.FactoryRecord, System.Configuration.SectionRecord, System.Object)
时间：2017/10/11 星期三 16:30:20 Message:项“EJETDB247IDCTY”已添加。 (E:\pikaqiu\workspace\haikouproject\GridPointPrediction_Web\web.config line 35) 
 Source:System.Configuration 
 StackTrace:   在 System.Configuration.BaseConfigurationRecord.EvaluateOne(String[] keys, SectionInput input, Boolean isTrusted, FactoryRecord factoryRecord, SectionRecord sectionRecord, Object parentResult)
   在 System.Configuration.BaseConfigurationRecord.Evaluate(FactoryRecord factoryRecord, SectionRecord sectionRecord, Object parentResult, Boolean getLkg, Boolean getRuntimeObject, Object& result, Object& resultRuntimeObject)
   在 System.Configuration.BaseConfigurationRecord.GetSectionRecursive(String configKey, Boolean getLkg, Boolean checkPermission, Boolean getRuntimeObject, Boolean requestIsHere, Object& result, Object& resultRuntimeObject)
   在 System.Configuration.BaseConfigurationRecord.GetSection(String configKey)
   在 System.Web.HttpContext.GetSection(String sectionName)
   在 System.Web.Configuration.HttpConfigurationSystem.GetSection(String sectionName)
   在 System.Web.Configuration.HttpConfigurationSystem.System.Configuration.Internal.IInternalConfigSystem.GetSection(String configKey)
   在 System.Configuration.ConfigurationManager.GetSection(String sectionName)
   在 System.Configuration.ConfigurationManager.get_ConnectionStrings()
   在 DAL.OracleHelper..ctor(String connName) 位置 e:\pikaqiu\workspace\haikouproject\DAL\OracleDBHelper.cs:行号 35  
 TargetSiteSystem.Object EvaluateOne(System.String[], System.Configuration.SectionInput, Boolean, System.Configuration.FactoryRecord, System.Configuration.SectionRecord, System.Object)
时间：2017/10/11 星期三 16:30:50 Message:项“EJETDB247IDCTY”已添加。 (E:\pikaqiu\workspace\haikouproject\GridPointPrediction_Web\web.config line 35) 
 Source:System.Configuration 
 StackTrace:   在 System.Configuration.BaseConfigurationRecord.EvaluateOne(String[] keys, SectionInput input, Boolean isTrusted, FactoryRecord factoryRecord, SectionRecord sectionRecord, Object parentResult)
   在 System.Configuration.BaseConfigurationRecord.Evaluate(FactoryRecord factoryRecord, SectionRecord sectionRecord, Object parentResult, Boolean getLkg, Boolean getRuntimeObject, Object& result, Object& resultRuntimeObject)
   在 System.Configuration.BaseConfigurationRecord.GetSectionRecursive(String configKey, Boolean getLkg, Boolean checkPermission, Boolean getRuntimeObject, Boolean requestIsHere, Object& result, Object& resultRuntimeObject)
   在 System.Configuration.BaseConfigurationRecord.GetSection(String configKey)
   在 System.Web.HttpContext.GetSection(String sectionName)
   在 System.Web.Configuration.HttpConfigurationSystem.GetSection(String sectionName)
   在 System.Web.Configuration.HttpConfigurationSystem.System.Configuration.Internal.IInternalConfigSystem.GetSection(String configKey)
   在 System.Configuration.ConfigurationManager.GetSection(String sectionName)
   在 System.Configuration.ConfigurationManager.get_ConnectionStrings()
   在 DAL.OracleHelper..ctor(String connName) 位置 e:\pikaqiu\workspace\haikouproject\DAL\OracleDBHelper.cs:行号 35  
 TargetSiteSystem.Object EvaluateOne(System.String[], System.Configuration.SectionInput, Boolean, System.Configuration.FactoryRecord, System.Configuration.SectionRecord, System.Object)
时间：2017/10/11 星期三 16:31:32 Message:项“EJETDB247IDCTY”已添加。 (E:\pikaqiu\workspace\haikouproject\GridPointPrediction_Web\web.config line 35) 
 Source:System.Configuration 
 StackTrace:   在 System.Configuration.BaseConfigurationRecord.EvaluateOne(String[] keys, SectionInput input, Boolean isTrusted, FactoryRecord factoryRecord, SectionRecord sectionRecord, Object parentResult)
   在 System.Configuration.BaseConfigurationRecord.Evaluate(FactoryRecord factoryRecord, SectionRecord sectionRecord, Object parentResult, Boolean getLkg, Boolean getRuntimeObject, Object& result, Object& resultRuntimeObject)
   在 System.Configuration.BaseConfigurationRecord.GetSectionRecursive(String configKey, Boolean getLkg, Boolean checkPermission, Boolean getRuntimeObject, Boolean requestIsHere, Object& result, Object& resultRuntimeObject)
   在 System.Configuration.BaseConfigurationRecord.GetSection(String configKey)
   在 System.Web.HttpContext.GetSection(String sectionName)
   在 System.Web.Configuration.HttpConfigurationSystem.GetSection(String sectionName)
   在 System.Web.Configuration.HttpConfigurationSystem.System.Configuration.Internal.IInternalConfigSystem.GetSection(String configKey)
   在 System.Configuration.ConfigurationManager.GetSection(String sectionName)
   在 System.Configuration.ConfigurationManager.get_ConnectionStrings()
   在 DAL.OracleHelper..ctor(String connName) 位置 e:\pikaqiu\workspace\haikouproject\DAL\OracleDBHelper.cs:行号 35  
 TargetSiteSystem.Object EvaluateOne(System.String[], System.Configuration.SectionInput, Boolean, System.Configuration.FactoryRecord, System.Configuration.SectionRecord, System.Object)
时间：2017/10/11 星期三 16:43:14 Message:项“EJETDB247IDCTY”已添加。 (E:\pikaqiu\workspace\haikouproject\GridPointPrediction_Web\web.config line 35) 
 Source:System.Configuration 
 StackTrace:   在 System.Configuration.BaseConfigurationRecord.EvaluateOne(String[] keys, SectionInput input, Boolean isTrusted, FactoryRecord factoryRecord, SectionRecord sectionRecord, Object parentResult)
   在 System.Configuration.BaseConfigurationRecord.Evaluate(FactoryRecord factoryRecord, SectionRecord sectionRecord, Object parentResult, Boolean getLkg, Boolean getRuntimeObject, Object& result, Object& resultRuntimeObject)
   在 System.Configuration.BaseConfigurationRecord.GetSectionRecursive(String configKey, Boolean getLkg, Boolean checkPermission, Boolean getRuntimeObject, Boolean requestIsHere, Object& result, Object& resultRuntimeObject)
   在 System.Configuration.BaseConfigurationRecord.GetSection(String configKey)
   在 System.Web.HttpContext.GetSection(String sectionName)
   在 System.Web.Configuration.HttpConfigurationSystem.GetSection(String sectionName)
   在 System.Web.Configuration.HttpConfigurationSystem.System.Configuration.Internal.IInternalConfigSystem.GetSection(String configKey)
   在 System.Configuration.ConfigurationManager.GetSection(String sectionName)
   在 System.Configuration.ConfigurationManager.get_ConnectionStrings()
   在 DAL.OracleHelper..ctor(String connName) 位置 e:\pikaqiu\workspace\haikouproject\DAL\OracleDBHelper.cs:行号 35  
 TargetSiteSystem.Object EvaluateOne(System.String[], System.Configuration.SectionInput, Boolean, System.Configuration.FactoryRecord, System.Configuration.SectionRecord, System.Object)
