时间：2018/1/8 星期一 17:01:06 Message:ORA-00926: 缺失 VALUES 关键字 
 Source:Oracle Data Provider for .NET 
 StackTrace:   在 Oracle.DataAccess.Client.OracleException.HandleErrorHelper(Int32 errCode, OracleConnection conn, IntPtr opsErrCtx, OpoSqlValCtx* pOpoSqlValCtx, Object src, String procedure, Boolean bCheck)
   在 Oracle.DataAccess.Client.OracleException.HandleError(Int32 errCode, OracleConnection conn, String procedure, IntPtr opsErrCtx, OpoSqlValCtx* pOpoSqlValCtx, Object src, Boolean bCheck)
   在 Oracle.DataAccess.Client.OracleCommand.ExecuteNonQuery()
   在 DAL.OracleHelper.db_ExecuteNonQuery(String strSQL) 位置 e:\pikaqiu\workspace\haikouproject\DAL\OracleDBHelper.cs:行号 310  
 TargetSiteVoid HandleErrorHelper(Int32, Oracle.DataAccess.Client.OracleConnection, IntPtr, Oracle.DataAccess.Client.OpoSqlValCtx*, System.Object, System.String, Boolean)
时间：2018/1/8 星期一 17:01:57 Message:ORA-00926: 缺失 VALUES 关键字 
 Source:Oracle Data Provider for .NET 
 StackTrace:   在 Oracle.DataAccess.Client.OracleException.HandleErrorHelper(Int32 errCode, OracleConnection conn, IntPtr opsErrCtx, OpoSqlValCtx* pOpoSqlValCtx, Object src, String procedure, Boolean bCheck)
   在 Oracle.DataAccess.Client.OracleException.HandleError(Int32 errCode, OracleConnection conn, String procedure, IntPtr opsErrCtx, OpoSqlValCtx* pOpoSqlValCtx, Object src, Boolean bCheck)
   在 Oracle.DataAccess.Client.OracleCommand.ExecuteNonQuery()
   在 DAL.OracleHelper.db_ExecuteNonQuery(String strSQL) 位置 e:\pikaqiu\workspace\haikouproject\DAL\OracleDBHelper.cs:行号 310  
 TargetSiteVoid HandleErrorHelper(Int32, Oracle.DataAccess.Client.OracleConnection, IntPtr, Oracle.DataAccess.Client.OpoSqlValCtx*, System.Object, System.String, Boolean)
时间：2018/1/8 星期一 17:02:05 Message:ORA-00926: 缺失 VALUES 关键字 
 Source:Oracle Data Provider for .NET 
 StackTrace:   在 Oracle.DataAccess.Client.OracleException.HandleErrorHelper(Int32 errCode, OracleConnection conn, IntPtr opsErrCtx, OpoSqlValCtx* pOpoSqlValCtx, Object src, String procedure, Boolean bCheck)
   在 Oracle.DataAccess.Client.OracleException.HandleError(Int32 errCode, OracleConnection conn, String procedure, IntPtr opsErrCtx, OpoSqlValCtx* pOpoSqlValCtx, Object src, Boolean bCheck)
   在 Oracle.DataAccess.Client.OracleCommand.ExecuteNonQuery()
   在 DAL.OracleHelper.db_ExecuteNonQuery(String strSQL) 位置 e:\pikaqiu\workspace\haikouproject\DAL\OracleDBHelper.cs:行号 310  
 TargetSiteVoid HandleErrorHelper(Int32, Oracle.DataAccess.Client.OracleConnection, IntPtr, Oracle.DataAccess.Client.OpoSqlValCtx*, System.Object, System.String, Boolean)
时间：2018/1/8 星期一 17:05:17 Message:ORA-00926: 缺失 VALUES 关键字 
 Source:Oracle Data Provider for .NET 
 StackTrace:   在 Oracle.DataAccess.Client.OracleException.HandleErrorHelper(Int32 errCode, OracleConnection conn, IntPtr opsErrCtx, OpoSqlValCtx* pOpoSqlValCtx, Object src, String procedure, Boolean bCheck)
   在 Oracle.DataAccess.Client.OracleException.HandleError(Int32 errCode, OracleConnection conn, String procedure, IntPtr opsErrCtx, OpoSqlValCtx* pOpoSqlValCtx, Object src, Boolean bCheck)
   在 Oracle.DataAccess.Client.OracleCommand.ExecuteNonQuery()
   在 DAL.OracleHelper.db_ExecuteNonQuery(String strSQL) 位置 e:\pikaqiu\workspace\haikouproject\DAL\OracleDBHelper.cs:行号 310  
 TargetSiteVoid HandleErrorHelper(Int32, Oracle.DataAccess.Client.OracleConnection, IntPtr, Oracle.DataAccess.Client.OpoSqlValCtx*, System.Object, System.String, Boolean)
时间：2018/1/8 星期一 17:06:42 Message:ORA-00926: 缺失 VALUES 关键字 
 Source:Oracle Data Provider for .NET 
 StackTrace:   在 Oracle.DataAccess.Client.OracleException.HandleErrorHelper(Int32 errCode, OracleConnection conn, IntPtr opsErrCtx, OpoSqlValCtx* pOpoSqlValCtx, Object src, String procedure, Boolean bCheck)
   在 Oracle.DataAccess.Client.OracleException.HandleError(Int32 errCode, OracleConnection conn, String procedure, IntPtr opsErrCtx, OpoSqlValCtx* pOpoSqlValCtx, Object src, Boolean bCheck)
   在 Oracle.DataAccess.Client.OracleCommand.ExecuteNonQuery()
   在 DAL.OracleHelper.db_ExecuteNonQuery(String strSQL) 位置 e:\pikaqiu\workspace\haikouproject\DAL\OracleDBHelper.cs:行号 310  
 TargetSiteVoid HandleErrorHelper(Int32, Oracle.DataAccess.Client.OracleConnection, IntPtr, Oracle.DataAccess.Client.OpoSqlValCtx*, System.Object, System.String, Boolean)
时间：2018/1/8 星期一 17:16:04 Message:ORA-00947: 没有足够的值 
 Source:Oracle Data Provider for .NET 
 StackTrace:   在 Oracle.DataAccess.Client.OracleException.HandleErrorHelper(Int32 errCode, OracleConnection conn, IntPtr opsErrCtx, OpoSqlValCtx* pOpoSqlValCtx, Object src, String procedure, Boolean bCheck)
   在 Oracle.DataAccess.Client.OracleException.HandleError(Int32 errCode, OracleConnection conn, String procedure, IntPtr opsErrCtx, OpoSqlValCtx* pOpoSqlValCtx, Object src, Boolean bCheck)
   在 Oracle.DataAccess.Client.OracleCommand.ExecuteNonQuery()
   在 DAL.OracleHelper.db_ExecuteNonQuery(String strSQL) 位置 e:\pikaqiu\workspace\haikouproject\DAL\OracleDBHelper.cs:行号 310  
 TargetSiteVoid HandleErrorHelper(Int32, Oracle.DataAccess.Client.OracleConnection, IntPtr, Oracle.DataAccess.Client.OpoSqlValCtx*, System.Object, System.String, Boolean)
时间：2018/1/8 星期一 17:17:55 Message:ORA-00947: 没有足够的值 
 Source:Oracle Data Provider for .NET 
 StackTrace:   在 Oracle.DataAccess.Client.OracleException.HandleErrorHelper(Int32 errCode, OracleConnection conn, IntPtr opsErrCtx, OpoSqlValCtx* pOpoSqlValCtx, Object src, String procedure, Boolean bCheck)
   在 Oracle.DataAccess.Client.OracleException.HandleError(Int32 errCode, OracleConnection conn, String procedure, IntPtr opsErrCtx, OpoSqlValCtx* pOpoSqlValCtx, Object src, Boolean bCheck)
   在 Oracle.DataAccess.Client.OracleCommand.ExecuteNonQuery()
   在 DAL.OracleHelper.db_ExecuteNonQuery(String strSQL) 位置 e:\pikaqiu\workspace\haikouproject\DAL\OracleDBHelper.cs:行号 310  
 TargetSiteVoid HandleErrorHelper(Int32, Oracle.DataAccess.Client.OracleConnection, IntPtr, Oracle.DataAccess.Client.OpoSqlValCtx*, System.Object, System.String, Boolean)
