时间:2017/7/26 14:28:04Message:ORA-12170: TNS: 连接超时
 Source:Oracle Data Provider for .NET
 StackTrace:   在 Oracle.DataAccess.Client.OracleException.HandleErrorHelper(Int32 errCode, OracleConnection conn, IntPtr opsErrCtx, OpoSqlValCtx* pOpoSqlValCtx, Object src, String procedure)
   在 Oracle.DataAccess.Client.OracleException.HandleError(Int32 errCode, OracleConnection conn, IntPtr opsErrCtx, Object src)
   在 Oracle.DataAccess.Client.OracleConnection.Open()
   在 DAL.OracleHelper.PrepareCommand(OracleCommand command, OracleConnection connection, OracleTransaction trans, CommandType cmdType, String cmdText, OracleParameter[] commandParameters) 位置 e:\hainanproject\GridPointPrediction_Web\DAL\OracleDBHelper.cs:行号 456
   在 DAL.OracleHelper.ExecuteDataTable(String cmdText, OracleParameter[] commandParameters) 位置 e:\hainanproject\GridPointPrediction_Web\DAL\OracleDBHelper.cs:行号 260
   在 DAL.DALGridDatas.GetGridDatas_New(String NewTime, String model, String ybsx, String savetype, String username) 位置 e:\hainanproject\GridPointPrediction_Web\DAL\DAL.GridDatas.cs:行号 173
 TargetSiteVoid HandleErrorHelper(Int32, Oracle.DataAccess.Client.OracleConnection, IntPtr, Oracle.DataAccess.Client.OpoSqlValCtx*, System.Object, System.String)
===============================================================================
时间:2017/7/26 14:29:27Message:ORA-12170: TNS: 连接超时
 Source:Oracle Data Provider for .NET
 StackTrace:   在 Oracle.DataAccess.Client.OracleException.HandleErrorHelper(Int32 errCode, OracleConnection conn, IntPtr opsErrCtx, OpoSqlValCtx* pOpoSqlValCtx, Object src, String procedure)
   在 Oracle.DataAccess.Client.OracleException.HandleError(Int32 errCode, OracleConnection conn, IntPtr opsErrCtx, Object src)
   在 Oracle.DataAccess.Client.OracleConnection.Open()
   在 DAL.OracleHelper.PrepareCommand(OracleCommand command, OracleConnection connection, OracleTransaction trans, CommandType cmdType, String cmdText, OracleParameter[] commandParameters) 位置 e:\hainanproject\GridPointPrediction_Web\DAL\OracleDBHelper.cs:行号 456
   在 DAL.OracleHelper.ExecuteDataTable(String cmdText, OracleParameter[] commandParameters) 位置 e:\hainanproject\GridPointPrediction_Web\DAL\OracleDBHelper.cs:行号 260
   在 DAL.DALGridDatas.GetGridDatas_New(String NewTime, String model, String ybsx, String savetype, String username) 位置 e:\hainanproject\GridPointPrediction_Web\DAL\DAL.GridDatas.cs:行号 173
 TargetSiteVoid HandleErrorHelper(Int32, Oracle.DataAccess.Client.OracleConnection, IntPtr, Oracle.DataAccess.Client.OpoSqlValCtx*, System.Object, System.String)
===============================================================================
时间:2017/7/26 14:56:21Message:ORA-12170: TNS: 连接超时
 Source:Oracle Data Provider for .NET
 StackTrace:   在 Oracle.DataAccess.Client.OracleException.HandleErrorHelper(Int32 errCode, OracleConnection conn, IntPtr opsErrCtx, OpoSqlValCtx* pOpoSqlValCtx, Object src, String procedure)
   在 Oracle.DataAccess.Client.OracleException.HandleError(Int32 errCode, OracleConnection conn, IntPtr opsErrCtx, Object src)
   在 Oracle.DataAccess.Client.OracleConnection.Open()
   在 DAL.OracleHelper.PrepareCommand(OracleCommand command, OracleConnection connection, OracleTransaction trans, CommandType cmdType, String cmdText, OracleParameter[] commandParameters) 位置 e:\hainanproject\GridPointPrediction_Web\DAL\OracleDBHelper.cs:行号 456
   在 DAL.OracleHelper.ExecuteDataTable(String cmdText, OracleParameter[] commandParameters) 位置 e:\hainanproject\GridPointPrediction_Web\DAL\OracleDBHelper.cs:行号 260
   在 DAL.DALGridDatas.GetGridDatas_New(String NewTime, String model, String ybsx, String savetype, String username) 位置 e:\hainanproject\GridPointPrediction_Web\DAL\DAL.GridDatas.cs:行号 173
 TargetSiteVoid HandleErrorHelper(Int32, Oracle.DataAccess.Client.OracleConnection, IntPtr, Oracle.DataAccess.Client.OpoSqlValCtx*, System.Object, System.String)
===============================================================================
