时间:2017-02-26 18:58:37Message:OracleConnection.ConnectionString is invalid
 Source:Oracle.DataAccess
 StackTrace:   在 Oracle.DataAccess.Client.OracleConnection.Open()
   在 DAL.OracleHelper.PrepareCommand(OracleCommand command, OracleConnection connection, OracleTransaction trans, CommandType cmdType, String cmdText, OracleParameter[] commandParameters) 位置 F:\SunChao\项目\深圳气象局\精细化格点预报系统\项目\前台\GridPointPrediction_Web\DAL\OracleDBHelper.cs:行号 456
   在 DAL.OracleHelper.ExecuteDataTable(String cmdText, OracleParameter[] commandParameters) 位置 F:\SunChao\项目\深圳气象局\精细化格点预报系统\项目\前台\GridPointPrediction_Web\DAL\OracleDBHelper.cs:行号 260
   在 DAL.DALGridDatas.GetGridDatas(String IsFirstLoad, String model, String ybsx) 位置 F:\SunChao\项目\深圳气象局\精细化格点预报系统\项目\前台\GridPointPrediction_Web\DAL\DAL.GridDatas.cs:行号 27
 TargetSiteVoid Open()
===============================================================================
时间:2017-02-26 18:59:39Message:OracleConnection.ConnectionString is invalid
 Source:Oracle.DataAccess
 StackTrace:   在 Oracle.DataAccess.Client.OracleConnection.Open()
   在 DAL.OracleHelper.PrepareCommand(OracleCommand command, OracleConnection connection, OracleTransaction trans, CommandType cmdType, String cmdText, OracleParameter[] commandParameters) 位置 F:\SunChao\项目\深圳气象局\精细化格点预报系统\项目\前台\GridPointPrediction_Web\DAL\OracleDBHelper.cs:行号 456
   在 DAL.OracleHelper.ExecuteDataTable(String cmdText, OracleParameter[] commandParameters) 位置 F:\SunChao\项目\深圳气象局\精细化格点预报系统\项目\前台\GridPointPrediction_Web\DAL\OracleDBHelper.cs:行号 260
   在 DAL.DALGridDatas.GetGridDatas(String IsFirstLoad, String model, String ybsx) 位置 F:\SunChao\项目\深圳气象局\精细化格点预报系统\项目\前台\GridPointPrediction_Web\DAL\DAL.GridDatas.cs:行号 27
 TargetSiteVoid Open()
===============================================================================
时间:2017-02-26 18:59:40Message:OracleConnection.ConnectionString is invalid
 Source:Oracle.DataAccess
 StackTrace:   在 Oracle.DataAccess.Client.OracleConnection.Open()
   在 DAL.OracleHelper.PrepareCommand(OracleCommand command, OracleConnection connection, OracleTransaction trans, CommandType cmdType, String cmdText, OracleParameter[] commandParameters) 位置 F:\SunChao\项目\深圳气象局\精细化格点预报系统\项目\前台\GridPointPrediction_Web\DAL\OracleDBHelper.cs:行号 456
   在 DAL.OracleHelper.ExecuteDataTable(String cmdText, OracleParameter[] commandParameters) 位置 F:\SunChao\项目\深圳气象局\精细化格点预报系统\项目\前台\GridPointPrediction_Web\DAL\OracleDBHelper.cs:行号 260
   在 DAL.DALGridDatas.GetGridDatas(String IsFirstLoad, String model, String ybsx) 位置 F:\SunChao\项目\深圳气象局\精细化格点预报系统\项目\前台\GridPointPrediction_Web\DAL\DAL.GridDatas.cs:行号 27
 TargetSiteVoid Open()
===============================================================================
时间:2017-02-26 18:59:48Message:OracleConnection.ConnectionString is invalid
 Source:Oracle.DataAccess
 StackTrace:   在 Oracle.DataAccess.Client.OracleConnection.Open()
   在 DAL.OracleHelper.PrepareCommand(OracleCommand command, OracleConnection connection, OracleTransaction trans, CommandType cmdType, String cmdText, OracleParameter[] commandParameters) 位置 F:\SunChao\项目\深圳气象局\精细化格点预报系统\项目\前台\GridPointPrediction_Web\DAL\OracleDBHelper.cs:行号 456
   在 DAL.OracleHelper.ExecuteDataTable(String cmdText, OracleParameter[] commandParameters) 位置 F:\SunChao\项目\深圳气象局\精细化格点预报系统\项目\前台\GridPointPrediction_Web\DAL\OracleDBHelper.cs:行号 260
   在 DAL.DALGridDatas.GetGridDatas(String IsFirstLoad, String model, String ybsx) 位置 F:\SunChao\项目\深圳气象局\精细化格点预报系统\项目\前台\GridPointPrediction_Web\DAL\DAL.GridDatas.cs:行号 27
 TargetSiteVoid Open()
===============================================================================
时间:2017-02-26 19:00:51Message:OracleConnection.ConnectionString is invalid
 Source:Oracle.DataAccess
 StackTrace:   在 Oracle.DataAccess.Client.OracleConnection.Open()
   在 DAL.OracleHelper.PrepareCommand(OracleCommand command, OracleConnection connection, OracleTransaction trans, CommandType cmdType, String cmdText, OracleParameter[] commandParameters) 位置 F:\SunChao\项目\深圳气象局\精细化格点预报系统\项目\前台\GridPointPrediction_Web\DAL\OracleDBHelper.cs:行号 456
   在 DAL.OracleHelper.ExecuteDataTable(String cmdText, OracleParameter[] commandParameters) 位置 F:\SunChao\项目\深圳气象局\精细化格点预报系统\项目\前台\GridPointPrediction_Web\DAL\OracleDBHelper.cs:行号 260
   在 DAL.DALGridDatas.GetGridDatas(String IsFirstLoad, String model, String ybsx) 位置 F:\SunChao\项目\深圳气象局\精细化格点预报系统\项目\前台\GridPointPrediction_Web\DAL\DAL.GridDatas.cs:行号 27
 TargetSiteVoid Open()
===============================================================================
时间:2017-02-26 19:03:21Message:OracleConnection.ConnectionString is invalid
 Source:Oracle.DataAccess
 StackTrace:   在 Oracle.DataAccess.Client.OracleConnection.Open()
   在 DAL.OracleHelper.PrepareCommand(OracleCommand command, OracleConnection connection, OracleTransaction trans, CommandType cmdType, String cmdText, OracleParameter[] commandParameters) 位置 F:\SunChao\项目\深圳气象局\精细化格点预报系统\项目\前台\GridPointPrediction_Web\DAL\OracleDBHelper.cs:行号 456
   在 DAL.OracleHelper.ExecuteDataTable(String cmdText, OracleParameter[] commandParameters) 位置 F:\SunChao\项目\深圳气象局\精细化格点预报系统\项目\前台\GridPointPrediction_Web\DAL\OracleDBHelper.cs:行号 260
   在 DAL.DALGridDatas.GetGridDatas(String IsFirstLoad, String model, String ybsx) 位置 F:\SunChao\项目\深圳气象局\精细化格点预报系统\项目\前台\GridPointPrediction_Web\DAL\DAL.GridDatas.cs:行号 27
 TargetSiteVoid Open()
===============================================================================
时间:2017-02-26 19:05:20Message:OracleConnection.ConnectionString is invalid
 Source:Oracle.DataAccess
 StackTrace:   在 Oracle.DataAccess.Client.OracleConnection.Open()
   在 DAL.OracleHelper.PrepareCommand(OracleCommand command, OracleConnection connection, OracleTransaction trans, CommandType cmdType, String cmdText, OracleParameter[] commandParameters) 位置 F:\SunChao\项目\深圳气象局\精细化格点预报系统\项目\前台\GridPointPrediction_Web\DAL\OracleDBHelper.cs:行号 456
   在 DAL.OracleHelper.ExecuteDataTable(String cmdText, OracleParameter[] commandParameters) 位置 F:\SunChao\项目\深圳气象局\精细化格点预报系统\项目\前台\GridPointPrediction_Web\DAL\OracleDBHelper.cs:行号 260
   在 DAL.DALGridDatas.GetGridDatas(String IsFirstLoad, String model, String ybsx) 位置 F:\SunChao\项目\深圳气象局\精细化格点预报系统\项目\前台\GridPointPrediction_Web\DAL\DAL.GridDatas.cs:行号 27
 TargetSiteVoid Open()
===============================================================================
时间:2017-02-26 19:05:23Message:OracleConnection.ConnectionString is invalid
 Source:Oracle.DataAccess
 StackTrace:   在 Oracle.DataAccess.Client.OracleConnection.Open()
   在 DAL.OracleHelper.PrepareCommand(OracleCommand command, OracleConnection connection, OracleTransaction trans, CommandType cmdType, String cmdText, OracleParameter[] commandParameters) 位置 F:\SunChao\项目\深圳气象局\精细化格点预报系统\项目\前台\GridPointPrediction_Web\DAL\OracleDBHelper.cs:行号 456
   在 DAL.OracleHelper.ExecuteDataTable(String cmdText, OracleParameter[] commandParameters) 位置 F:\SunChao\项目\深圳气象局\精细化格点预报系统\项目\前台\GridPointPrediction_Web\DAL\OracleDBHelper.cs:行号 260
   在 DAL.DALGridDatas.GetGridDatas(String IsFirstLoad, String model, String ybsx) 位置 F:\SunChao\项目\深圳气象局\精细化格点预报系统\项目\前台\GridPointPrediction_Web\DAL\DAL.GridDatas.cs:行号 27
 TargetSiteVoid Open()
===============================================================================
时间:2017-02-26 19:05:24Message:OracleConnection.ConnectionString is invalid
 Source:Oracle.DataAccess
 StackTrace:   在 Oracle.DataAccess.Client.OracleConnection.Open()
   在 DAL.OracleHelper.PrepareCommand(OracleCommand command, OracleConnection connection, OracleTransaction trans, CommandType cmdType, String cmdText, OracleParameter[] commandParameters) 位置 F:\SunChao\项目\深圳气象局\精细化格点预报系统\项目\前台\GridPointPrediction_Web\DAL\OracleDBHelper.cs:行号 456
   在 DAL.OracleHelper.ExecuteDataTable(String cmdText, OracleParameter[] commandParameters) 位置 F:\SunChao\项目\深圳气象局\精细化格点预报系统\项目\前台\GridPointPrediction_Web\DAL\OracleDBHelper.cs:行号 260
   在 DAL.DALGridDatas.GetGridDatas(String IsFirstLoad, String model, String ybsx) 位置 F:\SunChao\项目\深圳气象局\精细化格点预报系统\项目\前台\GridPointPrediction_Web\DAL\DAL.GridDatas.cs:行号 27
 TargetSiteVoid Open()
===============================================================================
时间:2017-02-26 19:05:35Message:OracleConnection.ConnectionString is invalid
 Source:Oracle.DataAccess
 StackTrace:   在 Oracle.DataAccess.Client.OracleConnection.Open()
   在 DAL.OracleHelper.PrepareCommand(OracleCommand command, OracleConnection connection, OracleTransaction trans, CommandType cmdType, String cmdText, OracleParameter[] commandParameters) 位置 F:\SunChao\项目\深圳气象局\精细化格点预报系统\项目\前台\GridPointPrediction_Web\DAL\OracleDBHelper.cs:行号 456
   在 DAL.OracleHelper.ExecuteDataTable(String cmdText, OracleParameter[] commandParameters) 位置 F:\SunChao\项目\深圳气象局\精细化格点预报系统\项目\前台\GridPointPrediction_Web\DAL\OracleDBHelper.cs:行号 260
   在 DAL.DALGridDatas.GetGridDatas(String IsFirstLoad, String model, String ybsx) 位置 F:\SunChao\项目\深圳气象局\精细化格点预报系统\项目\前台\GridPointPrediction_Web\DAL\DAL.GridDatas.cs:行号 27
 TargetSiteVoid Open()
===============================================================================
时间:2017-02-26 19:07:36Message:OracleConnection.ConnectionString is invalid
 Source:Oracle.DataAccess
 StackTrace:   在 Oracle.DataAccess.Client.OracleConnection.Open()
   在 DAL.OracleHelper.PrepareCommand(OracleCommand command, OracleConnection connection, OracleTransaction trans, CommandType cmdType, String cmdText, OracleParameter[] commandParameters) 位置 F:\SunChao\项目\深圳气象局\精细化格点预报系统\项目\前台\GridPointPrediction_Web\DAL\OracleDBHelper.cs:行号 456
   在 DAL.OracleHelper.ExecuteDataTable(String cmdText, OracleParameter[] commandParameters) 位置 F:\SunChao\项目\深圳气象局\精细化格点预报系统\项目\前台\GridPointPrediction_Web\DAL\OracleDBHelper.cs:行号 260
   在 DAL.DALGridDatas.GetGridDatas(String IsFirstLoad, String model, String ybsx) 位置 F:\SunChao\项目\深圳气象局\精细化格点预报系统\项目\前台\GridPointPrediction_Web\DAL\DAL.GridDatas.cs:行号 27
 TargetSiteVoid Open()
===============================================================================
时间:2017-02-26 19:09:15Message:OracleConnection.ConnectionString is invalid
 Source:Oracle.DataAccess
 StackTrace:   在 Oracle.DataAccess.Client.OracleConnection.Open()
   在 DAL.OracleHelper.PrepareCommand(OracleCommand command, OracleConnection connection, OracleTransaction trans, CommandType cmdType, String cmdText, OracleParameter[] commandParameters) 位置 F:\SunChao\项目\深圳气象局\精细化格点预报系统\项目\前台\GridPointPrediction_Web\DAL\OracleDBHelper.cs:行号 456
   在 DAL.OracleHelper.ExecuteDataTable(String cmdText, OracleParameter[] commandParameters) 位置 F:\SunChao\项目\深圳气象局\精细化格点预报系统\项目\前台\GridPointPrediction_Web\DAL\OracleDBHelper.cs:行号 260
   在 DAL.DALGridDatas.GetGridDatas(String IsFirstLoad, String model, String ybsx) 位置 F:\SunChao\项目\深圳气象局\精细化格点预报系统\项目\前台\GridPointPrediction_Web\DAL\DAL.GridDatas.cs:行号 27
 TargetSiteVoid Open()
===============================================================================
时间:2017-02-26 19:14:28Message:OracleConnection.ConnectionString is invalid
 Source:Oracle.DataAccess
 StackTrace:   在 Oracle.DataAccess.Client.OracleConnection.Open()
   在 DAL.OracleHelper.PrepareCommand(OracleCommand command, OracleConnection connection, OracleTransaction trans, CommandType cmdType, String cmdText, OracleParameter[] commandParameters) 位置 F:\SunChao\项目\深圳气象局\精细化格点预报系统\项目\前台\GridPointPrediction_Web\DAL\OracleDBHelper.cs:行号 456
   在 DAL.OracleHelper.ExecuteDataTable(String cmdText, OracleParameter[] commandParameters) 位置 F:\SunChao\项目\深圳气象局\精细化格点预报系统\项目\前台\GridPointPrediction_Web\DAL\OracleDBHelper.cs:行号 260
   在 DAL.DALGridDatas.GetGridDatas(String IsFirstLoad, String model, String ybsx) 位置 F:\SunChao\项目\深圳气象局\精细化格点预报系统\项目\前台\GridPointPrediction_Web\DAL\DAL.GridDatas.cs:行号 27
 TargetSiteVoid Open()
===============================================================================
时间:2017-02-26 19:17:08Message:OracleConnection.ConnectionString is invalid
 Source:Oracle.DataAccess
 StackTrace:   在 Oracle.DataAccess.Client.OracleConnection.Open()
   在 DAL.OracleHelper.PrepareCommand(OracleCommand command, OracleConnection connection, OracleTransaction trans, CommandType cmdType, String cmdText, OracleParameter[] commandParameters) 位置 F:\SunChao\项目\深圳气象局\精细化格点预报系统\项目\前台\GridPointPrediction_Web\DAL\OracleDBHelper.cs:行号 456
   在 DAL.OracleHelper.ExecuteDataTable(String cmdText, OracleParameter[] commandParameters) 位置 F:\SunChao\项目\深圳气象局\精细化格点预报系统\项目\前台\GridPointPrediction_Web\DAL\OracleDBHelper.cs:行号 260
   在 DAL.DALGridDatas.GetGridDatas(String IsFirstLoad, String model, String ybsx) 位置 F:\SunChao\项目\深圳气象局\精细化格点预报系统\项目\前台\GridPointPrediction_Web\DAL\DAL.GridDatas.cs:行号 27
 TargetSiteVoid Open()
===============================================================================
时间:2017-02-26 19:17:21Message:OracleConnection.ConnectionString is invalid
 Source:Oracle.DataAccess
 StackTrace:   在 Oracle.DataAccess.Client.OracleConnection.Open()
   在 DAL.OracleHelper.PrepareCommand(OracleCommand command, OracleConnection connection, OracleTransaction trans, CommandType cmdType, String cmdText, OracleParameter[] commandParameters) 位置 F:\SunChao\项目\深圳气象局\精细化格点预报系统\项目\前台\GridPointPrediction_Web\DAL\OracleDBHelper.cs:行号 456
   在 DAL.OracleHelper.ExecuteDataTable(String cmdText, OracleParameter[] commandParameters) 位置 F:\SunChao\项目\深圳气象局\精细化格点预报系统\项目\前台\GridPointPrediction_Web\DAL\OracleDBHelper.cs:行号 260
   在 DAL.DALGridDatas.GetGridDatas(String IsFirstLoad, String model, String ybsx) 位置 F:\SunChao\项目\深圳气象局\精细化格点预报系统\项目\前台\GridPointPrediction_Web\DAL\DAL.GridDatas.cs:行号 27
 TargetSiteVoid Open()
===============================================================================
时间:2017-02-26 19:17:44Message:OracleConnection.ConnectionString is invalid
 Source:Oracle.DataAccess
 StackTrace:   在 Oracle.DataAccess.Client.OracleConnection.Open()
   在 DAL.OracleHelper.PrepareCommand(OracleCommand command, OracleConnection connection, OracleTransaction trans, CommandType cmdType, String cmdText, OracleParameter[] commandParameters) 位置 F:\SunChao\项目\深圳气象局\精细化格点预报系统\项目\前台\GridPointPrediction_Web\DAL\OracleDBHelper.cs:行号 456
   在 DAL.OracleHelper.ExecuteDataTable(String cmdText, OracleParameter[] commandParameters) 位置 F:\SunChao\项目\深圳气象局\精细化格点预报系统\项目\前台\GridPointPrediction_Web\DAL\OracleDBHelper.cs:行号 260
   在 DAL.DALGridDatas.GetGridDatas(String IsFirstLoad, String model, String ybsx) 位置 F:\SunChao\项目\深圳气象局\精细化格点预报系统\项目\前台\GridPointPrediction_Web\DAL\DAL.GridDatas.cs:行号 27
 TargetSiteVoid Open()
===============================================================================
时间:2017-02-26 19:20:11Message:OracleConnection.ConnectionString is invalid
 Source:Oracle.DataAccess
 StackTrace:   在 Oracle.DataAccess.Client.OracleConnection.Open()
   在 DAL.OracleHelper.PrepareCommand(OracleCommand command, OracleConnection connection, OracleTransaction trans, CommandType cmdType, String cmdText, OracleParameter[] commandParameters) 位置 F:\SunChao\项目\深圳气象局\精细化格点预报系统\项目\前台\GridPointPrediction_Web\DAL\OracleDBHelper.cs:行号 456
   在 DAL.OracleHelper.ExecuteDataTable(String cmdText, OracleParameter[] commandParameters) 位置 F:\SunChao\项目\深圳气象局\精细化格点预报系统\项目\前台\GridPointPrediction_Web\DAL\OracleDBHelper.cs:行号 260
   在 DAL.DALGridDatas.GetGridDatas(String IsFirstLoad, String model, String ybsx) 位置 F:\SunChao\项目\深圳气象局\精细化格点预报系统\项目\前台\GridPointPrediction_Web\DAL\DAL.GridDatas.cs:行号 27
 TargetSiteVoid Open()
===============================================================================
时间:2017-02-26 19:21:22Message:OracleConnection.ConnectionString is invalid
 Source:Oracle.DataAccess
 StackTrace:   在 Oracle.DataAccess.Client.OracleConnection.Open()
   在 DAL.OracleHelper.PrepareCommand(OracleCommand command, OracleConnection connection, OracleTransaction trans, CommandType cmdType, String cmdText, OracleParameter[] commandParameters) 位置 F:\SunChao\项目\深圳气象局\精细化格点预报系统\项目\前台\GridPointPrediction_Web\DAL\OracleDBHelper.cs:行号 456
   在 DAL.OracleHelper.ExecuteDataTable(String cmdText, OracleParameter[] commandParameters) 位置 F:\SunChao\项目\深圳气象局\精细化格点预报系统\项目\前台\GridPointPrediction_Web\DAL\OracleDBHelper.cs:行号 260
   在 DAL.DALGridDatas.GetGridDatas(String IsFirstLoad, String model, String ybsx) 位置 F:\SunChao\项目\深圳气象局\精细化格点预报系统\项目\前台\GridPointPrediction_Web\DAL\DAL.GridDatas.cs:行号 27
 TargetSiteVoid Open()
===============================================================================
时间:2017-02-26 19:24:00Message:OracleConnection.ConnectionString is invalid
 Source:Oracle.DataAccess
 StackTrace:   在 Oracle.DataAccess.Client.OracleConnection.Open()
   在 DAL.OracleHelper.PrepareCommand(OracleCommand command, OracleConnection connection, OracleTransaction trans, CommandType cmdType, String cmdText, OracleParameter[] commandParameters) 位置 F:\SunChao\项目\深圳气象局\精细化格点预报系统\项目\前台\GridPointPrediction_Web\DAL\OracleDBHelper.cs:行号 456
   在 DAL.OracleHelper.ExecuteDataTable(String cmdText, OracleParameter[] commandParameters) 位置 F:\SunChao\项目\深圳气象局\精细化格点预报系统\项目\前台\GridPointPrediction_Web\DAL\OracleDBHelper.cs:行号 260
   在 DAL.DALGridDatas.GetGridDatas(String IsFirstLoad, String model, String ybsx) 位置 F:\SunChao\项目\深圳气象局\精细化格点预报系统\项目\前台\GridPointPrediction_Web\DAL\DAL.GridDatas.cs:行号 27
 TargetSiteVoid Open()
===============================================================================
时间:2017-02-26 19:25:37Message:OracleConnection.ConnectionString is invalid
 Source:Oracle.DataAccess
 StackTrace:   在 Oracle.DataAccess.Client.OracleConnection.Open()
   在 DAL.OracleHelper.PrepareCommand(OracleCommand command, OracleConnection connection, OracleTransaction trans, CommandType cmdType, String cmdText, OracleParameter[] commandParameters) 位置 F:\SunChao\项目\深圳气象局\精细化格点预报系统\项目\前台\GridPointPrediction_Web\DAL\OracleDBHelper.cs:行号 456
   在 DAL.OracleHelper.ExecuteDataTable(String cmdText, OracleParameter[] commandParameters) 位置 F:\SunChao\项目\深圳气象局\精细化格点预报系统\项目\前台\GridPointPrediction_Web\DAL\OracleDBHelper.cs:行号 260
   在 DAL.DALGridDatas.GetGridDatas(String IsFirstLoad, String model, String ybsx) 位置 F:\SunChao\项目\深圳气象局\精细化格点预报系统\项目\前台\GridPointPrediction_Web\DAL\DAL.GridDatas.cs:行号 27
 TargetSiteVoid Open()
===============================================================================
时间:2017-02-26 19:26:01Message:OracleConnection.ConnectionString is invalid
 Source:Oracle.DataAccess
 StackTrace:   在 Oracle.DataAccess.Client.OracleConnection.Open()
   在 DAL.OracleHelper.PrepareCommand(OracleCommand command, OracleConnection connection, OracleTransaction trans, CommandType cmdType, String cmdText, OracleParameter[] commandParameters) 位置 F:\SunChao\项目\深圳气象局\精细化格点预报系统\项目\前台\GridPointPrediction_Web\DAL\OracleDBHelper.cs:行号 456
   在 DAL.OracleHelper.ExecuteDataTable(String cmdText, OracleParameter[] commandParameters) 位置 F:\SunChao\项目\深圳气象局\精细化格点预报系统\项目\前台\GridPointPrediction_Web\DAL\OracleDBHelper.cs:行号 260
   在 DAL.DALGridDatas.GetGridDatas(String IsFirstLoad, String model, String ybsx) 位置 F:\SunChao\项目\深圳气象局\精细化格点预报系统\项目\前台\GridPointPrediction_Web\DAL\DAL.GridDatas.cs:行号 27
 TargetSiteVoid Open()
===============================================================================
时间:2017-02-26 19:27:27Message:OracleConnection.ConnectionString is invalid
 Source:Oracle.DataAccess
 StackTrace:   在 Oracle.DataAccess.Client.OracleConnection.Open()
   在 DAL.OracleHelper.PrepareCommand(OracleCommand command, OracleConnection connection, OracleTransaction trans, CommandType cmdType, String cmdText, OracleParameter[] commandParameters) 位置 F:\SunChao\项目\深圳气象局\精细化格点预报系统\项目\前台\GridPointPrediction_Web\DAL\OracleDBHelper.cs:行号 456
   在 DAL.OracleHelper.ExecuteDataTable(String cmdText, OracleParameter[] commandParameters) 位置 F:\SunChao\项目\深圳气象局\精细化格点预报系统\项目\前台\GridPointPrediction_Web\DAL\OracleDBHelper.cs:行号 260
   在 DAL.DALGridDatas.GetGridDatas(String IsFirstLoad, String model, String ybsx) 位置 F:\SunChao\项目\深圳气象局\精细化格点预报系统\项目\前台\GridPointPrediction_Web\DAL\DAL.GridDatas.cs:行号 27
 TargetSiteVoid Open()
===============================================================================
时间:2017-02-26 19:28:43Message:OracleConnection.ConnectionString is invalid
 Source:Oracle.DataAccess
 StackTrace:   在 Oracle.DataAccess.Client.OracleConnection.Open()
   在 DAL.OracleHelper.PrepareCommand(OracleCommand command, OracleConnection connection, OracleTransaction trans, CommandType cmdType, String cmdText, OracleParameter[] commandParameters) 位置 F:\SunChao\项目\深圳气象局\精细化格点预报系统\项目\前台\GridPointPrediction_Web\DAL\OracleDBHelper.cs:行号 456
   在 DAL.OracleHelper.ExecuteDataTable(String cmdText, OracleParameter[] commandParameters) 位置 F:\SunChao\项目\深圳气象局\精细化格点预报系统\项目\前台\GridPointPrediction_Web\DAL\OracleDBHelper.cs:行号 260
   在 DAL.DALGridDatas.GetGridDatas(String IsFirstLoad, String model, String ybsx) 位置 F:\SunChao\项目\深圳气象局\精细化格点预报系统\项目\前台\GridPointPrediction_Web\DAL\DAL.GridDatas.cs:行号 27
 TargetSiteVoid Open()
===============================================================================
时间:2017-02-26 19:33:21Message:OracleConnection.ConnectionString is invalid
 Source:Oracle.DataAccess
 StackTrace:   在 Oracle.DataAccess.Client.OracleConnection.Open()
   在 DAL.OracleHelper.PrepareCommand(OracleCommand command, OracleConnection connection, OracleTransaction trans, CommandType cmdType, String cmdText, OracleParameter[] commandParameters) 位置 F:\SunChao\项目\深圳气象局\精细化格点预报系统\项目\前台\GridPointPrediction_Web\DAL\OracleDBHelper.cs:行号 456
   在 DAL.OracleHelper.ExecuteDataTable(String cmdText, OracleParameter[] commandParameters) 位置 F:\SunChao\项目\深圳气象局\精细化格点预报系统\项目\前台\GridPointPrediction_Web\DAL\OracleDBHelper.cs:行号 260
   在 DAL.DALGridDatas.GetGridDatas(String IsFirstLoad, String model, String ybsx) 位置 F:\SunChao\项目\深圳气象局\精细化格点预报系统\项目\前台\GridPointPrediction_Web\DAL\DAL.GridDatas.cs:行号 27
 TargetSiteVoid Open()
===============================================================================
时间:2017-02-26 19:33:33Message:OracleConnection.ConnectionString is invalid
 Source:Oracle.DataAccess
 StackTrace:   在 Oracle.DataAccess.Client.OracleConnection.Open()
   在 DAL.OracleHelper.PrepareCommand(OracleCommand command, OracleConnection connection, OracleTransaction trans, CommandType cmdType, String cmdText, OracleParameter[] commandParameters) 位置 F:\SunChao\项目\深圳气象局\精细化格点预报系统\项目\前台\GridPointPrediction_Web\DAL\OracleDBHelper.cs:行号 456
   在 DAL.OracleHelper.ExecuteDataTable(String cmdText, OracleParameter[] commandParameters) 位置 F:\SunChao\项目\深圳气象局\精细化格点预报系统\项目\前台\GridPointPrediction_Web\DAL\OracleDBHelper.cs:行号 260
   在 DAL.DALGridDatas.GetGridDatas(String IsFirstLoad, String model, String ybsx) 位置 F:\SunChao\项目\深圳气象局\精细化格点预报系统\项目\前台\GridPointPrediction_Web\DAL\DAL.GridDatas.cs:行号 27
 TargetSiteVoid Open()
===============================================================================
时间:2017-02-26 19:41:43Message:OracleConnection.ConnectionString is invalid
 Source:Oracle.DataAccess
 StackTrace:   在 Oracle.DataAccess.Client.OracleConnection.Open()
   在 DAL.OracleHelper.PrepareCommand(OracleCommand command, OracleConnection connection, OracleTransaction trans, CommandType cmdType, String cmdText, OracleParameter[] commandParameters) 位置 F:\SunChao\项目\深圳气象局\精细化格点预报系统\项目\前台\GridPointPrediction_Web\DAL\OracleDBHelper.cs:行号 456
   在 DAL.OracleHelper.ExecuteDataTable(String cmdText, OracleParameter[] commandParameters) 位置 F:\SunChao\项目\深圳气象局\精细化格点预报系统\项目\前台\GridPointPrediction_Web\DAL\OracleDBHelper.cs:行号 260
   在 DAL.DALGridDatas.GetGridDatas(String IsFirstLoad, String model, String ybsx) 位置 F:\SunChao\项目\深圳气象局\精细化格点预报系统\项目\前台\GridPointPrediction_Web\DAL\DAL.GridDatas.cs:行号 27
 TargetSiteVoid Open()
===============================================================================
时间:2017-02-26 19:44:21Message:OracleConnection.ConnectionString is invalid
 Source:Oracle.DataAccess
 StackTrace:   在 Oracle.DataAccess.Client.OracleConnection.Open()
   在 DAL.OracleHelper.PrepareCommand(OracleCommand command, OracleConnection connection, OracleTransaction trans, CommandType cmdType, String cmdText, OracleParameter[] commandParameters) 位置 F:\SunChao\项目\深圳气象局\精细化格点预报系统\项目\前台\GridPointPrediction_Web\DAL\OracleDBHelper.cs:行号 456
   在 DAL.OracleHelper.ExecuteDataTable(String cmdText, OracleParameter[] commandParameters) 位置 F:\SunChao\项目\深圳气象局\精细化格点预报系统\项目\前台\GridPointPrediction_Web\DAL\OracleDBHelper.cs:行号 260
   在 DAL.DALGridDatas.GetGridDatas(String IsFirstLoad, String model, String ybsx) 位置 F:\SunChao\项目\深圳气象局\精细化格点预报系统\项目\前台\GridPointPrediction_Web\DAL\DAL.GridDatas.cs:行号 27
 TargetSiteVoid Open()
===============================================================================
时间:2017-02-26 19:44:21Message:OracleConnection.ConnectionString is invalid
 Source:Oracle.DataAccess
 StackTrace:   在 Oracle.DataAccess.Client.OracleConnection.Open()
   在 DAL.OracleHelper.PrepareCommand(OracleCommand command, OracleConnection connection, OracleTransaction trans, CommandType cmdType, String cmdText, OracleParameter[] commandParameters) 位置 F:\SunChao\项目\深圳气象局\精细化格点预报系统\项目\前台\GridPointPrediction_Web\DAL\OracleDBHelper.cs:行号 456
   在 DAL.OracleHelper.ExecuteDataTable(String cmdText, OracleParameter[] commandParameters) 位置 F:\SunChao\项目\深圳气象局\精细化格点预报系统\项目\前台\GridPointPrediction_Web\DAL\OracleDBHelper.cs:行号 260
   在 DAL.DALGridDatas.GetGridDatas(String IsFirstLoad, String model, String ybsx) 位置 F:\SunChao\项目\深圳气象局\精细化格点预报系统\项目\前台\GridPointPrediction_Web\DAL\DAL.GridDatas.cs:行号 27
 TargetSiteVoid Open()
===============================================================================
时间:2017-02-26 19:45:29Message:OracleConnection.ConnectionString is invalid
 Source:Oracle.DataAccess
 StackTrace:   在 Oracle.DataAccess.Client.OracleConnection.Open()
   在 DAL.OracleHelper.PrepareCommand(OracleCommand command, OracleConnection connection, OracleTransaction trans, CommandType cmdType, String cmdText, OracleParameter[] commandParameters) 位置 F:\SunChao\项目\深圳气象局\精细化格点预报系统\项目\前台\GridPointPrediction_Web\DAL\OracleDBHelper.cs:行号 456
   在 DAL.OracleHelper.ExecuteDataTable(String cmdText, OracleParameter[] commandParameters) 位置 F:\SunChao\项目\深圳气象局\精细化格点预报系统\项目\前台\GridPointPrediction_Web\DAL\OracleDBHelper.cs:行号 260
   在 DAL.DALGridDatas.GetGridDatas(String IsFirstLoad, String model, String ybsx) 位置 F:\SunChao\项目\深圳气象局\精细化格点预报系统\项目\前台\GridPointPrediction_Web\DAL\DAL.GridDatas.cs:行号 27
 TargetSiteVoid Open()
===============================================================================
时间:2017-02-26 19:46:27Message:OracleConnection.ConnectionString is invalid
 Source:Oracle.DataAccess
 StackTrace:   在 Oracle.DataAccess.Client.OracleConnection.Open()
   在 DAL.OracleHelper.PrepareCommand(OracleCommand command, OracleConnection connection, OracleTransaction trans, CommandType cmdType, String cmdText, OracleParameter[] commandParameters) 位置 F:\SunChao\项目\深圳气象局\精细化格点预报系统\项目\前台\GridPointPrediction_Web\DAL\OracleDBHelper.cs:行号 456
   在 DAL.OracleHelper.ExecuteDataTable(String cmdText, OracleParameter[] commandParameters) 位置 F:\SunChao\项目\深圳气象局\精细化格点预报系统\项目\前台\GridPointPrediction_Web\DAL\OracleDBHelper.cs:行号 260
   在 DAL.DALGridDatas.GetGridDatas(String IsFirstLoad, String model, String ybsx) 位置 F:\SunChao\项目\深圳气象局\精细化格点预报系统\项目\前台\GridPointPrediction_Web\DAL\DAL.GridDatas.cs:行号 27
 TargetSiteVoid Open()
===============================================================================
时间:2017-02-26 19:48:40Message:OracleConnection.ConnectionString is invalid
 Source:Oracle.DataAccess
 StackTrace:   在 Oracle.DataAccess.Client.OracleConnection.Open()
   在 DAL.OracleHelper.PrepareCommand(OracleCommand command, OracleConnection connection, OracleTransaction trans, CommandType cmdType, String cmdText, OracleParameter[] commandParameters) 位置 F:\SunChao\项目\深圳气象局\精细化格点预报系统\项目\前台\GridPointPrediction_Web\DAL\OracleDBHelper.cs:行号 456
   在 DAL.OracleHelper.ExecuteDataTable(String cmdText, OracleParameter[] commandParameters) 位置 F:\SunChao\项目\深圳气象局\精细化格点预报系统\项目\前台\GridPointPrediction_Web\DAL\OracleDBHelper.cs:行号 260
   在 DAL.DALGridDatas.GetGridDatas(String IsFirstLoad, String model, String ybsx) 位置 F:\SunChao\项目\深圳气象局\精细化格点预报系统\项目\前台\GridPointPrediction_Web\DAL\DAL.GridDatas.cs:行号 27
 TargetSiteVoid Open()
===============================================================================
时间:2017-02-26 19:48:46Message:OracleConnection.ConnectionString is invalid
 Source:Oracle.DataAccess
 StackTrace:   在 Oracle.DataAccess.Client.OracleConnection.Open()
   在 DAL.OracleHelper.PrepareCommand(OracleCommand command, OracleConnection connection, OracleTransaction trans, CommandType cmdType, String cmdText, OracleParameter[] commandParameters) 位置 F:\SunChao\项目\深圳气象局\精细化格点预报系统\项目\前台\GridPointPrediction_Web\DAL\OracleDBHelper.cs:行号 456
   在 DAL.OracleHelper.ExecuteDataTable(String cmdText, OracleParameter[] commandParameters) 位置 F:\SunChao\项目\深圳气象局\精细化格点预报系统\项目\前台\GridPointPrediction_Web\DAL\OracleDBHelper.cs:行号 260
   在 DAL.DALGridDatas.GetGridDatas(String IsFirstLoad, String model, String ybsx) 位置 F:\SunChao\项目\深圳气象局\精细化格点预报系统\项目\前台\GridPointPrediction_Web\DAL\DAL.GridDatas.cs:行号 27
 TargetSiteVoid Open()
===============================================================================
时间:2017-02-26 19:48:48Message:OracleConnection.ConnectionString is invalid
 Source:Oracle.DataAccess
 StackTrace:   在 Oracle.DataAccess.Client.OracleConnection.Open()
   在 DAL.OracleHelper.PrepareCommand(OracleCommand command, OracleConnection connection, OracleTransaction trans, CommandType cmdType, String cmdText, OracleParameter[] commandParameters) 位置 F:\SunChao\项目\深圳气象局\精细化格点预报系统\项目\前台\GridPointPrediction_Web\DAL\OracleDBHelper.cs:行号 456
   在 DAL.OracleHelper.ExecuteDataTable(String cmdText, OracleParameter[] commandParameters) 位置 F:\SunChao\项目\深圳气象局\精细化格点预报系统\项目\前台\GridPointPrediction_Web\DAL\OracleDBHelper.cs:行号 260
   在 DAL.DALGridDatas.GetGridDatas(String IsFirstLoad, String model, String ybsx) 位置 F:\SunChao\项目\深圳气象局\精细化格点预报系统\项目\前台\GridPointPrediction_Web\DAL\DAL.GridDatas.cs:行号 27
 TargetSiteVoid Open()
===============================================================================
时间:2017-02-26 19:49:42Message:OracleConnection.ConnectionString is invalid
 Source:Oracle.DataAccess
 StackTrace:   在 Oracle.DataAccess.Client.OracleConnection.Open()
   在 DAL.OracleHelper.PrepareCommand(OracleCommand command, OracleConnection connection, OracleTransaction trans, CommandType cmdType, String cmdText, OracleParameter[] commandParameters) 位置 F:\SunChao\项目\深圳气象局\精细化格点预报系统\项目\前台\GridPointPrediction_Web\DAL\OracleDBHelper.cs:行号 456
   在 DAL.OracleHelper.ExecuteDataTable(String cmdText, OracleParameter[] commandParameters) 位置 F:\SunChao\项目\深圳气象局\精细化格点预报系统\项目\前台\GridPointPrediction_Web\DAL\OracleDBHelper.cs:行号 260
   在 DAL.DALGridDatas.GetGridDatas(String IsFirstLoad, String model, String ybsx) 位置 F:\SunChao\项目\深圳气象局\精细化格点预报系统\项目\前台\GridPointPrediction_Web\DAL\DAL.GridDatas.cs:行号 27
 TargetSiteVoid Open()
===============================================================================
时间:2017-02-26 19:49:59Message:OracleConnection.ConnectionString is invalid
 Source:Oracle.DataAccess
 StackTrace:   在 Oracle.DataAccess.Client.OracleConnection.Open()
   在 DAL.OracleHelper.PrepareCommand(OracleCommand command, OracleConnection connection, OracleTransaction trans, CommandType cmdType, String cmdText, OracleParameter[] commandParameters) 位置 F:\SunChao\项目\深圳气象局\精细化格点预报系统\项目\前台\GridPointPrediction_Web\DAL\OracleDBHelper.cs:行号 456
   在 DAL.OracleHelper.ExecuteDataTable(String cmdText, OracleParameter[] commandParameters) 位置 F:\SunChao\项目\深圳气象局\精细化格点预报系统\项目\前台\GridPointPrediction_Web\DAL\OracleDBHelper.cs:行号 260
   在 DAL.DALGridDatas.GetGridDatas(String IsFirstLoad, String model, String ybsx) 位置 F:\SunChao\项目\深圳气象局\精细化格点预报系统\项目\前台\GridPointPrediction_Web\DAL\DAL.GridDatas.cs:行号 27
 TargetSiteVoid Open()
===============================================================================
时间:2017-02-26 19:50:02Message:OracleConnection.ConnectionString is invalid
 Source:Oracle.DataAccess
 StackTrace:   在 Oracle.DataAccess.Client.OracleConnection.Open()
   在 DAL.OracleHelper.PrepareCommand(OracleCommand command, OracleConnection connection, OracleTransaction trans, CommandType cmdType, String cmdText, OracleParameter[] commandParameters) 位置 F:\SunChao\项目\深圳气象局\精细化格点预报系统\项目\前台\GridPointPrediction_Web\DAL\OracleDBHelper.cs:行号 456
   在 DAL.OracleHelper.ExecuteDataTable(String cmdText, OracleParameter[] commandParameters) 位置 F:\SunChao\项目\深圳气象局\精细化格点预报系统\项目\前台\GridPointPrediction_Web\DAL\OracleDBHelper.cs:行号 260
   在 DAL.DALGridDatas.GetGridDatas(String IsFirstLoad, String model, String ybsx) 位置 F:\SunChao\项目\深圳气象局\精细化格点预报系统\项目\前台\GridPointPrediction_Web\DAL\DAL.GridDatas.cs:行号 27
 TargetSiteVoid Open()
===============================================================================
