时间:2017-05-12 14:10:13Message:StartIndex 不能小于 0。
参数名: startIndex
 Source:mscorlib
 StackTrace:   在 System.String.Remove(Int32 startIndex)
   在 DAL.DALGridDatas.GetGridContainObtid(Single[][] _bounds, Int32 ybsx, DateTime foretime, String gridelement) 位置 F:\SunChao\项目\深圳气象局\精细化格点预报系统\项目\前台\GridPointPrediction_Web\DAL\DAL.GridDatas.cs:行号 573
 TargetSiteSystem.String Remove(Int32)
===============================================================================
时间:2017-05-12 14:26:12Message:StartIndex 不能小于 0。
参数名: startIndex
 Source:mscorlib
 StackTrace:   在 System.String.Remove(Int32 startIndex)
   在 DAL.DALGridDatas.GetGridContainObtid(Single[][] _bounds, Int32 ybsx, DateTime foretime, String gridelement) 位置 F:\SunChao\项目\深圳气象局\精细化格点预报系统\项目\前台\GridPointPrediction_Web\DAL\DAL.GridDatas.cs:行号 573
 TargetSiteSystem.String Remove(Int32)
===============================================================================
时间:2017-05-12 14:26:13Message:StartIndex 不能小于 0。
参数名: startIndex
 Source:mscorlib
 StackTrace:   在 System.String.Remove(Int32 startIndex)
   在 DAL.DALGridDatas.GetGridContainObtid(Single[][] _bounds, Int32 ybsx, DateTime foretime, String gridelement) 位置 F:\SunChao\项目\深圳气象局\精细化格点预报系统\项目\前台\GridPointPrediction_Web\DAL\DAL.GridDatas.cs:行号 573
 TargetSiteSystem.String Remove(Int32)
===============================================================================
时间:2017-05-12 14:26:14Message:StartIndex 不能小于 0。
参数名: startIndex
 Source:mscorlib
 StackTrace:   在 System.String.Remove(Int32 startIndex)
   在 DAL.DALGridDatas.GetGridContainObtid(Single[][] _bounds, Int32 ybsx, DateTime foretime, String gridelement) 位置 F:\SunChao\项目\深圳气象局\精细化格点预报系统\项目\前台\GridPointPrediction_Web\DAL\DAL.GridDatas.cs:行号 573
 TargetSiteSystem.String Remove(Int32)
===============================================================================
时间:2017-05-12 14:26:15Message:StartIndex 不能小于 0。
参数名: startIndex
 Source:mscorlib
 StackTrace:   在 System.String.Remove(Int32 startIndex)
   在 DAL.DALGridDatas.GetGridContainObtid(Single[][] _bounds, Int32 ybsx, DateTime foretime, String gridelement) 位置 F:\SunChao\项目\深圳气象局\精细化格点预报系统\项目\前台\GridPointPrediction_Web\DAL\DAL.GridDatas.cs:行号 573
 TargetSiteSystem.String Remove(Int32)
===============================================================================
时间:2017-05-12 14:26:15Message:StartIndex 不能小于 0。
参数名: startIndex
 Source:mscorlib
 StackTrace:   在 System.String.Remove(Int32 startIndex)
   在 DAL.DALGridDatas.GetGridContainObtid(Single[][] _bounds, Int32 ybsx, DateTime foretime, String gridelement) 位置 F:\SunChao\项目\深圳气象局\精细化格点预报系统\项目\前台\GridPointPrediction_Web\DAL\DAL.GridDatas.cs:行号 573
 TargetSiteSystem.String Remove(Int32)
===============================================================================
时间:2017-05-12 18:01:59Message:StartIndex 不能小于 0。
参数名: startIndex
 Source:mscorlib
 StackTrace:   在 System.String.Remove(Int32 startIndex)
   在 DAL.DALGridDatas.GetGridContainObtid(Single[][] _bounds, Int32 ybsx, DateTime foretime, String gridelement) 位置 F:\SunChao\项目\深圳气象局\精细化格点预报系统\项目\前台\GridPointPrediction_Web\DAL\DAL.GridDatas.cs:行号 573
 TargetSiteSystem.String Remove(Int32)
===============================================================================
