2017-11-06 09:48:24：System.Net.WebException: 在 WebClient 请求期间发生异常。 ---> System.IO.IOException: 无法从传输连接中读取数据: 远程主机强迫关闭了一个现有的连接。。 ---> System.Net.Sockets.SocketException: 远程主机强迫关闭了一个现有的连接。
   在 System.Net.Sockets.Socket.Receive(Byte[] buffer, Int32 offset, Int32 size, SocketFlags socketFlags)
   在 System.Net.Sockets.NetworkStream.Read(Byte[] buffer, Int32 offset, Int32 size)
   --- 内部异常堆栈跟踪的结尾 ---
   在 System.Net.ConnectStream.Read(Byte[] buffer, Int32 offset, Int32 size)
   在 System.Net.WebClient.DownloadBitsState.RetrieveBytes(Int32& bytesRetrieved)
   在 System.Net.WebClient.DownloadBits(WebRequest request, Stream writeStream, CompletionDelegate completionDelegate, AsyncOperation asyncOp)
   在 System.Net.WebClient.DownloadDataInternal(Uri address, WebRequest& request)
   --- 内部异常堆栈跟踪的结尾 ---
   在 System.Net.WebClient.DownloadDataInternal(Uri address, WebRequest& request)
   在 System.Net.WebClient.DownloadData(Uri address)
   在 System.Net.WebClient.DownloadData(String address)
   在 DAL.DefaultService.GetPondsTime() 位置 e:\pikaqiu\workspace\haikouproject\DAL\DefaultService.cs:行号 497
2017-11-06 09:48:25：Data Source=(DESCRIPTION=(ADDRESS_LIST=(ADDRESS=(PROTOCOL=TCP)(HOST=10.155.95.203)(PORT=1521)))(CONNECT_DATA=(SID=orcl)(SERVER=DEDICATED)));Persist Security Info=True;User ID=szym;Password=szyama;Unicode=True
SELECT * from LWS_WARNPRE order by DDATETIME desc
System.Data.OracleClient.OracleException (0x80131938): ORA-00942: 表或视图不存在

   在 System.Data.OracleClient.OracleConnection.CheckError(OciErrorHandle errorHandle, Int32 rc)
   在 System.Data.OracleClient.OracleCommand.Execute(OciStatementHandle statementHandle, CommandBehavior behavior, Boolean needRowid, OciRowidDescriptor& rowidDescriptor, ArrayList& resultParameterOrdinals)
   在 System.Data.OracleClient.OracleCommand.Execute(OciStatementHandle statementHandle, CommandBehavior behavior, ArrayList& resultParameterOrdinals)
   在 System.Data.OracleClient.OracleCommand.ExecuteReader(CommandBehavior behavior)
   在 System.Data.OracleClient.OracleCommand.ExecuteDbDataReader(CommandBehavior behavior)
   在 System.Data.Common.DbCommand.System.Data.IDbCommand.ExecuteReader(CommandBehavior behavior)
   在 System.Data.Common.DbDataAdapter.FillInternal(DataSet dataset, DataTable[] datatables, Int32 startRecord, Int32 maxRecords, String srcTable, IDbCommand command, CommandBehavior behavior)
   在 System.Data.Common.DbDataAdapter.Fill(DataSet dataSet, Int32 startRecord, Int32 maxRecords, String srcTable, IDbCommand command, CommandBehavior behavior)
   在 System.Data.Common.DbDataAdapter.Fill(DataSet dataSet, String srcTable)
   在 Maticsoft.DBUtility.DbHelperOra.Query(String SQLString, String connectionString) 位置 e:\pikaqiu\workspace\haikouproject\DAL\DbHelperOra.cs:行号 277
2017-11-06 09:48:25：System.Exception: SELECT * from LWS_WARNPRE order by DDATETIME descORA-00942: 表或视图不存在

   在 Maticsoft.DBUtility.DbHelperOra.Query(String SQLString, String connectionString) 位置 e:\pikaqiu\workspace\haikouproject\DAL\DbHelperOra.cs:行号 282
   在 DAL.DefaultService.GetLWSPreWord() 位置 e:\pikaqiu\workspace\haikouproject\DAL\DefaultService.cs:行号 321
2017-11-06 09:48:32：Data Source=(DESCRIPTION=(ADDRESS_LIST=(ADDRESS=(PROTOCOL=TCP)(HOST=10.155.95.203)(PORT=1521)))(CONNECT_DATA=(SID=orcl)(SERVER=DEDICATED)));Persist Security Info=True;User ID=szym;Password=szyama;Unicode=True
SELECT * from LWS_WARNPRE order by DDATETIME desc
System.Data.OracleClient.OracleException (0x80131938): ORA-00942: 表或视图不存在

   在 System.Data.OracleClient.OracleConnection.CheckError(OciErrorHandle errorHandle, Int32 rc)
   在 System.Data.OracleClient.OracleCommand.Execute(OciStatementHandle statementHandle, CommandBehavior behavior, Boolean needRowid, OciRowidDescriptor& rowidDescriptor, ArrayList& resultParameterOrdinals)
   在 System.Data.OracleClient.OracleCommand.Execute(OciStatementHandle statementHandle, CommandBehavior behavior, ArrayList& resultParameterOrdinals)
   在 System.Data.OracleClient.OracleCommand.ExecuteReader(CommandBehavior behavior)
   在 System.Data.OracleClient.OracleCommand.ExecuteDbDataReader(CommandBehavior behavior)
   在 System.Data.Common.DbCommand.System.Data.IDbCommand.ExecuteReader(CommandBehavior behavior)
   在 System.Data.Common.DbDataAdapter.FillInternal(DataSet dataset, DataTable[] datatables, Int32 startRecord, Int32 maxRecords, String srcTable, IDbCommand command, CommandBehavior behavior)
   在 System.Data.Common.DbDataAdapter.Fill(DataSet dataSet, Int32 startRecord, Int32 maxRecords, String srcTable, IDbCommand command, CommandBehavior behavior)
   在 System.Data.Common.DbDataAdapter.Fill(DataSet dataSet, String srcTable)
   在 Maticsoft.DBUtility.DbHelperOra.Query(String SQLString, String connectionString) 位置 e:\pikaqiu\workspace\haikouproject\DAL\DbHelperOra.cs:行号 277
2017-11-06 09:48:32：System.Exception: SELECT * from LWS_WARNPRE order by DDATETIME descORA-00942: 表或视图不存在

   在 Maticsoft.DBUtility.DbHelperOra.Query(String SQLString, String connectionString) 位置 e:\pikaqiu\workspace\haikouproject\DAL\DbHelperOra.cs:行号 282
   在 DAL.DefaultService.GetLWSPreWord() 位置 e:\pikaqiu\workspace\haikouproject\DAL\DefaultService.cs:行号 321
