2017-11-02 16:04:29：Data Source=(DESCRIPTION=(ADDRESS_LIST=(ADDRESS=(PROTOCOL=TCP)(HOST=10.155.95.203)(PORT=1521)))(CONNECT_DATA=(SID=orcl)(SERVER=DEDICATED)));Persist Security Info=True;User ID=szym;Password=szyama;Unicode=True
SELECT * from LWS_WARNPRE order by DDATETIME desc
System.Data.OracleClient.OracleException (0x80131938): ORA-00942: 表或视图不存在

   在 System.Data.OracleClient.OracleConnection.CheckError(OciErrorHandle errorHandle, Int32 rc)
   在 System.Data.OracleClient.OracleCommand.Execute(OciStatementHandle statementHandle, CommandBehavior behavior, Boolean needRowid, OciRowidDescriptor& rowidDescriptor, ArrayList& resultParameterOrdinals)
   在 System.Data.OracleClient.OracleCommand.Execute(OciStatementHandle statementHandle, CommandBehavior behavior, ArrayList& resultParameterOrdinals)
   在 System.Data.OracleClient.OracleCommand.ExecuteReader(CommandBehavior behavior)
   在 System.Data.OracleClient.OracleCommand.ExecuteDbDataReader(CommandBehavior behavior)
   在 System.Data.Common.DbCommand.System.Data.IDbCommand.ExecuteReader(CommandBehavior behavior)
   在 System.Data.Common.DbDataAdapter.FillInternal(DataSet dataset, DataTable[] datatables, Int32 startRecord, Int32 maxRecords, String srcTable, IDbCommand command, CommandBehavior behavior)
   在 System.Data.Common.DbDataAdapter.Fill(DataSet dataSet, Int32 startRecord, Int32 maxRecords, String srcTable, IDbCommand command, CommandBehavior behavior)
   在 System.Data.Common.DbDataAdapter.Fill(DataSet dataSet, String srcTable)
   在 Maticsoft.DBUtility.DbHelperOra.Query(String SQLString, String connectionString) 位置 e:\pikaqiu\workspace\haikouproject\DAL\DbHelperOra.cs:行号 277
2017-11-02 16:04:29：System.Exception: SELECT * from LWS_WARNPRE order by DDATETIME descORA-00942: 表或视图不存在

   在 Maticsoft.DBUtility.DbHelperOra.Query(String SQLString, String connectionString) 位置 e:\pikaqiu\workspace\haikouproject\DAL\DbHelperOra.cs:行号 282
   在 DAL.DefaultService.GetLWSPreWord() 位置 e:\pikaqiu\workspace\haikouproject\DAL\DefaultService.cs:行号 321
2017-11-02 16:04:48：Data Source=(DESCRIPTION=(ADDRESS_LIST=(ADDRESS=(PROTOCOL=TCP)(HOST=10.155.95.203)(PORT=1521)))(CONNECT_DATA=(SID=orcl)(SERVER=DEDICATED)));Persist Security Info=True;User ID=szym;Password=szyama;Unicode=True
SELECT * from LWS_WARNPRE order by DDATETIME desc
System.Data.OracleClient.OracleException (0x80131938): ORA-00942: 表或视图不存在

   在 System.Data.OracleClient.OracleConnection.CheckError(OciErrorHandle errorHandle, Int32 rc)
   在 System.Data.OracleClient.OracleCommand.Execute(OciStatementHandle statementHandle, CommandBehavior behavior, Boolean needRowid, OciRowidDescriptor& rowidDescriptor, ArrayList& resultParameterOrdinals)
   在 System.Data.OracleClient.OracleCommand.Execute(OciStatementHandle statementHandle, CommandBehavior behavior, ArrayList& resultParameterOrdinals)
   在 System.Data.OracleClient.OracleCommand.ExecuteReader(CommandBehavior behavior)
   在 System.Data.OracleClient.OracleCommand.ExecuteDbDataReader(CommandBehavior behavior)
   在 System.Data.Common.DbCommand.System.Data.IDbCommand.ExecuteReader(CommandBehavior behavior)
   在 System.Data.Common.DbDataAdapter.FillInternal(DataSet dataset, DataTable[] datatables, Int32 startRecord, Int32 maxRecords, String srcTable, IDbCommand command, CommandBehavior behavior)
   在 System.Data.Common.DbDataAdapter.Fill(DataSet dataSet, Int32 startRecord, Int32 maxRecords, String srcTable, IDbCommand command, CommandBehavior behavior)
   在 System.Data.Common.DbDataAdapter.Fill(DataSet dataSet, String srcTable)
   在 Maticsoft.DBUtility.DbHelperOra.Query(String SQLString, String connectionString) 位置 e:\pikaqiu\workspace\haikouproject\DAL\DbHelperOra.cs:行号 277
2017-11-02 16:04:49：System.Exception: SELECT * from LWS_WARNPRE order by DDATETIME descORA-00942: 表或视图不存在

   在 Maticsoft.DBUtility.DbHelperOra.Query(String SQLString, String connectionString) 位置 e:\pikaqiu\workspace\haikouproject\DAL\DbHelperOra.cs:行号 282
   在 DAL.DefaultService.GetLWSPreWord() 位置 e:\pikaqiu\workspace\haikouproject\DAL\DefaultService.cs:行号 321
2017-11-02 16:05:13：Data Source=(DESCRIPTION=(ADDRESS_LIST=(ADDRESS=(PROTOCOL=TCP)(HOST=10.155.95.203)(PORT=1521)))(CONNECT_DATA=(SID=orcl)(SERVER=DEDICATED)));Persist Security Info=True;User ID=szym;Password=szyama;Unicode=True
SELECT * from LWS_WARNPRE order by DDATETIME desc
System.Data.OracleClient.OracleException (0x80131938): ORA-00942: 表或视图不存在

   在 System.Data.OracleClient.OracleConnection.CheckError(OciErrorHandle errorHandle, Int32 rc)
   在 System.Data.OracleClient.OracleCommand.Execute(OciStatementHandle statementHandle, CommandBehavior behavior, Boolean needRowid, OciRowidDescriptor& rowidDescriptor, ArrayList& resultParameterOrdinals)
   在 System.Data.OracleClient.OracleCommand.Execute(OciStatementHandle statementHandle, CommandBehavior behavior, ArrayList& resultParameterOrdinals)
   在 System.Data.OracleClient.OracleCommand.ExecuteReader(CommandBehavior behavior)
   在 System.Data.OracleClient.OracleCommand.ExecuteDbDataReader(CommandBehavior behavior)
   在 System.Data.Common.DbCommand.System.Data.IDbCommand.ExecuteReader(CommandBehavior behavior)
   在 System.Data.Common.DbDataAdapter.FillInternal(DataSet dataset, DataTable[] datatables, Int32 startRecord, Int32 maxRecords, String srcTable, IDbCommand command, CommandBehavior behavior)
   在 System.Data.Common.DbDataAdapter.Fill(DataSet dataSet, Int32 startRecord, Int32 maxRecords, String srcTable, IDbCommand command, CommandBehavior behavior)
   在 System.Data.Common.DbDataAdapter.Fill(DataSet dataSet, String srcTable)
   在 Maticsoft.DBUtility.DbHelperOra.Query(String SQLString, String connectionString) 位置 e:\pikaqiu\workspace\haikouproject\DAL\DbHelperOra.cs:行号 277
2017-11-02 16:05:13：System.Exception: SELECT * from LWS_WARNPRE order by DDATETIME descORA-00942: 表或视图不存在

   在 Maticsoft.DBUtility.DbHelperOra.Query(String SQLString, String connectionString) 位置 e:\pikaqiu\workspace\haikouproject\DAL\DbHelperOra.cs:行号 282
   在 DAL.DefaultService.GetLWSPreWord() 位置 e:\pikaqiu\workspace\haikouproject\DAL\DefaultService.cs:行号 321
2017-11-02 16:05:17：Data Source=(DESCRIPTION=(ADDRESS_LIST=(ADDRESS=(PROTOCOL=TCP)(HOST=10.155.95.203)(PORT=1521)))(CONNECT_DATA=(SID=orcl)(SERVER=DEDICATED)));Persist Security Info=True;User ID=szym;Password=szyama;Unicode=True
SELECT * from LWS_WARNPRE order by DDATETIME desc
System.Data.OracleClient.OracleException (0x80131938): ORA-00942: 表或视图不存在

   在 System.Data.OracleClient.OracleConnection.CheckError(OciErrorHandle errorHandle, Int32 rc)
   在 System.Data.OracleClient.OracleCommand.Execute(OciStatementHandle statementHandle, CommandBehavior behavior, Boolean needRowid, OciRowidDescriptor& rowidDescriptor, ArrayList& resultParameterOrdinals)
   在 System.Data.OracleClient.OracleCommand.Execute(OciStatementHandle statementHandle, CommandBehavior behavior, ArrayList& resultParameterOrdinals)
   在 System.Data.OracleClient.OracleCommand.ExecuteReader(CommandBehavior behavior)
   在 System.Data.OracleClient.OracleCommand.ExecuteDbDataReader(CommandBehavior behavior)
   在 System.Data.Common.DbCommand.System.Data.IDbCommand.ExecuteReader(CommandBehavior behavior)
   在 System.Data.Common.DbDataAdapter.FillInternal(DataSet dataset, DataTable[] datatables, Int32 startRecord, Int32 maxRecords, String srcTable, IDbCommand command, CommandBehavior behavior)
   在 System.Data.Common.DbDataAdapter.Fill(DataSet dataSet, Int32 startRecord, Int32 maxRecords, String srcTable, IDbCommand command, CommandBehavior behavior)
   在 System.Data.Common.DbDataAdapter.Fill(DataSet dataSet, String srcTable)
   在 Maticsoft.DBUtility.DbHelperOra.Query(String SQLString, String connectionString) 位置 e:\pikaqiu\workspace\haikouproject\DAL\DbHelperOra.cs:行号 277
2017-11-02 16:05:17：System.Exception: SELECT * from LWS_WARNPRE order by DDATETIME descORA-00942: 表或视图不存在

   在 Maticsoft.DBUtility.DbHelperOra.Query(String SQLString, String connectionString) 位置 e:\pikaqiu\workspace\haikouproject\DAL\DbHelperOra.cs:行号 282
   在 DAL.DefaultService.GetLWSPreWord() 位置 e:\pikaqiu\workspace\haikouproject\DAL\DefaultService.cs:行号 321
2017-11-02 16:06:00：Data Source=(DESCRIPTION=(ADDRESS_LIST=(ADDRESS=(PROTOCOL=TCP)(HOST=10.155.95.203)(PORT=1521)))(CONNECT_DATA=(SID=orcl)(SERVER=DEDICATED)));Persist Security Info=True;User ID=szym;Password=szyama;Unicode=True
SELECT * from LWS_WARNPRE order by DDATETIME desc
System.Data.OracleClient.OracleException (0x80131938): ORA-00942: 表或视图不存在

   在 System.Data.OracleClient.OracleConnection.CheckError(OciErrorHandle errorHandle, Int32 rc)
   在 System.Data.OracleClient.OracleCommand.Execute(OciStatementHandle statementHandle, CommandBehavior behavior, Boolean needRowid, OciRowidDescriptor& rowidDescriptor, ArrayList& resultParameterOrdinals)
   在 System.Data.OracleClient.OracleCommand.Execute(OciStatementHandle statementHandle, CommandBehavior behavior, ArrayList& resultParameterOrdinals)
   在 System.Data.OracleClient.OracleCommand.ExecuteReader(CommandBehavior behavior)
   在 System.Data.OracleClient.OracleCommand.ExecuteDbDataReader(CommandBehavior behavior)
   在 System.Data.Common.DbCommand.System.Data.IDbCommand.ExecuteReader(CommandBehavior behavior)
   在 System.Data.Common.DbDataAdapter.FillInternal(DataSet dataset, DataTable[] datatables, Int32 startRecord, Int32 maxRecords, String srcTable, IDbCommand command, CommandBehavior behavior)
   在 System.Data.Common.DbDataAdapter.Fill(DataSet dataSet, Int32 startRecord, Int32 maxRecords, String srcTable, IDbCommand command, CommandBehavior behavior)
   在 System.Data.Common.DbDataAdapter.Fill(DataSet dataSet, String srcTable)
   在 Maticsoft.DBUtility.DbHelperOra.Query(String SQLString, String connectionString) 位置 e:\pikaqiu\workspace\haikouproject\DAL\DbHelperOra.cs:行号 277
2017-11-02 16:06:00：System.Exception: SELECT * from LWS_WARNPRE order by DDATETIME descORA-00942: 表或视图不存在

   在 Maticsoft.DBUtility.DbHelperOra.Query(String SQLString, String connectionString) 位置 e:\pikaqiu\workspace\haikouproject\DAL\DbHelperOra.cs:行号 282
   在 DAL.DefaultService.GetLWSPreWord() 位置 e:\pikaqiu\workspace\haikouproject\DAL\DefaultService.cs:行号 321
2017-11-02 16:06:09：Data Source=(DESCRIPTION=(ADDRESS_LIST=(ADDRESS=(PROTOCOL=TCP)(HOST=10.155.95.203)(PORT=1521)))(CONNECT_DATA=(SID=orcl)(SERVER=DEDICATED)));Persist Security Info=True;User ID=szym;Password=szyama;Unicode=True
SELECT * from LWS_WARNPRE order by DDATETIME desc
System.Data.OracleClient.OracleException (0x80131938): ORA-00942: 表或视图不存在

   在 System.Data.OracleClient.OracleConnection.CheckError(OciErrorHandle errorHandle, Int32 rc)
   在 System.Data.OracleClient.OracleCommand.Execute(OciStatementHandle statementHandle, CommandBehavior behavior, Boolean needRowid, OciRowidDescriptor& rowidDescriptor, ArrayList& resultParameterOrdinals)
   在 System.Data.OracleClient.OracleCommand.Execute(OciStatementHandle statementHandle, CommandBehavior behavior, ArrayList& resultParameterOrdinals)
   在 System.Data.OracleClient.OracleCommand.ExecuteReader(CommandBehavior behavior)
   在 System.Data.OracleClient.OracleCommand.ExecuteDbDataReader(CommandBehavior behavior)
   在 System.Data.Common.DbCommand.System.Data.IDbCommand.ExecuteReader(CommandBehavior behavior)
   在 System.Data.Common.DbDataAdapter.FillInternal(DataSet dataset, DataTable[] datatables, Int32 startRecord, Int32 maxRecords, String srcTable, IDbCommand command, CommandBehavior behavior)
   在 System.Data.Common.DbDataAdapter.Fill(DataSet dataSet, Int32 startRecord, Int32 maxRecords, String srcTable, IDbCommand command, CommandBehavior behavior)
   在 System.Data.Common.DbDataAdapter.Fill(DataSet dataSet, String srcTable)
   在 Maticsoft.DBUtility.DbHelperOra.Query(String SQLString, String connectionString) 位置 e:\pikaqiu\workspace\haikouproject\DAL\DbHelperOra.cs:行号 277
2017-11-02 16:06:09：System.Exception: SELECT * from LWS_WARNPRE order by DDATETIME descORA-00942: 表或视图不存在

   在 Maticsoft.DBUtility.DbHelperOra.Query(String SQLString, String connectionString) 位置 e:\pikaqiu\workspace\haikouproject\DAL\DbHelperOra.cs:行号 282
   在 DAL.DefaultService.GetLWSPreWord() 位置 e:\pikaqiu\workspace\haikouproject\DAL\DefaultService.cs:行号 321
2017-11-02 16:06:18：Data Source=(DESCRIPTION=(ADDRESS_LIST=(ADDRESS=(PROTOCOL=TCP)(HOST=10.155.95.203)(PORT=1521)))(CONNECT_DATA=(SID=orcl)(SERVER=DEDICATED)));Persist Security Info=True;User ID=szym;Password=szyama;Unicode=True
SELECT * from LWS_WARNPRE order by DDATETIME desc
System.Data.OracleClient.OracleException (0x80131938): ORA-00942: 表或视图不存在

   在 System.Data.OracleClient.OracleConnection.CheckError(OciErrorHandle errorHandle, Int32 rc)
   在 System.Data.OracleClient.OracleCommand.Execute(OciStatementHandle statementHandle, CommandBehavior behavior, Boolean needRowid, OciRowidDescriptor& rowidDescriptor, ArrayList& resultParameterOrdinals)
   在 System.Data.OracleClient.OracleCommand.Execute(OciStatementHandle statementHandle, CommandBehavior behavior, ArrayList& resultParameterOrdinals)
   在 System.Data.OracleClient.OracleCommand.ExecuteReader(CommandBehavior behavior)
   在 System.Data.OracleClient.OracleCommand.ExecuteDbDataReader(CommandBehavior behavior)
   在 System.Data.Common.DbCommand.System.Data.IDbCommand.ExecuteReader(CommandBehavior behavior)
   在 System.Data.Common.DbDataAdapter.FillInternal(DataSet dataset, DataTable[] datatables, Int32 startRecord, Int32 maxRecords, String srcTable, IDbCommand command, CommandBehavior behavior)
   在 System.Data.Common.DbDataAdapter.Fill(DataSet dataSet, Int32 startRecord, Int32 maxRecords, String srcTable, IDbCommand command, CommandBehavior behavior)
   在 System.Data.Common.DbDataAdapter.Fill(DataSet dataSet, String srcTable)
   在 Maticsoft.DBUtility.DbHelperOra.Query(String SQLString, String connectionString) 位置 e:\pikaqiu\workspace\haikouproject\DAL\DbHelperOra.cs:行号 277
2017-11-02 16:06:18：System.Exception: SELECT * from LWS_WARNPRE order by DDATETIME descORA-00942: 表或视图不存在

   在 Maticsoft.DBUtility.DbHelperOra.Query(String SQLString, String connectionString) 位置 e:\pikaqiu\workspace\haikouproject\DAL\DbHelperOra.cs:行号 282
   在 DAL.DefaultService.GetLWSPreWord() 位置 e:\pikaqiu\workspace\haikouproject\DAL\DefaultService.cs:行号 321
2017-11-02 16:07:18：Data Source=(DESCRIPTION=(ADDRESS_LIST=(ADDRESS=(PROTOCOL=TCP)(HOST=10.155.95.203)(PORT=1521)))(CONNECT_DATA=(SID=orcl)(SERVER=DEDICATED)));Persist Security Info=True;User ID=szym;Password=szyama;Unicode=True
SELECT * from LWS_WARNPRE order by DDATETIME desc
System.Data.OracleClient.OracleException (0x80131938): ORA-00942: 表或视图不存在

   在 System.Data.OracleClient.OracleConnection.CheckError(OciErrorHandle errorHandle, Int32 rc)
   在 System.Data.OracleClient.OracleCommand.Execute(OciStatementHandle statementHandle, CommandBehavior behavior, Boolean needRowid, OciRowidDescriptor& rowidDescriptor, ArrayList& resultParameterOrdinals)
   在 System.Data.OracleClient.OracleCommand.Execute(OciStatementHandle statementHandle, CommandBehavior behavior, ArrayList& resultParameterOrdinals)
   在 System.Data.OracleClient.OracleCommand.ExecuteReader(CommandBehavior behavior)
   在 System.Data.OracleClient.OracleCommand.ExecuteDbDataReader(CommandBehavior behavior)
   在 System.Data.Common.DbCommand.System.Data.IDbCommand.ExecuteReader(CommandBehavior behavior)
   在 System.Data.Common.DbDataAdapter.FillInternal(DataSet dataset, DataTable[] datatables, Int32 startRecord, Int32 maxRecords, String srcTable, IDbCommand command, CommandBehavior behavior)
   在 System.Data.Common.DbDataAdapter.Fill(DataSet dataSet, Int32 startRecord, Int32 maxRecords, String srcTable, IDbCommand command, CommandBehavior behavior)
   在 System.Data.Common.DbDataAdapter.Fill(DataSet dataSet, String srcTable)
   在 Maticsoft.DBUtility.DbHelperOra.Query(String SQLString, String connectionString) 位置 e:\pikaqiu\workspace\haikouproject\DAL\DbHelperOra.cs:行号 277
2017-11-02 16:07:18：System.Exception: SELECT * from LWS_WARNPRE order by DDATETIME descORA-00942: 表或视图不存在

   在 Maticsoft.DBUtility.DbHelperOra.Query(String SQLString, String connectionString) 位置 e:\pikaqiu\workspace\haikouproject\DAL\DbHelperOra.cs:行号 282
   在 DAL.DefaultService.GetLWSPreWord() 位置 e:\pikaqiu\workspace\haikouproject\DAL\DefaultService.cs:行号 321
2017-11-02 16:07:53：Data Source=(DESCRIPTION=(ADDRESS_LIST=(ADDRESS=(PROTOCOL=TCP)(HOST=10.155.95.203)(PORT=1521)))(CONNECT_DATA=(SID=orcl)(SERVER=DEDICATED)));Persist Security Info=True;User ID=szym;Password=szyama;Unicode=True
SELECT * from LWS_WARNPRE order by DDATETIME desc
System.Data.OracleClient.OracleException (0x80131938): ORA-00942: 表或视图不存在

   在 System.Data.OracleClient.OracleConnection.CheckError(OciErrorHandle errorHandle, Int32 rc)
   在 System.Data.OracleClient.OracleCommand.Execute(OciStatementHandle statementHandle, CommandBehavior behavior, Boolean needRowid, OciRowidDescriptor& rowidDescriptor, ArrayList& resultParameterOrdinals)
   在 System.Data.OracleClient.OracleCommand.Execute(OciStatementHandle statementHandle, CommandBehavior behavior, ArrayList& resultParameterOrdinals)
   在 System.Data.OracleClient.OracleCommand.ExecuteReader(CommandBehavior behavior)
   在 System.Data.OracleClient.OracleCommand.ExecuteDbDataReader(CommandBehavior behavior)
   在 System.Data.Common.DbCommand.System.Data.IDbCommand.ExecuteReader(CommandBehavior behavior)
   在 System.Data.Common.DbDataAdapter.FillInternal(DataSet dataset, DataTable[] datatables, Int32 startRecord, Int32 maxRecords, String srcTable, IDbCommand command, CommandBehavior behavior)
   在 System.Data.Common.DbDataAdapter.Fill(DataSet dataSet, Int32 startRecord, Int32 maxRecords, String srcTable, IDbCommand command, CommandBehavior behavior)
   在 System.Data.Common.DbDataAdapter.Fill(DataSet dataSet, String srcTable)
   在 Maticsoft.DBUtility.DbHelperOra.Query(String SQLString, String connectionString) 位置 e:\pikaqiu\workspace\haikouproject\DAL\DbHelperOra.cs:行号 277
2017-11-02 16:07:53：System.Exception: SELECT * from LWS_WARNPRE order by DDATETIME descORA-00942: 表或视图不存在

   在 Maticsoft.DBUtility.DbHelperOra.Query(String SQLString, String connectionString) 位置 e:\pikaqiu\workspace\haikouproject\DAL\DbHelperOra.cs:行号 282
   在 DAL.DefaultService.GetLWSPreWord() 位置 e:\pikaqiu\workspace\haikouproject\DAL\DefaultService.cs:行号 321
2017-11-02 16:08:29：Data Source=(DESCRIPTION=(ADDRESS_LIST=(ADDRESS=(PROTOCOL=TCP)(HOST=10.155.95.203)(PORT=1521)))(CONNECT_DATA=(SID=orcl)(SERVER=DEDICATED)));Persist Security Info=True;User ID=szym;Password=szyama;Unicode=True
SELECT * from LWS_WARNPRE order by DDATETIME desc
System.Data.OracleClient.OracleException (0x80131938): ORA-00942: 表或视图不存在

   在 System.Data.OracleClient.OracleConnection.CheckError(OciErrorHandle errorHandle, Int32 rc)
   在 System.Data.OracleClient.OracleCommand.Execute(OciStatementHandle statementHandle, CommandBehavior behavior, Boolean needRowid, OciRowidDescriptor& rowidDescriptor, ArrayList& resultParameterOrdinals)
   在 System.Data.OracleClient.OracleCommand.Execute(OciStatementHandle statementHandle, CommandBehavior behavior, ArrayList& resultParameterOrdinals)
   在 System.Data.OracleClient.OracleCommand.ExecuteReader(CommandBehavior behavior)
   在 System.Data.OracleClient.OracleCommand.ExecuteDbDataReader(CommandBehavior behavior)
   在 System.Data.Common.DbCommand.System.Data.IDbCommand.ExecuteReader(CommandBehavior behavior)
   在 System.Data.Common.DbDataAdapter.FillInternal(DataSet dataset, DataTable[] datatables, Int32 startRecord, Int32 maxRecords, String srcTable, IDbCommand command, CommandBehavior behavior)
   在 System.Data.Common.DbDataAdapter.Fill(DataSet dataSet, Int32 startRecord, Int32 maxRecords, String srcTable, IDbCommand command, CommandBehavior behavior)
   在 System.Data.Common.DbDataAdapter.Fill(DataSet dataSet, String srcTable)
   在 Maticsoft.DBUtility.DbHelperOra.Query(String SQLString, String connectionString) 位置 e:\pikaqiu\workspace\haikouproject\DAL\DbHelperOra.cs:行号 277
2017-11-02 16:08:29：System.Exception: SELECT * from LWS_WARNPRE order by DDATETIME descORA-00942: 表或视图不存在

   在 Maticsoft.DBUtility.DbHelperOra.Query(String SQLString, String connectionString) 位置 e:\pikaqiu\workspace\haikouproject\DAL\DbHelperOra.cs:行号 282
   在 DAL.DefaultService.GetLWSPreWord() 位置 e:\pikaqiu\workspace\haikouproject\DAL\DefaultService.cs:行号 321
2017-11-02 16:09:00：Data Source=(DESCRIPTION=(ADDRESS_LIST=(ADDRESS=(PROTOCOL=TCP)(HOST=10.155.95.203)(PORT=1521)))(CONNECT_DATA=(SID=orcl)(SERVER=DEDICATED)));Persist Security Info=True;User ID=szym;Password=szyama;Unicode=True
SELECT * from LWS_WARNPRE order by DDATETIME desc
System.Data.OracleClient.OracleException (0x80131938): ORA-00942: 表或视图不存在

   在 System.Data.OracleClient.OracleConnection.CheckError(OciErrorHandle errorHandle, Int32 rc)
   在 System.Data.OracleClient.OracleCommand.Execute(OciStatementHandle statementHandle, CommandBehavior behavior, Boolean needRowid, OciRowidDescriptor& rowidDescriptor, ArrayList& resultParameterOrdinals)
   在 System.Data.OracleClient.OracleCommand.Execute(OciStatementHandle statementHandle, CommandBehavior behavior, ArrayList& resultParameterOrdinals)
   在 System.Data.OracleClient.OracleCommand.ExecuteReader(CommandBehavior behavior)
   在 System.Data.OracleClient.OracleCommand.ExecuteDbDataReader(CommandBehavior behavior)
   在 System.Data.Common.DbCommand.System.Data.IDbCommand.ExecuteReader(CommandBehavior behavior)
   在 System.Data.Common.DbDataAdapter.FillInternal(DataSet dataset, DataTable[] datatables, Int32 startRecord, Int32 maxRecords, String srcTable, IDbCommand command, CommandBehavior behavior)
   在 System.Data.Common.DbDataAdapter.Fill(DataSet dataSet, Int32 startRecord, Int32 maxRecords, String srcTable, IDbCommand command, CommandBehavior behavior)
   在 System.Data.Common.DbDataAdapter.Fill(DataSet dataSet, String srcTable)
   在 Maticsoft.DBUtility.DbHelperOra.Query(String SQLString, String connectionString) 位置 e:\pikaqiu\workspace\haikouproject\DAL\DbHelperOra.cs:行号 277
2017-11-02 16:09:00：System.Exception: SELECT * from LWS_WARNPRE order by DDATETIME descORA-00942: 表或视图不存在

   在 Maticsoft.DBUtility.DbHelperOra.Query(String SQLString, String connectionString) 位置 e:\pikaqiu\workspace\haikouproject\DAL\DbHelperOra.cs:行号 282
   在 DAL.DefaultService.GetLWSPreWord() 位置 e:\pikaqiu\workspace\haikouproject\DAL\DefaultService.cs:行号 321
2017-11-02 16:09:05：Data Source=(DESCRIPTION=(ADDRESS_LIST=(ADDRESS=(PROTOCOL=TCP)(HOST=10.155.95.203)(PORT=1521)))(CONNECT_DATA=(SID=orcl)(SERVER=DEDICATED)));Persist Security Info=True;User ID=szym;Password=szyama;Unicode=True
SELECT * from LWS_WARNPRE order by DDATETIME desc
System.Data.OracleClient.OracleException (0x80131938): ORA-00942: 表或视图不存在

   在 System.Data.OracleClient.OracleConnection.CheckError(OciErrorHandle errorHandle, Int32 rc)
   在 System.Data.OracleClient.OracleCommand.Execute(OciStatementHandle statementHandle, CommandBehavior behavior, Boolean needRowid, OciRowidDescriptor& rowidDescriptor, ArrayList& resultParameterOrdinals)
   在 System.Data.OracleClient.OracleCommand.Execute(OciStatementHandle statementHandle, CommandBehavior behavior, ArrayList& resultParameterOrdinals)
   在 System.Data.OracleClient.OracleCommand.ExecuteReader(CommandBehavior behavior)
   在 System.Data.OracleClient.OracleCommand.ExecuteDbDataReader(CommandBehavior behavior)
   在 System.Data.Common.DbCommand.System.Data.IDbCommand.ExecuteReader(CommandBehavior behavior)
   在 System.Data.Common.DbDataAdapter.FillInternal(DataSet dataset, DataTable[] datatables, Int32 startRecord, Int32 maxRecords, String srcTable, IDbCommand command, CommandBehavior behavior)
   在 System.Data.Common.DbDataAdapter.Fill(DataSet dataSet, Int32 startRecord, Int32 maxRecords, String srcTable, IDbCommand command, CommandBehavior behavior)
   在 System.Data.Common.DbDataAdapter.Fill(DataSet dataSet, String srcTable)
   在 Maticsoft.DBUtility.DbHelperOra.Query(String SQLString, String connectionString) 位置 e:\pikaqiu\workspace\haikouproject\DAL\DbHelperOra.cs:行号 277
2017-11-02 16:09:05：System.Exception: SELECT * from LWS_WARNPRE order by DDATETIME descORA-00942: 表或视图不存在

   在 Maticsoft.DBUtility.DbHelperOra.Query(String SQLString, String connectionString) 位置 e:\pikaqiu\workspace\haikouproject\DAL\DbHelperOra.cs:行号 282
   在 DAL.DefaultService.GetLWSPreWord() 位置 e:\pikaqiu\workspace\haikouproject\DAL\DefaultService.cs:行号 321
