2017-10-30 17:08:14：System.Net.WebException: 无法连接到远程服务器 ---> System.Net.Sockets.SocketException: 由于连接方在一段时间后没有正确答复或连接的主机没有反应，连接尝试失败。 10.155.95.202:8080
   在 System.Net.Sockets.Socket.DoConnect(EndPoint endPointSnapshot, SocketAddress socketAddress)
   在 System.Net.ServicePoint.ConnectSocketInternal(Boolean connectFailure, Socket s4, Socket s6, Socket& socket, IPAddress& address, ConnectSocketState state, IAsyncResult asyncResult, Exception& exception)
   --- 内部异常堆栈跟踪的结尾 ---
   在 System.Net.WebClient.DownloadDataInternal(Uri address, WebRequest& request)
   在 System.Net.WebClient.DownloadData(Uri address)
   在 System.Net.WebClient.DownloadData(String address)
   在 DAL.DefaultService.GetPondsTime() 位置 e:\pikaqiu\workspace\haikouproject\DAL\DefaultService.cs:行号 497
2017-10-30 17:08:35：System.Net.WebException: 无法连接到远程服务器 ---> System.Net.Sockets.SocketException: 由于连接方在一段时间后没有正确答复或连接的主机没有反应，连接尝试失败。 10.155.95.202:8080
   在 System.Net.Sockets.Socket.DoConnect(EndPoint endPointSnapshot, SocketAddress socketAddress)
   在 System.Net.ServicePoint.ConnectSocketInternal(Boolean connectFailure, Socket s4, Socket s6, Socket& socket, IPAddress& address, ConnectSocketState state, IAsyncResult asyncResult, Exception& exception)
   --- 内部异常堆栈跟踪的结尾 ---
   在 System.Net.WebClient.DownloadDataInternal(Uri address, WebRequest& request)
   在 System.Net.WebClient.DownloadData(Uri address)
   在 System.Net.WebClient.DownloadData(String address)
   在 DAL.DefaultService.GetEcmwfTime() 位置 e:\pikaqiu\workspace\haikouproject\DAL\DefaultService.cs:行号 521
2017-10-30 17:08:41：System.Net.WebException: 无法连接到远程服务器 ---> System.Net.Sockets.SocketException: 由于连接方在一段时间后没有正确答复或连接的主机没有反应，连接尝试失败。 10.155.95.202:8080
   在 System.Net.Sockets.Socket.DoConnect(EndPoint endPointSnapshot, SocketAddress socketAddress)
   在 System.Net.ServicePoint.ConnectSocketInternal(Boolean connectFailure, Socket s4, Socket s6, Socket& socket, IPAddress& address, ConnectSocketState state, IAsyncResult asyncResult, Exception& exception)
   --- 内部异常堆栈跟踪的结尾 ---
   在 System.Net.WebClient.DownloadDataInternal(Uri address, WebRequest& request)
   在 System.Net.WebClient.DownloadData(Uri address)
   在 System.Net.WebClient.DownloadData(String address)
   在 DAL.DefaultService.GetPondsTime() 位置 e:\pikaqiu\workspace\haikouproject\DAL\DefaultService.cs:行号 497
