2018-01-24 11:20:35：Data Source=(DESCRIPTION=(ADDRESS_LIST=(ADDRESS=(PROTOCOL=TCP)(HOST=10.155.95.203)(PORT=1521)))(CONNECT_DATA=(SID=orcl)(SERVER=DEDICATED)));Persist Security Info=True;User ID=szym;Password=szyama;Unicode=True
SELECT * from LWS_WARNPRE order by DDATETIME desc
System.Data.OracleClient.OracleException (0x80131938): ORA-00942: 表或视图不存在

   在 System.Data.OracleClient.OracleConnection.CheckError(OciErrorHandle errorHandle, Int32 rc)
   在 System.Data.OracleClient.OracleCommand.Execute(OciStatementHandle statementHandle, CommandBehavior behavior, Boolean needRowid, OciRowidDescriptor& rowidDescriptor, ArrayList& resultParameterOrdinals)
   在 System.Data.OracleClient.OracleCommand.Execute(OciStatementHandle statementHandle, CommandBehavior behavior, ArrayList& resultParameterOrdinals)
   在 System.Data.OracleClient.OracleCommand.ExecuteReader(CommandBehavior behavior)
   在 System.Data.OracleClient.OracleCommand.ExecuteDbDataReader(CommandBehavior behavior)
   在 System.Data.Common.DbCommand.System.Data.IDbCommand.ExecuteReader(CommandBehavior behavior)
   在 System.Data.Common.DbDataAdapter.FillInternal(DataSet dataset, DataTable[] datatables, Int32 startRecord, Int32 maxRecords, String srcTable, IDbCommand command, CommandBehavior behavior)
   在 System.Data.Common.DbDataAdapter.Fill(DataSet dataSet, Int32 startRecord, Int32 maxRecords, String srcTable, IDbCommand command, CommandBehavior behavior)
   在 System.Data.Common.DbDataAdapter.Fill(DataSet dataSet, String srcTable)
   在 Maticsoft.DBUtility.DbHelperOra.Query(String SQLString, String connectionString) 位置 e:\pikaqiu\workspace\haikouproject\DAL\DbHelperOra.cs:行号 277
2018-01-24 11:20:35：System.Exception: SELECT * from LWS_WARNPRE order by DDATETIME descORA-00942: 表或视图不存在

   在 Maticsoft.DBUtility.DbHelperOra.Query(String SQLString, String connectionString) 位置 e:\pikaqiu\workspace\haikouproject\DAL\DbHelperOra.cs:行号 282
   在 DAL.DefaultService.GetLWSPreWord() 位置 e:\pikaqiu\workspace\haikouproject\DAL\DefaultService.cs:行号 321
2018-01-24 11:20:37：Data Source=(DESCRIPTION=(ADDRESS_LIST=(ADDRESS=(PROTOCOL=TCP)(HOST=10.155.95.203)(PORT=1521)))(CONNECT_DATA=(SID=orcl)(SERVER=DEDICATED)));Persist Security Info=True;User ID=szym;Password=szyama;Unicode=True
SELECT * from LWS_WARNPRE order by DDATETIME desc
System.Data.OracleClient.OracleException (0x80131938): ORA-00942: 表或视图不存在

   在 System.Data.OracleClient.OracleConnection.CheckError(OciErrorHandle errorHandle, Int32 rc)
   在 System.Data.OracleClient.OracleCommand.Execute(OciStatementHandle statementHandle, CommandBehavior behavior, Boolean needRowid, OciRowidDescriptor& rowidDescriptor, ArrayList& resultParameterOrdinals)
   在 System.Data.OracleClient.OracleCommand.Execute(OciStatementHandle statementHandle, CommandBehavior behavior, ArrayList& resultParameterOrdinals)
   在 System.Data.OracleClient.OracleCommand.ExecuteReader(CommandBehavior behavior)
   在 System.Data.OracleClient.OracleCommand.ExecuteDbDataReader(CommandBehavior behavior)
   在 System.Data.Common.DbCommand.System.Data.IDbCommand.ExecuteReader(CommandBehavior behavior)
   在 System.Data.Common.DbDataAdapter.FillInternal(DataSet dataset, DataTable[] datatables, Int32 startRecord, Int32 maxRecords, String srcTable, IDbCommand command, CommandBehavior behavior)
   在 System.Data.Common.DbDataAdapter.Fill(DataSet dataSet, Int32 startRecord, Int32 maxRecords, String srcTable, IDbCommand command, CommandBehavior behavior)
   在 System.Data.Common.DbDataAdapter.Fill(DataSet dataSet, String srcTable)
   在 Maticsoft.DBUtility.DbHelperOra.Query(String SQLString, String connectionString) 位置 e:\pikaqiu\workspace\haikouproject\DAL\DbHelperOra.cs:行号 277
2018-01-24 11:20:37：System.Exception: SELECT * from LWS_WARNPRE order by DDATETIME descORA-00942: 表或视图不存在

   在 Maticsoft.DBUtility.DbHelperOra.Query(String SQLString, String connectionString) 位置 e:\pikaqiu\workspace\haikouproject\DAL\DbHelperOra.cs:行号 282
   在 DAL.DefaultService.GetLWSPreWord() 位置 e:\pikaqiu\workspace\haikouproject\DAL\DefaultService.cs:行号 321
2018-01-24 14:15:52：Data Source=(DESCRIPTION=(ADDRESS_LIST=(ADDRESS=(PROTOCOL=TCP)(HOST=10.155.95.203)(PORT=1521)))(CONNECT_DATA=(SID=orcl)(SERVER=DEDICATED)));Persist Security Info=True;User ID=szym;Password=szyama;Unicode=True
SELECT * from LWS_WARNPRE order by DDATETIME desc
System.Data.OracleClient.OracleException (0x80131938): ORA-00942: 表或视图不存在

   在 System.Data.OracleClient.OracleConnection.CheckError(OciErrorHandle errorHandle, Int32 rc)
   在 System.Data.OracleClient.OracleCommand.Execute(OciStatementHandle statementHandle, CommandBehavior behavior, Boolean needRowid, OciRowidDescriptor& rowidDescriptor, ArrayList& resultParameterOrdinals)
   在 System.Data.OracleClient.OracleCommand.Execute(OciStatementHandle statementHandle, CommandBehavior behavior, ArrayList& resultParameterOrdinals)
   在 System.Data.OracleClient.OracleCommand.ExecuteReader(CommandBehavior behavior)
   在 System.Data.OracleClient.OracleCommand.ExecuteDbDataReader(CommandBehavior behavior)
   在 System.Data.Common.DbCommand.System.Data.IDbCommand.ExecuteReader(CommandBehavior behavior)
   在 System.Data.Common.DbDataAdapter.FillInternal(DataSet dataset, DataTable[] datatables, Int32 startRecord, Int32 maxRecords, String srcTable, IDbCommand command, CommandBehavior behavior)
   在 System.Data.Common.DbDataAdapter.Fill(DataSet dataSet, Int32 startRecord, Int32 maxRecords, String srcTable, IDbCommand command, CommandBehavior behavior)
   在 System.Data.Common.DbDataAdapter.Fill(DataSet dataSet, String srcTable)
   在 Maticsoft.DBUtility.DbHelperOra.Query(String SQLString, String connectionString) 位置 e:\pikaqiu\workspace\haikouproject\DAL\DbHelperOra.cs:行号 277
2018-01-24 14:15:52：System.Exception: SELECT * from LWS_WARNPRE order by DDATETIME descORA-00942: 表或视图不存在

   在 Maticsoft.DBUtility.DbHelperOra.Query(String SQLString, String connectionString) 位置 e:\pikaqiu\workspace\haikouproject\DAL\DbHelperOra.cs:行号 282
   在 DAL.DefaultService.GetLWSPreWord() 位置 e:\pikaqiu\workspace\haikouproject\DAL\DefaultService.cs:行号 321
2018-01-24 14:16:19：Data Source=(DESCRIPTION=(ADDRESS_LIST=(ADDRESS=(PROTOCOL=TCP)(HOST=10.155.95.203)(PORT=1521)))(CONNECT_DATA=(SID=orcl)(SERVER=DEDICATED)));Persist Security Info=True;User ID=szym;Password=szyama;Unicode=True
SELECT * from LWS_WARNPRE order by DDATETIME desc
System.Data.OracleClient.OracleException (0x80131938): ORA-00942: 表或视图不存在

   在 System.Data.OracleClient.OracleConnection.CheckError(OciErrorHandle errorHandle, Int32 rc)
   在 System.Data.OracleClient.OracleCommand.Execute(OciStatementHandle statementHandle, CommandBehavior behavior, Boolean needRowid, OciRowidDescriptor& rowidDescriptor, ArrayList& resultParameterOrdinals)
   在 System.Data.OracleClient.OracleCommand.Execute(OciStatementHandle statementHandle, CommandBehavior behavior, ArrayList& resultParameterOrdinals)
   在 System.Data.OracleClient.OracleCommand.ExecuteReader(CommandBehavior behavior)
   在 System.Data.OracleClient.OracleCommand.ExecuteDbDataReader(CommandBehavior behavior)
   在 System.Data.Common.DbCommand.System.Data.IDbCommand.ExecuteReader(CommandBehavior behavior)
   在 System.Data.Common.DbDataAdapter.FillInternal(DataSet dataset, DataTable[] datatables, Int32 startRecord, Int32 maxRecords, String srcTable, IDbCommand command, CommandBehavior behavior)
   在 System.Data.Common.DbDataAdapter.Fill(DataSet dataSet, Int32 startRecord, Int32 maxRecords, String srcTable, IDbCommand command, CommandBehavior behavior)
   在 System.Data.Common.DbDataAdapter.Fill(DataSet dataSet, String srcTable)
   在 Maticsoft.DBUtility.DbHelperOra.Query(String SQLString, String connectionString) 位置 e:\pikaqiu\workspace\haikouproject\DAL\DbHelperOra.cs:行号 277
2018-01-24 14:16:19：System.Exception: SELECT * from LWS_WARNPRE order by DDATETIME descORA-00942: 表或视图不存在

   在 Maticsoft.DBUtility.DbHelperOra.Query(String SQLString, String connectionString) 位置 e:\pikaqiu\workspace\haikouproject\DAL\DbHelperOra.cs:行号 282
   在 DAL.DefaultService.GetLWSPreWord() 位置 e:\pikaqiu\workspace\haikouproject\DAL\DefaultService.cs:行号 321
2018-01-24 14:16:23：Data Source=(DESCRIPTION=(ADDRESS_LIST=(ADDRESS=(PROTOCOL=TCP)(HOST=10.155.95.203)(PORT=1521)))(CONNECT_DATA=(SID=orcl)(SERVER=DEDICATED)));Persist Security Info=True;User ID=szym;Password=szyama;Unicode=True
SELECT * from LWS_WARNPRE order by DDATETIME desc
System.Data.OracleClient.OracleException (0x80131938): ORA-00942: 表或视图不存在

   在 System.Data.OracleClient.OracleConnection.CheckError(OciErrorHandle errorHandle, Int32 rc)
   在 System.Data.OracleClient.OracleCommand.Execute(OciStatementHandle statementHandle, CommandBehavior behavior, Boolean needRowid, OciRowidDescriptor& rowidDescriptor, ArrayList& resultParameterOrdinals)
   在 System.Data.OracleClient.OracleCommand.Execute(OciStatementHandle statementHandle, CommandBehavior behavior, ArrayList& resultParameterOrdinals)
   在 System.Data.OracleClient.OracleCommand.ExecuteReader(CommandBehavior behavior)
   在 System.Data.OracleClient.OracleCommand.ExecuteDbDataReader(CommandBehavior behavior)
   在 System.Data.Common.DbCommand.System.Data.IDbCommand.ExecuteReader(CommandBehavior behavior)
   在 System.Data.Common.DbDataAdapter.FillInternal(DataSet dataset, DataTable[] datatables, Int32 startRecord, Int32 maxRecords, String srcTable, IDbCommand command, CommandBehavior behavior)
   在 System.Data.Common.DbDataAdapter.Fill(DataSet dataSet, Int32 startRecord, Int32 maxRecords, String srcTable, IDbCommand command, CommandBehavior behavior)
   在 System.Data.Common.DbDataAdapter.Fill(DataSet dataSet, String srcTable)
   在 Maticsoft.DBUtility.DbHelperOra.Query(String SQLString, String connectionString) 位置 e:\pikaqiu\workspace\haikouproject\DAL\DbHelperOra.cs:行号 277
2018-01-24 14:16:23：System.Exception: SELECT * from LWS_WARNPRE order by DDATETIME descORA-00942: 表或视图不存在

   在 Maticsoft.DBUtility.DbHelperOra.Query(String SQLString, String connectionString) 位置 e:\pikaqiu\workspace\haikouproject\DAL\DbHelperOra.cs:行号 282
   在 DAL.DefaultService.GetLWSPreWord() 位置 e:\pikaqiu\workspace\haikouproject\DAL\DefaultService.cs:行号 321
2018-01-24 14:16:26：Data Source=(DESCRIPTION=(ADDRESS_LIST=(ADDRESS=(PROTOCOL=TCP)(HOST=10.155.95.203)(PORT=1521)))(CONNECT_DATA=(SID=orcl)(SERVER=DEDICATED)));Persist Security Info=True;User ID=szym;Password=szyama;Unicode=True
SELECT * from LWS_WARNPRE order by DDATETIME desc
System.Data.OracleClient.OracleException (0x80131938): ORA-00942: 表或视图不存在

   在 System.Data.OracleClient.OracleConnection.CheckError(OciErrorHandle errorHandle, Int32 rc)
   在 System.Data.OracleClient.OracleCommand.Execute(OciStatementHandle statementHandle, CommandBehavior behavior, Boolean needRowid, OciRowidDescriptor& rowidDescriptor, ArrayList& resultParameterOrdinals)
   在 System.Data.OracleClient.OracleCommand.Execute(OciStatementHandle statementHandle, CommandBehavior behavior, ArrayList& resultParameterOrdinals)
   在 System.Data.OracleClient.OracleCommand.ExecuteReader(CommandBehavior behavior)
   在 System.Data.OracleClient.OracleCommand.ExecuteDbDataReader(CommandBehavior behavior)
   在 System.Data.Common.DbCommand.System.Data.IDbCommand.ExecuteReader(CommandBehavior behavior)
   在 System.Data.Common.DbDataAdapter.FillInternal(DataSet dataset, DataTable[] datatables, Int32 startRecord, Int32 maxRecords, String srcTable, IDbCommand command, CommandBehavior behavior)
   在 System.Data.Common.DbDataAdapter.Fill(DataSet dataSet, Int32 startRecord, Int32 maxRecords, String srcTable, IDbCommand command, CommandBehavior behavior)
   在 System.Data.Common.DbDataAdapter.Fill(DataSet dataSet, String srcTable)
   在 Maticsoft.DBUtility.DbHelperOra.Query(String SQLString, String connectionString) 位置 e:\pikaqiu\workspace\haikouproject\DAL\DbHelperOra.cs:行号 277
2018-01-24 14:16:26：System.Exception: SELECT * from LWS_WARNPRE order by DDATETIME descORA-00942: 表或视图不存在

   在 Maticsoft.DBUtility.DbHelperOra.Query(String SQLString, String connectionString) 位置 e:\pikaqiu\workspace\haikouproject\DAL\DbHelperOra.cs:行号 282
   在 DAL.DefaultService.GetLWSPreWord() 位置 e:\pikaqiu\workspace\haikouproject\DAL\DefaultService.cs:行号 321
2018-01-24 14:18:29：Data Source=(DESCRIPTION=(ADDRESS_LIST=(ADDRESS=(PROTOCOL=TCP)(HOST=10.155.95.203)(PORT=1521)))(CONNECT_DATA=(SID=orcl)(SERVER=DEDICATED)));Persist Security Info=True;User ID=szym;Password=szyama;Unicode=True
SELECT * from LWS_WARNPRE order by DDATETIME desc
System.Data.OracleClient.OracleException (0x80131938): ORA-00942: 表或视图不存在

   在 System.Data.OracleClient.OracleConnection.CheckError(OciErrorHandle errorHandle, Int32 rc)
   在 System.Data.OracleClient.OracleCommand.Execute(OciStatementHandle statementHandle, CommandBehavior behavior, Boolean needRowid, OciRowidDescriptor& rowidDescriptor, ArrayList& resultParameterOrdinals)
   在 System.Data.OracleClient.OracleCommand.Execute(OciStatementHandle statementHandle, CommandBehavior behavior, ArrayList& resultParameterOrdinals)
   在 System.Data.OracleClient.OracleCommand.ExecuteReader(CommandBehavior behavior)
   在 System.Data.OracleClient.OracleCommand.ExecuteDbDataReader(CommandBehavior behavior)
   在 System.Data.Common.DbCommand.System.Data.IDbCommand.ExecuteReader(CommandBehavior behavior)
   在 System.Data.Common.DbDataAdapter.FillInternal(DataSet dataset, DataTable[] datatables, Int32 startRecord, Int32 maxRecords, String srcTable, IDbCommand command, CommandBehavior behavior)
   在 System.Data.Common.DbDataAdapter.Fill(DataSet dataSet, Int32 startRecord, Int32 maxRecords, String srcTable, IDbCommand command, CommandBehavior behavior)
   在 System.Data.Common.DbDataAdapter.Fill(DataSet dataSet, String srcTable)
   在 Maticsoft.DBUtility.DbHelperOra.Query(String SQLString, String connectionString) 位置 e:\pikaqiu\workspace\haikouproject\DAL\DbHelperOra.cs:行号 277
2018-01-24 14:18:29：System.Exception: SELECT * from LWS_WARNPRE order by DDATETIME descORA-00942: 表或视图不存在

   在 Maticsoft.DBUtility.DbHelperOra.Query(String SQLString, String connectionString) 位置 e:\pikaqiu\workspace\haikouproject\DAL\DbHelperOra.cs:行号 282
   在 DAL.DefaultService.GetLWSPreWord() 位置 e:\pikaqiu\workspace\haikouproject\DAL\DefaultService.cs:行号 321
2018-01-24 14:18:32：Data Source=(DESCRIPTION=(ADDRESS_LIST=(ADDRESS=(PROTOCOL=TCP)(HOST=10.155.95.203)(PORT=1521)))(CONNECT_DATA=(SID=orcl)(SERVER=DEDICATED)));Persist Security Info=True;User ID=szym;Password=szyama;Unicode=True
SELECT * from LWS_WARNPRE order by DDATETIME desc
System.Data.OracleClient.OracleException (0x80131938): ORA-00942: 表或视图不存在

   在 System.Data.OracleClient.OracleConnection.CheckError(OciErrorHandle errorHandle, Int32 rc)
   在 System.Data.OracleClient.OracleCommand.Execute(OciStatementHandle statementHandle, CommandBehavior behavior, Boolean needRowid, OciRowidDescriptor& rowidDescriptor, ArrayList& resultParameterOrdinals)
   在 System.Data.OracleClient.OracleCommand.Execute(OciStatementHandle statementHandle, CommandBehavior behavior, ArrayList& resultParameterOrdinals)
   在 System.Data.OracleClient.OracleCommand.ExecuteReader(CommandBehavior behavior)
   在 System.Data.OracleClient.OracleCommand.ExecuteDbDataReader(CommandBehavior behavior)
   在 System.Data.Common.DbCommand.System.Data.IDbCommand.ExecuteReader(CommandBehavior behavior)
   在 System.Data.Common.DbDataAdapter.FillInternal(DataSet dataset, DataTable[] datatables, Int32 startRecord, Int32 maxRecords, String srcTable, IDbCommand command, CommandBehavior behavior)
   在 System.Data.Common.DbDataAdapter.Fill(DataSet dataSet, Int32 startRecord, Int32 maxRecords, String srcTable, IDbCommand command, CommandBehavior behavior)
   在 System.Data.Common.DbDataAdapter.Fill(DataSet dataSet, String srcTable)
   在 Maticsoft.DBUtility.DbHelperOra.Query(String SQLString, String connectionString) 位置 e:\pikaqiu\workspace\haikouproject\DAL\DbHelperOra.cs:行号 277
2018-01-24 14:18:32：System.Exception: SELECT * from LWS_WARNPRE order by DDATETIME descORA-00942: 表或视图不存在

   在 Maticsoft.DBUtility.DbHelperOra.Query(String SQLString, String connectionString) 位置 e:\pikaqiu\workspace\haikouproject\DAL\DbHelperOra.cs:行号 282
   在 DAL.DefaultService.GetLWSPreWord() 位置 e:\pikaqiu\workspace\haikouproject\DAL\DefaultService.cs:行号 321
2018-01-24 14:18:41：Data Source=(DESCRIPTION=(ADDRESS_LIST=(ADDRESS=(PROTOCOL=TCP)(HOST=10.155.95.203)(PORT=1521)))(CONNECT_DATA=(SID=orcl)(SERVER=DEDICATED)));Persist Security Info=True;User ID=szym;Password=szyama;Unicode=True
SELECT * from LWS_WARNPRE order by DDATETIME desc
System.Data.OracleClient.OracleException (0x80131938): ORA-00942: 表或视图不存在

   在 System.Data.OracleClient.OracleConnection.CheckError(OciErrorHandle errorHandle, Int32 rc)
   在 System.Data.OracleClient.OracleCommand.Execute(OciStatementHandle statementHandle, CommandBehavior behavior, Boolean needRowid, OciRowidDescriptor& rowidDescriptor, ArrayList& resultParameterOrdinals)
   在 System.Data.OracleClient.OracleCommand.Execute(OciStatementHandle statementHandle, CommandBehavior behavior, ArrayList& resultParameterOrdinals)
   在 System.Data.OracleClient.OracleCommand.ExecuteReader(CommandBehavior behavior)
   在 System.Data.OracleClient.OracleCommand.ExecuteDbDataReader(CommandBehavior behavior)
   在 System.Data.Common.DbCommand.System.Data.IDbCommand.ExecuteReader(CommandBehavior behavior)
   在 System.Data.Common.DbDataAdapter.FillInternal(DataSet dataset, DataTable[] datatables, Int32 startRecord, Int32 maxRecords, String srcTable, IDbCommand command, CommandBehavior behavior)
   在 System.Data.Common.DbDataAdapter.Fill(DataSet dataSet, Int32 startRecord, Int32 maxRecords, String srcTable, IDbCommand command, CommandBehavior behavior)
   在 System.Data.Common.DbDataAdapter.Fill(DataSet dataSet, String srcTable)
   在 Maticsoft.DBUtility.DbHelperOra.Query(String SQLString, String connectionString) 位置 e:\pikaqiu\workspace\haikouproject\DAL\DbHelperOra.cs:行号 277
2018-01-24 14:18:41：System.Exception: SELECT * from LWS_WARNPRE order by DDATETIME descORA-00942: 表或视图不存在

   在 Maticsoft.DBUtility.DbHelperOra.Query(String SQLString, String connectionString) 位置 e:\pikaqiu\workspace\haikouproject\DAL\DbHelperOra.cs:行号 282
   在 DAL.DefaultService.GetLWSPreWord() 位置 e:\pikaqiu\workspace\haikouproject\DAL\DefaultService.cs:行号 321
2018-01-24 14:18:46：Data Source=(DESCRIPTION=(ADDRESS_LIST=(ADDRESS=(PROTOCOL=TCP)(HOST=10.155.95.203)(PORT=1521)))(CONNECT_DATA=(SID=orcl)(SERVER=DEDICATED)));Persist Security Info=True;User ID=szym;Password=szyama;Unicode=True
SELECT * from LWS_WARNPRE order by DDATETIME desc
System.Data.OracleClient.OracleException (0x80131938): ORA-00942: 表或视图不存在

   在 System.Data.OracleClient.OracleConnection.CheckError(OciErrorHandle errorHandle, Int32 rc)
   在 System.Data.OracleClient.OracleCommand.Execute(OciStatementHandle statementHandle, CommandBehavior behavior, Boolean needRowid, OciRowidDescriptor& rowidDescriptor, ArrayList& resultParameterOrdinals)
   在 System.Data.OracleClient.OracleCommand.Execute(OciStatementHandle statementHandle, CommandBehavior behavior, ArrayList& resultParameterOrdinals)
   在 System.Data.OracleClient.OracleCommand.ExecuteReader(CommandBehavior behavior)
   在 System.Data.OracleClient.OracleCommand.ExecuteDbDataReader(CommandBehavior behavior)
   在 System.Data.Common.DbCommand.System.Data.IDbCommand.ExecuteReader(CommandBehavior behavior)
   在 System.Data.Common.DbDataAdapter.FillInternal(DataSet dataset, DataTable[] datatables, Int32 startRecord, Int32 maxRecords, String srcTable, IDbCommand command, CommandBehavior behavior)
   在 System.Data.Common.DbDataAdapter.Fill(DataSet dataSet, Int32 startRecord, Int32 maxRecords, String srcTable, IDbCommand command, CommandBehavior behavior)
   在 System.Data.Common.DbDataAdapter.Fill(DataSet dataSet, String srcTable)
   在 Maticsoft.DBUtility.DbHelperOra.Query(String SQLString, String connectionString) 位置 e:\pikaqiu\workspace\haikouproject\DAL\DbHelperOra.cs:行号 277
2018-01-24 14:18:46：System.Exception: SELECT * from LWS_WARNPRE order by DDATETIME descORA-00942: 表或视图不存在

   在 Maticsoft.DBUtility.DbHelperOra.Query(String SQLString, String connectionString) 位置 e:\pikaqiu\workspace\haikouproject\DAL\DbHelperOra.cs:行号 282
   在 DAL.DefaultService.GetLWSPreWord() 位置 e:\pikaqiu\workspace\haikouproject\DAL\DefaultService.cs:行号 321
2018-01-24 14:18:55：Data Source=(DESCRIPTION=(ADDRESS_LIST=(ADDRESS=(PROTOCOL=TCP)(HOST=10.155.95.203)(PORT=1521)))(CONNECT_DATA=(SID=orcl)(SERVER=DEDICATED)));Persist Security Info=True;User ID=szym;Password=szyama;Unicode=True
SELECT * from LWS_WARNPRE order by DDATETIME desc
System.Data.OracleClient.OracleException (0x80131938): ORA-00942: 表或视图不存在

   在 System.Data.OracleClient.OracleConnection.CheckError(OciErrorHandle errorHandle, Int32 rc)
   在 System.Data.OracleClient.OracleCommand.Execute(OciStatementHandle statementHandle, CommandBehavior behavior, Boolean needRowid, OciRowidDescriptor& rowidDescriptor, ArrayList& resultParameterOrdinals)
   在 System.Data.OracleClient.OracleCommand.Execute(OciStatementHandle statementHandle, CommandBehavior behavior, ArrayList& resultParameterOrdinals)
   在 System.Data.OracleClient.OracleCommand.ExecuteReader(CommandBehavior behavior)
   在 System.Data.OracleClient.OracleCommand.ExecuteDbDataReader(CommandBehavior behavior)
   在 System.Data.Common.DbCommand.System.Data.IDbCommand.ExecuteReader(CommandBehavior behavior)
   在 System.Data.Common.DbDataAdapter.FillInternal(DataSet dataset, DataTable[] datatables, Int32 startRecord, Int32 maxRecords, String srcTable, IDbCommand command, CommandBehavior behavior)
   在 System.Data.Common.DbDataAdapter.Fill(DataSet dataSet, Int32 startRecord, Int32 maxRecords, String srcTable, IDbCommand command, CommandBehavior behavior)
   在 System.Data.Common.DbDataAdapter.Fill(DataSet dataSet, String srcTable)
   在 Maticsoft.DBUtility.DbHelperOra.Query(String SQLString, String connectionString) 位置 e:\pikaqiu\workspace\haikouproject\DAL\DbHelperOra.cs:行号 277
2018-01-24 14:18:55：System.Exception: SELECT * from LWS_WARNPRE order by DDATETIME descORA-00942: 表或视图不存在

   在 Maticsoft.DBUtility.DbHelperOra.Query(String SQLString, String connectionString) 位置 e:\pikaqiu\workspace\haikouproject\DAL\DbHelperOra.cs:行号 282
   在 DAL.DefaultService.GetLWSPreWord() 位置 e:\pikaqiu\workspace\haikouproject\DAL\DefaultService.cs:行号 321
2018-01-24 14:19:00：Data Source=(DESCRIPTION=(ADDRESS_LIST=(ADDRESS=(PROTOCOL=TCP)(HOST=10.155.95.203)(PORT=1521)))(CONNECT_DATA=(SID=orcl)(SERVER=DEDICATED)));Persist Security Info=True;User ID=szym;Password=szyama;Unicode=True
SELECT * from LWS_WARNPRE order by DDATETIME desc
System.Data.OracleClient.OracleException (0x80131938): ORA-00942: 表或视图不存在

   在 System.Data.OracleClient.OracleConnection.CheckError(OciErrorHandle errorHandle, Int32 rc)
   在 System.Data.OracleClient.OracleCommand.Execute(OciStatementHandle statementHandle, CommandBehavior behavior, Boolean needRowid, OciRowidDescriptor& rowidDescriptor, ArrayList& resultParameterOrdinals)
   在 System.Data.OracleClient.OracleCommand.Execute(OciStatementHandle statementHandle, CommandBehavior behavior, ArrayList& resultParameterOrdinals)
   在 System.Data.OracleClient.OracleCommand.ExecuteReader(CommandBehavior behavior)
   在 System.Data.OracleClient.OracleCommand.ExecuteDbDataReader(CommandBehavior behavior)
   在 System.Data.Common.DbCommand.System.Data.IDbCommand.ExecuteReader(CommandBehavior behavior)
   在 System.Data.Common.DbDataAdapter.FillInternal(DataSet dataset, DataTable[] datatables, Int32 startRecord, Int32 maxRecords, String srcTable, IDbCommand command, CommandBehavior behavior)
   在 System.Data.Common.DbDataAdapter.Fill(DataSet dataSet, Int32 startRecord, Int32 maxRecords, String srcTable, IDbCommand command, CommandBehavior behavior)
   在 System.Data.Common.DbDataAdapter.Fill(DataSet dataSet, String srcTable)
   在 Maticsoft.DBUtility.DbHelperOra.Query(String SQLString, String connectionString) 位置 e:\pikaqiu\workspace\haikouproject\DAL\DbHelperOra.cs:行号 277
2018-01-24 14:19:00：System.Exception: SELECT * from LWS_WARNPRE order by DDATETIME descORA-00942: 表或视图不存在

   在 Maticsoft.DBUtility.DbHelperOra.Query(String SQLString, String connectionString) 位置 e:\pikaqiu\workspace\haikouproject\DAL\DbHelperOra.cs:行号 282
   在 DAL.DefaultService.GetLWSPreWord() 位置 e:\pikaqiu\workspace\haikouproject\DAL\DefaultService.cs:行号 321
2018-01-24 14:19:30：Data Source=(DESCRIPTION=(ADDRESS_LIST=(ADDRESS=(PROTOCOL=TCP)(HOST=10.155.95.203)(PORT=1521)))(CONNECT_DATA=(SID=orcl)(SERVER=DEDICATED)));Persist Security Info=True;User ID=szym;Password=szyama;Unicode=True
SELECT * from LWS_WARNPRE order by DDATETIME desc
System.Data.OracleClient.OracleException (0x80131938): ORA-00942: 表或视图不存在

   在 System.Data.OracleClient.OracleConnection.CheckError(OciErrorHandle errorHandle, Int32 rc)
   在 System.Data.OracleClient.OracleCommand.Execute(OciStatementHandle statementHandle, CommandBehavior behavior, Boolean needRowid, OciRowidDescriptor& rowidDescriptor, ArrayList& resultParameterOrdinals)
   在 System.Data.OracleClient.OracleCommand.Execute(OciStatementHandle statementHandle, CommandBehavior behavior, ArrayList& resultParameterOrdinals)
   在 System.Data.OracleClient.OracleCommand.ExecuteReader(CommandBehavior behavior)
   在 System.Data.OracleClient.OracleCommand.ExecuteDbDataReader(CommandBehavior behavior)
   在 System.Data.Common.DbCommand.System.Data.IDbCommand.ExecuteReader(CommandBehavior behavior)
   在 System.Data.Common.DbDataAdapter.FillInternal(DataSet dataset, DataTable[] datatables, Int32 startRecord, Int32 maxRecords, String srcTable, IDbCommand command, CommandBehavior behavior)
   在 System.Data.Common.DbDataAdapter.Fill(DataSet dataSet, Int32 startRecord, Int32 maxRecords, String srcTable, IDbCommand command, CommandBehavior behavior)
   在 System.Data.Common.DbDataAdapter.Fill(DataSet dataSet, String srcTable)
   在 Maticsoft.DBUtility.DbHelperOra.Query(String SQLString, String connectionString) 位置 e:\pikaqiu\workspace\haikouproject\DAL\DbHelperOra.cs:行号 277
2018-01-24 14:19:31：System.Exception: SELECT * from LWS_WARNPRE order by DDATETIME descORA-00942: 表或视图不存在

   在 Maticsoft.DBUtility.DbHelperOra.Query(String SQLString, String connectionString) 位置 e:\pikaqiu\workspace\haikouproject\DAL\DbHelperOra.cs:行号 282
   在 DAL.DefaultService.GetLWSPreWord() 位置 e:\pikaqiu\workspace\haikouproject\DAL\DefaultService.cs:行号 321
2018-01-24 14:22:29：Data Source=(DESCRIPTION=(ADDRESS_LIST=(ADDRESS=(PROTOCOL=TCP)(HOST=10.155.95.203)(PORT=1521)))(CONNECT_DATA=(SID=orcl)(SERVER=DEDICATED)));Persist Security Info=True;User ID=szym;Password=szyama;Unicode=True
SELECT * from LWS_WARNPRE order by DDATETIME desc
System.Data.OracleClient.OracleException (0x80131938): ORA-00942: 表或视图不存在

   在 System.Data.OracleClient.OracleConnection.CheckError(OciErrorHandle errorHandle, Int32 rc)
   在 System.Data.OracleClient.OracleCommand.Execute(OciStatementHandle statementHandle, CommandBehavior behavior, Boolean needRowid, OciRowidDescriptor& rowidDescriptor, ArrayList& resultParameterOrdinals)
   在 System.Data.OracleClient.OracleCommand.Execute(OciStatementHandle statementHandle, CommandBehavior behavior, ArrayList& resultParameterOrdinals)
   在 System.Data.OracleClient.OracleCommand.ExecuteReader(CommandBehavior behavior)
   在 System.Data.OracleClient.OracleCommand.ExecuteDbDataReader(CommandBehavior behavior)
   在 System.Data.Common.DbCommand.System.Data.IDbCommand.ExecuteReader(CommandBehavior behavior)
   在 System.Data.Common.DbDataAdapter.FillInternal(DataSet dataset, DataTable[] datatables, Int32 startRecord, Int32 maxRecords, String srcTable, IDbCommand command, CommandBehavior behavior)
   在 System.Data.Common.DbDataAdapter.Fill(DataSet dataSet, Int32 startRecord, Int32 maxRecords, String srcTable, IDbCommand command, CommandBehavior behavior)
   在 System.Data.Common.DbDataAdapter.Fill(DataSet dataSet, String srcTable)
   在 Maticsoft.DBUtility.DbHelperOra.Query(String SQLString, String connectionString) 位置 e:\pikaqiu\workspace\haikouproject\DAL\DbHelperOra.cs:行号 277
2018-01-24 14:22:29：System.Exception: SELECT * from LWS_WARNPRE order by DDATETIME descORA-00942: 表或视图不存在

   在 Maticsoft.DBUtility.DbHelperOra.Query(String SQLString, String connectionString) 位置 e:\pikaqiu\workspace\haikouproject\DAL\DbHelperOra.cs:行号 282
   在 DAL.DefaultService.GetLWSPreWord() 位置 e:\pikaqiu\workspace\haikouproject\DAL\DefaultService.cs:行号 321
2018-01-24 15:16:28：Data Source=(DESCRIPTION=(ADDRESS_LIST=(ADDRESS=(PROTOCOL=TCP)(HOST=10.155.95.203)(PORT=1521)))(CONNECT_DATA=(SID=orcl)(SERVER=DEDICATED)));Persist Security Info=True;User ID=szym;Password=szyama;Unicode=True
SELECT * from LWS_WARNPRE order by DDATETIME desc
System.Data.OracleClient.OracleException (0x80131938): ORA-00942: 表或视图不存在

   在 System.Data.OracleClient.OracleConnection.CheckError(OciErrorHandle errorHandle, Int32 rc)
   在 System.Data.OracleClient.OracleCommand.Execute(OciStatementHandle statementHandle, CommandBehavior behavior, Boolean needRowid, OciRowidDescriptor& rowidDescriptor, ArrayList& resultParameterOrdinals)
   在 System.Data.OracleClient.OracleCommand.Execute(OciStatementHandle statementHandle, CommandBehavior behavior, ArrayList& resultParameterOrdinals)
   在 System.Data.OracleClient.OracleCommand.ExecuteReader(CommandBehavior behavior)
   在 System.Data.OracleClient.OracleCommand.ExecuteDbDataReader(CommandBehavior behavior)
   在 System.Data.Common.DbCommand.System.Data.IDbCommand.ExecuteReader(CommandBehavior behavior)
   在 System.Data.Common.DbDataAdapter.FillInternal(DataSet dataset, DataTable[] datatables, Int32 startRecord, Int32 maxRecords, String srcTable, IDbCommand command, CommandBehavior behavior)
   在 System.Data.Common.DbDataAdapter.Fill(DataSet dataSet, Int32 startRecord, Int32 maxRecords, String srcTable, IDbCommand command, CommandBehavior behavior)
   在 System.Data.Common.DbDataAdapter.Fill(DataSet dataSet, String srcTable)
   在 Maticsoft.DBUtility.DbHelperOra.Query(String SQLString, String connectionString) 位置 e:\pikaqiu\workspace\haikouproject\DAL\DbHelperOra.cs:行号 277
2018-01-24 15:16:28：System.Exception: SELECT * from LWS_WARNPRE order by DDATETIME descORA-00942: 表或视图不存在

   在 Maticsoft.DBUtility.DbHelperOra.Query(String SQLString, String connectionString) 位置 e:\pikaqiu\workspace\haikouproject\DAL\DbHelperOra.cs:行号 282
   在 DAL.DefaultService.GetLWSPreWord() 位置 e:\pikaqiu\workspace\haikouproject\DAL\DefaultService.cs:行号 321
2018-01-24 15:17:57：Data Source=(DESCRIPTION=(ADDRESS_LIST=(ADDRESS=(PROTOCOL=TCP)(HOST=10.155.95.203)(PORT=1521)))(CONNECT_DATA=(SID=orcl)(SERVER=DEDICATED)));Persist Security Info=True;User ID=szym;Password=szyama;Unicode=True
SELECT * from LWS_WARNPRE order by DDATETIME desc
System.Data.OracleClient.OracleException (0x80131938): ORA-00942: 表或视图不存在

   在 System.Data.OracleClient.OracleConnection.CheckError(OciErrorHandle errorHandle, Int32 rc)
   在 System.Data.OracleClient.OracleCommand.Execute(OciStatementHandle statementHandle, CommandBehavior behavior, Boolean needRowid, OciRowidDescriptor& rowidDescriptor, ArrayList& resultParameterOrdinals)
   在 System.Data.OracleClient.OracleCommand.Execute(OciStatementHandle statementHandle, CommandBehavior behavior, ArrayList& resultParameterOrdinals)
   在 System.Data.OracleClient.OracleCommand.ExecuteReader(CommandBehavior behavior)
   在 System.Data.OracleClient.OracleCommand.ExecuteDbDataReader(CommandBehavior behavior)
   在 System.Data.Common.DbCommand.System.Data.IDbCommand.ExecuteReader(CommandBehavior behavior)
   在 System.Data.Common.DbDataAdapter.FillInternal(DataSet dataset, DataTable[] datatables, Int32 startRecord, Int32 maxRecords, String srcTable, IDbCommand command, CommandBehavior behavior)
   在 System.Data.Common.DbDataAdapter.Fill(DataSet dataSet, Int32 startRecord, Int32 maxRecords, String srcTable, IDbCommand command, CommandBehavior behavior)
   在 System.Data.Common.DbDataAdapter.Fill(DataSet dataSet, String srcTable)
   在 Maticsoft.DBUtility.DbHelperOra.Query(String SQLString, String connectionString) 位置 e:\pikaqiu\workspace\haikouproject\DAL\DbHelperOra.cs:行号 277
2018-01-24 15:17:57：System.Exception: SELECT * from LWS_WARNPRE order by DDATETIME descORA-00942: 表或视图不存在

   在 Maticsoft.DBUtility.DbHelperOra.Query(String SQLString, String connectionString) 位置 e:\pikaqiu\workspace\haikouproject\DAL\DbHelperOra.cs:行号 282
   在 DAL.DefaultService.GetLWSPreWord() 位置 e:\pikaqiu\workspace\haikouproject\DAL\DefaultService.cs:行号 321
2018-01-24 15:21:16：Data Source=(DESCRIPTION=(ADDRESS_LIST=(ADDRESS=(PROTOCOL=TCP)(HOST=10.155.95.203)(PORT=1521)))(CONNECT_DATA=(SID=orcl)(SERVER=DEDICATED)));Persist Security Info=True;User ID=szym;Password=szyama;Unicode=True
SELECT * from LWS_WARNPRE order by DDATETIME desc
System.Data.OracleClient.OracleException (0x80131938): ORA-00942: 表或视图不存在

   在 System.Data.OracleClient.OracleConnection.CheckError(OciErrorHandle errorHandle, Int32 rc)
   在 System.Data.OracleClient.OracleCommand.Execute(OciStatementHandle statementHandle, CommandBehavior behavior, Boolean needRowid, OciRowidDescriptor& rowidDescriptor, ArrayList& resultParameterOrdinals)
   在 System.Data.OracleClient.OracleCommand.Execute(OciStatementHandle statementHandle, CommandBehavior behavior, ArrayList& resultParameterOrdinals)
   在 System.Data.OracleClient.OracleCommand.ExecuteReader(CommandBehavior behavior)
   在 System.Data.OracleClient.OracleCommand.ExecuteDbDataReader(CommandBehavior behavior)
   在 System.Data.Common.DbCommand.System.Data.IDbCommand.ExecuteReader(CommandBehavior behavior)
   在 System.Data.Common.DbDataAdapter.FillInternal(DataSet dataset, DataTable[] datatables, Int32 startRecord, Int32 maxRecords, String srcTable, IDbCommand command, CommandBehavior behavior)
   在 System.Data.Common.DbDataAdapter.Fill(DataSet dataSet, Int32 startRecord, Int32 maxRecords, String srcTable, IDbCommand command, CommandBehavior behavior)
   在 System.Data.Common.DbDataAdapter.Fill(DataSet dataSet, String srcTable)
   在 Maticsoft.DBUtility.DbHelperOra.Query(String SQLString, String connectionString) 位置 e:\pikaqiu\workspace\haikouproject\DAL\DbHelperOra.cs:行号 277
2018-01-24 15:21:16：System.Exception: SELECT * from LWS_WARNPRE order by DDATETIME descORA-00942: 表或视图不存在

   在 Maticsoft.DBUtility.DbHelperOra.Query(String SQLString, String connectionString) 位置 e:\pikaqiu\workspace\haikouproject\DAL\DbHelperOra.cs:行号 282
   在 DAL.DefaultService.GetLWSPreWord() 位置 e:\pikaqiu\workspace\haikouproject\DAL\DefaultService.cs:行号 321
2018-01-24 15:23:34：Data Source=(DESCRIPTION=(ADDRESS_LIST=(ADDRESS=(PROTOCOL=TCP)(HOST=10.155.95.203)(PORT=1521)))(CONNECT_DATA=(SID=orcl)(SERVER=DEDICATED)));Persist Security Info=True;User ID=szym;Password=szyama;Unicode=True
SELECT * from LWS_WARNPRE order by DDATETIME desc
System.Data.OracleClient.OracleException (0x80131938): ORA-00942: 表或视图不存在

   在 System.Data.OracleClient.OracleConnection.CheckError(OciErrorHandle errorHandle, Int32 rc)
   在 System.Data.OracleClient.OracleCommand.Execute(OciStatementHandle statementHandle, CommandBehavior behavior, Boolean needRowid, OciRowidDescriptor& rowidDescriptor, ArrayList& resultParameterOrdinals)
   在 System.Data.OracleClient.OracleCommand.Execute(OciStatementHandle statementHandle, CommandBehavior behavior, ArrayList& resultParameterOrdinals)
   在 System.Data.OracleClient.OracleCommand.ExecuteReader(CommandBehavior behavior)
   在 System.Data.OracleClient.OracleCommand.ExecuteDbDataReader(CommandBehavior behavior)
   在 System.Data.Common.DbCommand.System.Data.IDbCommand.ExecuteReader(CommandBehavior behavior)
   在 System.Data.Common.DbDataAdapter.FillInternal(DataSet dataset, DataTable[] datatables, Int32 startRecord, Int32 maxRecords, String srcTable, IDbCommand command, CommandBehavior behavior)
   在 System.Data.Common.DbDataAdapter.Fill(DataSet dataSet, Int32 startRecord, Int32 maxRecords, String srcTable, IDbCommand command, CommandBehavior behavior)
   在 System.Data.Common.DbDataAdapter.Fill(DataSet dataSet, String srcTable)
   在 Maticsoft.DBUtility.DbHelperOra.Query(String SQLString, String connectionString) 位置 e:\pikaqiu\workspace\haikouproject\DAL\DbHelperOra.cs:行号 277
2018-01-24 15:23:34：System.Exception: SELECT * from LWS_WARNPRE order by DDATETIME descORA-00942: 表或视图不存在

   在 Maticsoft.DBUtility.DbHelperOra.Query(String SQLString, String connectionString) 位置 e:\pikaqiu\workspace\haikouproject\DAL\DbHelperOra.cs:行号 282
   在 DAL.DefaultService.GetLWSPreWord() 位置 e:\pikaqiu\workspace\haikouproject\DAL\DefaultService.cs:行号 321
2018-01-24 15:27:01：Data Source=(DESCRIPTION=(ADDRESS_LIST=(ADDRESS=(PROTOCOL=TCP)(HOST=10.155.95.203)(PORT=1521)))(CONNECT_DATA=(SID=orcl)(SERVER=DEDICATED)));Persist Security Info=True;User ID=szym;Password=szyama;Unicode=True
SELECT * from LWS_WARNPRE order by DDATETIME desc
System.Data.OracleClient.OracleException (0x80131938): ORA-00942: 表或视图不存在

   在 System.Data.OracleClient.OracleConnection.CheckError(OciErrorHandle errorHandle, Int32 rc)
   在 System.Data.OracleClient.OracleCommand.Execute(OciStatementHandle statementHandle, CommandBehavior behavior, Boolean needRowid, OciRowidDescriptor& rowidDescriptor, ArrayList& resultParameterOrdinals)
   在 System.Data.OracleClient.OracleCommand.Execute(OciStatementHandle statementHandle, CommandBehavior behavior, ArrayList& resultParameterOrdinals)
   在 System.Data.OracleClient.OracleCommand.ExecuteReader(CommandBehavior behavior)
   在 System.Data.OracleClient.OracleCommand.ExecuteDbDataReader(CommandBehavior behavior)
   在 System.Data.Common.DbCommand.System.Data.IDbCommand.ExecuteReader(CommandBehavior behavior)
   在 System.Data.Common.DbDataAdapter.FillInternal(DataSet dataset, DataTable[] datatables, Int32 startRecord, Int32 maxRecords, String srcTable, IDbCommand command, CommandBehavior behavior)
   在 System.Data.Common.DbDataAdapter.Fill(DataSet dataSet, Int32 startRecord, Int32 maxRecords, String srcTable, IDbCommand command, CommandBehavior behavior)
   在 System.Data.Common.DbDataAdapter.Fill(DataSet dataSet, String srcTable)
   在 Maticsoft.DBUtility.DbHelperOra.Query(String SQLString, String connectionString) 位置 e:\pikaqiu\workspace\haikouproject\DAL\DbHelperOra.cs:行号 277
2018-01-24 15:27:01：System.Exception: SELECT * from LWS_WARNPRE order by DDATETIME descORA-00942: 表或视图不存在

   在 Maticsoft.DBUtility.DbHelperOra.Query(String SQLString, String connectionString) 位置 e:\pikaqiu\workspace\haikouproject\DAL\DbHelperOra.cs:行号 282
   在 DAL.DefaultService.GetLWSPreWord() 位置 e:\pikaqiu\workspace\haikouproject\DAL\DefaultService.cs:行号 321
2018-01-24 15:28:59：Data Source=(DESCRIPTION=(ADDRESS_LIST=(ADDRESS=(PROTOCOL=TCP)(HOST=10.155.95.203)(PORT=1521)))(CONNECT_DATA=(SID=orcl)(SERVER=DEDICATED)));Persist Security Info=True;User ID=szym;Password=szyama;Unicode=True
SELECT * from LWS_WARNPRE order by DDATETIME desc
System.Data.OracleClient.OracleException (0x80131938): ORA-00942: 表或视图不存在

   在 System.Data.OracleClient.OracleConnection.CheckError(OciErrorHandle errorHandle, Int32 rc)
   在 System.Data.OracleClient.OracleCommand.Execute(OciStatementHandle statementHandle, CommandBehavior behavior, Boolean needRowid, OciRowidDescriptor& rowidDescriptor, ArrayList& resultParameterOrdinals)
   在 System.Data.OracleClient.OracleCommand.Execute(OciStatementHandle statementHandle, CommandBehavior behavior, ArrayList& resultParameterOrdinals)
   在 System.Data.OracleClient.OracleCommand.ExecuteReader(CommandBehavior behavior)
   在 System.Data.OracleClient.OracleCommand.ExecuteDbDataReader(CommandBehavior behavior)
   在 System.Data.Common.DbCommand.System.Data.IDbCommand.ExecuteReader(CommandBehavior behavior)
   在 System.Data.Common.DbDataAdapter.FillInternal(DataSet dataset, DataTable[] datatables, Int32 startRecord, Int32 maxRecords, String srcTable, IDbCommand command, CommandBehavior behavior)
   在 System.Data.Common.DbDataAdapter.Fill(DataSet dataSet, Int32 startRecord, Int32 maxRecords, String srcTable, IDbCommand command, CommandBehavior behavior)
   在 System.Data.Common.DbDataAdapter.Fill(DataSet dataSet, String srcTable)
   在 Maticsoft.DBUtility.DbHelperOra.Query(String SQLString, String connectionString) 位置 e:\pikaqiu\workspace\haikouproject\DAL\DbHelperOra.cs:行号 277
2018-01-24 15:28:59：System.Exception: SELECT * from LWS_WARNPRE order by DDATETIME descORA-00942: 表或视图不存在

   在 Maticsoft.DBUtility.DbHelperOra.Query(String SQLString, String connectionString) 位置 e:\pikaqiu\workspace\haikouproject\DAL\DbHelperOra.cs:行号 282
   在 DAL.DefaultService.GetLWSPreWord() 位置 e:\pikaqiu\workspace\haikouproject\DAL\DefaultService.cs:行号 321
2018-01-24 15:30:06：Data Source=(DESCRIPTION=(ADDRESS_LIST=(ADDRESS=(PROTOCOL=TCP)(HOST=10.155.95.203)(PORT=1521)))(CONNECT_DATA=(SID=orcl)(SERVER=DEDICATED)));Persist Security Info=True;User ID=szym;Password=szyama;Unicode=True
SELECT * from LWS_WARNPRE order by DDATETIME desc
System.Data.OracleClient.OracleException (0x80131938): ORA-00942: 表或视图不存在

   在 System.Data.OracleClient.OracleConnection.CheckError(OciErrorHandle errorHandle, Int32 rc)
   在 System.Data.OracleClient.OracleCommand.Execute(OciStatementHandle statementHandle, CommandBehavior behavior, Boolean needRowid, OciRowidDescriptor& rowidDescriptor, ArrayList& resultParameterOrdinals)
   在 System.Data.OracleClient.OracleCommand.Execute(OciStatementHandle statementHandle, CommandBehavior behavior, ArrayList& resultParameterOrdinals)
   在 System.Data.OracleClient.OracleCommand.ExecuteReader(CommandBehavior behavior)
   在 System.Data.OracleClient.OracleCommand.ExecuteDbDataReader(CommandBehavior behavior)
   在 System.Data.Common.DbCommand.System.Data.IDbCommand.ExecuteReader(CommandBehavior behavior)
   在 System.Data.Common.DbDataAdapter.FillInternal(DataSet dataset, DataTable[] datatables, Int32 startRecord, Int32 maxRecords, String srcTable, IDbCommand command, CommandBehavior behavior)
   在 System.Data.Common.DbDataAdapter.Fill(DataSet dataSet, Int32 startRecord, Int32 maxRecords, String srcTable, IDbCommand command, CommandBehavior behavior)
   在 System.Data.Common.DbDataAdapter.Fill(DataSet dataSet, String srcTable)
   在 Maticsoft.DBUtility.DbHelperOra.Query(String SQLString, String connectionString) 位置 e:\pikaqiu\workspace\haikouproject\DAL\DbHelperOra.cs:行号 277
2018-01-24 15:30:06：System.Exception: SELECT * from LWS_WARNPRE order by DDATETIME descORA-00942: 表或视图不存在

   在 Maticsoft.DBUtility.DbHelperOra.Query(String SQLString, String connectionString) 位置 e:\pikaqiu\workspace\haikouproject\DAL\DbHelperOra.cs:行号 282
   在 DAL.DefaultService.GetLWSPreWord() 位置 e:\pikaqiu\workspace\haikouproject\DAL\DefaultService.cs:行号 321
2018-01-24 15:30:15：Data Source=(DESCRIPTION=(ADDRESS_LIST=(ADDRESS=(PROTOCOL=TCP)(HOST=10.155.95.203)(PORT=1521)))(CONNECT_DATA=(SID=orcl)(SERVER=DEDICATED)));Persist Security Info=True;User ID=szym;Password=szyama;Unicode=True
SELECT * from LWS_WARNPRE order by DDATETIME desc
System.Data.OracleClient.OracleException (0x80131938): ORA-00942: 表或视图不存在

   在 System.Data.OracleClient.OracleConnection.CheckError(OciErrorHandle errorHandle, Int32 rc)
   在 System.Data.OracleClient.OracleCommand.Execute(OciStatementHandle statementHandle, CommandBehavior behavior, Boolean needRowid, OciRowidDescriptor& rowidDescriptor, ArrayList& resultParameterOrdinals)
   在 System.Data.OracleClient.OracleCommand.Execute(OciStatementHandle statementHandle, CommandBehavior behavior, ArrayList& resultParameterOrdinals)
   在 System.Data.OracleClient.OracleCommand.ExecuteReader(CommandBehavior behavior)
   在 System.Data.OracleClient.OracleCommand.ExecuteDbDataReader(CommandBehavior behavior)
   在 System.Data.Common.DbCommand.System.Data.IDbCommand.ExecuteReader(CommandBehavior behavior)
   在 System.Data.Common.DbDataAdapter.FillInternal(DataSet dataset, DataTable[] datatables, Int32 startRecord, Int32 maxRecords, String srcTable, IDbCommand command, CommandBehavior behavior)
   在 System.Data.Common.DbDataAdapter.Fill(DataSet dataSet, Int32 startRecord, Int32 maxRecords, String srcTable, IDbCommand command, CommandBehavior behavior)
   在 System.Data.Common.DbDataAdapter.Fill(DataSet dataSet, String srcTable)
   在 Maticsoft.DBUtility.DbHelperOra.Query(String SQLString, String connectionString) 位置 e:\pikaqiu\workspace\haikouproject\DAL\DbHelperOra.cs:行号 277
2018-01-24 15:30:15：System.Exception: SELECT * from LWS_WARNPRE order by DDATETIME descORA-00942: 表或视图不存在

   在 Maticsoft.DBUtility.DbHelperOra.Query(String SQLString, String connectionString) 位置 e:\pikaqiu\workspace\haikouproject\DAL\DbHelperOra.cs:行号 282
   在 DAL.DefaultService.GetLWSPreWord() 位置 e:\pikaqiu\workspace\haikouproject\DAL\DefaultService.cs:行号 321
2018-01-24 16:58:17：Data Source=(DESCRIPTION=(ADDRESS_LIST=(ADDRESS=(PROTOCOL=TCP)(HOST=10.155.95.203)(PORT=1521)))(CONNECT_DATA=(SID=orcl)(SERVER=DEDICATED)));Persist Security Info=True;User ID=szym;Password=szyama;Unicode=True
SELECT * from LWS_WARNPRE order by DDATETIME desc
System.Data.OracleClient.OracleException (0x80131938): ORA-00942: 表或视图不存在

   在 System.Data.OracleClient.OracleConnection.CheckError(OciErrorHandle errorHandle, Int32 rc)
   在 System.Data.OracleClient.OracleCommand.Execute(OciStatementHandle statementHandle, CommandBehavior behavior, Boolean needRowid, OciRowidDescriptor& rowidDescriptor, ArrayList& resultParameterOrdinals)
   在 System.Data.OracleClient.OracleCommand.Execute(OciStatementHandle statementHandle, CommandBehavior behavior, ArrayList& resultParameterOrdinals)
   在 System.Data.OracleClient.OracleCommand.ExecuteReader(CommandBehavior behavior)
   在 System.Data.OracleClient.OracleCommand.ExecuteDbDataReader(CommandBehavior behavior)
   在 System.Data.Common.DbCommand.System.Data.IDbCommand.ExecuteReader(CommandBehavior behavior)
   在 System.Data.Common.DbDataAdapter.FillInternal(DataSet dataset, DataTable[] datatables, Int32 startRecord, Int32 maxRecords, String srcTable, IDbCommand command, CommandBehavior behavior)
   在 System.Data.Common.DbDataAdapter.Fill(DataSet dataSet, Int32 startRecord, Int32 maxRecords, String srcTable, IDbCommand command, CommandBehavior behavior)
   在 System.Data.Common.DbDataAdapter.Fill(DataSet dataSet, String srcTable)
   在 Maticsoft.DBUtility.DbHelperOra.Query(String SQLString, String connectionString) 位置 e:\pikaqiu\workspace\haikouproject\DAL\DbHelperOra.cs:行号 277
2018-01-24 16:58:17：System.Exception: SELECT * from LWS_WARNPRE order by DDATETIME descORA-00942: 表或视图不存在

   在 Maticsoft.DBUtility.DbHelperOra.Query(String SQLString, String connectionString) 位置 e:\pikaqiu\workspace\haikouproject\DAL\DbHelperOra.cs:行号 282
   在 DAL.DefaultService.GetLWSPreWord() 位置 e:\pikaqiu\workspace\haikouproject\DAL\DefaultService.cs:行号 321
