2018-01-29 14:56:11：Data Source=(DESCRIPTION=(ADDRESS_LIST=(ADDRESS=(PROTOCOL=TCP)(HOST=10.155.95.203)(PORT=1521)))(CONNECT_DATA=(SID=orcl)(SERVER=DEDICATED)));Persist Security Info=True;User ID=szym;Password=szyama;Unicode=True
SELECT * from LWS_WARNPRE order by DDATETIME desc
System.Data.OracleClient.OracleException (0x80131938): ORA-00942: 表或视图不存在

   在 System.Data.OracleClient.OracleConnection.CheckError(OciErrorHandle errorHandle, Int32 rc)
   在 System.Data.OracleClient.OracleCommand.Execute(OciStatementHandle statementHandle, CommandBehavior behavior, Boolean needRowid, OciRowidDescriptor& rowidDescriptor, ArrayList& resultParameterOrdinals)
   在 System.Data.OracleClient.OracleCommand.Execute(OciStatementHandle statementHandle, CommandBehavior behavior, ArrayList& resultParameterOrdinals)
   在 System.Data.OracleClient.OracleCommand.ExecuteReader(CommandBehavior behavior)
   在 System.Data.OracleClient.OracleCommand.ExecuteDbDataReader(CommandBehavior behavior)
   在 System.Data.Common.DbCommand.System.Data.IDbCommand.ExecuteReader(CommandBehavior behavior)
   在 System.Data.Common.DbDataAdapter.FillInternal(DataSet dataset, DataTable[] datatables, Int32 startRecord, Int32 maxRecords, String srcTable, IDbCommand command, CommandBehavior behavior)
   在 System.Data.Common.DbDataAdapter.Fill(DataSet dataSet, Int32 startRecord, Int32 maxRecords, String srcTable, IDbCommand command, CommandBehavior behavior)
   在 System.Data.Common.DbDataAdapter.Fill(DataSet dataSet, String srcTable)
   在 Maticsoft.DBUtility.DbHelperOra.Query(String SQLString, String connectionString) 位置 e:\pikaqiu\workspace\haikouproject\DAL\DbHelperOra.cs:行号 277
2018-01-29 14:56:11：System.Exception: SELECT * from LWS_WARNPRE order by DDATETIME descORA-00942: 表或视图不存在

   在 Maticsoft.DBUtility.DbHelperOra.Query(String SQLString, String connectionString) 位置 e:\pikaqiu\workspace\haikouproject\DAL\DbHelperOra.cs:行号 282
   在 DAL.DefaultService.GetLWSPreWord() 位置 e:\pikaqiu\workspace\haikouproject\DAL\DefaultService.cs:行号 321
2018-01-29 15:29:59：Data Source=(DESCRIPTION=(ADDRESS_LIST=(ADDRESS=(PROTOCOL=TCP)(HOST=10.155.95.203)(PORT=1521)))(CONNECT_DATA=(SID=orcl)(SERVER=DEDICATED)));Persist Security Info=True;User ID=szym;Password=szyama;Unicode=True
SELECT * from LWS_WARNPRE order by DDATETIME desc
System.Data.OracleClient.OracleException (0x80131938): ORA-00942: 表或视图不存在

   在 System.Data.OracleClient.OracleConnection.CheckError(OciErrorHandle errorHandle, Int32 rc)
   在 System.Data.OracleClient.OracleCommand.Execute(OciStatementHandle statementHandle, CommandBehavior behavior, Boolean needRowid, OciRowidDescriptor& rowidDescriptor, ArrayList& resultParameterOrdinals)
   在 System.Data.OracleClient.OracleCommand.Execute(OciStatementHandle statementHandle, CommandBehavior behavior, ArrayList& resultParameterOrdinals)
   在 System.Data.OracleClient.OracleCommand.ExecuteReader(CommandBehavior behavior)
   在 System.Data.OracleClient.OracleCommand.ExecuteDbDataReader(CommandBehavior behavior)
   在 System.Data.Common.DbCommand.System.Data.IDbCommand.ExecuteReader(CommandBehavior behavior)
   在 System.Data.Common.DbDataAdapter.FillInternal(DataSet dataset, DataTable[] datatables, Int32 startRecord, Int32 maxRecords, String srcTable, IDbCommand command, CommandBehavior behavior)
   在 System.Data.Common.DbDataAdapter.Fill(DataSet dataSet, Int32 startRecord, Int32 maxRecords, String srcTable, IDbCommand command, CommandBehavior behavior)
   在 System.Data.Common.DbDataAdapter.Fill(DataSet dataSet, String srcTable)
   在 Maticsoft.DBUtility.DbHelperOra.Query(String SQLString, String connectionString) 位置 e:\pikaqiu\workspace\haikouproject\DAL\DbHelperOra.cs:行号 277
2018-01-29 15:29:59：System.Exception: SELECT * from LWS_WARNPRE order by DDATETIME descORA-00942: 表或视图不存在

   在 Maticsoft.DBUtility.DbHelperOra.Query(String SQLString, String connectionString) 位置 e:\pikaqiu\workspace\haikouproject\DAL\DbHelperOra.cs:行号 282
   在 DAL.DefaultService.GetLWSPreWord() 位置 e:\pikaqiu\workspace\haikouproject\DAL\DefaultService.cs:行号 321
2018-01-29 15:30:03：Data Source=(DESCRIPTION=(ADDRESS_LIST=(ADDRESS=(PROTOCOL=TCP)(HOST=10.155.95.203)(PORT=1521)))(CONNECT_DATA=(SID=orcl)(SERVER=DEDICATED)));Persist Security Info=True;User ID=szym;Password=szyama;Unicode=True
SELECT * from LWS_WARNPRE order by DDATETIME desc
System.Data.OracleClient.OracleException (0x80131938): ORA-00942: 表或视图不存在

   在 System.Data.OracleClient.OracleConnection.CheckError(OciErrorHandle errorHandle, Int32 rc)
   在 System.Data.OracleClient.OracleCommand.Execute(OciStatementHandle statementHandle, CommandBehavior behavior, Boolean needRowid, OciRowidDescriptor& rowidDescriptor, ArrayList& resultParameterOrdinals)
   在 System.Data.OracleClient.OracleCommand.Execute(OciStatementHandle statementHandle, CommandBehavior behavior, ArrayList& resultParameterOrdinals)
   在 System.Data.OracleClient.OracleCommand.ExecuteReader(CommandBehavior behavior)
   在 System.Data.OracleClient.OracleCommand.ExecuteDbDataReader(CommandBehavior behavior)
   在 System.Data.Common.DbCommand.System.Data.IDbCommand.ExecuteReader(CommandBehavior behavior)
   在 System.Data.Common.DbDataAdapter.FillInternal(DataSet dataset, DataTable[] datatables, Int32 startRecord, Int32 maxRecords, String srcTable, IDbCommand command, CommandBehavior behavior)
   在 System.Data.Common.DbDataAdapter.Fill(DataSet dataSet, Int32 startRecord, Int32 maxRecords, String srcTable, IDbCommand command, CommandBehavior behavior)
   在 System.Data.Common.DbDataAdapter.Fill(DataSet dataSet, String srcTable)
   在 Maticsoft.DBUtility.DbHelperOra.Query(String SQLString, String connectionString) 位置 e:\pikaqiu\workspace\haikouproject\DAL\DbHelperOra.cs:行号 277
2018-01-29 15:30:03：System.Exception: SELECT * from LWS_WARNPRE order by DDATETIME descORA-00942: 表或视图不存在

   在 Maticsoft.DBUtility.DbHelperOra.Query(String SQLString, String connectionString) 位置 e:\pikaqiu\workspace\haikouproject\DAL\DbHelperOra.cs:行号 282
   在 DAL.DefaultService.GetLWSPreWord() 位置 e:\pikaqiu\workspace\haikouproject\DAL\DefaultService.cs:行号 321
2018-01-29 15:30:05：Data Source=(DESCRIPTION=(ADDRESS_LIST=(ADDRESS=(PROTOCOL=TCP)(HOST=10.155.95.203)(PORT=1521)))(CONNECT_DATA=(SID=orcl)(SERVER=DEDICATED)));Persist Security Info=True;User ID=szym;Password=szyama;Unicode=True
SELECT * from LWS_WARNPRE order by DDATETIME desc
System.Data.OracleClient.OracleException (0x80131938): ORA-00942: 表或视图不存在

   在 System.Data.OracleClient.OracleConnection.CheckError(OciErrorHandle errorHandle, Int32 rc)
   在 System.Data.OracleClient.OracleCommand.Execute(OciStatementHandle statementHandle, CommandBehavior behavior, Boolean needRowid, OciRowidDescriptor& rowidDescriptor, ArrayList& resultParameterOrdinals)
   在 System.Data.OracleClient.OracleCommand.Execute(OciStatementHandle statementHandle, CommandBehavior behavior, ArrayList& resultParameterOrdinals)
   在 System.Data.OracleClient.OracleCommand.ExecuteReader(CommandBehavior behavior)
   在 System.Data.OracleClient.OracleCommand.ExecuteDbDataReader(CommandBehavior behavior)
   在 System.Data.Common.DbCommand.System.Data.IDbCommand.ExecuteReader(CommandBehavior behavior)
   在 System.Data.Common.DbDataAdapter.FillInternal(DataSet dataset, DataTable[] datatables, Int32 startRecord, Int32 maxRecords, String srcTable, IDbCommand command, CommandBehavior behavior)
   在 System.Data.Common.DbDataAdapter.Fill(DataSet dataSet, Int32 startRecord, Int32 maxRecords, String srcTable, IDbCommand command, CommandBehavior behavior)
   在 System.Data.Common.DbDataAdapter.Fill(DataSet dataSet, String srcTable)
   在 Maticsoft.DBUtility.DbHelperOra.Query(String SQLString, String connectionString) 位置 e:\pikaqiu\workspace\haikouproject\DAL\DbHelperOra.cs:行号 277
2018-01-29 15:30:05：System.Exception: SELECT * from LWS_WARNPRE order by DDATETIME descORA-00942: 表或视图不存在

   在 Maticsoft.DBUtility.DbHelperOra.Query(String SQLString, String connectionString) 位置 e:\pikaqiu\workspace\haikouproject\DAL\DbHelperOra.cs:行号 282
   在 DAL.DefaultService.GetLWSPreWord() 位置 e:\pikaqiu\workspace\haikouproject\DAL\DefaultService.cs:行号 321
2018-01-29 15:30:35：Data Source=(DESCRIPTION=(ADDRESS_LIST=(ADDRESS=(PROTOCOL=TCP)(HOST=10.155.95.203)(PORT=1521)))(CONNECT_DATA=(SID=orcl)(SERVER=DEDICATED)));Persist Security Info=True;User ID=szym;Password=szyama;Unicode=True
SELECT * from LWS_WARNPRE order by DDATETIME desc
System.Data.OracleClient.OracleException (0x80131938): ORA-00942: 表或视图不存在

   在 System.Data.OracleClient.OracleConnection.CheckError(OciErrorHandle errorHandle, Int32 rc)
   在 System.Data.OracleClient.OracleCommand.Execute(OciStatementHandle statementHandle, CommandBehavior behavior, Boolean needRowid, OciRowidDescriptor& rowidDescriptor, ArrayList& resultParameterOrdinals)
   在 System.Data.OracleClient.OracleCommand.Execute(OciStatementHandle statementHandle, CommandBehavior behavior, ArrayList& resultParameterOrdinals)
   在 System.Data.OracleClient.OracleCommand.ExecuteReader(CommandBehavior behavior)
   在 System.Data.OracleClient.OracleCommand.ExecuteDbDataReader(CommandBehavior behavior)
   在 System.Data.Common.DbCommand.System.Data.IDbCommand.ExecuteReader(CommandBehavior behavior)
   在 System.Data.Common.DbDataAdapter.FillInternal(DataSet dataset, DataTable[] datatables, Int32 startRecord, Int32 maxRecords, String srcTable, IDbCommand command, CommandBehavior behavior)
   在 System.Data.Common.DbDataAdapter.Fill(DataSet dataSet, Int32 startRecord, Int32 maxRecords, String srcTable, IDbCommand command, CommandBehavior behavior)
   在 System.Data.Common.DbDataAdapter.Fill(DataSet dataSet, String srcTable)
   在 Maticsoft.DBUtility.DbHelperOra.Query(String SQLString, String connectionString) 位置 e:\pikaqiu\workspace\haikouproject\DAL\DbHelperOra.cs:行号 277
2018-01-29 15:30:35：System.Exception: SELECT * from LWS_WARNPRE order by DDATETIME descORA-00942: 表或视图不存在

   在 Maticsoft.DBUtility.DbHelperOra.Query(String SQLString, String connectionString) 位置 e:\pikaqiu\workspace\haikouproject\DAL\DbHelperOra.cs:行号 282
   在 DAL.DefaultService.GetLWSPreWord() 位置 e:\pikaqiu\workspace\haikouproject\DAL\DefaultService.cs:行号 321
2018-01-29 15:30:55：Data Source=(DESCRIPTION=(ADDRESS_LIST=(ADDRESS=(PROTOCOL=TCP)(HOST=10.155.95.203)(PORT=1521)))(CONNECT_DATA=(SID=orcl)(SERVER=DEDICATED)));Persist Security Info=True;User ID=szym;Password=szyama;Unicode=True
SELECT * from LWS_WARNPRE order by DDATETIME desc
System.Data.OracleClient.OracleException (0x80131938): ORA-00942: 表或视图不存在

   在 System.Data.OracleClient.OracleConnection.CheckError(OciErrorHandle errorHandle, Int32 rc)
   在 System.Data.OracleClient.OracleCommand.Execute(OciStatementHandle statementHandle, CommandBehavior behavior, Boolean needRowid, OciRowidDescriptor& rowidDescriptor, ArrayList& resultParameterOrdinals)
   在 System.Data.OracleClient.OracleCommand.Execute(OciStatementHandle statementHandle, CommandBehavior behavior, ArrayList& resultParameterOrdinals)
   在 System.Data.OracleClient.OracleCommand.ExecuteReader(CommandBehavior behavior)
   在 System.Data.OracleClient.OracleCommand.ExecuteDbDataReader(CommandBehavior behavior)
   在 System.Data.Common.DbCommand.System.Data.IDbCommand.ExecuteReader(CommandBehavior behavior)
   在 System.Data.Common.DbDataAdapter.FillInternal(DataSet dataset, DataTable[] datatables, Int32 startRecord, Int32 maxRecords, String srcTable, IDbCommand command, CommandBehavior behavior)
   在 System.Data.Common.DbDataAdapter.Fill(DataSet dataSet, Int32 startRecord, Int32 maxRecords, String srcTable, IDbCommand command, CommandBehavior behavior)
   在 System.Data.Common.DbDataAdapter.Fill(DataSet dataSet, String srcTable)
   在 Maticsoft.DBUtility.DbHelperOra.Query(String SQLString, String connectionString) 位置 e:\pikaqiu\workspace\haikouproject\DAL\DbHelperOra.cs:行号 277
2018-01-29 15:30:55：System.Exception: SELECT * from LWS_WARNPRE order by DDATETIME descORA-00942: 表或视图不存在

   在 Maticsoft.DBUtility.DbHelperOra.Query(String SQLString, String connectionString) 位置 e:\pikaqiu\workspace\haikouproject\DAL\DbHelperOra.cs:行号 282
   在 DAL.DefaultService.GetLWSPreWord() 位置 e:\pikaqiu\workspace\haikouproject\DAL\DefaultService.cs:行号 321
2018-01-29 15:32:08：Data Source=(DESCRIPTION=(ADDRESS_LIST=(ADDRESS=(PROTOCOL=TCP)(HOST=10.155.95.203)(PORT=1521)))(CONNECT_DATA=(SID=orcl)(SERVER=DEDICATED)));Persist Security Info=True;User ID=szym;Password=szyama;Unicode=True
SELECT * from LWS_WARNPRE order by DDATETIME desc
System.Data.OracleClient.OracleException (0x80131938): ORA-00942: 表或视图不存在

   在 System.Data.OracleClient.OracleConnection.CheckError(OciErrorHandle errorHandle, Int32 rc)
   在 System.Data.OracleClient.OracleCommand.Execute(OciStatementHandle statementHandle, CommandBehavior behavior, Boolean needRowid, OciRowidDescriptor& rowidDescriptor, ArrayList& resultParameterOrdinals)
   在 System.Data.OracleClient.OracleCommand.Execute(OciStatementHandle statementHandle, CommandBehavior behavior, ArrayList& resultParameterOrdinals)
   在 System.Data.OracleClient.OracleCommand.ExecuteReader(CommandBehavior behavior)
   在 System.Data.OracleClient.OracleCommand.ExecuteDbDataReader(CommandBehavior behavior)
   在 System.Data.Common.DbCommand.System.Data.IDbCommand.ExecuteReader(CommandBehavior behavior)
   在 System.Data.Common.DbDataAdapter.FillInternal(DataSet dataset, DataTable[] datatables, Int32 startRecord, Int32 maxRecords, String srcTable, IDbCommand command, CommandBehavior behavior)
   在 System.Data.Common.DbDataAdapter.Fill(DataSet dataSet, Int32 startRecord, Int32 maxRecords, String srcTable, IDbCommand command, CommandBehavior behavior)
   在 System.Data.Common.DbDataAdapter.Fill(DataSet dataSet, String srcTable)
   在 Maticsoft.DBUtility.DbHelperOra.Query(String SQLString, String connectionString) 位置 e:\pikaqiu\workspace\haikouproject\DAL\DbHelperOra.cs:行号 277
2018-01-29 15:32:08：System.Exception: SELECT * from LWS_WARNPRE order by DDATETIME descORA-00942: 表或视图不存在

   在 Maticsoft.DBUtility.DbHelperOra.Query(String SQLString, String connectionString) 位置 e:\pikaqiu\workspace\haikouproject\DAL\DbHelperOra.cs:行号 282
   在 DAL.DefaultService.GetLWSPreWord() 位置 e:\pikaqiu\workspace\haikouproject\DAL\DefaultService.cs:行号 321
2018-01-29 15:32:19：Data Source=(DESCRIPTION=(ADDRESS_LIST=(ADDRESS=(PROTOCOL=TCP)(HOST=10.155.95.203)(PORT=1521)))(CONNECT_DATA=(SID=orcl)(SERVER=DEDICATED)));Persist Security Info=True;User ID=szym;Password=szyama;Unicode=True
SELECT * from LWS_WARNPRE order by DDATETIME desc
System.Data.OracleClient.OracleException (0x80131938): ORA-00942: 表或视图不存在

   在 System.Data.OracleClient.OracleConnection.CheckError(OciErrorHandle errorHandle, Int32 rc)
   在 System.Data.OracleClient.OracleCommand.Execute(OciStatementHandle statementHandle, CommandBehavior behavior, Boolean needRowid, OciRowidDescriptor& rowidDescriptor, ArrayList& resultParameterOrdinals)
   在 System.Data.OracleClient.OracleCommand.Execute(OciStatementHandle statementHandle, CommandBehavior behavior, ArrayList& resultParameterOrdinals)
   在 System.Data.OracleClient.OracleCommand.ExecuteReader(CommandBehavior behavior)
   在 System.Data.OracleClient.OracleCommand.ExecuteDbDataReader(CommandBehavior behavior)
   在 System.Data.Common.DbCommand.System.Data.IDbCommand.ExecuteReader(CommandBehavior behavior)
   在 System.Data.Common.DbDataAdapter.FillInternal(DataSet dataset, DataTable[] datatables, Int32 startRecord, Int32 maxRecords, String srcTable, IDbCommand command, CommandBehavior behavior)
   在 System.Data.Common.DbDataAdapter.Fill(DataSet dataSet, Int32 startRecord, Int32 maxRecords, String srcTable, IDbCommand command, CommandBehavior behavior)
   在 System.Data.Common.DbDataAdapter.Fill(DataSet dataSet, String srcTable)
   在 Maticsoft.DBUtility.DbHelperOra.Query(String SQLString, String connectionString) 位置 e:\pikaqiu\workspace\haikouproject\DAL\DbHelperOra.cs:行号 277
2018-01-29 15:32:19：System.Exception: SELECT * from LWS_WARNPRE order by DDATETIME descORA-00942: 表或视图不存在

   在 Maticsoft.DBUtility.DbHelperOra.Query(String SQLString, String connectionString) 位置 e:\pikaqiu\workspace\haikouproject\DAL\DbHelperOra.cs:行号 282
   在 DAL.DefaultService.GetLWSPreWord() 位置 e:\pikaqiu\workspace\haikouproject\DAL\DefaultService.cs:行号 321
2018-01-29 15:32:23：Data Source=(DESCRIPTION=(ADDRESS_LIST=(ADDRESS=(PROTOCOL=TCP)(HOST=10.155.95.203)(PORT=1521)))(CONNECT_DATA=(SID=orcl)(SERVER=DEDICATED)));Persist Security Info=True;User ID=szym;Password=szyama;Unicode=True
SELECT * from LWS_WARNPRE order by DDATETIME desc
System.Data.OracleClient.OracleException (0x80131938): ORA-00942: 表或视图不存在

   在 System.Data.OracleClient.OracleConnection.CheckError(OciErrorHandle errorHandle, Int32 rc)
   在 System.Data.OracleClient.OracleCommand.Execute(OciStatementHandle statementHandle, CommandBehavior behavior, Boolean needRowid, OciRowidDescriptor& rowidDescriptor, ArrayList& resultParameterOrdinals)
   在 System.Data.OracleClient.OracleCommand.Execute(OciStatementHandle statementHandle, CommandBehavior behavior, ArrayList& resultParameterOrdinals)
   在 System.Data.OracleClient.OracleCommand.ExecuteReader(CommandBehavior behavior)
   在 System.Data.OracleClient.OracleCommand.ExecuteDbDataReader(CommandBehavior behavior)
   在 System.Data.Common.DbCommand.System.Data.IDbCommand.ExecuteReader(CommandBehavior behavior)
   在 System.Data.Common.DbDataAdapter.FillInternal(DataSet dataset, DataTable[] datatables, Int32 startRecord, Int32 maxRecords, String srcTable, IDbCommand command, CommandBehavior behavior)
   在 System.Data.Common.DbDataAdapter.Fill(DataSet dataSet, Int32 startRecord, Int32 maxRecords, String srcTable, IDbCommand command, CommandBehavior behavior)
   在 System.Data.Common.DbDataAdapter.Fill(DataSet dataSet, String srcTable)
   在 Maticsoft.DBUtility.DbHelperOra.Query(String SQLString, String connectionString) 位置 e:\pikaqiu\workspace\haikouproject\DAL\DbHelperOra.cs:行号 277
2018-01-29 15:32:23：System.Exception: SELECT * from LWS_WARNPRE order by DDATETIME descORA-00942: 表或视图不存在

   在 Maticsoft.DBUtility.DbHelperOra.Query(String SQLString, String connectionString) 位置 e:\pikaqiu\workspace\haikouproject\DAL\DbHelperOra.cs:行号 282
   在 DAL.DefaultService.GetLWSPreWord() 位置 e:\pikaqiu\workspace\haikouproject\DAL\DefaultService.cs:行号 321
2018-01-29 15:32:25：Data Source=(DESCRIPTION=(ADDRESS_LIST=(ADDRESS=(PROTOCOL=TCP)(HOST=10.155.95.203)(PORT=1521)))(CONNECT_DATA=(SID=orcl)(SERVER=DEDICATED)));Persist Security Info=True;User ID=szym;Password=szyama;Unicode=True
SELECT * from LWS_WARNPRE order by DDATETIME desc
System.Data.OracleClient.OracleException (0x80131938): ORA-00942: 表或视图不存在

   在 System.Data.OracleClient.OracleConnection.CheckError(OciErrorHandle errorHandle, Int32 rc)
   在 System.Data.OracleClient.OracleCommand.Execute(OciStatementHandle statementHandle, CommandBehavior behavior, Boolean needRowid, OciRowidDescriptor& rowidDescriptor, ArrayList& resultParameterOrdinals)
   在 System.Data.OracleClient.OracleCommand.Execute(OciStatementHandle statementHandle, CommandBehavior behavior, ArrayList& resultParameterOrdinals)
   在 System.Data.OracleClient.OracleCommand.ExecuteReader(CommandBehavior behavior)
   在 System.Data.OracleClient.OracleCommand.ExecuteDbDataReader(CommandBehavior behavior)
   在 System.Data.Common.DbCommand.System.Data.IDbCommand.ExecuteReader(CommandBehavior behavior)
   在 System.Data.Common.DbDataAdapter.FillInternal(DataSet dataset, DataTable[] datatables, Int32 startRecord, Int32 maxRecords, String srcTable, IDbCommand command, CommandBehavior behavior)
   在 System.Data.Common.DbDataAdapter.Fill(DataSet dataSet, Int32 startRecord, Int32 maxRecords, String srcTable, IDbCommand command, CommandBehavior behavior)
   在 System.Data.Common.DbDataAdapter.Fill(DataSet dataSet, String srcTable)
   在 Maticsoft.DBUtility.DbHelperOra.Query(String SQLString, String connectionString) 位置 e:\pikaqiu\workspace\haikouproject\DAL\DbHelperOra.cs:行号 277
2018-01-29 15:32:25：System.Exception: SELECT * from LWS_WARNPRE order by DDATETIME descORA-00942: 表或视图不存在

   在 Maticsoft.DBUtility.DbHelperOra.Query(String SQLString, String connectionString) 位置 e:\pikaqiu\workspace\haikouproject\DAL\DbHelperOra.cs:行号 282
   在 DAL.DefaultService.GetLWSPreWord() 位置 e:\pikaqiu\workspace\haikouproject\DAL\DefaultService.cs:行号 321
2018-01-29 15:32:27：Data Source=(DESCRIPTION=(ADDRESS_LIST=(ADDRESS=(PROTOCOL=TCP)(HOST=10.155.95.203)(PORT=1521)))(CONNECT_DATA=(SID=orcl)(SERVER=DEDICATED)));Persist Security Info=True;User ID=szym;Password=szyama;Unicode=True
SELECT * from LWS_WARNPRE order by DDATETIME desc
System.Data.OracleClient.OracleException (0x80131938): ORA-00942: 表或视图不存在

   在 System.Data.OracleClient.OracleConnection.CheckError(OciErrorHandle errorHandle, Int32 rc)
   在 System.Data.OracleClient.OracleCommand.Execute(OciStatementHandle statementHandle, CommandBehavior behavior, Boolean needRowid, OciRowidDescriptor& rowidDescriptor, ArrayList& resultParameterOrdinals)
   在 System.Data.OracleClient.OracleCommand.Execute(OciStatementHandle statementHandle, CommandBehavior behavior, ArrayList& resultParameterOrdinals)
   在 System.Data.OracleClient.OracleCommand.ExecuteReader(CommandBehavior behavior)
   在 System.Data.OracleClient.OracleCommand.ExecuteDbDataReader(CommandBehavior behavior)
   在 System.Data.Common.DbCommand.System.Data.IDbCommand.ExecuteReader(CommandBehavior behavior)
   在 System.Data.Common.DbDataAdapter.FillInternal(DataSet dataset, DataTable[] datatables, Int32 startRecord, Int32 maxRecords, String srcTable, IDbCommand command, CommandBehavior behavior)
   在 System.Data.Common.DbDataAdapter.Fill(DataSet dataSet, Int32 startRecord, Int32 maxRecords, String srcTable, IDbCommand command, CommandBehavior behavior)
   在 System.Data.Common.DbDataAdapter.Fill(DataSet dataSet, String srcTable)
   在 Maticsoft.DBUtility.DbHelperOra.Query(String SQLString, String connectionString) 位置 e:\pikaqiu\workspace\haikouproject\DAL\DbHelperOra.cs:行号 277
2018-01-29 15:32:27：System.Exception: SELECT * from LWS_WARNPRE order by DDATETIME descORA-00942: 表或视图不存在

   在 Maticsoft.DBUtility.DbHelperOra.Query(String SQLString, String connectionString) 位置 e:\pikaqiu\workspace\haikouproject\DAL\DbHelperOra.cs:行号 282
   在 DAL.DefaultService.GetLWSPreWord() 位置 e:\pikaqiu\workspace\haikouproject\DAL\DefaultService.cs:行号 321
2018-01-29 15:32:28：Data Source=(DESCRIPTION=(ADDRESS_LIST=(ADDRESS=(PROTOCOL=TCP)(HOST=10.155.95.203)(PORT=1521)))(CONNECT_DATA=(SID=orcl)(SERVER=DEDICATED)));Persist Security Info=True;User ID=szym;Password=szyama;Unicode=True
SELECT * from LWS_WARNPRE order by DDATETIME desc
System.Data.OracleClient.OracleException (0x80131938): ORA-00942: 表或视图不存在

   在 System.Data.OracleClient.OracleConnection.CheckError(OciErrorHandle errorHandle, Int32 rc)
   在 System.Data.OracleClient.OracleCommand.Execute(OciStatementHandle statementHandle, CommandBehavior behavior, Boolean needRowid, OciRowidDescriptor& rowidDescriptor, ArrayList& resultParameterOrdinals)
   在 System.Data.OracleClient.OracleCommand.Execute(OciStatementHandle statementHandle, CommandBehavior behavior, ArrayList& resultParameterOrdinals)
   在 System.Data.OracleClient.OracleCommand.ExecuteReader(CommandBehavior behavior)
   在 System.Data.OracleClient.OracleCommand.ExecuteDbDataReader(CommandBehavior behavior)
   在 System.Data.Common.DbCommand.System.Data.IDbCommand.ExecuteReader(CommandBehavior behavior)
   在 System.Data.Common.DbDataAdapter.FillInternal(DataSet dataset, DataTable[] datatables, Int32 startRecord, Int32 maxRecords, String srcTable, IDbCommand command, CommandBehavior behavior)
   在 System.Data.Common.DbDataAdapter.Fill(DataSet dataSet, Int32 startRecord, Int32 maxRecords, String srcTable, IDbCommand command, CommandBehavior behavior)
   在 System.Data.Common.DbDataAdapter.Fill(DataSet dataSet, String srcTable)
   在 Maticsoft.DBUtility.DbHelperOra.Query(String SQLString, String connectionString) 位置 e:\pikaqiu\workspace\haikouproject\DAL\DbHelperOra.cs:行号 277
2018-01-29 15:32:28：System.Exception: SELECT * from LWS_WARNPRE order by DDATETIME descORA-00942: 表或视图不存在

   在 Maticsoft.DBUtility.DbHelperOra.Query(String SQLString, String connectionString) 位置 e:\pikaqiu\workspace\haikouproject\DAL\DbHelperOra.cs:行号 282
   在 DAL.DefaultService.GetLWSPreWord() 位置 e:\pikaqiu\workspace\haikouproject\DAL\DefaultService.cs:行号 321
2018-01-29 15:32:30：Data Source=(DESCRIPTION=(ADDRESS_LIST=(ADDRESS=(PROTOCOL=TCP)(HOST=10.155.95.203)(PORT=1521)))(CONNECT_DATA=(SID=orcl)(SERVER=DEDICATED)));Persist Security Info=True;User ID=szym;Password=szyama;Unicode=True
SELECT * from LWS_WARNPRE order by DDATETIME desc
System.Data.OracleClient.OracleException (0x80131938): ORA-00942: 表或视图不存在

   在 System.Data.OracleClient.OracleConnection.CheckError(OciErrorHandle errorHandle, Int32 rc)
   在 System.Data.OracleClient.OracleCommand.Execute(OciStatementHandle statementHandle, CommandBehavior behavior, Boolean needRowid, OciRowidDescriptor& rowidDescriptor, ArrayList& resultParameterOrdinals)
   在 System.Data.OracleClient.OracleCommand.Execute(OciStatementHandle statementHandle, CommandBehavior behavior, ArrayList& resultParameterOrdinals)
   在 System.Data.OracleClient.OracleCommand.ExecuteReader(CommandBehavior behavior)
   在 System.Data.OracleClient.OracleCommand.ExecuteDbDataReader(CommandBehavior behavior)
   在 System.Data.Common.DbCommand.System.Data.IDbCommand.ExecuteReader(CommandBehavior behavior)
   在 System.Data.Common.DbDataAdapter.FillInternal(DataSet dataset, DataTable[] datatables, Int32 startRecord, Int32 maxRecords, String srcTable, IDbCommand command, CommandBehavior behavior)
   在 System.Data.Common.DbDataAdapter.Fill(DataSet dataSet, Int32 startRecord, Int32 maxRecords, String srcTable, IDbCommand command, CommandBehavior behavior)
   在 System.Data.Common.DbDataAdapter.Fill(DataSet dataSet, String srcTable)
   在 Maticsoft.DBUtility.DbHelperOra.Query(String SQLString, String connectionString) 位置 e:\pikaqiu\workspace\haikouproject\DAL\DbHelperOra.cs:行号 277
2018-01-29 15:32:30：System.Exception: SELECT * from LWS_WARNPRE order by DDATETIME descORA-00942: 表或视图不存在

   在 Maticsoft.DBUtility.DbHelperOra.Query(String SQLString, String connectionString) 位置 e:\pikaqiu\workspace\haikouproject\DAL\DbHelperOra.cs:行号 282
   在 DAL.DefaultService.GetLWSPreWord() 位置 e:\pikaqiu\workspace\haikouproject\DAL\DefaultService.cs:行号 321
2018-01-29 15:32:31：Data Source=(DESCRIPTION=(ADDRESS_LIST=(ADDRESS=(PROTOCOL=TCP)(HOST=10.155.95.203)(PORT=1521)))(CONNECT_DATA=(SID=orcl)(SERVER=DEDICATED)));Persist Security Info=True;User ID=szym;Password=szyama;Unicode=True
SELECT * from LWS_WARNPRE order by DDATETIME desc
System.Data.OracleClient.OracleException (0x80131938): ORA-00942: 表或视图不存在

   在 System.Data.OracleClient.OracleConnection.CheckError(OciErrorHandle errorHandle, Int32 rc)
   在 System.Data.OracleClient.OracleCommand.Execute(OciStatementHandle statementHandle, CommandBehavior behavior, Boolean needRowid, OciRowidDescriptor& rowidDescriptor, ArrayList& resultParameterOrdinals)
   在 System.Data.OracleClient.OracleCommand.Execute(OciStatementHandle statementHandle, CommandBehavior behavior, ArrayList& resultParameterOrdinals)
   在 System.Data.OracleClient.OracleCommand.ExecuteReader(CommandBehavior behavior)
   在 System.Data.OracleClient.OracleCommand.ExecuteDbDataReader(CommandBehavior behavior)
   在 System.Data.Common.DbCommand.System.Data.IDbCommand.ExecuteReader(CommandBehavior behavior)
   在 System.Data.Common.DbDataAdapter.FillInternal(DataSet dataset, DataTable[] datatables, Int32 startRecord, Int32 maxRecords, String srcTable, IDbCommand command, CommandBehavior behavior)
   在 System.Data.Common.DbDataAdapter.Fill(DataSet dataSet, Int32 startRecord, Int32 maxRecords, String srcTable, IDbCommand command, CommandBehavior behavior)
   在 System.Data.Common.DbDataAdapter.Fill(DataSet dataSet, String srcTable)
   在 Maticsoft.DBUtility.DbHelperOra.Query(String SQLString, String connectionString) 位置 e:\pikaqiu\workspace\haikouproject\DAL\DbHelperOra.cs:行号 277
2018-01-29 15:32:31：System.Exception: SELECT * from LWS_WARNPRE order by DDATETIME descORA-00942: 表或视图不存在

   在 Maticsoft.DBUtility.DbHelperOra.Query(String SQLString, String connectionString) 位置 e:\pikaqiu\workspace\haikouproject\DAL\DbHelperOra.cs:行号 282
   在 DAL.DefaultService.GetLWSPreWord() 位置 e:\pikaqiu\workspace\haikouproject\DAL\DefaultService.cs:行号 321
2018-01-29 15:33:57：Data Source=(DESCRIPTION=(ADDRESS_LIST=(ADDRESS=(PROTOCOL=TCP)(HOST=10.155.95.203)(PORT=1521)))(CONNECT_DATA=(SID=orcl)(SERVER=DEDICATED)));Persist Security Info=True;User ID=szym;Password=szyama;Unicode=True
SELECT * from LWS_WARNPRE order by DDATETIME desc
System.Data.OracleClient.OracleException (0x80131938): ORA-00942: 表或视图不存在

   在 System.Data.OracleClient.OracleConnection.CheckError(OciErrorHandle errorHandle, Int32 rc)
   在 System.Data.OracleClient.OracleCommand.Execute(OciStatementHandle statementHandle, CommandBehavior behavior, Boolean needRowid, OciRowidDescriptor& rowidDescriptor, ArrayList& resultParameterOrdinals)
   在 System.Data.OracleClient.OracleCommand.Execute(OciStatementHandle statementHandle, CommandBehavior behavior, ArrayList& resultParameterOrdinals)
   在 System.Data.OracleClient.OracleCommand.ExecuteReader(CommandBehavior behavior)
   在 System.Data.OracleClient.OracleCommand.ExecuteDbDataReader(CommandBehavior behavior)
   在 System.Data.Common.DbCommand.System.Data.IDbCommand.ExecuteReader(CommandBehavior behavior)
   在 System.Data.Common.DbDataAdapter.FillInternal(DataSet dataset, DataTable[] datatables, Int32 startRecord, Int32 maxRecords, String srcTable, IDbCommand command, CommandBehavior behavior)
   在 System.Data.Common.DbDataAdapter.Fill(DataSet dataSet, Int32 startRecord, Int32 maxRecords, String srcTable, IDbCommand command, CommandBehavior behavior)
   在 System.Data.Common.DbDataAdapter.Fill(DataSet dataSet, String srcTable)
   在 Maticsoft.DBUtility.DbHelperOra.Query(String SQLString, String connectionString) 位置 e:\pikaqiu\workspace\haikouproject\DAL\DbHelperOra.cs:行号 277
2018-01-29 15:33:57：System.Exception: SELECT * from LWS_WARNPRE order by DDATETIME descORA-00942: 表或视图不存在

   在 Maticsoft.DBUtility.DbHelperOra.Query(String SQLString, String connectionString) 位置 e:\pikaqiu\workspace\haikouproject\DAL\DbHelperOra.cs:行号 282
   在 DAL.DefaultService.GetLWSPreWord() 位置 e:\pikaqiu\workspace\haikouproject\DAL\DefaultService.cs:行号 321
2018-01-29 15:34:01：Data Source=(DESCRIPTION=(ADDRESS_LIST=(ADDRESS=(PROTOCOL=TCP)(HOST=10.155.95.203)(PORT=1521)))(CONNECT_DATA=(SID=orcl)(SERVER=DEDICATED)));Persist Security Info=True;User ID=szym;Password=szyama;Unicode=True
SELECT * from LWS_WARNPRE order by DDATETIME desc
System.Data.OracleClient.OracleException (0x80131938): ORA-00942: 表或视图不存在

   在 System.Data.OracleClient.OracleConnection.CheckError(OciErrorHandle errorHandle, Int32 rc)
   在 System.Data.OracleClient.OracleCommand.Execute(OciStatementHandle statementHandle, CommandBehavior behavior, Boolean needRowid, OciRowidDescriptor& rowidDescriptor, ArrayList& resultParameterOrdinals)
   在 System.Data.OracleClient.OracleCommand.Execute(OciStatementHandle statementHandle, CommandBehavior behavior, ArrayList& resultParameterOrdinals)
   在 System.Data.OracleClient.OracleCommand.ExecuteReader(CommandBehavior behavior)
   在 System.Data.OracleClient.OracleCommand.ExecuteDbDataReader(CommandBehavior behavior)
   在 System.Data.Common.DbCommand.System.Data.IDbCommand.ExecuteReader(CommandBehavior behavior)
   在 System.Data.Common.DbDataAdapter.FillInternal(DataSet dataset, DataTable[] datatables, Int32 startRecord, Int32 maxRecords, String srcTable, IDbCommand command, CommandBehavior behavior)
   在 System.Data.Common.DbDataAdapter.Fill(DataSet dataSet, Int32 startRecord, Int32 maxRecords, String srcTable, IDbCommand command, CommandBehavior behavior)
   在 System.Data.Common.DbDataAdapter.Fill(DataSet dataSet, String srcTable)
   在 Maticsoft.DBUtility.DbHelperOra.Query(String SQLString, String connectionString) 位置 e:\pikaqiu\workspace\haikouproject\DAL\DbHelperOra.cs:行号 277
2018-01-29 15:34:01：System.Exception: SELECT * from LWS_WARNPRE order by DDATETIME descORA-00942: 表或视图不存在

   在 Maticsoft.DBUtility.DbHelperOra.Query(String SQLString, String connectionString) 位置 e:\pikaqiu\workspace\haikouproject\DAL\DbHelperOra.cs:行号 282
   在 DAL.DefaultService.GetLWSPreWord() 位置 e:\pikaqiu\workspace\haikouproject\DAL\DefaultService.cs:行号 321
2018-01-29 15:34:27：Data Source=(DESCRIPTION=(ADDRESS_LIST=(ADDRESS=(PROTOCOL=TCP)(HOST=10.155.95.203)(PORT=1521)))(CONNECT_DATA=(SID=orcl)(SERVER=DEDICATED)));Persist Security Info=True;User ID=szym;Password=szyama;Unicode=True
SELECT * from LWS_WARNPRE order by DDATETIME desc
System.Data.OracleClient.OracleException (0x80131938): ORA-00942: 表或视图不存在

   在 System.Data.OracleClient.OracleConnection.CheckError(OciErrorHandle errorHandle, Int32 rc)
   在 System.Data.OracleClient.OracleCommand.Execute(OciStatementHandle statementHandle, CommandBehavior behavior, Boolean needRowid, OciRowidDescriptor& rowidDescriptor, ArrayList& resultParameterOrdinals)
   在 System.Data.OracleClient.OracleCommand.Execute(OciStatementHandle statementHandle, CommandBehavior behavior, ArrayList& resultParameterOrdinals)
   在 System.Data.OracleClient.OracleCommand.ExecuteReader(CommandBehavior behavior)
   在 System.Data.OracleClient.OracleCommand.ExecuteDbDataReader(CommandBehavior behavior)
   在 System.Data.Common.DbCommand.System.Data.IDbCommand.ExecuteReader(CommandBehavior behavior)
   在 System.Data.Common.DbDataAdapter.FillInternal(DataSet dataset, DataTable[] datatables, Int32 startRecord, Int32 maxRecords, String srcTable, IDbCommand command, CommandBehavior behavior)
   在 System.Data.Common.DbDataAdapter.Fill(DataSet dataSet, Int32 startRecord, Int32 maxRecords, String srcTable, IDbCommand command, CommandBehavior behavior)
   在 System.Data.Common.DbDataAdapter.Fill(DataSet dataSet, String srcTable)
   在 Maticsoft.DBUtility.DbHelperOra.Query(String SQLString, String connectionString) 位置 e:\pikaqiu\workspace\haikouproject\DAL\DbHelperOra.cs:行号 277
2018-01-29 15:34:27：System.Exception: SELECT * from LWS_WARNPRE order by DDATETIME descORA-00942: 表或视图不存在

   在 Maticsoft.DBUtility.DbHelperOra.Query(String SQLString, String connectionString) 位置 e:\pikaqiu\workspace\haikouproject\DAL\DbHelperOra.cs:行号 282
   在 DAL.DefaultService.GetLWSPreWord() 位置 e:\pikaqiu\workspace\haikouproject\DAL\DefaultService.cs:行号 321
2018-01-29 15:44:47：Data Source=(DESCRIPTION=(ADDRESS_LIST=(ADDRESS=(PROTOCOL=TCP)(HOST=10.155.95.203)(PORT=1521)))(CONNECT_DATA=(SID=orcl)(SERVER=DEDICATED)));Persist Security Info=True;User ID=szym;Password=szyama;Unicode=True
SELECT * from LWS_WARNPRE order by DDATETIME desc
System.Data.OracleClient.OracleException (0x80131938): ORA-00942: 表或视图不存在

   在 System.Data.OracleClient.OracleConnection.CheckError(OciErrorHandle errorHandle, Int32 rc)
   在 System.Data.OracleClient.OracleCommand.Execute(OciStatementHandle statementHandle, CommandBehavior behavior, Boolean needRowid, OciRowidDescriptor& rowidDescriptor, ArrayList& resultParameterOrdinals)
   在 System.Data.OracleClient.OracleCommand.Execute(OciStatementHandle statementHandle, CommandBehavior behavior, ArrayList& resultParameterOrdinals)
   在 System.Data.OracleClient.OracleCommand.ExecuteReader(CommandBehavior behavior)
   在 System.Data.OracleClient.OracleCommand.ExecuteDbDataReader(CommandBehavior behavior)
   在 System.Data.Common.DbCommand.System.Data.IDbCommand.ExecuteReader(CommandBehavior behavior)
   在 System.Data.Common.DbDataAdapter.FillInternal(DataSet dataset, DataTable[] datatables, Int32 startRecord, Int32 maxRecords, String srcTable, IDbCommand command, CommandBehavior behavior)
   在 System.Data.Common.DbDataAdapter.Fill(DataSet dataSet, Int32 startRecord, Int32 maxRecords, String srcTable, IDbCommand command, CommandBehavior behavior)
   在 System.Data.Common.DbDataAdapter.Fill(DataSet dataSet, String srcTable)
   在 Maticsoft.DBUtility.DbHelperOra.Query(String SQLString, String connectionString) 位置 e:\pikaqiu\workspace\haikouproject\DAL\DbHelperOra.cs:行号 277
2018-01-29 15:44:47：System.Exception: SELECT * from LWS_WARNPRE order by DDATETIME descORA-00942: 表或视图不存在

   在 Maticsoft.DBUtility.DbHelperOra.Query(String SQLString, String connectionString) 位置 e:\pikaqiu\workspace\haikouproject\DAL\DbHelperOra.cs:行号 282
   在 DAL.DefaultService.GetLWSPreWord() 位置 e:\pikaqiu\workspace\haikouproject\DAL\DefaultService.cs:行号 321
2018-01-29 15:47:19：Data Source=(DESCRIPTION=(ADDRESS_LIST=(ADDRESS=(PROTOCOL=TCP)(HOST=10.155.95.203)(PORT=1521)))(CONNECT_DATA=(SID=orcl)(SERVER=DEDICATED)));Persist Security Info=True;User ID=szym;Password=szyama;Unicode=True
SELECT * from LWS_WARNPRE order by DDATETIME desc
System.Data.OracleClient.OracleException (0x80131938): ORA-00942: 表或视图不存在

   在 System.Data.OracleClient.OracleConnection.CheckError(OciErrorHandle errorHandle, Int32 rc)
   在 System.Data.OracleClient.OracleCommand.Execute(OciStatementHandle statementHandle, CommandBehavior behavior, Boolean needRowid, OciRowidDescriptor& rowidDescriptor, ArrayList& resultParameterOrdinals)
   在 System.Data.OracleClient.OracleCommand.Execute(OciStatementHandle statementHandle, CommandBehavior behavior, ArrayList& resultParameterOrdinals)
   在 System.Data.OracleClient.OracleCommand.ExecuteReader(CommandBehavior behavior)
   在 System.Data.OracleClient.OracleCommand.ExecuteDbDataReader(CommandBehavior behavior)
   在 System.Data.Common.DbCommand.System.Data.IDbCommand.ExecuteReader(CommandBehavior behavior)
   在 System.Data.Common.DbDataAdapter.FillInternal(DataSet dataset, DataTable[] datatables, Int32 startRecord, Int32 maxRecords, String srcTable, IDbCommand command, CommandBehavior behavior)
   在 System.Data.Common.DbDataAdapter.Fill(DataSet dataSet, Int32 startRecord, Int32 maxRecords, String srcTable, IDbCommand command, CommandBehavior behavior)
   在 System.Data.Common.DbDataAdapter.Fill(DataSet dataSet, String srcTable)
   在 Maticsoft.DBUtility.DbHelperOra.Query(String SQLString, String connectionString) 位置 e:\pikaqiu\workspace\haikouproject\DAL\DbHelperOra.cs:行号 277
2018-01-29 15:47:19：System.Exception: SELECT * from LWS_WARNPRE order by DDATETIME descORA-00942: 表或视图不存在

   在 Maticsoft.DBUtility.DbHelperOra.Query(String SQLString, String connectionString) 位置 e:\pikaqiu\workspace\haikouproject\DAL\DbHelperOra.cs:行号 282
   在 DAL.DefaultService.GetLWSPreWord() 位置 e:\pikaqiu\workspace\haikouproject\DAL\DefaultService.cs:行号 321
2018-01-29 15:49:02：Data Source=(DESCRIPTION=(ADDRESS_LIST=(ADDRESS=(PROTOCOL=TCP)(HOST=10.155.95.203)(PORT=1521)))(CONNECT_DATA=(SID=orcl)(SERVER=DEDICATED)));Persist Security Info=True;User ID=szym;Password=szyama;Unicode=True
SELECT * from LWS_WARNPRE order by DDATETIME desc
System.Data.OracleClient.OracleException (0x80131938): ORA-00942: 表或视图不存在

   在 System.Data.OracleClient.OracleConnection.CheckError(OciErrorHandle errorHandle, Int32 rc)
   在 System.Data.OracleClient.OracleCommand.Execute(OciStatementHandle statementHandle, CommandBehavior behavior, Boolean needRowid, OciRowidDescriptor& rowidDescriptor, ArrayList& resultParameterOrdinals)
   在 System.Data.OracleClient.OracleCommand.Execute(OciStatementHandle statementHandle, CommandBehavior behavior, ArrayList& resultParameterOrdinals)
   在 System.Data.OracleClient.OracleCommand.ExecuteReader(CommandBehavior behavior)
   在 System.Data.OracleClient.OracleCommand.ExecuteDbDataReader(CommandBehavior behavior)
   在 System.Data.Common.DbCommand.System.Data.IDbCommand.ExecuteReader(CommandBehavior behavior)
   在 System.Data.Common.DbDataAdapter.FillInternal(DataSet dataset, DataTable[] datatables, Int32 startRecord, Int32 maxRecords, String srcTable, IDbCommand command, CommandBehavior behavior)
   在 System.Data.Common.DbDataAdapter.Fill(DataSet dataSet, Int32 startRecord, Int32 maxRecords, String srcTable, IDbCommand command, CommandBehavior behavior)
   在 System.Data.Common.DbDataAdapter.Fill(DataSet dataSet, String srcTable)
   在 Maticsoft.DBUtility.DbHelperOra.Query(String SQLString, String connectionString) 位置 e:\pikaqiu\workspace\haikouproject\DAL\DbHelperOra.cs:行号 277
2018-01-29 15:49:02：System.Exception: SELECT * from LWS_WARNPRE order by DDATETIME descORA-00942: 表或视图不存在

   在 Maticsoft.DBUtility.DbHelperOra.Query(String SQLString, String connectionString) 位置 e:\pikaqiu\workspace\haikouproject\DAL\DbHelperOra.cs:行号 282
   在 DAL.DefaultService.GetLWSPreWord() 位置 e:\pikaqiu\workspace\haikouproject\DAL\DefaultService.cs:行号 321
2018-01-29 15:49:40：Data Source=(DESCRIPTION=(ADDRESS_LIST=(ADDRESS=(PROTOCOL=TCP)(HOST=10.155.95.203)(PORT=1521)))(CONNECT_DATA=(SID=orcl)(SERVER=DEDICATED)));Persist Security Info=True;User ID=szym;Password=szyama;Unicode=True
SELECT * from LWS_WARNPRE order by DDATETIME desc
System.Data.OracleClient.OracleException (0x80131938): ORA-00942: 表或视图不存在

   在 System.Data.OracleClient.OracleConnection.CheckError(OciErrorHandle errorHandle, Int32 rc)
   在 System.Data.OracleClient.OracleCommand.Execute(OciStatementHandle statementHandle, CommandBehavior behavior, Boolean needRowid, OciRowidDescriptor& rowidDescriptor, ArrayList& resultParameterOrdinals)
   在 System.Data.OracleClient.OracleCommand.Execute(OciStatementHandle statementHandle, CommandBehavior behavior, ArrayList& resultParameterOrdinals)
   在 System.Data.OracleClient.OracleCommand.ExecuteReader(CommandBehavior behavior)
   在 System.Data.OracleClient.OracleCommand.ExecuteDbDataReader(CommandBehavior behavior)
   在 System.Data.Common.DbCommand.System.Data.IDbCommand.ExecuteReader(CommandBehavior behavior)
   在 System.Data.Common.DbDataAdapter.FillInternal(DataSet dataset, DataTable[] datatables, Int32 startRecord, Int32 maxRecords, String srcTable, IDbCommand command, CommandBehavior behavior)
   在 System.Data.Common.DbDataAdapter.Fill(DataSet dataSet, Int32 startRecord, Int32 maxRecords, String srcTable, IDbCommand command, CommandBehavior behavior)
   在 System.Data.Common.DbDataAdapter.Fill(DataSet dataSet, String srcTable)
   在 Maticsoft.DBUtility.DbHelperOra.Query(String SQLString, String connectionString) 位置 e:\pikaqiu\workspace\haikouproject\DAL\DbHelperOra.cs:行号 277
2018-01-29 15:49:40：System.Exception: SELECT * from LWS_WARNPRE order by DDATETIME descORA-00942: 表或视图不存在

   在 Maticsoft.DBUtility.DbHelperOra.Query(String SQLString, String connectionString) 位置 e:\pikaqiu\workspace\haikouproject\DAL\DbHelperOra.cs:行号 282
   在 DAL.DefaultService.GetLWSPreWord() 位置 e:\pikaqiu\workspace\haikouproject\DAL\DefaultService.cs:行号 321
2018-01-29 15:49:55：Data Source=(DESCRIPTION=(ADDRESS_LIST=(ADDRESS=(PROTOCOL=TCP)(HOST=10.155.95.203)(PORT=1521)))(CONNECT_DATA=(SID=orcl)(SERVER=DEDICATED)));Persist Security Info=True;User ID=szym;Password=szyama;Unicode=True
SELECT * from LWS_WARNPRE order by DDATETIME desc
System.Data.OracleClient.OracleException (0x80131938): ORA-00942: 表或视图不存在

   在 System.Data.OracleClient.OracleConnection.CheckError(OciErrorHandle errorHandle, Int32 rc)
   在 System.Data.OracleClient.OracleCommand.Execute(OciStatementHandle statementHandle, CommandBehavior behavior, Boolean needRowid, OciRowidDescriptor& rowidDescriptor, ArrayList& resultParameterOrdinals)
   在 System.Data.OracleClient.OracleCommand.Execute(OciStatementHandle statementHandle, CommandBehavior behavior, ArrayList& resultParameterOrdinals)
   在 System.Data.OracleClient.OracleCommand.ExecuteReader(CommandBehavior behavior)
   在 System.Data.OracleClient.OracleCommand.ExecuteDbDataReader(CommandBehavior behavior)
   在 System.Data.Common.DbCommand.System.Data.IDbCommand.ExecuteReader(CommandBehavior behavior)
   在 System.Data.Common.DbDataAdapter.FillInternal(DataSet dataset, DataTable[] datatables, Int32 startRecord, Int32 maxRecords, String srcTable, IDbCommand command, CommandBehavior behavior)
   在 System.Data.Common.DbDataAdapter.Fill(DataSet dataSet, Int32 startRecord, Int32 maxRecords, String srcTable, IDbCommand command, CommandBehavior behavior)
   在 System.Data.Common.DbDataAdapter.Fill(DataSet dataSet, String srcTable)
   在 Maticsoft.DBUtility.DbHelperOra.Query(String SQLString, String connectionString) 位置 e:\pikaqiu\workspace\haikouproject\DAL\DbHelperOra.cs:行号 277
2018-01-29 15:49:55：System.Exception: SELECT * from LWS_WARNPRE order by DDATETIME descORA-00942: 表或视图不存在

   在 Maticsoft.DBUtility.DbHelperOra.Query(String SQLString, String connectionString) 位置 e:\pikaqiu\workspace\haikouproject\DAL\DbHelperOra.cs:行号 282
   在 DAL.DefaultService.GetLWSPreWord() 位置 e:\pikaqiu\workspace\haikouproject\DAL\DefaultService.cs:行号 321
2018-01-29 16:16:56：Data Source=(DESCRIPTION=(ADDRESS_LIST=(ADDRESS=(PROTOCOL=TCP)(HOST=10.155.95.203)(PORT=1521)))(CONNECT_DATA=(SID=orcl)(SERVER=DEDICATED)));Persist Security Info=True;User ID=szym;Password=szyama;Unicode=True
SELECT * from LWS_WARNPRE order by DDATETIME desc
System.Data.OracleClient.OracleException (0x80131938): ORA-00942: 表或视图不存在

   在 System.Data.OracleClient.OracleConnection.CheckError(OciErrorHandle errorHandle, Int32 rc)
   在 System.Data.OracleClient.OracleCommand.Execute(OciStatementHandle statementHandle, CommandBehavior behavior, Boolean needRowid, OciRowidDescriptor& rowidDescriptor, ArrayList& resultParameterOrdinals)
   在 System.Data.OracleClient.OracleCommand.Execute(OciStatementHandle statementHandle, CommandBehavior behavior, ArrayList& resultParameterOrdinals)
   在 System.Data.OracleClient.OracleCommand.ExecuteReader(CommandBehavior behavior)
   在 System.Data.OracleClient.OracleCommand.ExecuteDbDataReader(CommandBehavior behavior)
   在 System.Data.Common.DbCommand.System.Data.IDbCommand.ExecuteReader(CommandBehavior behavior)
   在 System.Data.Common.DbDataAdapter.FillInternal(DataSet dataset, DataTable[] datatables, Int32 startRecord, Int32 maxRecords, String srcTable, IDbCommand command, CommandBehavior behavior)
   在 System.Data.Common.DbDataAdapter.Fill(DataSet dataSet, Int32 startRecord, Int32 maxRecords, String srcTable, IDbCommand command, CommandBehavior behavior)
   在 System.Data.Common.DbDataAdapter.Fill(DataSet dataSet, String srcTable)
   在 Maticsoft.DBUtility.DbHelperOra.Query(String SQLString, String connectionString) 位置 e:\pikaqiu\workspace\haikouproject\DAL\DbHelperOra.cs:行号 277
2018-01-29 16:16:56：System.Exception: SELECT * from LWS_WARNPRE order by DDATETIME descORA-00942: 表或视图不存在

   在 Maticsoft.DBUtility.DbHelperOra.Query(String SQLString, String connectionString) 位置 e:\pikaqiu\workspace\haikouproject\DAL\DbHelperOra.cs:行号 282
   在 DAL.DefaultService.GetLWSPreWord() 位置 e:\pikaqiu\workspace\haikouproject\DAL\DefaultService.cs:行号 321
